
ğŸ”— TestRail integration enabled
Created TestRail run: 830
============================= test session starts ==============================
platform darwin -- Python 3.12.3, pytest-8.4.1, pluggy-1.6.0 -- /Users/sharonhoffman/Desktop/Automation/playwright_python_framework/venv/bin/python
cachedir: .pytest_cache
metadata: {'Python': '3.12.3', 'Platform': 'macOS-15.6-arm64-arm-64bit', 'Packages': {'pytest': '8.4.1', 'pluggy': '1.6.0'}, 'Plugins': {'anyio': '4.9.0', 'html': '4.1.1', 'xdist': '3.8.0', 'json-report': '1.5.0', 'metadata': '3.1.1', 'typeguard': '4.4.4', 'asyncio': '1.0.0'}, 'CI': 'true'}
rootdir: /Users/sharonhoffman/Desktop/Automation/playwright_python_framework
configfile: pytest.ini
plugins: anyio-4.9.0, html-4.1.1, xdist-3.8.0, json-report-1.5.0, metadata-3.1.1, typeguard-4.4.4, asyncio-1.0.0
asyncio: mode=Mode.STRICT, asyncio_default_fixture_loop_scope=None, asyncio_default_test_loop_scope=function
collecting ... collected 1 item

tests/e2e/budgeting/test_budgeting_operations.py::TestBudgetingOperations::test_build_complete_budget 
ğŸ” Processing test: test_build_complete_budget
ğŸ“¸ Attempting to capture screenshot for failed test: test_build_complete_budget
âœ… Screenshot captured: failure_test_build_complete_budget_2026-01-05_10-29-05.png
âœ… TestRail case 168680 updated successfully
ğŸ“Š Updated TestRail case 168680: 5 with screenshot
FAILED [100%]Test run 830 closed successfully
ğŸ TestRail test run completed


=================================== FAILURES ===================================
______________ TestBudgetingOperations.test_build_complete_budget ______________
tests/e2e/budgeting/test_budgeting_operations.py:270: in test_build_complete_budget
    assert success, "Complete budget should be built"
E   AssertionError: Complete budget should be built
E   assert False
---------------------------- Captured stdout setup -----------------------------
ğŸ”„ Loaded STAGE environment config from configs/stage_env_config.json
ğŸ” HTTP Basic Auth configured for: admin
ğŸ”‘ Using OTP secret from: config file
ğŸ” Generated OTP: 076237
ğŸ” Waiting for 2FA page...
âœ… Found 2FA page: Two-Factor Authentication
ğŸ“ Entering OTP: 076237
âœ… OTP filled via get_by_role('textbox')
ğŸ” Current URL after OTP entry: https://app.stage.viewz.co/home?entityId=1
ğŸ¢ Starting entity selection...
ğŸ¢ Attempting to select entity: Viewz Demo INC
âœ… Entity 'Viewz Demo INC' already selected
âœ… Entity selection completed successfully
ğŸ” Final URL after login: https://app.stage.viewz.co/home?entityId=1
âœ… Login verified successful - on page: https://app.stage.viewz.co/home?entityId=1
ğŸ“ Using sidebar menu to navigate to Budgeting...
ğŸ“ Navigated to Budgeting via sidebar: https://app.stage.viewz.co/budgeting/chart-of-budget?entityId=1
----------------------------- Captured stdout call -----------------------------

============================================================
ğŸ§ª TEST: Build Complete Budget
============================================================

ğŸ“ Creating Budget Group...
âœ… Clicked: button:has-text('Add Budget Group')
âœ… Budget ID: Complete Budget Test
âœ… Name: Complete Budget Test
âœ… Report Type: Balance Sheet
âœ… Account Type: selected option 0
âœ… Group: selected option 0
âœ… Clicked: button:has-text('Create Group')
âœ… Budget Group created: Complete Budget Test

ğŸ”¨ Building budget for: Complete Budget Test
âœ… Selected budget group: Complete Budget Test
âœ… Opened Budget Builder: a:has-text('Budget Builder')

ğŸ’° Adding budget amount: $265,000.00
   Found row for: Complete Budget Test
âœ… Filled Annual Budget: $265,000.00
âš ï¸ 'Distribute evenly' button not found
ğŸ“¸ Screenshot: debug_budgeting_no_distribute_button_102905.png
ğŸ“¸ Screenshot: debug_budgeting_budget_distributed_102905.png
âš ï¸ Save button 0 is disabled (button:has-text('Save Budget'))
âš ï¸ Save button 0 is disabled (button:has-text('Save'))
âŒ No enabled Save button found
ğŸ“¸ Screenshot: debug_budgeting_save_button_issue_102905.png
ğŸ“¸ Screenshot: debug_budgeting_complete_budget_102905.png
=========================== short test summary info ============================
FAILED tests/e2e/budgeting/test_budgeting_operations.py::TestBudgetingOperations::test_build_complete_budget - AssertionError: Complete budget should be built
assert False
============================== 1 failed in 53.08s ==============================
