
ğŸ”— TestRail integration enabled
Created TestRail run: 824
============================= test session starts ==============================
platform darwin -- Python 3.12.3, pytest-8.4.1, pluggy-1.6.0 -- /Users/sharonhoffman/Desktop/Automation/playwright_python_framework/venv/bin/python
cachedir: .pytest_cache
metadata: {'Python': '3.12.3', 'Platform': 'macOS-15.6-arm64-arm-64bit', 'Packages': {'pytest': '8.4.1', 'pluggy': '1.6.0'}, 'Plugins': {'anyio': '4.9.0', 'html': '4.1.1', 'xdist': '3.8.0', 'json-report': '1.5.0', 'metadata': '3.1.1', 'typeguard': '4.4.4', 'asyncio': '1.0.0'}, 'CI': 'true'}
rootdir: /Users/sharonhoffman/Desktop/Automation/playwright_python_framework
configfile: pytest.ini
plugins: anyio-4.9.0, html-4.1.1, xdist-3.8.0, json-report-1.5.0, metadata-3.1.1, typeguard-4.4.4, asyncio-1.0.0
asyncio: mode=Mode.STRICT, asyncio_default_fixture_loop_scope=None, asyncio_default_test_loop_scope=function
collecting ... collected 8 items

tests/e2e/budgeting/test_budgeting_operations.py::TestBudgetingOperations::test_add_budget_group 
ğŸ” Processing test: test_add_budget_group
â„¹ï¸ Test 'test_add_budget_group' not mapped to TestRail or TestRail disabled
PASSED [ 12%]
tests/e2e/budgeting/test_budgeting_operations.py::TestBudgetingOperations::test_add_budget_group_with_custom_name 
ğŸ” Processing test: test_add_budget_group_with_custom_name
ğŸ“¸ Attempting to capture screenshot for failed test: test_add_budget_group_with_custom_name
âœ… Screenshot captured: failure_test_add_budget_group_with_custom_name_2026-01-05_09-43-28.png
â„¹ï¸ Test 'test_add_budget_group_with_custom_name' not mapped to TestRail or TestRail disabled
FAILED [ 25%]
tests/e2e/budgeting/test_budgeting_operations.py::TestBudgetingOperations::test_open_budget_builder 
ğŸ” Processing test: test_open_budget_builder
â„¹ï¸ Test 'test_open_budget_builder' not mapped to TestRail or TestRail disabled
PASSED [ 37%]
tests/e2e/budgeting/test_budgeting_operations.py::TestBudgetingOperations::test_budget_builder_add_line 
ğŸ” Processing test: test_budget_builder_add_line
ğŸ“¸ Attempting to capture screenshot for failed test: test_budget_builder_add_line
âœ… Screenshot captured: failure_test_budget_builder_add_line_2026-01-05_09-45-09.png
â„¹ï¸ Test 'test_budget_builder_add_line' not mapped to TestRail or TestRail disabled
FAILED [ 50%]
tests/e2e/budgeting/test_budgeting_operations.py::TestBudgetingOperations::test_build_complete_budget 
ğŸ” Processing test: test_build_complete_budget
ğŸ“¸ Attempting to capture screenshot for failed test: test_build_complete_budget
âœ… Screenshot captured: failure_test_build_complete_budget_2026-01-05_09-46-10.png
â„¹ï¸ Test 'test_build_complete_budget' not mapped to TestRail or TestRail disabled
FAILED [ 62%]
tests/e2e/budgeting/test_budgeting_operations.py::TestBudgetToGLAccountIntegration::test_budget_appears_in_gl_account_dropdown 
ğŸ” Processing test: test_budget_appears_in_gl_account_dropdown
â„¹ï¸ Test 'test_budget_appears_in_gl_account_dropdown' not mapped to TestRail or TestRail disabled
PASSED [ 75%]
tests/e2e/budgeting/test_budgeting_operations.py::TestBudgetingValidation::test_budgeting_page_elements 
ğŸ” Processing test: test_budgeting_page_elements
â„¹ï¸ Test 'test_budgeting_page_elements' not mapped to TestRail or TestRail disabled
PASSED [ 87%]
tests/e2e/budgeting/test_budgeting_operations.py::TestBudgetingValidation::test_budget_group_list_display 
ğŸ” Processing test: test_budget_group_list_display
â„¹ï¸ Test 'test_budget_group_list_display' not mapped to TestRail or TestRail disabled
PASSED [100%]Test run 824 closed successfully
ğŸ TestRail test run completed


=================================== FAILURES ===================================
________ TestBudgetingOperations.test_add_budget_group_with_custom_name ________
tests/e2e/budgeting/test_budgeting_operations.py:111: in test_add_budget_group_with_custom_name
    assert group_data['name'] == custom_name, f"Group name should be {custom_name}"
E   AssertionError: Group name should be QA Test Budget 2026
E   assert 'QA Budget TJCK' == 'QA Test Budget 2026'
E     
E     - QA Test Budget 2026
E     + QA Budget TJCK
---------------------------- Captured stdout setup -----------------------------
ğŸ” HTTP Basic Auth configured for: admin
ğŸ”‘ Using OTP secret from: config file
ğŸ” Generated OTP: 410967
ğŸ” Waiting for 2FA page...
âœ… Found 2FA page: Two-Factor Authentication
ğŸ“ Entering OTP: 410967
âœ… OTP filled via get_by_role('textbox')
ğŸ” Current URL after OTP entry: https://app.stage.viewz.co/home?entityId=1
ğŸ¢ Starting entity selection...
ğŸ¢ Attempting to select entity: Viewz Demo INC
âœ… Entity 'Viewz Demo INC' already selected
âœ… Entity selection completed successfully
ğŸ” Final URL after login: https://app.stage.viewz.co/home?entityId=1
âœ… Login verified successful - on page: https://app.stage.viewz.co/home?entityId=1
ğŸ“ Using sidebar menu to navigate to Budgeting...
ğŸ“ Navigated to Budgeting via sidebar: https://app.stage.viewz.co/budgeting/chart-of-budget?entityId=1
----------------------------- Captured stdout call -----------------------------

============================================================
ğŸ§ª TEST: Add Budget Group with Custom Name
============================================================

ğŸ“ Creating Budget Group...
âœ… Clicked: button:has-text('Add Budget Group')
âœ… Budget ID: QA Test Budget 2026
âœ… Name: QA Budget TJCK
âœ… Report Type: Balance Sheet
âœ… Account Type: selected option 0
âœ… Group: selected option 0
âœ… Clicked: button:has-text('Create Group')
âœ… Budget Group created: QA Budget TJCK
_____________ TestBudgetingOperations.test_budget_builder_add_line _____________
tests/e2e/budgeting/test_budgeting_operations.py:214: in test_budget_builder_add_line
    assert saved, "Budget should be saved"
E   AssertionError: Budget should be saved
E   assert False
---------------------------- Captured stdout setup -----------------------------
ğŸ” HTTP Basic Auth configured for: admin
ğŸ”‘ Using OTP secret from: config file
ğŸ” Generated OTP: 014295
ğŸ” Waiting for 2FA page...
âœ… Found 2FA page: Two-Factor Authentication
ğŸ“ Entering OTP: 014295
âœ… OTP filled via get_by_role('textbox')
ğŸ” Current URL after OTP entry: https://app.stage.viewz.co/home?entityId=1
ğŸ¢ Starting entity selection...
ğŸ¢ Attempting to select entity: Viewz Demo INC
âœ… Entity 'Viewz Demo INC' already selected
âœ… Entity selection completed successfully
ğŸ” Final URL after login: https://app.stage.viewz.co/home?entityId=1
âœ… Login verified successful - on page: https://app.stage.viewz.co/home?entityId=1
ğŸ“ Using sidebar menu to navigate to Budgeting...
ğŸ“ Navigated to Budgeting via sidebar: https://app.stage.viewz.co/budgeting/chart-of-budget?entityId=1
----------------------------- Captured stdout call -----------------------------

============================================================
ğŸ§ª TEST: Budget Builder - Add Line
============================================================

ğŸ“ Creating Budget Group...
âœ… Clicked: button:has-text('Add Budget Group')
âœ… Budget ID: QA-6HJH
âœ… Name: QA Budget 6HJH
âœ… Report Type: Balance Sheet
âœ… Account Type: selected option 0
âœ… Group: selected option 0
âœ… Clicked: button:has-text('Create Group')
âœ… Budget Group created: QA Budget 6HJH
âœ… Selected budget group: QA Budget 6HJH
âœ… Opened Budget Builder: a:has-text('Budget Builder')

ğŸ’° Adding budget line: Auto = $25,000.00
ğŸ“¸ Screenshot: debug_budgeting_budget_line_added_094439.png
âœ… Added budget line: $25,000.00
âŒ Error saving budget: Locator.click: Timeout 30000ms exceeded.
Call log:
  - waiting for locator("button:has-text('Save'), button:has-text('Apply'), button[type='submit']").first
    - locator resolved to <button disabled class="inline-flex items-center justify-center gap-2 font-medium transition-colors focus-visible:outline-none focus-visible:ring-1 focus-visible:ring-ring disabled:pointer-events-none disabled:opacity-50 [&_svg]:pointer-events-none [&_svg]:size-4 [&_svg]:shrink-0 h-8 rounded-md px-3 text-xs bg-primary text-primary-foreground shadow hover:bg-primary/90">â€¦</button>
  - attempting click action
    2 Ã— waiting for element to be visible, enabled and stable
      - element is not enabled
    - retrying click action
    - waiting 20ms
    2 Ã— waiting for element to be visible, enabled and stable
      - element is not enabled
    - retrying click action
      - waiting 100ms
    58 Ã— waiting for element to be visible, enabled and stable
       - element is not enabled
     - retrying click action
       - waiting 500ms

______________ TestBudgetingOperations.test_build_complete_budget ______________
tests/e2e/budgeting/test_budgeting_operations.py:263: in test_build_complete_budget
    assert success, "Complete budget should be built"
E   AssertionError: Complete budget should be built
E   assert False
---------------------------- Captured stdout setup -----------------------------
ğŸ” HTTP Basic Auth configured for: admin
ğŸ”‘ Using OTP secret from: config file
ğŸ” Generated OTP: 766552
ğŸ” Waiting for 2FA page...
âœ… Found 2FA page: Two-Factor Authentication
ğŸ“ Entering OTP: 766552
âœ… OTP filled via get_by_role('textbox')
ğŸ” Current URL after OTP entry: https://app.stage.viewz.co/home?entityId=1
ğŸ¢ Starting entity selection...
ğŸ¢ Attempting to select entity: Viewz Demo INC
âœ… Entity 'Viewz Demo INC' already selected
âœ… Entity selection completed successfully
ğŸ” Final URL after login: https://app.stage.viewz.co/home?entityId=1
âœ… Login verified successful - on page: https://app.stage.viewz.co/home?entityId=1
ğŸ“ Using sidebar menu to navigate to Budgeting...
ğŸ“ Navigated to Budgeting via sidebar: https://app.stage.viewz.co/budgeting/chart-of-budget?entityId=1
----------------------------- Captured stdout call -----------------------------

============================================================
ğŸ§ª TEST: Build Complete Budget
============================================================

ğŸ“ Creating Budget Group...
âœ… Clicked: button:has-text('Add Budget Group')
âœ… Budget ID: Complete Budget Test
âœ… Name: QA Budget 9BBG
âœ… Report Type: Balance Sheet
âœ… Account Type: selected option 0
âœ… Group: selected option 0
âœ… Clicked: button:has-text('Create Group')
âœ… Budget Group created: QA Budget 9BBG

ğŸ”¨ Building budget for: QA Budget 9BBG
âœ… Selected budget group: QA Budget 9BBG
âœ… Opened Budget Builder: a:has-text('Budget Builder')

ğŸ’° Adding budget line: Auto = $50,000.00

ğŸ’° Adding budget line: Auto = $75,000.00

ğŸ’° Adding budget line: Auto = $60,000.00

ğŸ’° Adding budget line: Auto = $80,000.00
âŒ Error saving budget: Locator.click: Timeout 30000ms exceeded.
Call log:
  - waiting for locator("button:has-text('Save'), button:has-text('Apply'), button[type='submit']").first
    - locator resolved to <button disabled class="inline-flex items-center justify-center gap-2 font-medium transition-colors focus-visible:outline-none focus-visible:ring-1 focus-visible:ring-ring disabled:pointer-events-none disabled:opacity-50 [&_svg]:pointer-events-none [&_svg]:size-4 [&_svg]:shrink-0 h-8 rounded-md px-3 text-xs bg-primary text-primary-foreground shadow hover:bg-primary/90">â€¦</button>
  - attempting click action
    2 Ã— waiting for element to be visible, enabled and stable
      - element is not enabled
    - retrying click action
    - waiting 20ms
    2 Ã— waiting for element to be visible, enabled and stable
      - element is not enabled
    - retrying click action
      - waiting 100ms
    58 Ã— waiting for element to be visible, enabled and stable
       - element is not enabled
     - retrying click action
       - waiting 500ms

ğŸ“¸ Screenshot: debug_budgeting_complete_budget_094610.png
=========================== short test summary info ============================
FAILED tests/e2e/budgeting/test_budgeting_operations.py::TestBudgetingOperations::test_add_budget_group_with_custom_name - AssertionError: Group name should be QA Test Budget 2026
assert 'QA Budget TJCK' == 'QA Test Budget 2026'
  
  - QA Test Budget 2026
  + QA Budget TJCK
FAILED tests/e2e/budgeting/test_budgeting_operations.py::TestBudgetingOperations::test_budget_builder_add_line - AssertionError: Budget should be saved
assert False
FAILED tests/e2e/budgeting/test_budgeting_operations.py::TestBudgetingOperations::test_build_complete_budget - AssertionError: Complete budget should be built
assert False
=================== 3 failed, 5 passed in 333.04s (0:05:33) ====================
