
ğŸ”— TestRail integration enabled
Created TestRail run: 816
============================= test session starts ==============================
platform darwin -- Python 3.12.3, pytest-8.4.1, pluggy-1.6.0 -- /Users/sharonhoffman/Desktop/Automation/playwright_python_framework/venv/bin/python
cachedir: .pytest_cache
metadata: {'Python': '3.12.3', 'Platform': 'macOS-15.6-arm64-arm-64bit', 'Packages': {'pytest': '8.4.1', 'pluggy': '1.6.0'}, 'Plugins': {'anyio': '4.9.0', 'html': '4.1.1', 'xdist': '3.8.0', 'json-report': '1.5.0', 'metadata': '3.1.1', 'typeguard': '4.4.4', 'asyncio': '1.0.0'}, 'CI': 'true'}
rootdir: /Users/sharonhoffman/Desktop/Automation/playwright_python_framework
configfile: pytest.ini
plugins: anyio-4.9.0, html-4.1.1, xdist-3.8.0, json-report-1.5.0, metadata-3.1.1, typeguard-4.4.4, asyncio-1.0.0
asyncio: mode=Mode.STRICT, asyncio_default_fixture_loop_scope=None, asyncio_default_test_loop_scope=function
collecting ... collected 23 items

tests/e2e/navigation/test_menu_pinning.py::TestMenuPinning::test_menu_pinning_and_navigation 
ğŸ” Processing test: test_menu_pinning_and_navigation
âœ… TestRail case 7960 updated successfully
ğŸ“Š Updated TestRail case 7960: 1 
PASSED [  4%]
tests/e2e/navigation/test_tabs_navigation.py::test_tab_navigation[text=Home-HomePage] 
ğŸ” Processing test: test_tab_navigation[text=Home-HomePage]
âœ… TestRail case 7950 updated successfully
ğŸ“Š Updated TestRail case 7950: 1 
PASSED [  8%]
tests/e2e/navigation/test_tabs_navigation.py::test_tab_navigation[text=Vizion AI-VizionAIPage] 
ğŸ” Processing test: test_tab_navigation[text=Vizion AI-VizionAIPage]
âœ… TestRail case 7951 updated successfully
ğŸ“Š Updated TestRail case 7951: 1 
PASSED [ 13%]
tests/e2e/navigation/test_tabs_navigation.py::test_tab_navigation[text=Reconciliation-ReconciliationPage] 
ğŸ” Processing test: test_tab_navigation[text=Reconciliation-ReconciliationPage]
âœ… TestRail case 7952 updated successfully
ğŸ“Š Updated TestRail case 7952: 1 
PASSED [ 17%]
tests/e2e/navigation/test_tabs_navigation.py::test_tab_navigation[text=Ledger-LedgerPage] 
ğŸ” Processing test: test_tab_navigation[text=Ledger-LedgerPage]
âœ… TestRail case 7953 updated successfully
ğŸ“Š Updated TestRail case 7953: 1 
PASSED [ 21%]
tests/e2e/navigation/test_tabs_navigation.py::test_tab_navigation[text=Invoicing-InvoicingPage] 
ğŸ” Processing test: test_tab_navigation[text=Invoicing-InvoicingPage]
â„¹ï¸ Test 'test_tab_navigation[text=Invoicing-InvoicingPage]' not mapped to TestRail or TestRail disabled
PASSED [ 26%]
tests/e2e/navigation/test_tabs_navigation.py::test_tab_navigation[text=Purchasing-PurchasingPage] 
ğŸ” Processing test: test_tab_navigation[text=Purchasing-PurchasingPage]
âœ… TestRail case 165485 updated successfully
ğŸ“Š Updated TestRail case 165485: 1 
PASSED [ 30%]
tests/e2e/navigation/test_tabs_navigation.py::test_tab_navigation[text=BI Analysis-BIAnalysisPage] 
ğŸ” Processing test: test_tab_navigation[text=BI Analysis-BIAnalysisPage]
âœ… TestRail case 7954 updated successfully
ğŸ“Š Updated TestRail case 7954: 1 
PASSED [ 34%]
tests/e2e/navigation/test_tabs_navigation.py::test_tab_navigation[text=Budgeting-BudgetingPage] 
ğŸ” Processing test: test_tab_navigation[text=Budgeting-BudgetingPage]
âœ… TestRail case 165487 updated successfully
ğŸ“Š Updated TestRail case 165487: 1 
PASSED [ 39%]
tests/e2e/navigation/test_tabs_navigation_single_login.py::test_tabs_navigation_single_login 
ğŸ” Processing test: test_tabs_navigation_single_login
âœ… TestRail case 7956 updated successfully
ğŸ“Š Updated TestRail case 7956: 1 
PASSED [ 43%]
tests/e2e/navigation/test_tabs_navigation_with_entity.py::test_tab_navigation_with_entity[text=Home-HomePage] 
ğŸ” Processing test: test_tab_navigation_with_entity[text=Home-HomePage]
âœ… TestRail case 7957 updated successfully
ğŸ“Š Updated TestRail case 7957: 1 
PASSED [ 47%]
tests/e2e/navigation/test_tabs_navigation_with_entity.py::test_tab_navigation_with_entity[text=Vizion AI-VizionAIPage] 
ğŸ” Processing test: test_tab_navigation_with_entity[text=Vizion AI-VizionAIPage]
âœ… TestRail case 7957 updated successfully
ğŸ“Š Updated TestRail case 7957: 1 
PASSED [ 52%]
tests/e2e/navigation/test_tabs_navigation_with_entity.py::test_tab_navigation_with_entity[text=Reconciliation-ReconciliationPage] 
ğŸ” Processing test: test_tab_navigation_with_entity[text=Reconciliation-ReconciliationPage]
âœ… TestRail case 7957 updated successfully
ğŸ“Š Updated TestRail case 7957: 1 
PASSED [ 56%]
tests/e2e/navigation/test_tabs_navigation_with_entity.py::test_tab_navigation_with_entity[text=Ledger-LedgerPage] 
ğŸ” Processing test: test_tab_navigation_with_entity[text=Ledger-LedgerPage]
âœ… TestRail case 7957 updated successfully
ğŸ“Š Updated TestRail case 7957: 1 
PASSED [ 60%]
tests/e2e/navigation/test_tabs_navigation_with_entity.py::test_tab_navigation_with_entity[text=Invoicing-InvoicingPage] 
ğŸ” Processing test: test_tab_navigation_with_entity[text=Invoicing-InvoicingPage]
ğŸ“¸ Attempting to capture screenshot for failed test: test_tab_navigation_with_entity[text=Invoicing-InvoicingPage]
âœ… Screenshot captured: failure_test_tab_navigation_with_entity_text_Invoicing_InvoicingPage__2026-01-05_09-05-22.png
â„¹ï¸ Test 'test_tab_navigation_with_entity[text=Invoicing-InvoicingPage]' not mapped to TestRail or TestRail disabled
FAILED [ 65%]
tests/e2e/navigation/test_tabs_navigation_with_entity.py::test_tab_navigation_with_entity[text=Purchasing-PurchasingPage] 
ğŸ” Processing test: test_tab_navigation_with_entity[text=Purchasing-PurchasingPage]
âœ… TestRail case 165485 updated successfully
ğŸ“Š Updated TestRail case 165485: 1 
PASSED [ 69%]
tests/e2e/navigation/test_tabs_navigation_with_entity.py::test_tab_navigation_with_entity[text=BI Analysis-BIAnalysisPage] 
ğŸ” Processing test: test_tab_navigation_with_entity[text=BI Analysis-BIAnalysisPage]
âœ… TestRail case 7957 updated successfully
ğŸ“Š Updated TestRail case 7957: 1 
PASSED [ 73%]
tests/e2e/navigation/test_tabs_navigation_with_entity.py::test_tab_navigation_with_entity[text=Budgeting-BudgetingPage] 
ğŸ” Processing test: test_tab_navigation_with_entity[text=Budgeting-BudgetingPage]
âœ… TestRail case 165487 updated successfully
ğŸ“Š Updated TestRail case 165487: 1 
PASSED [ 78%]
tests/e2e/navigation/test_tabs_navigation_with_entity.py::test_entity_selection_validation 
ğŸ” Processing test: test_entity_selection_validation
âœ… TestRail case 7958 updated successfully
ğŸ“Š Updated TestRail case 7958: 1 
PASSED [ 82%]
tests/e2e/navigation/test_tabs_navigation_with_entity.py::test_tabs_navigation_single_login_with_entity 
ğŸ” Processing test: test_tabs_navigation_single_login_with_entity
âœ… TestRail case 7959 updated successfully
ğŸ“Š Updated TestRail case 7959: 1 
PASSED [ 86%]
tests/e2e/navigation/test_tabs_navigation_with_entity.py::test_navigate_to_invoicing 
ğŸ” Processing test: test_navigate_to_invoicing
â„¹ï¸ Test 'test_navigate_to_invoicing' not mapped to TestRail or TestRail disabled
PASSED [ 91%]
tests/e2e/navigation/test_tabs_navigation_with_entity.py::test_navigate_to_purchasing 
ğŸ” Processing test: test_navigate_to_purchasing
âœ… TestRail case 165484 updated successfully
ğŸ“Š Updated TestRail case 165484: 1 
PASSED [ 95%]
tests/e2e/navigation/test_tabs_navigation_with_entity.py::test_navigate_to_budgeting 
ğŸ” Processing test: test_navigate_to_budgeting
âœ… TestRail case 165486 updated successfully
ğŸ“Š Updated TestRail case 165486: 1 
PASSED [100%]Test run 816 closed successfully
ğŸ TestRail test run completed


=================================== FAILURES ===================================
________ test_tab_navigation_with_entity[text=Invoicing-InvoicingPage] _________
tests/e2e/navigation/test_tabs_navigation_with_entity.py:61: in test_tab_navigation_with_entity
    await page.click(f"text={text}")
venv/lib/python3.12/site-packages/playwright/async_api/_generated.py:9861: in click
    await self._impl_obj.click(
venv/lib/python3.12/site-packages/playwright/_impl/_page.py:859: in click
    return await self._main_frame.click(**locals_to_params(locals()))
           ^^^^^^^^^^^^^^^^^^^^^^^^^^^^^^^^^^^^^^^^^^^^^^^^^^^^^^^^^^
venv/lib/python3.12/site-packages/playwright/_impl/_frame.py:521: in click
    await self._channel.send("click", self._timeout, locals_to_params(locals()))
venv/lib/python3.12/site-packages/playwright/_impl/_connection.py:69: in send
    return await self._connection.wrap_api_call(
venv/lib/python3.12/site-packages/playwright/_impl/_connection.py:558: in wrap_api_call
    raise rewrite_error(error, f"{parsed_st['apiName']}: {error}") from None
E   playwright._impl._errors.TimeoutError: Page.click: Timeout 30000ms exceeded.
E   Call log:
E     - waiting for locator("text=Invoicing")
---------------------------- Captured stdout setup -----------------------------
ğŸ” HTTP Basic Auth configured for: admin
ğŸ”‘ Using OTP secret from: config file
ğŸ” Generated OTP: 159147
ğŸ” Waiting for 2FA page...
âœ… Found 2FA page: Two-Factor Authentication
ğŸ“ Entering OTP: 159147
âœ… OTP filled via get_by_role('textbox')
ğŸ” Current URL after OTP entry: https://app.stage.viewz.co/login
ğŸ¢ Starting entity selection...
ğŸ¢ Attempting to select entity: Viewz Demo INC
âš ï¸ No entity selector found - entity selection may not be required
âœ… Entity selection completed successfully
ğŸ” Final URL after login: https://app.stage.viewz.co/login
âŒ CRITICAL: Still on login page after fixture! Login failed.
ğŸ“¸ Screenshot saved: debug_login_fixture_failure.png
----------------------------- Captured stdout call -----------------------------
ğŸš€ Starting navigation test for Invoicing tab (with entity selection)
âœ… Entity selection completed, proceeding with Invoicing navigation
âŒ Failed to navigate to Invoicing tab: Page.click: Timeout 30000ms exceeded.
Call log:
  - waiting for locator("text=Invoicing")

=========================== short test summary info ============================
FAILED tests/e2e/navigation/test_tabs_navigation_with_entity.py::test_tab_navigation_with_entity[text=Invoicing-InvoicingPage] - playwright._impl._errors.TimeoutError: Page.click: Timeout 30000ms exceeded.
Call log:
  - waiting for locator("text=Invoicing")
=================== 1 failed, 22 passed in 556.49s (0:09:16) ===================
