
ğŸ”— TestRail integration enabled
Created TestRail run: 792
============================= test session starts ==============================
platform darwin -- Python 3.12.3, pytest-8.4.1, pluggy-1.6.0 -- /Users/sharonhoffman/Desktop/Automation/playwright_python_framework/venv/bin/python
cachedir: .pytest_cache
metadata: {'Python': '3.12.3', 'Platform': 'macOS-15.6-arm64-arm-64bit', 'Packages': {'pytest': '8.4.1', 'pluggy': '1.6.0'}, 'Plugins': {'anyio': '4.9.0', 'html': '4.1.1', 'xdist': '3.8.0', 'json-report': '1.5.0', 'metadata': '3.1.1', 'typeguard': '4.4.4', 'asyncio': '1.0.0'}, 'CI': 'true'}
rootdir: /Users/sharonhoffman/Desktop/Automation/playwright_python_framework
configfile: pytest.ini
plugins: anyio-4.9.0, html-4.1.1, xdist-3.8.0, json-report-1.5.0, metadata-3.1.1, typeguard-4.4.4, asyncio-1.0.0
asyncio: mode=Mode.STRICT, asyncio_default_fixture_loop_scope=None, asyncio_default_test_loop_scope=function
collecting ... collected 247 items

tests/api/test_date_format_validation.py::TestAPIDateFormatValidation::test_get_journal_entries_valid_date_format_request 
ğŸ” Processing test: test_get_journal_entries_valid_date_format_request
âœ… TestRail case 7936 updated successfully
ğŸ“Š Updated TestRail case 7936: 1 
PASSED [  0%]
tests/api/test_date_format_validation.py::TestAPIDateFormatValidation::test_get_journal_entries_invalid_date_format_request 
ğŸ” Processing test: test_get_journal_entries_invalid_date_format_request
âŒ Bad Request (400). Possible causes:
   1. Test run is closed or doesn't exist
   2. Case ID is invalid for this run
   3. Invalid status ID or data format
âŒ Failed to update TestRail case 7937
âŒ Failed to update TestRail case 7937: 1 
PASSED [  0%]
tests/api/test_date_format_validation.py::TestAPIDateFormatValidation::test_create_journal_entry_valid_date_format 
ğŸ” Processing test: test_create_journal_entry_valid_date_format
âŒ Bad Request (400). Possible causes:
   1. Test run is closed or doesn't exist
   2. Case ID is invalid for this run
   3. Invalid status ID or data format
âŒ Failed to update TestRail case 7938
âŒ Failed to update TestRail case 7938: 1 
PASSED [  1%]
tests/api/test_date_format_validation.py::TestAPIDateFormatValidation::test_create_journal_entry_invalid_date_format 
ğŸ” Processing test: test_create_journal_entry_invalid_date_format
âŒ Bad Request (400). Possible causes:
   1. Test run is closed or doesn't exist
   2. Case ID is invalid for this run
   3. Invalid status ID or data format
âŒ Failed to update TestRail case 7939
âŒ Failed to update TestRail case 7939: 1 
PASSED [  1%]
tests/api/test_date_format_validation.py::TestAPIDateFormatValidation::test_get_bank_uploaded_files_date_format 
ğŸ” Processing test: test_get_bank_uploaded_files_date_format
âŒ Bad Request (400). Possible causes:
   1. Test run is closed or doesn't exist
   2. Case ID is invalid for this run
   3. Invalid status ID or data format
âŒ Failed to update TestRail case 7940
âŒ Failed to update TestRail case 7940: 1 
PASSED [  2%]
tests/api/test_date_format_validation.py::TestAPIDateFormatValidation::test_get_bank_transactions_data_date_format 
ğŸ” Processing test: test_get_bank_transactions_data_date_format
âŒ Bad Request (400). Possible causes:
   1. Test run is closed or doesn't exist
   2. Case ID is invalid for this run
   3. Invalid status ID or data format
âŒ Failed to update TestRail case 7941
âŒ Failed to update TestRail case 7941: 1 
PASSED [  2%]
tests/api/test_date_format_validation.py::TestAPIDateFormatValidation::test_get_entity_documents_date_format 
ğŸ” Processing test: test_get_entity_documents_date_format
âŒ Bad Request (400). Possible causes:
   1. Test run is closed or doesn't exist
   2. Case ID is invalid for this run
   3. Invalid status ID or data format
âŒ Failed to update TestRail case 7942
âŒ Failed to update TestRail case 7942: 1 
PASSED [  2%]
tests/api/test_date_format_validation.py::TestAPIDateFormatValidation::test_get_accounting_uploaded_files_date_format 
ğŸ” Processing test: test_get_accounting_uploaded_files_date_format
âŒ Bad Request (400). Possible causes:
   1. Test run is closed or doesn't exist
   2. Case ID is invalid for this run
   3. Invalid status ID or data format
âŒ Failed to update TestRail case 7943
âŒ Failed to update TestRail case 7943: 1 
PASSED [  3%]
tests/api/test_date_format_validation.py::TestAPIDateFormatValidation::test_all_endpoints_reject_invalid_date_formats 
ğŸ” Processing test: test_all_endpoints_reject_invalid_date_formats
âŒ Bad Request (400). Possible causes:
   1. Test run is closed or doesn't exist
   2. Case ID is invalid for this run
   3. Invalid status ID or data format
âŒ Failed to update TestRail case 7944
âŒ Failed to update TestRail case 7944: 1 
PASSED [  3%]
tests/api/test_date_format_validation.py::TestAPIDateFormatValidation::test_date_format_consistency_across_endpoints 
ğŸ” Processing test: test_date_format_consistency_across_endpoints
âŒ Bad Request (400). Possible causes:
   1. Test run is closed or doesn't exist
   2. Case ID is invalid for this run
   3. Invalid status ID or data format
âŒ Failed to update TestRail case 7945
âŒ Failed to update TestRail case 7945: 1 
PASSED [  4%]
tests/api/test_date_format_validation.py::TestAPIDateFormatValidation::test_date_format_validation_demo 
ğŸ” Processing test: test_date_format_validation_demo
âŒ Bad Request (400). Possible causes:
   1. Test run is closed or doesn't exist
   2. Case ID is invalid for this run
   3. Invalid status ID or data format
âŒ Failed to update TestRail case 7946
âŒ Failed to update TestRail case 7946: 1 
PASSED [  4%]
tests/api/test_security_otp_validation.py::TestAPISecurityOTPValidation::test_journal_entries_rejects_unauthenticated_request 
ğŸ” Processing test: test_journal_entries_rejects_unauthenticated_request
âœ… TestRail case 139362 updated successfully
ğŸ“Š Updated TestRail case 139362: 1 
PASSED [  4%]
tests/api/test_security_otp_validation.py::TestAPISecurityOTPValidation::test_bank_files_rejects_unauthenticated_request 
ğŸ” Processing test: test_bank_files_rejects_unauthenticated_request
âœ… TestRail case 139363 updated successfully
ğŸ“Š Updated TestRail case 139363: 1 
PASSED [  5%]
tests/api/test_security_otp_validation.py::TestAPISecurityOTPValidation::test_bank_transactions_rejects_unauthenticated_request 
ğŸ” Processing test: test_bank_transactions_rejects_unauthenticated_request
âœ… TestRail case 139364 updated successfully
ğŸ“Š Updated TestRail case 139364: 1 
PASSED [  5%]
tests/api/test_security_otp_validation.py::TestAPISecurityOTPValidation::test_entity_documents_rejects_unauthenticated_request 
ğŸ” Processing test: test_entity_documents_rejects_unauthenticated_request
âœ… TestRail case 139365 updated successfully
ğŸ“Š Updated TestRail case 139365: 1 
PASSED [  6%]
tests/api/test_security_otp_validation.py::TestAPISecurityOTPValidation::test_accounting_files_rejects_unauthenticated_request 
ğŸ” Processing test: test_accounting_files_rejects_unauthenticated_request
âœ… TestRail case 139366 updated successfully
ğŸ“Š Updated TestRail case 139366: 1 
PASSED [  6%]
tests/api/test_security_otp_validation.py::TestAPISecurityOTPValidation::test_user_info_rejects_unauthenticated_request 
ğŸ” Processing test: test_user_info_rejects_unauthenticated_request
âœ… TestRail case 139367 updated successfully
ğŸ“Š Updated TestRail case 139367: 1 
PASSED [  6%]
tests/api/test_security_otp_validation.py::TestAPISecurityOTPValidation::test_journal_entries_rejects_invalid_token 
ğŸ” Processing test: test_journal_entries_rejects_invalid_token
âœ… TestRail case 139368 updated successfully
ğŸ“Š Updated TestRail case 139368: 1 
PASSED [  7%]
tests/api/test_security_otp_validation.py::TestAPISecurityOTPValidation::test_create_journal_entry_rejects_invalid_token 
ğŸ” Processing test: test_create_journal_entry_rejects_invalid_token
âœ… TestRail case 139369 updated successfully
ğŸ“Š Updated TestRail case 139369: 1 
PASSED [  7%]
tests/api/test_security_otp_validation.py::TestAPISecurityOTPValidation::test_login_does_not_return_token_without_otp 
ğŸ” Processing test: test_login_does_not_return_token_without_otp
âœ… TestRail case 139370 updated successfully
ğŸ“Š Updated TestRail case 139370: 1 
PASSED [  8%]
tests/api/test_security_otp_validation.py::TestAPISecurityOTPValidation::test_otp_validation_rejects_invalid_codes 
ğŸ” Processing test: test_otp_validation_rejects_invalid_codes
âœ… TestRail case 139371 updated successfully
ğŸ“Š Updated TestRail case 139371: 1 
PASSED [  8%]
tests/api/test_security_otp_validation.py::TestAPISecurityOTPValidation::test_otp_validation_rejects_expired_codes 
ğŸ” Processing test: test_otp_validation_rejects_expired_codes
âœ… TestRail case 139372 updated successfully
ğŸ“Š Updated TestRail case 139372: 1 
PASSED [  8%]
tests/api/test_security_otp_validation.py::TestAPISecurityOTPValidation::test_all_sensitive_endpoints_require_auth 
ğŸ” Processing test: test_all_sensitive_endpoints_require_auth
âœ… TestRail case 139373 updated successfully
ğŸ“Š Updated TestRail case 139373: 1 
PASSED [  9%]
tests/api/test_security_otp_validation.py::TestAPISecurityOTPValidation::test_endpoints_reject_manipulated_tokens 
ğŸ” Processing test: test_endpoints_reject_manipulated_tokens
âœ… TestRail case 139374 updated successfully
ğŸ“Š Updated TestRail case 139374: 1 
PASSED [  9%]
tests/api/test_security_otp_validation.py::TestSecurityReportGeneration::test_generate_security_summary 
ğŸ” Processing test: test_generate_security_summary
âŒ Bad Request (400). Possible causes:
   1. Test run is closed or doesn't exist
   2. Case ID is invalid for this run
   3. Invalid status ID or data format
âŒ Failed to update TestRail case 139375
âŒ Failed to update TestRail case 139375: 1 
PASSED [ 10%]
tests/e2e/bo/test_bo_complete_flow.py::TestBOCompleteFlow::test_bo_complete_workflow 
ğŸ” Processing test: test_bo_complete_workflow
ğŸ“¸ Attempting to capture screenshot for failed test: test_bo_complete_workflow
âœ… Screenshot captured: failure_test_bo_complete_workflow_2025-12-22_09-30-17.png
âœ… TestRail case 30964 updated successfully
ğŸ“Š Updated TestRail case 30964: 5 with screenshot
FAILED [ 10%]
tests/e2e/bo/test_bo_complete_flow.py::TestBOCompleteFlow::test_bo_login_only 
ğŸ” Processing test: test_bo_login_only
âœ… TestRail case 30965 updated successfully
ğŸ“Š Updated TestRail case 30965: 1 
PASSED [ 10%]
tests/e2e/bo/test_bo_complete_flow.py::TestBOCompleteFlow::test_bo_accounts_navigation_only 
ğŸ” Processing test: test_bo_accounts_navigation_only
âœ… TestRail case 30966 updated successfully
ğŸ“Š Updated TestRail case 30966: 1 
PASSED [ 11%]
tests/e2e/bo/test_bo_complete_flow.py::TestBOCompleteFlow::test_bo_account_relogin 
ğŸ” Processing test: test_bo_account_relogin
ğŸ“¸ Attempting to capture screenshot for failed test: test_bo_account_relogin
âœ… Screenshot captured: failure_test_bo_account_relogin_2025-12-22_09-32-23.png
âœ… TestRail case 30967 updated successfully
ğŸ“Š Updated TestRail case 30967: 5 with screenshot
FAILED [ 11%]
tests/e2e/bo/test_bo_complete_flow.py::TestBOCompleteFlow::test_bo_relogin_sanity_comprehensive 
ğŸ” Processing test: test_bo_relogin_sanity_comprehensive
ğŸ“¸ Attempting to capture screenshot for failed test: test_bo_relogin_sanity_comprehensive
âœ… Screenshot captured: failure_test_bo_relogin_sanity_comprehensive_2025-12-22_09-33-14.png
âœ… TestRail case 30968 updated successfully
ğŸ“Š Updated TestRail case 30968: 5 with screenshot
FAILED [ 12%]
tests/e2e/bo/test_bo_snapshots.py::TestBOSnapshots::test_bo_visual_snapshots 
ğŸ” Processing test: test_bo_visual_snapshots
âœ… TestRail case 30969 updated successfully
ğŸ“Š Updated TestRail case 30969: 1 
PASSED [ 12%]
tests/e2e/bo/test_bo_snapshots.py::TestBOSnapshots::test_bo_dom_snapshots 
ğŸ” Processing test: test_bo_dom_snapshots
âœ… TestRail case 30970 updated successfully
ğŸ“Š Updated TestRail case 30970: 1 
PASSED [ 12%]
tests/e2e/bo/test_bo_snapshots.py::TestBOSnapshots::test_bo_workflow_snapshots 
ğŸ” Processing test: test_bo_workflow_snapshots
âœ… TestRail case 30971 updated successfully
ğŸ“Š Updated TestRail case 30971: 1 
PASSED [ 13%]
tests/e2e/bo/test_bo_snapshots.py::TestBOSnapshots::test_bo_component_snapshots 
ğŸ” Processing test: test_bo_component_snapshots
âœ… TestRail case 30972 updated successfully
ğŸ“Š Updated TestRail case 30972: 1 
PASSED [ 13%]
tests/e2e/compatibility/test_browser_compatibility.py::TestBrowserCompatibility::test_responsive_design_elements 
ğŸ” Processing test: test_responsive_design_elements
âœ… TestRail case 8063 updated successfully
ğŸ“Š Updated TestRail case 8063: 1 
PASSED [ 14%]
tests/e2e/compatibility/test_browser_compatibility.py::TestBrowserCompatibility::test_print_stylesheet_compatibility 
ğŸ” Processing test: test_print_stylesheet_compatibility
âœ… TestRail case 8065 updated successfully
ğŸ“Š Updated TestRail case 8065: 1 
PASSED [ 14%]
tests/e2e/easysend/test_bo_relogin_only.py::TestBOReloginOnly::test_bo_relogin_flow 
ğŸ” Processing test: test_bo_relogin_flow
â„¹ï¸ Test 'test_bo_relogin_flow' not mapped to TestRail or TestRail disabled
PASSED [ 14%]
tests/e2e/easysend/test_easysend_email_to_payables.py::TestEasySendEmailToPayables::test_easysend_complete_flow 
ğŸ” Processing test: test_easysend_complete_flow
â„¹ï¸ Test 'test_easysend_complete_flow' not mapped to TestRail or TestRail disabled
FAILED [ 15%]
tests/e2e/easysend/test_easysend_email_to_payables.py::TestEasySendEmailToPayables::test_bo_relogin_to_payables_only 
ğŸ” Processing test: test_bo_relogin_to_payables_only
â„¹ï¸ Test 'test_bo_relogin_to_payables_only' not mapped to TestRail or TestRail disabled
FAILED [ 15%]
tests/e2e/easysend/test_outlook_send_email.py::TestOutlookSendEmail::test_send_email_to_easysend 
ğŸ” Processing test: test_send_email_to_easysend
â„¹ï¸ Test 'test_send_email_to_easysend' not mapped to TestRail or TestRail disabled
FAILED [ 16%]
tests/e2e/invoicing/test_invoicing_operations.py::TestInvoicingOperations::test_invoicing_page_loads ERROR [ 16%]
tests/e2e/invoicing/test_invoicing_operations.py::TestInvoicingOperations::test_invoicing_navigation_elements ERROR [ 17%]
tests/e2e/invoicing/test_invoicing_operations.py::TestInvoicingOperations::test_customer_form_visibility ERROR [ 17%]
tests/e2e/invoicing/test_invoicing_operations.py::TestInvoicingOperations::test_create_customer ERROR [ 17%]
tests/e2e/invoicing/test_invoicing_operations.py::TestInvoicingOperations::test_customer_validation ERROR [ 18%]
tests/e2e/invoicing/test_invoicing_operations.py::TestInvoicingOperations::test_product_form_visibility ERROR [ 18%]
tests/e2e/invoicing/test_invoicing_operations.py::TestInvoicingOperations::test_create_product ERROR [ 19%]
tests/e2e/invoicing/test_invoicing_operations.py::TestInvoicingOperations::test_product_price_validation ERROR [ 19%]
tests/e2e/invoicing/test_invoicing_operations.py::TestInvoicingOperations::test_invoice_form_visibility ERROR [ 19%]
tests/e2e/invoicing/test_invoicing_operations.py::TestInvoicingOperations::test_invoice_list_display ERROR [ 20%]
tests/e2e/invoicing/test_invoicing_operations.py::TestInvoicingOperations::test_complete_invoice_flow ERROR [ 20%]
tests/e2e/invoicing/test_invoicing_operations.py::TestInvoicingOperations::test_invoice_appears_in_receivables ERROR [ 21%]
tests/e2e/invoicing/test_invoicing_operations.py::TestInvoicingOperations::test_duplicate_customer_handling ERROR [ 21%]
tests/e2e/invoicing/test_invoicing_operations.py::TestInvoicingOperations::test_invoice_without_customer ERROR [ 21%]
tests/e2e/invoicing/test_invoicing_operations.py::TestInvoicingOperations::test_invoice_with_zero_quantity ERROR [ 22%]
tests/e2e/invoicing/test_invoicing_operations.py::TestInvoicingOperations::test_invoicing_page_responsiveness ERROR [ 22%]
tests/e2e/invoicing/test_invoicing_operations.py::TestInvoicingOperations::test_invoicing_form_tab_navigation ERROR [ 23%]
tests/e2e/ledger/test_gl_account_operations.py::TestGLAccountOperations::test_chart_of_accounts_page_loads ERROR [ 23%]
tests/e2e/ledger/test_gl_account_operations.py::TestGLAccountOperations::test_add_gl_account_button_visible ERROR [ 23%]
tests/e2e/ledger/test_gl_account_operations.py::TestGLAccountOperations::test_create_gl_account_trade_receivables ERROR [ 24%]
tests/e2e/ledger/test_gl_account_operations.py::TestGLAccountOperations::test_create_gl_account_for_invoicing_precondition ERROR [ 24%]
tests/e2e/ledger/test_gl_account_operations.py::TestGLAccountOperations::test_create_gl_account_different_currencies ERROR [ 25%]
tests/e2e/ledger/test_gl_account_operations.py::TestGLAccountOperations::test_search_gl_account ERROR [ 25%]
tests/e2e/ledger/test_gl_account_operations.py::TestGLAccountOperations::test_add_gl_account_creates_inline_row ERROR [ 25%]
tests/e2e/ledger/test_gl_account_operations.py::TestGLAccountOperations::test_cancel_gl_account_creation ERROR [ 26%]
tests/e2e/ledger/test_ledger_operations.py::TestLedgerOperations::test_verify_ledger_page_loads ERROR [ 26%]
tests/e2e/ledger/test_ledger_operations.py::TestLedgerOperations::test_verify_general_ledger_entries_display ERROR [ 27%]
tests/e2e/ledger/test_ledger_operations.py::TestLedgerOperations::test_verify_account_hierarchy_display ERROR [ 27%]
tests/e2e/ledger/test_ledger_operations.py::TestLedgerOperations::test_ledger_page_responsiveness ERROR [ 27%]
tests/e2e/ledger/test_ledger_operations.py::TestLedgerOperations::test_chart_of_accounts_navigation ERROR [ 28%]
tests/e2e/ledger/test_ledger_operations.py::TestLedgerOperations::test_account_selection_functionality ERROR [ 28%]
tests/e2e/ledger/test_ledger_operations.py::TestLedgerOperations::test_account_balance_display ERROR [ 29%]
tests/e2e/ledger/test_ledger_operations.py::TestLedgerOperations::test_account_details_popup ERROR [ 29%]
tests/e2e/ledger/test_ledger_operations.py::TestLedgerOperations::test_journal_entries_filtering_by_date ERROR [ 29%]
tests/e2e/ledger/test_ledger_operations.py::TestLedgerOperations::test_journal_entries_filtering_by_account ERROR [ 30%]
tests/e2e/ledger/test_ledger_operations.py::TestLedgerOperations::test_journal_entries_search ERROR [ 30%]
tests/e2e/ledger/test_ledger_operations.py::TestLedgerOperations::test_transaction_drill_down ERROR [ 31%]
tests/e2e/ledger/test_ledger_operations.py::TestLedgerOperations::test_trial_balance_display ERROR [ 31%]
tests/e2e/ledger/test_ledger_operations.py::TestLedgerOperations::test_account_activity_report ERROR [ 31%]
tests/e2e/ledger/test_ledger_operations.py::TestLedgerOperations::test_export_functionality ERROR [ 32%]
tests/e2e/ledger/test_ledger_operations.py::TestLedgerOperations::test_period_selection ERROR [ 32%]
tests/e2e/ledger/test_ledger_operations.py::TestLedgerOperations::test_manual_journal_entry_creation ERROR [ 33%]
tests/e2e/ledger/test_ledger_operations.py::TestLedgerOperations::test_journal_entry_validation ERROR [ 33%]
tests/e2e/ledger/test_ledger_operations.py::TestLedgerOperations::test_journal_entry_posting ERROR [ 34%]
tests/e2e/ledger/test_ledger_operations.py::TestLedgerOperations::test_journal_entry_reversal ERROR [ 34%]
tests/e2e/ledger/test_ledger_operations.py::TestLedgerOperations::test_bank_reconciliation_integration ERROR [ 34%]
tests/e2e/ledger/test_ledger_operations.py::TestLedgerOperations::test_payables_integration ERROR [ 35%]
tests/e2e/ledger/test_ledger_operations.py::TestLedgerOperations::test_complete_ledger_workflow ERROR [ 35%]
tests/e2e/ledger/test_ledger_operations.py::TestLedgerOperations::test_verify_ledger_dashboard_loads ERROR [ 36%]
tests/e2e/ledger/test_ledger_operations.py::TestLedgerOperations::test_verify_financial_kpis_display ERROR [ 36%]
tests/e2e/ledger/test_ledger_operations.py::TestLedgerOperations::test_verify_filter_controls_display ERROR [ 36%]
tests/e2e/ledger/test_ledger_operations.py::TestLedgerOperations::test_get_total_income_value ERROR [ 37%]
tests/e2e/ledger/test_ledger_operations.py::TestLedgerOperations::test_get_gross_profit_value ERROR [ 37%]
tests/e2e/ledger/test_ledger_operations.py::TestLedgerOperations::test_get_all_kpi_values ERROR [ 38%]
tests/e2e/ledger/test_ledger_operations.py::TestLedgerOperations::test_period_selection_functionality ERROR [ 38%]
tests/e2e/ledger/test_ledger_operations.py::TestLedgerOperations::test_date_preset_functionality ERROR [ 38%]
tests/e2e/ledger/test_ledger_operations.py::TestLedgerOperations::test_no_data_states_handling ERROR [ 39%]
tests/e2e/ledger/test_ledger_operations.py::TestLedgerOperations::test_dashboard_url_parameters ERROR [ 39%]
tests/e2e/ledger/test_ledger_operations.py::TestLedgerOperations::test_complete_dashboard_workflow ERROR [ 40%]
tests/e2e/ledger/test_ledger_operations.py::TestLedgerOperations::test_dashboard_responsiveness ERROR [ 40%]
tests/e2e/ledger/test_ledger_operations.py::TestLedgerOperations::test_kpi_data_consistency ERROR [ 40%]
tests/e2e/ledger/test_ledger_operations.py::TestLedgerOperations::test_period_filter_impact ERROR [ 41%]
tests/e2e/ledger/test_ledger_operations.py::TestLedgerOperations::test_dashboard_edge_cases ERROR [ 41%]
tests/e2e/login/test_login.py::test_login 
ğŸ” Processing test: test_login
ğŸ“¸ Attempting to capture screenshot for failed test: test_login
âœ… Screenshot captured: failure_test_login_2025-12-22_10-03-12.png
TestRail API error: HTTPSConnectionPool(host='viewz.testrail.io', port=443): Max retries exceeded with url: /index.php?/api/v2/get_run/792 (Caused by NameResolutionError("<urllib3.connection.HTTPSConnection object at 0x106707c50>: Failed to resolve 'viewz.testrail.io' ([Errno 8] nodename nor servname provided, or not known)"))
âš ï¸ TestRail run 792 not found, skipping result update
âŒ Failed to update TestRail case 7947: 5 with screenshot
FAILED                         [ 42%]
tests/e2e/login/test_login_scenarios.py::TestLoginScenarios::test_scenario_1_valid_login ERROR [ 42%]
tests/e2e/login/test_login_scenarios.py::TestLoginScenarios::test_scenario_2_logout_user ERROR [ 42%]
tests/e2e/logout/test_logout.py::test_logout_after_2fa_login 
ğŸ” Processing test: test_logout_after_2fa_login
ğŸ“¸ Attempting to capture screenshot for failed test: test_logout_after_2fa_login
âœ… Screenshot captured: failure_test_logout_after_2fa_login_2025-12-22_10-03-16.png
TestRail API error: HTTPSConnectionPool(host='viewz.testrail.io', port=443): Max retries exceeded with url: /index.php?/api/v2/get_run/792 (Caused by NameResolutionError("<urllib3.connection.HTTPSConnection object at 0x107335c70>: Failed to resolve 'viewz.testrail.io' ([Errno 8] nodename nor servname provided, or not known)"))
âš ï¸ TestRail run 792 not found, skipping result update
âŒ Failed to update TestRail case 7961: 5 with screenshot
FAILED      [ 43%]
tests/e2e/logout/test_logout.py::test_logout_direct_method 
ğŸ” Processing test: test_logout_direct_method
ğŸ“¸ Attempting to capture screenshot for failed test: test_logout_direct_method
âœ… Screenshot captured: failure_test_logout_direct_method_2025-12-22_10-03-17.png
TestRail API error: HTTPSConnectionPool(host='viewz.testrail.io', port=443): Max retries exceeded with url: /index.php?/api/v2/get_run/792 (Caused by NameResolutionError("<urllib3.connection.HTTPSConnection object at 0x1072e1d90>: Failed to resolve 'viewz.testrail.io' ([Errno 8] nodename nor servname provided, or not known)"))
âš ï¸ TestRail run 792 not found, skipping result update
âŒ Failed to update TestRail case 7962: 5 with screenshot
FAILED        [ 43%]
tests/e2e/logout/test_logout.py::test_logout_via_menu 
ğŸ” Processing test: test_logout_via_menu
TestRail API error: HTTPSConnectionPool(host='viewz.testrail.io', port=443): Read timed out. (read timeout=10)
âŒ Failed to update TestRail case 7963
âŒ Failed to update TestRail case 7963: 1 
PASSED             [ 44%]
tests/e2e/logout/test_logout.py::test_logout_keyboard_method 
ğŸ” Processing test: test_logout_keyboard_method
âœ… TestRail case 7964 updated successfully
ğŸ“Š Updated TestRail case 7964: 1 
PASSED      [ 44%]
tests/e2e/logout/test_logout.py::test_logout_comprehensive_workflow 
ğŸ” Processing test: test_logout_comprehensive_workflow
âœ… TestRail case 7965 updated successfully
ğŸ“Š Updated TestRail case 7965: 1 
PASSED [ 44%]
tests/e2e/navigation/test_menu_pinning.py::TestMenuPinning::test_menu_pinning_and_navigation 
ğŸ” Processing test: test_menu_pinning_and_navigation
âœ… TestRail case 7960 updated successfully
ğŸ“Š Updated TestRail case 7960: 1 
PASSED [ 45%]
tests/e2e/navigation/test_tabs_navigation.py::test_tab_navigation[text=Home-HomePage] 
ğŸ” Processing test: test_tab_navigation[text=Home-HomePage]
âœ… TestRail case 7950 updated successfully
ğŸ“Š Updated TestRail case 7950: 1 
PASSED [ 45%]
tests/e2e/navigation/test_tabs_navigation.py::test_tab_navigation[text=Vizion AI-VizionAIPage] 
ğŸ” Processing test: test_tab_navigation[text=Vizion AI-VizionAIPage]
âœ… TestRail case 7951 updated successfully
ğŸ“Š Updated TestRail case 7951: 1 
PASSED [ 46%]
tests/e2e/navigation/test_tabs_navigation.py::test_tab_navigation[text=Reconciliation-ReconciliationPage] 
ğŸ” Processing test: test_tab_navigation[text=Reconciliation-ReconciliationPage]
âœ… TestRail case 7952 updated successfully
ğŸ“Š Updated TestRail case 7952: 1 
PASSED [ 46%]
tests/e2e/navigation/test_tabs_navigation.py::test_tab_navigation[text=Ledger-LedgerPage] 
ğŸ” Processing test: test_tab_navigation[text=Ledger-LedgerPage]
âœ… TestRail case 7953 updated successfully
ğŸ“Š Updated TestRail case 7953: 1 
PASSED [ 46%]
tests/e2e/navigation/test_tabs_navigation.py::test_tab_navigation[text=BI Analysis-BIAnalysisPage] 
ğŸ” Processing test: test_tab_navigation[text=BI Analysis-BIAnalysisPage]
âœ… TestRail case 7954 updated successfully
ğŸ“Š Updated TestRail case 7954: 1 
PASSED [ 47%]
tests/e2e/navigation/test_tabs_navigation.py::test_tab_navigation[text=Invoicing-InvoicingPage] 
ğŸ” Processing test: test_tab_navigation[text=Invoicing-InvoicingPage]
â„¹ï¸ Test 'test_tab_navigation[text=Invoicing-InvoicingPage]' not mapped to TestRail or TestRail disabled
PASSED [ 47%]
tests/e2e/navigation/test_tabs_navigation_single_login.py::test_tabs_navigation_single_login 
ğŸ” Processing test: test_tabs_navigation_single_login
âœ… TestRail case 7956 updated successfully
ğŸ“Š Updated TestRail case 7956: 1 
PASSED [ 48%]
tests/e2e/navigation/test_tabs_navigation_with_entity.py::test_tab_navigation_with_entity[text=Home-HomePage] 
ğŸ” Processing test: test_tab_navigation_with_entity[text=Home-HomePage]
âœ… TestRail case 7957 updated successfully
ğŸ“Š Updated TestRail case 7957: 1 
PASSED [ 48%]
tests/e2e/navigation/test_tabs_navigation_with_entity.py::test_tab_navigation_with_entity[text=Vizion AI-VizionAIPage] 
ğŸ” Processing test: test_tab_navigation_with_entity[text=Vizion AI-VizionAIPage]
âœ… TestRail case 7957 updated successfully
ğŸ“Š Updated TestRail case 7957: 1 
PASSED [ 48%]
tests/e2e/navigation/test_tabs_navigation_with_entity.py::test_tab_navigation_with_entity[text=Reconciliation-ReconciliationPage] 
ğŸ” Processing test: test_tab_navigation_with_entity[text=Reconciliation-ReconciliationPage]
âœ… TestRail case 7957 updated successfully
ğŸ“Š Updated TestRail case 7957: 1 
PASSED [ 49%]
tests/e2e/navigation/test_tabs_navigation_with_entity.py::test_tab_navigation_with_entity[text=Ledger-LedgerPage] 
ğŸ” Processing test: test_tab_navigation_with_entity[text=Ledger-LedgerPage]
âœ… TestRail case 7957 updated successfully
ğŸ“Š Updated TestRail case 7957: 1 
PASSED [ 49%]
tests/e2e/navigation/test_tabs_navigation_with_entity.py::test_tab_navigation_with_entity[text=BI Analysis-BIAnalysisPage] 
ğŸ” Processing test: test_tab_navigation_with_entity[text=BI Analysis-BIAnalysisPage]
âœ… TestRail case 7957 updated successfully
ğŸ“Š Updated TestRail case 7957: 1 
PASSED [ 50%]
tests/e2e/navigation/test_tabs_navigation_with_entity.py::test_tab_navigation_with_entity[text=Invoicing-InvoicingPage] 
ğŸ” Processing test: test_tab_navigation_with_entity[text=Invoicing-InvoicingPage]
â„¹ï¸ Test 'test_tab_navigation_with_entity[text=Invoicing-InvoicingPage]' not mapped to TestRail or TestRail disabled
PASSED [ 50%]
tests/e2e/navigation/test_tabs_navigation_with_entity.py::test_entity_selection_validation 
ğŸ” Processing test: test_entity_selection_validation
âœ… TestRail case 7958 updated successfully
ğŸ“Š Updated TestRail case 7958: 1 
PASSED [ 51%]
tests/e2e/navigation/test_tabs_navigation_with_entity.py::test_tabs_navigation_single_login_with_entity 
ğŸ” Processing test: test_tabs_navigation_single_login_with_entity
âœ… TestRail case 7959 updated successfully
ğŸ“Š Updated TestRail case 7959: 1 
PASSED [ 51%]
tests/e2e/navigation/test_tabs_navigation_with_entity.py::test_navigate_to_invoicing 
ğŸ” Processing test: test_navigate_to_invoicing
â„¹ï¸ Test 'test_navigate_to_invoicing' not mapped to TestRail or TestRail disabled
PASSED [ 51%]
tests/e2e/payables/test_invoice_file_upload.py::TestInvoiceFileUpload::test_upload_invoice_file 
ğŸ” Processing test: test_upload_invoice_file
âœ… TestRail case 7988 updated successfully
ğŸ“Š Updated TestRail case 7988: 1 
PASSED [ 52%]
tests/e2e/payables/test_invoice_file_upload.py::TestInvoiceFileUpload::test_attempt_to_delete_invoice 
ğŸ” Processing test: test_attempt_to_delete_invoice
âœ… TestRail case 8010 updated successfully
ğŸ“Š Updated TestRail case 8010: 1 
PASSED [ 52%]
tests/e2e/payables/test_invoice_file_upload.py::TestInvoiceFileUpload::test_upload_invalid_payable_file_type 
ğŸ” Processing test: test_upload_invalid_payable_file_type
âœ… TestRail case 7989 updated successfully
ğŸ“Š Updated TestRail case 7989: 1 
PASSED [ 53%]
tests/e2e/reconciliation/bank/test_bank_operations.py::TestBankOperations::test_verify_bank_page_loads 
ğŸ” Processing test: test_verify_bank_page_loads
âœ… TestRail case 7966 updated successfully
ğŸ“Š Updated TestRail case 7966: 1 
PASSED [ 53%]
tests/e2e/reconciliation/bank/test_bank_operations.py::TestBankOperations::test_verify_transactions_display 
ğŸ” Processing test: test_verify_transactions_display
âœ… TestRail case 7967 updated successfully
ğŸ“Š Updated TestRail case 7967: 1 
PASSED [ 53%]
tests/e2e/reconciliation/bank/test_bank_operations.py::TestBankOperations::test_bank_account_selection 
ğŸ” Processing test: test_bank_account_selection
âŒ Bad Request (400). Possible causes:
   1. Test run is closed or doesn't exist
   2. Case ID is invalid for this run
   3. Invalid status ID or data format
âŒ Failed to update TestRail case 7970
âŒ Failed to update TestRail case 7970: 1 
PASSED [ 54%]
tests/e2e/reconciliation/bank/test_bank_operations.py::TestBankOperations::test_transaction_filtering_by_date 
ğŸ” Processing test: test_transaction_filtering_by_date
âœ… TestRail case 7974 updated successfully
ğŸ“Š Updated TestRail case 7974: 1 
PASSED [ 54%]
tests/e2e/reconciliation/bank/test_bank_operations.py::TestBankOperations::test_transaction_search 
ğŸ” Processing test: test_transaction_search
âœ… TestRail case 7975 updated successfully
ğŸ“Š Updated TestRail case 7975: 1 
PASSED [ 55%]
tests/e2e/reconciliation/bank/test_bank_operations.py::TestBankOperations::test_verify_upload_area 
ğŸ” Processing test: test_verify_upload_area
âœ… TestRail case 7979 updated successfully
ğŸ“Š Updated TestRail case 7979: 1 
PASSED [ 55%]
tests/e2e/reconciliation/bank/test_bank_operations.py::TestBankOperations::test_upload_statement_file_validation 
ğŸ” Processing test: test_upload_statement_file_validation
âœ… TestRail case 7980 updated successfully
ğŸ“Š Updated TestRail case 7980: 1 
PASSED [ 55%]
tests/e2e/reconciliation/bank/test_bank_operations.py::TestBankOperations::test_reconciliation_status_display 
ğŸ” Processing test: test_reconciliation_status_display
âœ… TestRail case 7983 updated successfully
ğŸ“Š Updated TestRail case 7983: 1 
PASSED [ 56%]
tests/e2e/reconciliation/bank/test_bank_operations.py::TestBankOperations::test_transaction_reconciliation 
ğŸ” Processing test: test_transaction_reconciliation
âœ… TestRail case 7984 updated successfully
ğŸ“Š Updated TestRail case 7984: 1 
PASSED [ 56%]
tests/e2e/reconciliation/bank/test_bank_operations.py::TestBankOperations::test_transaction_action_buttons 
ğŸ” Processing test: test_transaction_action_buttons
âœ… TestRail case 7978 updated successfully
ğŸ“Š Updated TestRail case 7978: 1 
PASSED [ 57%]
tests/e2e/reconciliation/bank/test_bank_operations.py::TestBankOperations::test_complete_bank_workflow 
ğŸ” Processing test: test_complete_bank_workflow
âœ… TestRail case 7986 updated successfully
ğŸ“Š Updated TestRail case 7986: 1 
PASSED [ 57%]
tests/e2e/reconciliation/bank/test_bank_operations.py::TestBankOperations::test_empty_state_handling 
ğŸ” Processing test: test_empty_state_handling
âœ… TestRail case 7969 updated successfully
ğŸ“Š Updated TestRail case 7969: 1 
PASSED [ 57%]
tests/e2e/reconciliation/bank/test_bank_operations.py::TestBankOperations::test_bank_page_responsiveness 
ğŸ” Processing test: test_bank_page_responsiveness
âœ… TestRail case 7968 updated successfully
ğŸ“Š Updated TestRail case 7968: 1 
PASSED [ 58%]
tests/e2e/reconciliation/bank/test_bank_operations.py::TestBankOperations::test_check_bank_account_list_display 
ğŸ” Processing test: test_check_bank_account_list_display
âœ… TestRail case 7971 updated successfully
ğŸ“Š Updated TestRail case 7971: 1 
PASSED [ 58%]
tests/e2e/reconciliation/bank/test_bank_operations.py::TestBankOperations::test_view_bank_transactions_list 
ğŸ” Processing test: test_view_bank_transactions_list
âœ… TestRail case 7976 updated successfully
ğŸ“Š Updated TestRail case 7976: 1 
PASSED [ 59%]
tests/e2e/reconciliation/bank/test_bank_operations.py::TestBankOperations::test_sort_transactions_by_columns 
ğŸ” Processing test: test_sort_transactions_by_columns
âœ… TestRail case 7977 updated successfully
ğŸ“Š Updated TestRail case 7977: 1 
PASSED [ 59%]
tests/e2e/reconciliation/bank/test_bank_operations.py::TestBankOperations::test_handle_duplicate_uploads 
ğŸ” Processing test: test_handle_duplicate_uploads
âœ… TestRail case 7981 updated successfully
ğŸ“Š Updated TestRail case 7981: 1 
PASSED [ 59%]
tests/e2e/reconciliation/bank/test_bank_operations.py::TestBankOperations::test_process_uploaded_statements 
ğŸ” Processing test: test_process_uploaded_statements
âœ… TestRail case 7982 updated successfully
ğŸ“Š Updated TestRail case 7982: 1 
PASSED [ 60%]
tests/e2e/reconciliation/bank/test_bank_operations.py::TestBankOperations::test_handle_unmatched_transactions 
ğŸ” Processing test: test_handle_unmatched_transactions
âœ… TestRail case 7985 updated successfully
ğŸ“Š Updated TestRail case 7985: 1 
PASSED [ 60%]
tests/e2e/reconciliation/bank/test_bank_operations.py::TestBankOperations::test_view_account_balances 
ğŸ” Processing test: test_view_account_balances
âœ… TestRail case 7972 updated successfully
ğŸ“Š Updated TestRail case 7972: 1 
PASSED [ 61%]
tests/e2e/reconciliation/bank/test_bank_operations.py::TestBankOperations::test_account_settings_configuration 
ğŸ” Processing test: test_account_settings_configuration
âœ… TestRail case 7973 updated successfully
ğŸ“Š Updated TestRail case 7973: 1 
PASSED [ 61%]
tests/e2e/reconciliation/credit_cards/test_credit_card_operations.py::TestCreditCardOperations::test_verify_credit_cards_page_loads_successfully 
ğŸ” Processing test: test_verify_credit_cards_page_loads_successfully
âœ… TestRail case 51886 updated successfully
ğŸ“Š Updated TestRail case 51886: 1 
PASSED [ 61%]
tests/e2e/reconciliation/credit_cards/test_credit_card_operations.py::TestCreditCardOperations::test_verify_credit_card_transactions_display 
ğŸ” Processing test: test_verify_credit_card_transactions_display
ğŸ“¸ Attempting to capture screenshot for failed test: test_verify_credit_card_transactions_display
âœ… Screenshot captured: failure_test_verify_credit_card_transactions_display_2025-12-22_10-24-54.png
âœ… TestRail case 51887 updated successfully
ğŸ“Š Updated TestRail case 51887: 5 with screenshot
FAILED [ 62%]
tests/e2e/reconciliation/credit_cards/test_credit_card_operations.py::TestCreditCardOperations::test_credit_card_list_display 
ğŸ” Processing test: test_credit_card_list_display
âœ… TestRail case 51900 updated successfully
ğŸ“Š Updated TestRail case 51900: 1 
PASSED [ 62%]
tests/e2e/reconciliation/credit_cards/test_credit_card_operations.py::TestCreditCardOperations::test_credit_card_selection_functionality 
ğŸ” Processing test: test_credit_card_selection_functionality
âœ… TestRail case 51888 updated successfully
ğŸ“Š Updated TestRail case 51888: 1 
PASSED [ 63%]
tests/e2e/reconciliation/credit_cards/test_credit_card_operations.py::TestCreditCardOperations::test_credit_card_financial_information_display 
ğŸ” Processing test: test_credit_card_financial_information_display
âŒ Bad Request (400). Possible causes:
   1. Test run is closed or doesn't exist
   2. Case ID is invalid for this run
   3. Invalid status ID or data format
âŒ Failed to update TestRail case 51889
âŒ Failed to update TestRail case 51889: 1 
PASSED [ 63%]
tests/e2e/reconciliation/credit_cards/test_credit_card_operations.py::TestCreditCardOperations::test_credit_card_account_balances 
ğŸ” Processing test: test_credit_card_account_balances
âŒ Bad Request (400). Possible causes:
   1. Test run is closed or doesn't exist
   2. Case ID is invalid for this run
   3. Invalid status ID or data format
âŒ Failed to update TestRail case 52145
âŒ Failed to update TestRail case 52145: 1 
PASSED [ 63%]
tests/e2e/reconciliation/credit_cards/test_credit_card_operations.py::TestCreditCardOperations::test_credit_card_transaction_filtering_by_date 
ğŸ” Processing test: test_credit_card_transaction_filtering_by_date
âŒ Bad Request (400). Possible causes:
   1. Test run is closed or doesn't exist
   2. Case ID is invalid for this run
   3. Invalid status ID or data format
âŒ Failed to update TestRail case 51890
âŒ Failed to update TestRail case 51890: 1 
PASSED [ 64%]
tests/e2e/reconciliation/credit_cards/test_credit_card_operations.py::TestCreditCardOperations::test_credit_card_transaction_search_functionality 
ğŸ” Processing test: test_credit_card_transaction_search_functionality
âŒ Bad Request (400). Possible causes:
   1. Test run is closed or doesn't exist
   2. Case ID is invalid for this run
   3. Invalid status ID or data format
âŒ Failed to update TestRail case 51891
âŒ Failed to update TestRail case 51891: 1 
PASSED [ 64%]
tests/e2e/reconciliation/credit_cards/test_credit_card_operations.py::TestCreditCardOperations::test_verify_credit_card_statement_upload_area 
ğŸ” Processing test: test_verify_credit_card_statement_upload_area
âŒ Bad Request (400). Possible causes:
   1. Test run is closed or doesn't exist
   2. Case ID is invalid for this run
   3. Invalid status ID or data format
âŒ Failed to update TestRail case 51892
âŒ Failed to update TestRail case 51892: 1 
PASSED [ 65%]
tests/e2e/reconciliation/credit_cards/test_credit_card_operations.py::TestCreditCardOperations::test_credit_card_statement_file_upload_validation 
ğŸ” Processing test: test_credit_card_statement_file_upload_validation
âŒ Bad Request (400). Possible causes:
   1. Test run is closed or doesn't exist
   2. Case ID is invalid for this run
   3. Invalid status ID or data format
âŒ Failed to update TestRail case 51893
âŒ Failed to update TestRail case 51893: 1 
PASSED [ 65%]
tests/e2e/reconciliation/credit_cards/test_credit_card_operations.py::TestCreditCardOperations::test_handle_duplicate_credit_card_uploads 
ğŸ” Processing test: test_handle_duplicate_credit_card_uploads
âŒ Bad Request (400). Possible causes:
   1. Test run is closed or doesn't exist
   2. Case ID is invalid for this run
   3. Invalid status ID or data format
âŒ Failed to update TestRail case 52142
âŒ Failed to update TestRail case 52142: 1 
PASSED [ 65%]
tests/e2e/reconciliation/credit_cards/test_credit_card_operations.py::TestCreditCardOperations::test_process_uploaded_credit_card_statements 
ğŸ” Processing test: test_process_uploaded_credit_card_statements
âŒ Bad Request (400). Possible causes:
   1. Test run is closed or doesn't exist
   2. Case ID is invalid for this run
   3. Invalid status ID or data format
âŒ Failed to update TestRail case 52143
âŒ Failed to update TestRail case 52143: 1 
PASSED [ 66%]
tests/e2e/reconciliation/credit_cards/test_credit_card_operations.py::TestCreditCardOperations::test_credit_card_reconciliation_status_display 
ğŸ” Processing test: test_credit_card_reconciliation_status_display
âŒ Bad Request (400). Possible causes:
   1. Test run is closed or doesn't exist
   2. Case ID is invalid for this run
   3. Invalid status ID or data format
âŒ Failed to update TestRail case 51894
âŒ Failed to update TestRail case 51894: 1 
PASSED [ 66%]
tests/e2e/reconciliation/credit_cards/test_credit_card_operations.py::TestCreditCardOperations::test_credit_card_transaction_reconciliation 
ğŸ” Processing test: test_credit_card_transaction_reconciliation
âœ… TestRail case 51895 updated successfully
ğŸ“Š Updated TestRail case 51895: 1 
PASSED [ 67%]
tests/e2e/reconciliation/credit_cards/test_credit_card_operations.py::TestCreditCardOperations::test_handle_unmatched_credit_card_transactions 
ğŸ” Processing test: test_handle_unmatched_credit_card_transactions
âŒ Bad Request (400). Possible causes:
   1. Test run is closed or doesn't exist
   2. Case ID is invalid for this run
   3. Invalid status ID or data format
âŒ Failed to update TestRail case 52144
âŒ Failed to update TestRail case 52144: 1 
PASSED [ 67%]
tests/e2e/reconciliation/credit_cards/test_credit_card_operations.py::TestCreditCardOperations::test_credit_card_transaction_action_buttons 
ğŸ” Processing test: test_credit_card_transaction_action_buttons
âœ… TestRail case 51896 updated successfully
ğŸ“Š Updated TestRail case 51896: 1 
PASSED [ 68%]
tests/e2e/reconciliation/credit_cards/test_credit_card_operations.py::TestCreditCardOperations::test_view_credit_card_transactions_list 
ğŸ” Processing test: test_view_credit_card_transactions_list
âœ… TestRail case 52141 updated successfully
ğŸ“Š Updated TestRail case 52141: 1 
PASSED [ 68%]
tests/e2e/reconciliation/credit_cards/test_credit_card_operations.py::TestCreditCardOperations::test_credit_card_transaction_sorting 
ğŸ” Processing test: test_credit_card_transaction_sorting
âŒ Bad Request (400). Possible causes:
   1. Test run is closed or doesn't exist
   2. Case ID is invalid for this run
   3. Invalid status ID or data format
âŒ Failed to update TestRail case 51901
âŒ Failed to update TestRail case 51901: 1 
PASSED [ 68%]
tests/e2e/reconciliation/credit_cards/test_credit_card_operations.py::TestCreditCardOperations::test_credit_card_settings_configuration 
ğŸ” Processing test: test_credit_card_settings_configuration
âŒ Bad Request (400). Possible causes:
   1. Test run is closed or doesn't exist
   2. Case ID is invalid for this run
   3. Invalid status ID or data format
âŒ Failed to update TestRail case 52146
âŒ Failed to update TestRail case 52146: 1 
PASSED [ 69%]
tests/e2e/reconciliation/credit_cards/test_credit_card_operations.py::TestCreditCardOperations::test_credit_cards_empty_state_handling 
ğŸ” Processing test: test_credit_cards_empty_state_handling
âœ… TestRail case 51898 updated successfully
ğŸ“Š Updated TestRail case 51898: 1 
PASSED [ 69%]
tests/e2e/reconciliation/credit_cards/test_credit_card_operations.py::TestCreditCardOperations::test_credit_cards_page_responsiveness 
ğŸ” Processing test: test_credit_cards_page_responsiveness
âœ… TestRail case 51899 updated successfully
ğŸ“Š Updated TestRail case 51899: 1 
PASSED [ 70%]
tests/e2e/reconciliation/credit_cards/test_credit_card_operations.py::TestCreditCardOperations::test_complete_credit_cards_workflow 
ğŸ” Processing test: test_complete_credit_cards_workflow
âœ… TestRail case 51897 updated successfully
ğŸ“Š Updated TestRail case 51897: 1 
PASSED [ 70%]
tests/e2e/reconciliation/payables/test_complete_payables_operations.py::TestCompletePayablesOperations::test_verify_invoice_list_is_displayed 
ğŸ” Processing test: test_verify_invoice_list_is_displayed
âœ… TestRail case 7987 updated successfully
ğŸ“Š Updated TestRail case 7987: 1 
PASSED [ 70%]
tests/e2e/reconciliation/payables/test_complete_payables_operations.py::TestCompletePayablesOperations::test_upload_invoice_file 
ğŸ” Processing test: test_upload_invoice_file
âœ… TestRail case 7988 updated successfully
ğŸ“Š Updated TestRail case 7988: 1 
PASSED [ 71%]
tests/e2e/reconciliation/payables/test_complete_payables_operations.py::TestCompletePayablesOperations::test_upload_invalid_payable_file_type 
ğŸ” Processing test: test_upload_invalid_payable_file_type
âœ… TestRail case 7989 updated successfully
ğŸ“Š Updated TestRail case 7989: 1 
PASSED [ 71%]
tests/e2e/reconciliation/payables/test_complete_payables_operations.py::TestCompletePayablesOperations::test_payables_edit_delete_buttons 
ğŸ” Processing test: test_payables_edit_delete_buttons
âœ… TestRail case 8006 updated successfully
ğŸ“Š Updated TestRail case 8006: 1 
PASSED [ 72%]
tests/e2e/reconciliation/payables/test_complete_payables_operations.py::TestCompletePayablesOperations::test_payables_status_dropdowns 
ğŸ” Processing test: test_payables_status_dropdowns
âœ… TestRail case 8007 updated successfully
ğŸ“Š Updated TestRail case 8007: 1 
PASSED [ 72%]
tests/e2e/reconciliation/payables/test_complete_payables_operations.py::TestCompletePayablesOperations::test_payables_search_filter_options 
ğŸ” Processing test: test_payables_search_filter_options
âœ… TestRail case 8008 updated successfully
ğŸ“Š Updated TestRail case 8008: 1 
PASSED [ 72%]
tests/e2e/reconciliation/payables/test_complete_payables_operations.py::TestCompletePayablesOperations::test_upload_duplicate_invoice 
ğŸ” Processing test: test_upload_duplicate_invoice
âœ… TestRail case 7990 updated successfully
ğŸ“Š Updated TestRail case 7990: 1 
PASSED [ 73%]
tests/e2e/reconciliation/payables/test_complete_payables_operations.py::TestCompletePayablesOperations::test_menu_options_for_new_status 
ğŸ” Processing test: test_menu_options_for_new_status
âœ… TestRail case 7994 updated successfully
ğŸ“Š Updated TestRail case 7994: 1 
PASSED [ 73%]
tests/e2e/reconciliation/payables/test_complete_payables_operations.py::TestCompletePayablesOperations::test_menu_options_for_matched_status 
ğŸ” Processing test: test_menu_options_for_matched_status
âœ… TestRail case 7995 updated successfully
ğŸ“Š Updated TestRail case 7995: 1 
PASSED [ 74%]
tests/e2e/reconciliation/payables/test_complete_payables_operations.py::TestCompletePayablesOperations::test_menu_options_for_reconciled_status 
ğŸ” Processing test: test_menu_options_for_reconciled_status
âœ… TestRail case 7996 updated successfully
ğŸ“Š Updated TestRail case 7996: 1 
PASSED [ 74%]
tests/e2e/reconciliation/payables/test_complete_payables_operations.py::TestCompletePayablesOperations::test_open_edit_popup_layout 
ğŸ” Processing test: test_open_edit_popup_layout
âœ… TestRail case 7997 updated successfully
ğŸ“Š Updated TestRail case 7997: 1 
PASSED [ 74%]
tests/e2e/reconciliation/payables/test_complete_payables_operations.py::TestCompletePayablesOperations::test_mandatory_validation 
ğŸ” Processing test: test_mandatory_validation
âœ… TestRail case 7998 updated successfully
ğŸ“Š Updated TestRail case 7998: 1 
PASSED [ 75%]
tests/e2e/reconciliation/payables/test_complete_payables_operations.py::TestCompletePayablesOperations::test_line_totals_equal_before_validation 
ğŸ” Processing test: test_line_totals_equal_before_validation
âœ… TestRail case 7999 updated successfully
ğŸ“Š Updated TestRail case 7999: 1 
PASSED [ 75%]
tests/e2e/reconciliation/payables/test_complete_payables_operations.py::TestCompletePayablesOperations::test_gl_account_dropdown 
ğŸ” Processing test: test_gl_account_dropdown
âœ… TestRail case 8001 updated successfully
ğŸ“Š Updated TestRail case 8001: 1 
PASSED [ 76%]
tests/e2e/reconciliation/payables/test_complete_payables_operations.py::TestCompletePayablesOperations::test_recognition_timing_single_date 
ğŸ” Processing test: test_recognition_timing_single_date
âœ… TestRail case 8002 updated successfully
ğŸ“Š Updated TestRail case 8002: 1 
PASSED [ 76%]
tests/e2e/reconciliation/payables/test_complete_payables_operations.py::TestCompletePayablesOperations::test_recognition_timing_default 
ğŸ” Processing test: test_recognition_timing_default
âœ… TestRail case 8003 updated successfully
ğŸ“Š Updated TestRail case 8003: 1 
PASSED [ 76%]
tests/e2e/reconciliation/payables/test_complete_payables_operations.py::TestCompletePayablesOperations::test_record_invoice_and_status 
ğŸ” Processing test: test_record_invoice_and_status
âœ… TestRail case 8004 updated successfully
ğŸ“Š Updated TestRail case 8004: 1 
PASSED [ 77%]
tests/e2e/reconciliation/payables/test_complete_payables_operations.py::TestCompletePayablesOperations::test_show_journal_entry_for_record 
ğŸ” Processing test: test_show_journal_entry_for_record
âœ… TestRail case 8005 updated successfully
ğŸ“Š Updated TestRail case 8005: 1 
PASSED [ 77%]
tests/e2e/reconciliation/payables/test_complete_payables_operations.py::TestCompletePayablesOperations::test_view_invoice_in_new_view 
ğŸ” Processing test: test_view_invoice_in_new_view
âœ… TestRail case 7991 updated successfully
ğŸ“Š Updated TestRail case 7991: 1 
PASSED [ 78%]
tests/e2e/reconciliation/payables/test_complete_payables_operations.py::TestCompletePayablesOperations::test_verify_je_amount_and_description 
ğŸ” Processing test: test_verify_je_amount_and_description
âœ… TestRail case 8000 updated successfully
ğŸ“Š Updated TestRail case 8000: 1 
PASSED [ 78%]
tests/e2e/reconciliation/payables/test_complete_payables_operations.py::TestCompletePayablesOperations::test_delete_invoice_dialog 
ğŸ” Processing test: test_delete_invoice_dialog
âœ… TestRail case 8009 updated successfully
ğŸ“Š Updated TestRail case 8009: 1 
PASSED [ 78%]
tests/e2e/reconciliation/payables/test_complete_payables_operations.py::TestCompletePayablesOperations::test_attempt_to_delete_invoice 
ğŸ” Processing test: test_attempt_to_delete_invoice
âœ… TestRail case 8010 updated successfully
ğŸ“Š Updated TestRail case 8010: 1 
PASSED [ 79%]
tests/e2e/reconciliation/payables/test_payables_operations.py::TestPayablesOperations::test_verify_invoice_list_is_displayed 
ğŸ” Processing test: test_verify_invoice_list_is_displayed
âœ… TestRail case 7987 updated successfully
ğŸ“Š Updated TestRail case 7987: 1 
PASSED [ 79%]
tests/e2e/reconciliation/payables/test_payables_operations.py::TestPayablesOperations::test_upload_invoice_file 
ğŸ” Processing test: test_upload_invoice_file
âœ… TestRail case 7988 updated successfully
ğŸ“Š Updated TestRail case 7988: 1 
PASSED [ 80%]
tests/e2e/reconciliation/payables/test_payables_operations.py::TestPayablesOperations::test_payables_menu_operations 
ğŸ” Processing test: test_payables_menu_operations
âœ… TestRail case 7992 updated successfully
ğŸ“Š Updated TestRail case 7992: 1 
PASSED [ 80%]
tests/e2e/reconciliation/payables/test_payables_operations.py::TestPayablesOperations::test_payables_form_validation 
ğŸ” Processing test: test_payables_form_validation
âœ… TestRail case 7993 updated successfully
ğŸ“Š Updated TestRail case 7993: 1 
PASSED [ 80%]
tests/e2e/reconciliation/receivables/test_complete_receivables_operations.py::TestCompleteReceivablesOperations::test_verify_receivable_list_is_displayed 
ğŸ” Processing test: test_verify_receivable_list_is_displayed
âœ… TestRail case 63962 updated successfully
ğŸ“Š Updated TestRail case 63962: 1 
PASSED [ 81%]
tests/e2e/reconciliation/receivables/test_complete_receivables_operations.py::TestCompleteReceivablesOperations::test_upload_receivable_file 
ğŸ” Processing test: test_upload_receivable_file
âœ… TestRail case 63963 updated successfully
ğŸ“Š Updated TestRail case 63963: 1 
PASSED [ 81%]
tests/e2e/reconciliation/receivables/test_complete_receivables_operations.py::TestCompleteReceivablesOperations::test_upload_invalid_file_type 
ğŸ” Processing test: test_upload_invalid_file_type
âœ… TestRail case 63964 updated successfully
ğŸ“Š Updated TestRail case 63964: 1 
PASSED [ 82%]
tests/e2e/reconciliation/receivables/test_complete_receivables_operations.py::TestCompleteReceivablesOperations::test_upload_duplicate_receivable 
ğŸ” Processing test: test_upload_duplicate_receivable
âœ… TestRail case 63965 updated successfully
ğŸ“Š Updated TestRail case 63965: 1 
PASSED [ 82%]
tests/e2e/reconciliation/receivables/test_complete_receivables_operations.py::TestCompleteReceivablesOperations::test_receivables_edit_delete_buttons 
ğŸ” Processing test: test_receivables_edit_delete_buttons
âœ… TestRail case 63966 updated successfully
ğŸ“Š Updated TestRail case 63966: 1 
PASSED [ 82%]
tests/e2e/reconciliation/receivables/test_complete_receivables_operations.py::TestCompleteReceivablesOperations::test_receivables_status_dropdowns 
ğŸ” Processing test: test_receivables_status_dropdowns
âœ… TestRail case 63967 updated successfully
ğŸ“Š Updated TestRail case 63967: 1 
PASSED [ 83%]
tests/e2e/reconciliation/receivables/test_complete_receivables_operations.py::TestCompleteReceivablesOperations::test_receivables_search_filter_options 
ğŸ” Processing test: test_receivables_search_filter_options
âœ… TestRail case 63968 updated successfully
ğŸ“Š Updated TestRail case 63968: 1 
PASSED [ 83%]
tests/e2e/reconciliation/receivables/test_complete_receivables_operations.py::TestCompleteReceivablesOperations::test_receivables_open_edit_popup_layout 
ğŸ” Processing test: test_receivables_open_edit_popup_layout
âœ… TestRail case 63969 updated successfully
ğŸ“Š Updated TestRail case 63969: 1 
PASSED [ 84%]
tests/e2e/reconciliation/receivables/test_complete_receivables_operations.py::TestCompleteReceivablesOperations::test_receivables_mandatory_validation 
ğŸ” Processing test: test_receivables_mandatory_validation
âœ… TestRail case 63969 updated successfully
ğŸ“Š Updated TestRail case 63969: 1 
PASSED [ 84%]
tests/e2e/reconciliation/receivables/test_complete_receivables_operations.py::TestCompleteReceivablesOperations::test_receivables_line_totals_equal_before_validation 
ğŸ” Processing test: test_receivables_line_totals_equal_before_validation
âœ… TestRail case 63970 updated successfully
ğŸ“Š Updated TestRail case 63970: 1 
PASSED [ 85%]
tests/e2e/reconciliation/receivables/test_complete_receivables_operations.py::TestCompleteReceivablesOperations::test_receivables_gl_account_dropdown 
ğŸ” Processing test: test_receivables_gl_account_dropdown
âœ… TestRail case 63970 updated successfully
ğŸ“Š Updated TestRail case 63970: 1 
PASSED [ 85%]
tests/e2e/reconciliation/receivables/test_complete_receivables_operations.py::TestCompleteReceivablesOperations::test_receivables_recognition_timing_single_date 
ğŸ” Processing test: test_receivables_recognition_timing_single_date
âœ… TestRail case 63970 updated successfully
ğŸ“Š Updated TestRail case 63970: 1 
PASSED [ 85%]
tests/e2e/reconciliation/receivables/test_complete_receivables_operations.py::TestCompleteReceivablesOperations::test_receivables_recognition_timing_default 
ğŸ” Processing test: test_receivables_recognition_timing_default
âœ… TestRail case 63970 updated successfully
ğŸ“Š Updated TestRail case 63970: 1 
PASSED [ 86%]
tests/e2e/reconciliation/receivables/test_complete_receivables_operations.py::TestCompleteReceivablesOperations::test_record_receivable_and_status 
ğŸ” Processing test: test_record_receivable_and_status
âœ… TestRail case 63971 updated successfully
ğŸ“Š Updated TestRail case 63971: 1 
PASSED [ 86%]
tests/e2e/reconciliation/receivables/test_complete_receivables_operations.py::TestCompleteReceivablesOperations::test_receivables_show_journal_entry_for_record 
ğŸ” Processing test: test_receivables_show_journal_entry_for_record
âœ… TestRail case 63971 updated successfully
ğŸ“Š Updated TestRail case 63971: 1 
PASSED [ 87%]
tests/e2e/reconciliation/receivables/test_complete_receivables_operations.py::TestCompleteReceivablesOperations::test_receivables_verify_je_amount_and_description 
ğŸ” Processing test: test_receivables_verify_je_amount_and_description
âœ… TestRail case 63971 updated successfully
ğŸ“Š Updated TestRail case 63971: 1 
PASSED [ 87%]
tests/e2e/reconciliation/receivables/test_complete_receivables_operations.py::TestCompleteReceivablesOperations::test_delete_receivable_dialog 
ğŸ” Processing test: test_delete_receivable_dialog
âœ… TestRail case 63972 updated successfully
ğŸ“Š Updated TestRail case 63972: 1 
PASSED [ 87%]
tests/e2e/reconciliation/receivables/test_complete_receivables_operations.py::TestCompleteReceivablesOperations::test_attempt_to_delete_receivable 
ğŸ” Processing test: test_attempt_to_delete_receivable
âœ… TestRail case 63972 updated successfully
ğŸ“Š Updated TestRail case 63972: 1 
PASSED [ 88%]
tests/e2e/reconciliation/receivables/test_complete_receivables_operations.py::TestCompleteReceivablesOperations::test_view_receivable_in_new_view 
ğŸ” Processing test: test_view_receivable_in_new_view
âœ… TestRail case 63973 updated successfully
ğŸ“Š Updated TestRail case 63973: 1 
PASSED [ 88%]
tests/e2e/reconciliation/receivables/test_complete_receivables_operations.py::TestCompleteReceivablesOperations::test_receivables_menu_options_for_new_status 
ğŸ” Processing test: test_receivables_menu_options_for_new_status
âœ… TestRail case 63974 updated successfully
ğŸ“Š Updated TestRail case 63974: 1 
PASSED [ 89%]
tests/e2e/reconciliation/receivables/test_complete_receivables_operations.py::TestCompleteReceivablesOperations::test_receivables_menu_options_for_matched_status 
ğŸ” Processing test: test_receivables_menu_options_for_matched_status
âœ… TestRail case 63974 updated successfully
ğŸ“Š Updated TestRail case 63974: 1 
PASSED [ 89%]
tests/e2e/reconciliation/receivables/test_complete_receivables_operations.py::TestCompleteReceivablesOperations::test_receivables_menu_options_for_reconciled_status 
ğŸ” Processing test: test_receivables_menu_options_for_reconciled_status
âœ… TestRail case 63974 updated successfully
ğŸ“Š Updated TestRail case 63974: 1 
PASSED [ 89%]
tests/e2e/reconciliation/receivables/test_receivables_operations.py::TestReceivablesOperations::test_verify_receivable_list_is_displayed 
ğŸ” Processing test: test_verify_receivable_list_is_displayed
âœ… TestRail case 63962 updated successfully
ğŸ“Š Updated TestRail case 63962: 1 
PASSED [ 90%]
tests/e2e/reconciliation/receivables/test_receivables_operations.py::TestReceivablesOperations::test_upload_receivable_file 
ğŸ” Processing test: test_upload_receivable_file
âœ… TestRail case 63963 updated successfully
ğŸ“Š Updated TestRail case 63963: 1 
PASSED [ 90%]
tests/e2e/reconciliation/receivables/test_receivables_operations.py::TestReceivablesOperations::test_receivables_menu_operations 
ğŸ” Processing test: test_receivables_menu_operations
âœ… TestRail case 63968 updated successfully
ğŸ“Š Updated TestRail case 63968: 1 
PASSED [ 91%]
tests/e2e/reconciliation/receivables/test_receivables_operations.py::TestReceivablesOperations::test_receivables_form_validation 
ğŸ” Processing test: test_receivables_form_validation
âœ… TestRail case 63969 updated successfully
ğŸ“Š Updated TestRail case 63969: 1 
PASSED [ 91%]
tests/e2e/reconciliation/test_export_validation.py::TestExportValidation::test_payables_export_data_validation 
ğŸ” Processing test: test_payables_export_data_validation
âœ… TestRail case 126311 updated successfully
ğŸ“Š Updated TestRail case 126311: 1 
PASSED [ 91%]
tests/e2e/reconciliation/test_export_validation.py::TestExportValidation::test_receivables_export_data_validation 
ğŸ” Processing test: test_receivables_export_data_validation
âœ… TestRail case 126312 updated successfully
ğŸ“Š Updated TestRail case 126312: 1 
PASSED [ 92%]
tests/e2e/reconciliation/test_export_validation.py::TestExportValidation::test_bank_transactions_export_data_validation 
ğŸ” Processing test: test_bank_transactions_export_data_validation
âœ… TestRail case 129938 updated successfully
ğŸ“Š Updated TestRail case 129938: 1 
PASSED [ 92%]
tests/e2e/reconciliation/test_export_validation.py::TestExportValidation::test_credit_cards_export_data_validation 
ğŸ” Processing test: test_credit_cards_export_data_validation
ğŸ“¸ Attempting to capture screenshot for failed test: test_credit_cards_export_data_validation
âœ… Screenshot captured: failure_test_credit_cards_export_data_validation_2025-12-22_10-50-29.png
âœ… TestRail case 129939 updated successfully
ğŸ“Š Updated TestRail case 129939: 5 with screenshot
SKIPPED [ 93%]
tests/e2e/security/test_security_regression.py::TestSecurityRegression::test_invalid_login_attempts 
ğŸ” Processing test: test_invalid_login_attempts
âœ… TestRail case 8049 updated successfully
ğŸ“Š Updated TestRail case 8049: 1 
PASSED [ 93%]
tests/e2e/security/test_security_regression.py::TestSecurityRegression::test_session_timeout_handling 
ğŸ” Processing test: test_session_timeout_handling
âœ… TestRail case 8050 updated successfully
ğŸ“Š Updated TestRail case 8050: 1 
PASSED [ 93%]
tests/e2e/security/test_security_regression.py::TestSecurityRegression::test_xss_prevention 
ğŸ” Processing test: test_xss_prevention
âœ… TestRail case 8052 updated successfully
ğŸ“Š Updated TestRail case 8052: 1 
PASSED [ 94%]
tests/e2e/security/test_security_regression.py::TestSecurityRegression::test_password_requirements 
ğŸ” Processing test: test_password_requirements
ğŸ“¸ Attempting to capture screenshot for failed test: test_password_requirements
âŒ Screenshot failed: Async screenshot failed: Page.screenshot: Timeout 30000ms exceeded.
Call log:
  - taking page screenshot
  - waiting for fonts to load...
  - fonts loaded

âœ… TestRail case 8053 updated successfully
ğŸ“Š Updated TestRail case 8053: 5 with screenshot
FAILED [ 94%]
tests/e2e/security/test_security_regression.py::TestSecurityRegression::test_csrf_protection 
ğŸ” Processing test: test_csrf_protection
âœ… TestRail case 8054 updated successfully
ğŸ“Š Updated TestRail case 8054: 1 
PASSED [ 95%]
tests/e2e/security/test_security_regression.py::TestSecurityRegression::test_secure_headers 
ğŸ” Processing test: test_secure_headers
âœ… TestRail case 8055 updated successfully
ğŸ“Š Updated TestRail case 8055: 1 
PASSED [ 95%]
tests/e2e/snapshot/test_snapshot_regression.py::TestSnapshotRegression::test_visual_snapshots_key_pages 
ğŸ” Processing test: test_visual_snapshots_key_pages
âœ… TestRail case 12865 updated successfully
ğŸ“Š Updated TestRail case 12865: 1 
PASSED [ 95%]
tests/e2e/snapshot/test_snapshot_regression.py::TestSnapshotRegression::test_dom_snapshots_critical_elements 
ğŸ” Processing test: test_dom_snapshots_critical_elements
âœ… TestRail case 12866 updated successfully
ğŸ“Š Updated TestRail case 12866: 1 
PASSED [ 96%]
tests/e2e/snapshot/test_snapshot_regression.py::TestSnapshotRegression::test_api_response_snapshots 
ğŸ” Processing test: test_api_response_snapshots
âœ… TestRail case 12867 updated successfully
ğŸ“Š Updated TestRail case 12867: 1 
PASSED [ 96%]
tests/e2e/snapshot/test_snapshot_regression.py::TestSnapshotRegression::test_component_snapshots 
ğŸ” Processing test: test_component_snapshots
âœ… TestRail case 12868 updated successfully
ğŸ“Š Updated TestRail case 12868: 1 
PASSED [ 97%]
tests/e2e/snapshot/test_snapshot_regression.py::TestSnapshotRegression::test_snapshot_comparison_workflow 
ğŸ” Processing test: test_snapshot_comparison_workflow
âœ… TestRail case 12869 updated successfully
ğŸ“Š Updated TestRail case 12869: 1 
PASSED [ 97%]
tests/performance/test_performance_regression.py::TestPerformanceRegression::test_page_load_performance ERROR [ 97%]
tests/performance/test_performance_regression.py::TestPerformanceRegression::test_memory_usage_monitoring 
ğŸ” Processing test: test_memory_usage_monitoring
âœ… TestRail case 8057 updated successfully
ğŸ“Š Updated TestRail case 8057: 1 
PASSED [ 98%]
tests/performance/test_performance_regression.py::TestPerformanceRegression::test_concurrent_user_simulation 
ğŸ” Processing test: test_concurrent_user_simulation
âœ… TestRail case 8058 updated successfully
ğŸ“Š Updated TestRail case 8058: 1 
PASSED [ 98%]
tests/performance/test_performance_regression.py::TestPerformanceRegression::test_api_response_times 
ğŸ” Processing test: test_api_response_times
âœ… TestRail case 8059 updated successfully
ğŸ“Š Updated TestRail case 8059: 1 
PASSED [ 99%]
tests/performance/test_performance_regression.py::TestPerformanceRegression::test_large_dataset_handling 
ğŸ” Processing test: test_large_dataset_handling
âœ… TestRail case 8060 updated successfully
ğŸ“Š Updated TestRail case 8060: 1 
PASSED [ 99%]
tests/performance/test_performance_regression.py::TestPerformanceRegression::test_resource_usage_optimization 
ğŸ” Processing test: test_resource_usage_optimization
âœ… TestRail case 8061 updated successfully
ğŸ“Š Updated TestRail case 8061: 1 
PASSED [100%]â³ Waiting for 28 pending results (attempt 1/5)
âœ… TestRail case 7937 updated successfully
âœ… TestRail case 7938 updated successfully
âœ… TestRail case 7939 updated successfully
âœ… TestRail case 7940 updated successfully
âœ… TestRail case 7941 updated successfully
âœ… TestRail case 7942 updated successfully
âœ… TestRail case 7943 updated successfully
âœ… TestRail case 7944 updated successfully
âœ… TestRail case 7945 updated successfully
âœ… TestRail case 7946 updated successfully
âœ… TestRail case 7947 updated successfully
âœ… TestRail case 7961 updated successfully
âœ… TestRail case 7962 updated successfully
âœ… TestRail case 7963 updated successfully
âœ… TestRail case 7970 updated successfully
âœ… TestRail case 52142 updated successfully
âœ… TestRail case 52143 updated successfully
âœ… TestRail case 52144 updated successfully
âœ… TestRail case 52145 updated successfully
âœ… TestRail case 51889 updated successfully
âœ… TestRail case 51890 updated successfully
âœ… TestRail case 51891 updated successfully
âœ… TestRail case 51892 updated successfully
âœ… TestRail case 51893 updated successfully
âœ… TestRail case 51894 updated successfully
âœ… TestRail case 52146 updated successfully
âœ… TestRail case 139375 updated successfully
âœ… TestRail case 51901 updated successfully
Test run 792 closed successfully
ğŸ TestRail test run completed


==================================== ERRORS ====================================
_____ ERROR at setup of TestInvoicingOperations.test_invoicing_page_loads ______
venv/lib/python3.12/site-packages/pytest_asyncio/plugin.py:367: in _async_fixture_wrapper
    result = event_loop.run_until_complete(setup_task)
             ^^^^^^^^^^^^^^^^^^^^^^^^^^^^^^^^^^^^^^^^^
../../../.pyenv/versions/3.12.3/lib/python3.12/asyncio/base_events.py:687: in run_until_complete
    return future.result()
           ^^^^^^^^^^^^^^^
venv/lib/python3.12/site-packages/pytest_asyncio/plugin.py:362: in setup
    res = await func(**_add_kwargs(func, kwargs, request))
          ^^^^^^^^^^^^^^^^^^^^^^^^^^^^^^^^^^^^^^^^^^^^^^^^
tests/conftest.py:248: in perform_login_with_entity
    await login.goto()
pages/login_page.py:15: in goto
    await self.page.goto("/login")
venv/lib/python3.12/site-packages/playwright/async_api/_generated.py:8975: in goto
    await self._impl_obj.goto(
venv/lib/python3.12/site-packages/playwright/_impl/_page.py:556: in goto
    return await self._main_frame.goto(**locals_to_params(locals()))
           ^^^^^^^^^^^^^^^^^^^^^^^^^^^^^^^^^^^^^^^^^^^^^^^^^^^^^^^^^
venv/lib/python3.12/site-packages/playwright/_impl/_frame.py:146: in goto
    await self._channel.send(
venv/lib/python3.12/site-packages/playwright/_impl/_connection.py:69: in send
    return await self._connection.wrap_api_call(
venv/lib/python3.12/site-packages/playwright/_impl/_connection.py:558: in wrap_api_call
    raise rewrite_error(error, f"{parsed_st['apiName']}: {error}") from None
E   playwright._impl._errors.Error: Page.goto: net::ERR_INTERNET_DISCONNECTED at https://app.viewz.co/login
E   Call log:
E     - navigating to "https://app.viewz.co/login", waiting until "load"
_ ERROR at setup of TestInvoicingOperations.test_invoicing_navigation_elements _
venv/lib/python3.12/site-packages/pytest_asyncio/plugin.py:367: in _async_fixture_wrapper
    result = event_loop.run_until_complete(setup_task)
             ^^^^^^^^^^^^^^^^^^^^^^^^^^^^^^^^^^^^^^^^^
../../../.pyenv/versions/3.12.3/lib/python3.12/asyncio/base_events.py:687: in run_until_complete
    return future.result()
           ^^^^^^^^^^^^^^^
venv/lib/python3.12/site-packages/pytest_asyncio/plugin.py:362: in setup
    res = await func(**_add_kwargs(func, kwargs, request))
          ^^^^^^^^^^^^^^^^^^^^^^^^^^^^^^^^^^^^^^^^^^^^^^^^
tests/conftest.py:248: in perform_login_with_entity
    await login.goto()
pages/login_page.py:15: in goto
    await self.page.goto("/login")
venv/lib/python3.12/site-packages/playwright/async_api/_generated.py:8975: in goto
    await self._impl_obj.goto(
venv/lib/python3.12/site-packages/playwright/_impl/_page.py:556: in goto
    return await self._main_frame.goto(**locals_to_params(locals()))
           ^^^^^^^^^^^^^^^^^^^^^^^^^^^^^^^^^^^^^^^^^^^^^^^^^^^^^^^^^
venv/lib/python3.12/site-packages/playwright/_impl/_frame.py:146: in goto
    await self._channel.send(
venv/lib/python3.12/site-packages/playwright/_impl/_connection.py:69: in send
    return await self._connection.wrap_api_call(
venv/lib/python3.12/site-packages/playwright/_impl/_connection.py:558: in wrap_api_call
    raise rewrite_error(error, f"{parsed_st['apiName']}: {error}") from None
E   playwright._impl._errors.Error: Page.goto: net::ERR_INTERNET_DISCONNECTED at https://app.viewz.co/login
E   Call log:
E     - navigating to "https://app.viewz.co/login", waiting until "load"
___ ERROR at setup of TestInvoicingOperations.test_customer_form_visibility ____
venv/lib/python3.12/site-packages/pytest_asyncio/plugin.py:367: in _async_fixture_wrapper
    result = event_loop.run_until_complete(setup_task)
             ^^^^^^^^^^^^^^^^^^^^^^^^^^^^^^^^^^^^^^^^^
../../../.pyenv/versions/3.12.3/lib/python3.12/asyncio/base_events.py:687: in run_until_complete
    return future.result()
           ^^^^^^^^^^^^^^^
venv/lib/python3.12/site-packages/pytest_asyncio/plugin.py:362: in setup
    res = await func(**_add_kwargs(func, kwargs, request))
          ^^^^^^^^^^^^^^^^^^^^^^^^^^^^^^^^^^^^^^^^^^^^^^^^
tests/conftest.py:248: in perform_login_with_entity
    await login.goto()
pages/login_page.py:15: in goto
    await self.page.goto("/login")
venv/lib/python3.12/site-packages/playwright/async_api/_generated.py:8975: in goto
    await self._impl_obj.goto(
venv/lib/python3.12/site-packages/playwright/_impl/_page.py:556: in goto
    return await self._main_frame.goto(**locals_to_params(locals()))
           ^^^^^^^^^^^^^^^^^^^^^^^^^^^^^^^^^^^^^^^^^^^^^^^^^^^^^^^^^
venv/lib/python3.12/site-packages/playwright/_impl/_frame.py:146: in goto
    await self._channel.send(
venv/lib/python3.12/site-packages/playwright/_impl/_connection.py:69: in send
    return await self._connection.wrap_api_call(
venv/lib/python3.12/site-packages/playwright/_impl/_connection.py:558: in wrap_api_call
    raise rewrite_error(error, f"{parsed_st['apiName']}: {error}") from None
E   playwright._impl._errors.Error: Page.goto: net::ERR_INTERNET_DISCONNECTED at https://app.viewz.co/login
E   Call log:
E     - navigating to "https://app.viewz.co/login", waiting until "load"
________ ERROR at setup of TestInvoicingOperations.test_create_customer ________
venv/lib/python3.12/site-packages/pytest_asyncio/plugin.py:367: in _async_fixture_wrapper
    result = event_loop.run_until_complete(setup_task)
             ^^^^^^^^^^^^^^^^^^^^^^^^^^^^^^^^^^^^^^^^^
../../../.pyenv/versions/3.12.3/lib/python3.12/asyncio/base_events.py:687: in run_until_complete
    return future.result()
           ^^^^^^^^^^^^^^^
venv/lib/python3.12/site-packages/pytest_asyncio/plugin.py:362: in setup
    res = await func(**_add_kwargs(func, kwargs, request))
          ^^^^^^^^^^^^^^^^^^^^^^^^^^^^^^^^^^^^^^^^^^^^^^^^
tests/conftest.py:248: in perform_login_with_entity
    await login.goto()
pages/login_page.py:15: in goto
    await self.page.goto("/login")
venv/lib/python3.12/site-packages/playwright/async_api/_generated.py:8975: in goto
    await self._impl_obj.goto(
venv/lib/python3.12/site-packages/playwright/_impl/_page.py:556: in goto
    return await self._main_frame.goto(**locals_to_params(locals()))
           ^^^^^^^^^^^^^^^^^^^^^^^^^^^^^^^^^^^^^^^^^^^^^^^^^^^^^^^^^
venv/lib/python3.12/site-packages/playwright/_impl/_frame.py:146: in goto
    await self._channel.send(
venv/lib/python3.12/site-packages/playwright/_impl/_connection.py:69: in send
    return await self._connection.wrap_api_call(
venv/lib/python3.12/site-packages/playwright/_impl/_connection.py:558: in wrap_api_call
    raise rewrite_error(error, f"{parsed_st['apiName']}: {error}") from None
E   playwright._impl._errors.Error: Page.goto: net::ERR_INTERNET_DISCONNECTED at https://app.viewz.co/login
E   Call log:
E     - navigating to "https://app.viewz.co/login", waiting until "load"
______ ERROR at setup of TestInvoicingOperations.test_customer_validation ______
venv/lib/python3.12/site-packages/pytest_asyncio/plugin.py:367: in _async_fixture_wrapper
    result = event_loop.run_until_complete(setup_task)
             ^^^^^^^^^^^^^^^^^^^^^^^^^^^^^^^^^^^^^^^^^
../../../.pyenv/versions/3.12.3/lib/python3.12/asyncio/base_events.py:687: in run_until_complete
    return future.result()
           ^^^^^^^^^^^^^^^
venv/lib/python3.12/site-packages/pytest_asyncio/plugin.py:362: in setup
    res = await func(**_add_kwargs(func, kwargs, request))
          ^^^^^^^^^^^^^^^^^^^^^^^^^^^^^^^^^^^^^^^^^^^^^^^^
tests/conftest.py:248: in perform_login_with_entity
    await login.goto()
pages/login_page.py:15: in goto
    await self.page.goto("/login")
venv/lib/python3.12/site-packages/playwright/async_api/_generated.py:8975: in goto
    await self._impl_obj.goto(
venv/lib/python3.12/site-packages/playwright/_impl/_page.py:556: in goto
    return await self._main_frame.goto(**locals_to_params(locals()))
           ^^^^^^^^^^^^^^^^^^^^^^^^^^^^^^^^^^^^^^^^^^^^^^^^^^^^^^^^^
venv/lib/python3.12/site-packages/playwright/_impl/_frame.py:146: in goto
    await self._channel.send(
venv/lib/python3.12/site-packages/playwright/_impl/_connection.py:69: in send
    return await self._connection.wrap_api_call(
venv/lib/python3.12/site-packages/playwright/_impl/_connection.py:558: in wrap_api_call
    raise rewrite_error(error, f"{parsed_st['apiName']}: {error}") from None
E   playwright._impl._errors.Error: Page.goto: net::ERR_INTERNET_DISCONNECTED at https://app.viewz.co/login
E   Call log:
E     - navigating to "https://app.viewz.co/login", waiting until "load"
____ ERROR at setup of TestInvoicingOperations.test_product_form_visibility ____
venv/lib/python3.12/site-packages/pytest_asyncio/plugin.py:367: in _async_fixture_wrapper
    result = event_loop.run_until_complete(setup_task)
             ^^^^^^^^^^^^^^^^^^^^^^^^^^^^^^^^^^^^^^^^^
../../../.pyenv/versions/3.12.3/lib/python3.12/asyncio/base_events.py:687: in run_until_complete
    return future.result()
           ^^^^^^^^^^^^^^^
venv/lib/python3.12/site-packages/pytest_asyncio/plugin.py:362: in setup
    res = await func(**_add_kwargs(func, kwargs, request))
          ^^^^^^^^^^^^^^^^^^^^^^^^^^^^^^^^^^^^^^^^^^^^^^^^
tests/conftest.py:248: in perform_login_with_entity
    await login.goto()
pages/login_page.py:15: in goto
    await self.page.goto("/login")
venv/lib/python3.12/site-packages/playwright/async_api/_generated.py:8975: in goto
    await self._impl_obj.goto(
venv/lib/python3.12/site-packages/playwright/_impl/_page.py:556: in goto
    return await self._main_frame.goto(**locals_to_params(locals()))
           ^^^^^^^^^^^^^^^^^^^^^^^^^^^^^^^^^^^^^^^^^^^^^^^^^^^^^^^^^
venv/lib/python3.12/site-packages/playwright/_impl/_frame.py:146: in goto
    await self._channel.send(
venv/lib/python3.12/site-packages/playwright/_impl/_connection.py:69: in send
    return await self._connection.wrap_api_call(
venv/lib/python3.12/site-packages/playwright/_impl/_connection.py:558: in wrap_api_call
    raise rewrite_error(error, f"{parsed_st['apiName']}: {error}") from None
E   playwright._impl._errors.Error: Page.goto: net::ERR_INTERNET_DISCONNECTED at https://app.viewz.co/login
E   Call log:
E     - navigating to "https://app.viewz.co/login", waiting until "load"
________ ERROR at setup of TestInvoicingOperations.test_create_product _________
venv/lib/python3.12/site-packages/pytest_asyncio/plugin.py:367: in _async_fixture_wrapper
    result = event_loop.run_until_complete(setup_task)
             ^^^^^^^^^^^^^^^^^^^^^^^^^^^^^^^^^^^^^^^^^
../../../.pyenv/versions/3.12.3/lib/python3.12/asyncio/base_events.py:687: in run_until_complete
    return future.result()
           ^^^^^^^^^^^^^^^
venv/lib/python3.12/site-packages/pytest_asyncio/plugin.py:362: in setup
    res = await func(**_add_kwargs(func, kwargs, request))
          ^^^^^^^^^^^^^^^^^^^^^^^^^^^^^^^^^^^^^^^^^^^^^^^^
tests/conftest.py:248: in perform_login_with_entity
    await login.goto()
pages/login_page.py:15: in goto
    await self.page.goto("/login")
venv/lib/python3.12/site-packages/playwright/async_api/_generated.py:8975: in goto
    await self._impl_obj.goto(
venv/lib/python3.12/site-packages/playwright/_impl/_page.py:556: in goto
    return await self._main_frame.goto(**locals_to_params(locals()))
           ^^^^^^^^^^^^^^^^^^^^^^^^^^^^^^^^^^^^^^^^^^^^^^^^^^^^^^^^^
venv/lib/python3.12/site-packages/playwright/_impl/_frame.py:146: in goto
    await self._channel.send(
venv/lib/python3.12/site-packages/playwright/_impl/_connection.py:69: in send
    return await self._connection.wrap_api_call(
venv/lib/python3.12/site-packages/playwright/_impl/_connection.py:558: in wrap_api_call
    raise rewrite_error(error, f"{parsed_st['apiName']}: {error}") from None
E   playwright._impl._errors.Error: Page.goto: net::ERR_INTERNET_DISCONNECTED at https://app.viewz.co/login
E   Call log:
E     - navigating to "https://app.viewz.co/login", waiting until "load"
___ ERROR at setup of TestInvoicingOperations.test_product_price_validation ____
venv/lib/python3.12/site-packages/pytest_asyncio/plugin.py:367: in _async_fixture_wrapper
    result = event_loop.run_until_complete(setup_task)
             ^^^^^^^^^^^^^^^^^^^^^^^^^^^^^^^^^^^^^^^^^
../../../.pyenv/versions/3.12.3/lib/python3.12/asyncio/base_events.py:687: in run_until_complete
    return future.result()
           ^^^^^^^^^^^^^^^
venv/lib/python3.12/site-packages/pytest_asyncio/plugin.py:362: in setup
    res = await func(**_add_kwargs(func, kwargs, request))
          ^^^^^^^^^^^^^^^^^^^^^^^^^^^^^^^^^^^^^^^^^^^^^^^^
tests/conftest.py:248: in perform_login_with_entity
    await login.goto()
pages/login_page.py:15: in goto
    await self.page.goto("/login")
venv/lib/python3.12/site-packages/playwright/async_api/_generated.py:8975: in goto
    await self._impl_obj.goto(
venv/lib/python3.12/site-packages/playwright/_impl/_page.py:556: in goto
    return await self._main_frame.goto(**locals_to_params(locals()))
           ^^^^^^^^^^^^^^^^^^^^^^^^^^^^^^^^^^^^^^^^^^^^^^^^^^^^^^^^^
venv/lib/python3.12/site-packages/playwright/_impl/_frame.py:146: in goto
    await self._channel.send(
venv/lib/python3.12/site-packages/playwright/_impl/_connection.py:69: in send
    return await self._connection.wrap_api_call(
venv/lib/python3.12/site-packages/playwright/_impl/_connection.py:558: in wrap_api_call
    raise rewrite_error(error, f"{parsed_st['apiName']}: {error}") from None
E   playwright._impl._errors.Error: Page.goto: net::ERR_INTERNET_DISCONNECTED at https://app.viewz.co/login
E   Call log:
E     - navigating to "https://app.viewz.co/login", waiting until "load"
____ ERROR at setup of TestInvoicingOperations.test_invoice_form_visibility ____
venv/lib/python3.12/site-packages/pytest_asyncio/plugin.py:367: in _async_fixture_wrapper
    result = event_loop.run_until_complete(setup_task)
             ^^^^^^^^^^^^^^^^^^^^^^^^^^^^^^^^^^^^^^^^^
../../../.pyenv/versions/3.12.3/lib/python3.12/asyncio/base_events.py:687: in run_until_complete
    return future.result()
           ^^^^^^^^^^^^^^^
venv/lib/python3.12/site-packages/pytest_asyncio/plugin.py:362: in setup
    res = await func(**_add_kwargs(func, kwargs, request))
          ^^^^^^^^^^^^^^^^^^^^^^^^^^^^^^^^^^^^^^^^^^^^^^^^
tests/conftest.py:248: in perform_login_with_entity
    await login.goto()
pages/login_page.py:15: in goto
    await self.page.goto("/login")
venv/lib/python3.12/site-packages/playwright/async_api/_generated.py:8975: in goto
    await self._impl_obj.goto(
venv/lib/python3.12/site-packages/playwright/_impl/_page.py:556: in goto
    return await self._main_frame.goto(**locals_to_params(locals()))
           ^^^^^^^^^^^^^^^^^^^^^^^^^^^^^^^^^^^^^^^^^^^^^^^^^^^^^^^^^
venv/lib/python3.12/site-packages/playwright/_impl/_frame.py:146: in goto
    await self._channel.send(
venv/lib/python3.12/site-packages/playwright/_impl/_connection.py:69: in send
    return await self._connection.wrap_api_call(
venv/lib/python3.12/site-packages/playwright/_impl/_connection.py:558: in wrap_api_call
    raise rewrite_error(error, f"{parsed_st['apiName']}: {error}") from None
E   playwright._impl._errors.Error: Page.goto: net::ERR_INTERNET_DISCONNECTED at https://app.viewz.co/login
E   Call log:
E     - navigating to "https://app.viewz.co/login", waiting until "load"
_____ ERROR at setup of TestInvoicingOperations.test_invoice_list_display ______
venv/lib/python3.12/site-packages/pytest_asyncio/plugin.py:367: in _async_fixture_wrapper
    result = event_loop.run_until_complete(setup_task)
             ^^^^^^^^^^^^^^^^^^^^^^^^^^^^^^^^^^^^^^^^^
../../../.pyenv/versions/3.12.3/lib/python3.12/asyncio/base_events.py:687: in run_until_complete
    return future.result()
           ^^^^^^^^^^^^^^^
venv/lib/python3.12/site-packages/pytest_asyncio/plugin.py:362: in setup
    res = await func(**_add_kwargs(func, kwargs, request))
          ^^^^^^^^^^^^^^^^^^^^^^^^^^^^^^^^^^^^^^^^^^^^^^^^
tests/conftest.py:248: in perform_login_with_entity
    await login.goto()
pages/login_page.py:15: in goto
    await self.page.goto("/login")
venv/lib/python3.12/site-packages/playwright/async_api/_generated.py:8975: in goto
    await self._impl_obj.goto(
venv/lib/python3.12/site-packages/playwright/_impl/_page.py:556: in goto
    return await self._main_frame.goto(**locals_to_params(locals()))
           ^^^^^^^^^^^^^^^^^^^^^^^^^^^^^^^^^^^^^^^^^^^^^^^^^^^^^^^^^
venv/lib/python3.12/site-packages/playwright/_impl/_frame.py:146: in goto
    await self._channel.send(
venv/lib/python3.12/site-packages/playwright/_impl/_connection.py:69: in send
    return await self._connection.wrap_api_call(
venv/lib/python3.12/site-packages/playwright/_impl/_connection.py:558: in wrap_api_call
    raise rewrite_error(error, f"{parsed_st['apiName']}: {error}") from None
E   playwright._impl._errors.Error: Page.goto: net::ERR_INTERNET_DISCONNECTED at https://app.viewz.co/login
E   Call log:
E     - navigating to "https://app.viewz.co/login", waiting until "load"
_____ ERROR at setup of TestInvoicingOperations.test_complete_invoice_flow _____
venv/lib/python3.12/site-packages/pytest_asyncio/plugin.py:367: in _async_fixture_wrapper
    result = event_loop.run_until_complete(setup_task)
             ^^^^^^^^^^^^^^^^^^^^^^^^^^^^^^^^^^^^^^^^^
../../../.pyenv/versions/3.12.3/lib/python3.12/asyncio/base_events.py:687: in run_until_complete
    return future.result()
           ^^^^^^^^^^^^^^^
venv/lib/python3.12/site-packages/pytest_asyncio/plugin.py:362: in setup
    res = await func(**_add_kwargs(func, kwargs, request))
          ^^^^^^^^^^^^^^^^^^^^^^^^^^^^^^^^^^^^^^^^^^^^^^^^
tests/conftest.py:248: in perform_login_with_entity
    await login.goto()
pages/login_page.py:15: in goto
    await self.page.goto("/login")
venv/lib/python3.12/site-packages/playwright/async_api/_generated.py:8975: in goto
    await self._impl_obj.goto(
venv/lib/python3.12/site-packages/playwright/_impl/_page.py:556: in goto
    return await self._main_frame.goto(**locals_to_params(locals()))
           ^^^^^^^^^^^^^^^^^^^^^^^^^^^^^^^^^^^^^^^^^^^^^^^^^^^^^^^^^
venv/lib/python3.12/site-packages/playwright/_impl/_frame.py:146: in goto
    await self._channel.send(
venv/lib/python3.12/site-packages/playwright/_impl/_connection.py:69: in send
    return await self._connection.wrap_api_call(
venv/lib/python3.12/site-packages/playwright/_impl/_connection.py:558: in wrap_api_call
    raise rewrite_error(error, f"{parsed_st['apiName']}: {error}") from None
E   playwright._impl._errors.Error: Page.goto: net::ERR_INTERNET_DISCONNECTED at https://app.viewz.co/login
E   Call log:
E     - navigating to "https://app.viewz.co/login", waiting until "load"
_ ERROR at setup of TestInvoicingOperations.test_invoice_appears_in_receivables _
venv/lib/python3.12/site-packages/pytest_asyncio/plugin.py:367: in _async_fixture_wrapper
    result = event_loop.run_until_complete(setup_task)
             ^^^^^^^^^^^^^^^^^^^^^^^^^^^^^^^^^^^^^^^^^
../../../.pyenv/versions/3.12.3/lib/python3.12/asyncio/base_events.py:687: in run_until_complete
    return future.result()
           ^^^^^^^^^^^^^^^
venv/lib/python3.12/site-packages/pytest_asyncio/plugin.py:362: in setup
    res = await func(**_add_kwargs(func, kwargs, request))
          ^^^^^^^^^^^^^^^^^^^^^^^^^^^^^^^^^^^^^^^^^^^^^^^^
tests/conftest.py:248: in perform_login_with_entity
    await login.goto()
pages/login_page.py:15: in goto
    await self.page.goto("/login")
venv/lib/python3.12/site-packages/playwright/async_api/_generated.py:8975: in goto
    await self._impl_obj.goto(
venv/lib/python3.12/site-packages/playwright/_impl/_page.py:556: in goto
    return await self._main_frame.goto(**locals_to_params(locals()))
           ^^^^^^^^^^^^^^^^^^^^^^^^^^^^^^^^^^^^^^^^^^^^^^^^^^^^^^^^^
venv/lib/python3.12/site-packages/playwright/_impl/_frame.py:146: in goto
    await self._channel.send(
venv/lib/python3.12/site-packages/playwright/_impl/_connection.py:69: in send
    return await self._connection.wrap_api_call(
venv/lib/python3.12/site-packages/playwright/_impl/_connection.py:558: in wrap_api_call
    raise rewrite_error(error, f"{parsed_st['apiName']}: {error}") from None
E   playwright._impl._errors.Error: Page.goto: net::ERR_INTERNET_DISCONNECTED at https://app.viewz.co/login
E   Call log:
E     - navigating to "https://app.viewz.co/login", waiting until "load"
__ ERROR at setup of TestInvoicingOperations.test_duplicate_customer_handling __
venv/lib/python3.12/site-packages/pytest_asyncio/plugin.py:367: in _async_fixture_wrapper
    result = event_loop.run_until_complete(setup_task)
             ^^^^^^^^^^^^^^^^^^^^^^^^^^^^^^^^^^^^^^^^^
../../../.pyenv/versions/3.12.3/lib/python3.12/asyncio/base_events.py:687: in run_until_complete
    return future.result()
           ^^^^^^^^^^^^^^^
venv/lib/python3.12/site-packages/pytest_asyncio/plugin.py:362: in setup
    res = await func(**_add_kwargs(func, kwargs, request))
          ^^^^^^^^^^^^^^^^^^^^^^^^^^^^^^^^^^^^^^^^^^^^^^^^
tests/conftest.py:248: in perform_login_with_entity
    await login.goto()
pages/login_page.py:15: in goto
    await self.page.goto("/login")
venv/lib/python3.12/site-packages/playwright/async_api/_generated.py:8975: in goto
    await self._impl_obj.goto(
venv/lib/python3.12/site-packages/playwright/_impl/_page.py:556: in goto
    return await self._main_frame.goto(**locals_to_params(locals()))
           ^^^^^^^^^^^^^^^^^^^^^^^^^^^^^^^^^^^^^^^^^^^^^^^^^^^^^^^^^
venv/lib/python3.12/site-packages/playwright/_impl/_frame.py:146: in goto
    await self._channel.send(
venv/lib/python3.12/site-packages/playwright/_impl/_connection.py:69: in send
    return await self._connection.wrap_api_call(
venv/lib/python3.12/site-packages/playwright/_impl/_connection.py:558: in wrap_api_call
    raise rewrite_error(error, f"{parsed_st['apiName']}: {error}") from None
E   playwright._impl._errors.Error: Page.goto: net::ERR_INTERNET_DISCONNECTED at https://app.viewz.co/login
E   Call log:
E     - navigating to "https://app.viewz.co/login", waiting until "load"
___ ERROR at setup of TestInvoicingOperations.test_invoice_without_customer ____
venv/lib/python3.12/site-packages/pytest_asyncio/plugin.py:367: in _async_fixture_wrapper
    result = event_loop.run_until_complete(setup_task)
             ^^^^^^^^^^^^^^^^^^^^^^^^^^^^^^^^^^^^^^^^^
../../../.pyenv/versions/3.12.3/lib/python3.12/asyncio/base_events.py:687: in run_until_complete
    return future.result()
           ^^^^^^^^^^^^^^^
venv/lib/python3.12/site-packages/pytest_asyncio/plugin.py:362: in setup
    res = await func(**_add_kwargs(func, kwargs, request))
          ^^^^^^^^^^^^^^^^^^^^^^^^^^^^^^^^^^^^^^^^^^^^^^^^
tests/conftest.py:248: in perform_login_with_entity
    await login.goto()
pages/login_page.py:15: in goto
    await self.page.goto("/login")
venv/lib/python3.12/site-packages/playwright/async_api/_generated.py:8975: in goto
    await self._impl_obj.goto(
venv/lib/python3.12/site-packages/playwright/_impl/_page.py:556: in goto
    return await self._main_frame.goto(**locals_to_params(locals()))
           ^^^^^^^^^^^^^^^^^^^^^^^^^^^^^^^^^^^^^^^^^^^^^^^^^^^^^^^^^
venv/lib/python3.12/site-packages/playwright/_impl/_frame.py:146: in goto
    await self._channel.send(
venv/lib/python3.12/site-packages/playwright/_impl/_connection.py:69: in send
    return await self._connection.wrap_api_call(
venv/lib/python3.12/site-packages/playwright/_impl/_connection.py:558: in wrap_api_call
    raise rewrite_error(error, f"{parsed_st['apiName']}: {error}") from None
E   playwright._impl._errors.Error: Page.goto: net::ERR_INTERNET_DISCONNECTED at https://app.viewz.co/login
E   Call log:
E     - navigating to "https://app.viewz.co/login", waiting until "load"
__ ERROR at setup of TestInvoicingOperations.test_invoice_with_zero_quantity ___
venv/lib/python3.12/site-packages/pytest_asyncio/plugin.py:367: in _async_fixture_wrapper
    result = event_loop.run_until_complete(setup_task)
             ^^^^^^^^^^^^^^^^^^^^^^^^^^^^^^^^^^^^^^^^^
../../../.pyenv/versions/3.12.3/lib/python3.12/asyncio/base_events.py:687: in run_until_complete
    return future.result()
           ^^^^^^^^^^^^^^^
venv/lib/python3.12/site-packages/pytest_asyncio/plugin.py:362: in setup
    res = await func(**_add_kwargs(func, kwargs, request))
          ^^^^^^^^^^^^^^^^^^^^^^^^^^^^^^^^^^^^^^^^^^^^^^^^
tests/conftest.py:248: in perform_login_with_entity
    await login.goto()
pages/login_page.py:15: in goto
    await self.page.goto("/login")
venv/lib/python3.12/site-packages/playwright/async_api/_generated.py:8975: in goto
    await self._impl_obj.goto(
venv/lib/python3.12/site-packages/playwright/_impl/_page.py:556: in goto
    return await self._main_frame.goto(**locals_to_params(locals()))
           ^^^^^^^^^^^^^^^^^^^^^^^^^^^^^^^^^^^^^^^^^^^^^^^^^^^^^^^^^
venv/lib/python3.12/site-packages/playwright/_impl/_frame.py:146: in goto
    await self._channel.send(
venv/lib/python3.12/site-packages/playwright/_impl/_connection.py:69: in send
    return await self._connection.wrap_api_call(
venv/lib/python3.12/site-packages/playwright/_impl/_connection.py:558: in wrap_api_call
    raise rewrite_error(error, f"{parsed_st['apiName']}: {error}") from None
E   playwright._impl._errors.Error: Page.goto: net::ERR_INTERNET_DISCONNECTED at https://app.viewz.co/login
E   Call log:
E     - navigating to "https://app.viewz.co/login", waiting until "load"
_ ERROR at setup of TestInvoicingOperations.test_invoicing_page_responsiveness _
venv/lib/python3.12/site-packages/pytest_asyncio/plugin.py:367: in _async_fixture_wrapper
    result = event_loop.run_until_complete(setup_task)
             ^^^^^^^^^^^^^^^^^^^^^^^^^^^^^^^^^^^^^^^^^
../../../.pyenv/versions/3.12.3/lib/python3.12/asyncio/base_events.py:687: in run_until_complete
    return future.result()
           ^^^^^^^^^^^^^^^
venv/lib/python3.12/site-packages/pytest_asyncio/plugin.py:362: in setup
    res = await func(**_add_kwargs(func, kwargs, request))
          ^^^^^^^^^^^^^^^^^^^^^^^^^^^^^^^^^^^^^^^^^^^^^^^^
tests/conftest.py:248: in perform_login_with_entity
    await login.goto()
pages/login_page.py:15: in goto
    await self.page.goto("/login")
venv/lib/python3.12/site-packages/playwright/async_api/_generated.py:8975: in goto
    await self._impl_obj.goto(
venv/lib/python3.12/site-packages/playwright/_impl/_page.py:556: in goto
    return await self._main_frame.goto(**locals_to_params(locals()))
           ^^^^^^^^^^^^^^^^^^^^^^^^^^^^^^^^^^^^^^^^^^^^^^^^^^^^^^^^^
venv/lib/python3.12/site-packages/playwright/_impl/_frame.py:146: in goto
    await self._channel.send(
venv/lib/python3.12/site-packages/playwright/_impl/_connection.py:69: in send
    return await self._connection.wrap_api_call(
venv/lib/python3.12/site-packages/playwright/_impl/_connection.py:558: in wrap_api_call
    raise rewrite_error(error, f"{parsed_st['apiName']}: {error}") from None
E   playwright._impl._errors.Error: Page.goto: net::ERR_INTERNET_DISCONNECTED at https://app.viewz.co/login
E   Call log:
E     - navigating to "https://app.viewz.co/login", waiting until "load"
_ ERROR at setup of TestInvoicingOperations.test_invoicing_form_tab_navigation _
venv/lib/python3.12/site-packages/pytest_asyncio/plugin.py:367: in _async_fixture_wrapper
    result = event_loop.run_until_complete(setup_task)
             ^^^^^^^^^^^^^^^^^^^^^^^^^^^^^^^^^^^^^^^^^
../../../.pyenv/versions/3.12.3/lib/python3.12/asyncio/base_events.py:687: in run_until_complete
    return future.result()
           ^^^^^^^^^^^^^^^
venv/lib/python3.12/site-packages/pytest_asyncio/plugin.py:362: in setup
    res = await func(**_add_kwargs(func, kwargs, request))
          ^^^^^^^^^^^^^^^^^^^^^^^^^^^^^^^^^^^^^^^^^^^^^^^^
tests/conftest.py:248: in perform_login_with_entity
    await login.goto()
pages/login_page.py:15: in goto
    await self.page.goto("/login")
venv/lib/python3.12/site-packages/playwright/async_api/_generated.py:8975: in goto
    await self._impl_obj.goto(
venv/lib/python3.12/site-packages/playwright/_impl/_page.py:556: in goto
    return await self._main_frame.goto(**locals_to_params(locals()))
           ^^^^^^^^^^^^^^^^^^^^^^^^^^^^^^^^^^^^^^^^^^^^^^^^^^^^^^^^^
venv/lib/python3.12/site-packages/playwright/_impl/_frame.py:146: in goto
    await self._channel.send(
venv/lib/python3.12/site-packages/playwright/_impl/_connection.py:69: in send
    return await self._connection.wrap_api_call(
venv/lib/python3.12/site-packages/playwright/_impl/_connection.py:558: in wrap_api_call
    raise rewrite_error(error, f"{parsed_st['apiName']}: {error}") from None
E   playwright._impl._errors.Error: Page.goto: net::ERR_INTERNET_DISCONNECTED at https://app.viewz.co/login
E   Call log:
E     - navigating to "https://app.viewz.co/login", waiting until "load"
_ ERROR at setup of TestGLAccountOperations.test_chart_of_accounts_page_loads __
venv/lib/python3.12/site-packages/pytest_asyncio/plugin.py:367: in _async_fixture_wrapper
    result = event_loop.run_until_complete(setup_task)
             ^^^^^^^^^^^^^^^^^^^^^^^^^^^^^^^^^^^^^^^^^
../../../.pyenv/versions/3.12.3/lib/python3.12/asyncio/base_events.py:687: in run_until_complete
    return future.result()
           ^^^^^^^^^^^^^^^
venv/lib/python3.12/site-packages/pytest_asyncio/plugin.py:362: in setup
    res = await func(**_add_kwargs(func, kwargs, request))
          ^^^^^^^^^^^^^^^^^^^^^^^^^^^^^^^^^^^^^^^^^^^^^^^^
tests/conftest.py:248: in perform_login_with_entity
    await login.goto()
pages/login_page.py:15: in goto
    await self.page.goto("/login")
venv/lib/python3.12/site-packages/playwright/async_api/_generated.py:8975: in goto
    await self._impl_obj.goto(
venv/lib/python3.12/site-packages/playwright/_impl/_page.py:556: in goto
    return await self._main_frame.goto(**locals_to_params(locals()))
           ^^^^^^^^^^^^^^^^^^^^^^^^^^^^^^^^^^^^^^^^^^^^^^^^^^^^^^^^^
venv/lib/python3.12/site-packages/playwright/_impl/_frame.py:146: in goto
    await self._channel.send(
venv/lib/python3.12/site-packages/playwright/_impl/_connection.py:69: in send
    return await self._connection.wrap_api_call(
venv/lib/python3.12/site-packages/playwright/_impl/_connection.py:558: in wrap_api_call
    raise rewrite_error(error, f"{parsed_st['apiName']}: {error}") from None
E   playwright._impl._errors.Error: Page.goto: net::ERR_INTERNET_DISCONNECTED at https://app.viewz.co/login
E   Call log:
E     - navigating to "https://app.viewz.co/login", waiting until "load"
_ ERROR at setup of TestGLAccountOperations.test_add_gl_account_button_visible _
venv/lib/python3.12/site-packages/pytest_asyncio/plugin.py:367: in _async_fixture_wrapper
    result = event_loop.run_until_complete(setup_task)
             ^^^^^^^^^^^^^^^^^^^^^^^^^^^^^^^^^^^^^^^^^
../../../.pyenv/versions/3.12.3/lib/python3.12/asyncio/base_events.py:687: in run_until_complete
    return future.result()
           ^^^^^^^^^^^^^^^
venv/lib/python3.12/site-packages/pytest_asyncio/plugin.py:362: in setup
    res = await func(**_add_kwargs(func, kwargs, request))
          ^^^^^^^^^^^^^^^^^^^^^^^^^^^^^^^^^^^^^^^^^^^^^^^^
tests/conftest.py:248: in perform_login_with_entity
    await login.goto()
pages/login_page.py:15: in goto
    await self.page.goto("/login")
venv/lib/python3.12/site-packages/playwright/async_api/_generated.py:8975: in goto
    await self._impl_obj.goto(
venv/lib/python3.12/site-packages/playwright/_impl/_page.py:556: in goto
    return await self._main_frame.goto(**locals_to_params(locals()))
           ^^^^^^^^^^^^^^^^^^^^^^^^^^^^^^^^^^^^^^^^^^^^^^^^^^^^^^^^^
venv/lib/python3.12/site-packages/playwright/_impl/_frame.py:146: in goto
    await self._channel.send(
venv/lib/python3.12/site-packages/playwright/_impl/_connection.py:69: in send
    return await self._connection.wrap_api_call(
venv/lib/python3.12/site-packages/playwright/_impl/_connection.py:558: in wrap_api_call
    raise rewrite_error(error, f"{parsed_st['apiName']}: {error}") from None
E   playwright._impl._errors.Error: Page.goto: net::ERR_INTERNET_DISCONNECTED at https://app.viewz.co/login
E   Call log:
E     - navigating to "https://app.viewz.co/login", waiting until "load"
_ ERROR at setup of TestGLAccountOperations.test_create_gl_account_trade_receivables _
venv/lib/python3.12/site-packages/pytest_asyncio/plugin.py:367: in _async_fixture_wrapper
    result = event_loop.run_until_complete(setup_task)
             ^^^^^^^^^^^^^^^^^^^^^^^^^^^^^^^^^^^^^^^^^
../../../.pyenv/versions/3.12.3/lib/python3.12/asyncio/base_events.py:687: in run_until_complete
    return future.result()
           ^^^^^^^^^^^^^^^
venv/lib/python3.12/site-packages/pytest_asyncio/plugin.py:362: in setup
    res = await func(**_add_kwargs(func, kwargs, request))
          ^^^^^^^^^^^^^^^^^^^^^^^^^^^^^^^^^^^^^^^^^^^^^^^^
tests/conftest.py:248: in perform_login_with_entity
    await login.goto()
pages/login_page.py:15: in goto
    await self.page.goto("/login")
venv/lib/python3.12/site-packages/playwright/async_api/_generated.py:8975: in goto
    await self._impl_obj.goto(
venv/lib/python3.12/site-packages/playwright/_impl/_page.py:556: in goto
    return await self._main_frame.goto(**locals_to_params(locals()))
           ^^^^^^^^^^^^^^^^^^^^^^^^^^^^^^^^^^^^^^^^^^^^^^^^^^^^^^^^^
venv/lib/python3.12/site-packages/playwright/_impl/_frame.py:146: in goto
    await self._channel.send(
venv/lib/python3.12/site-packages/playwright/_impl/_connection.py:69: in send
    return await self._connection.wrap_api_call(
venv/lib/python3.12/site-packages/playwright/_impl/_connection.py:558: in wrap_api_call
    raise rewrite_error(error, f"{parsed_st['apiName']}: {error}") from None
E   playwright._impl._errors.Error: Page.goto: net::ERR_INTERNET_DISCONNECTED at https://app.viewz.co/login
E   Call log:
E     - navigating to "https://app.viewz.co/login", waiting until "load"
_ ERROR at setup of TestGLAccountOperations.test_create_gl_account_for_invoicing_precondition _
venv/lib/python3.12/site-packages/pytest_asyncio/plugin.py:367: in _async_fixture_wrapper
    result = event_loop.run_until_complete(setup_task)
             ^^^^^^^^^^^^^^^^^^^^^^^^^^^^^^^^^^^^^^^^^
../../../.pyenv/versions/3.12.3/lib/python3.12/asyncio/base_events.py:687: in run_until_complete
    return future.result()
           ^^^^^^^^^^^^^^^
venv/lib/python3.12/site-packages/pytest_asyncio/plugin.py:362: in setup
    res = await func(**_add_kwargs(func, kwargs, request))
          ^^^^^^^^^^^^^^^^^^^^^^^^^^^^^^^^^^^^^^^^^^^^^^^^
tests/conftest.py:248: in perform_login_with_entity
    await login.goto()
pages/login_page.py:15: in goto
    await self.page.goto("/login")
venv/lib/python3.12/site-packages/playwright/async_api/_generated.py:8975: in goto
    await self._impl_obj.goto(
venv/lib/python3.12/site-packages/playwright/_impl/_page.py:556: in goto
    return await self._main_frame.goto(**locals_to_params(locals()))
           ^^^^^^^^^^^^^^^^^^^^^^^^^^^^^^^^^^^^^^^^^^^^^^^^^^^^^^^^^
venv/lib/python3.12/site-packages/playwright/_impl/_frame.py:146: in goto
    await self._channel.send(
venv/lib/python3.12/site-packages/playwright/_impl/_connection.py:69: in send
    return await self._connection.wrap_api_call(
venv/lib/python3.12/site-packages/playwright/_impl/_connection.py:558: in wrap_api_call
    raise rewrite_error(error, f"{parsed_st['apiName']}: {error}") from None
E   playwright._impl._errors.Error: Page.goto: net::ERR_INTERNET_DISCONNECTED at https://app.viewz.co/login
E   Call log:
E     - navigating to "https://app.viewz.co/login", waiting until "load"
_ ERROR at setup of TestGLAccountOperations.test_create_gl_account_different_currencies _
venv/lib/python3.12/site-packages/pytest_asyncio/plugin.py:367: in _async_fixture_wrapper
    result = event_loop.run_until_complete(setup_task)
             ^^^^^^^^^^^^^^^^^^^^^^^^^^^^^^^^^^^^^^^^^
../../../.pyenv/versions/3.12.3/lib/python3.12/asyncio/base_events.py:687: in run_until_complete
    return future.result()
           ^^^^^^^^^^^^^^^
venv/lib/python3.12/site-packages/pytest_asyncio/plugin.py:362: in setup
    res = await func(**_add_kwargs(func, kwargs, request))
          ^^^^^^^^^^^^^^^^^^^^^^^^^^^^^^^^^^^^^^^^^^^^^^^^
tests/conftest.py:248: in perform_login_with_entity
    await login.goto()
pages/login_page.py:15: in goto
    await self.page.goto("/login")
venv/lib/python3.12/site-packages/playwright/async_api/_generated.py:8975: in goto
    await self._impl_obj.goto(
venv/lib/python3.12/site-packages/playwright/_impl/_page.py:556: in goto
    return await self._main_frame.goto(**locals_to_params(locals()))
           ^^^^^^^^^^^^^^^^^^^^^^^^^^^^^^^^^^^^^^^^^^^^^^^^^^^^^^^^^
venv/lib/python3.12/site-packages/playwright/_impl/_frame.py:146: in goto
    await self._channel.send(
venv/lib/python3.12/site-packages/playwright/_impl/_connection.py:69: in send
    return await self._connection.wrap_api_call(
venv/lib/python3.12/site-packages/playwright/_impl/_connection.py:558: in wrap_api_call
    raise rewrite_error(error, f"{parsed_st['apiName']}: {error}") from None
E   playwright._impl._errors.Error: Page.goto: net::ERR_INTERNET_DISCONNECTED at https://app.viewz.co/login
E   Call log:
E     - navigating to "https://app.viewz.co/login", waiting until "load"
_______ ERROR at setup of TestGLAccountOperations.test_search_gl_account _______
venv/lib/python3.12/site-packages/pytest_asyncio/plugin.py:367: in _async_fixture_wrapper
    result = event_loop.run_until_complete(setup_task)
             ^^^^^^^^^^^^^^^^^^^^^^^^^^^^^^^^^^^^^^^^^
../../../.pyenv/versions/3.12.3/lib/python3.12/asyncio/base_events.py:687: in run_until_complete
    return future.result()
           ^^^^^^^^^^^^^^^
venv/lib/python3.12/site-packages/pytest_asyncio/plugin.py:362: in setup
    res = await func(**_add_kwargs(func, kwargs, request))
          ^^^^^^^^^^^^^^^^^^^^^^^^^^^^^^^^^^^^^^^^^^^^^^^^
tests/conftest.py:248: in perform_login_with_entity
    await login.goto()
pages/login_page.py:15: in goto
    await self.page.goto("/login")
venv/lib/python3.12/site-packages/playwright/async_api/_generated.py:8975: in goto
    await self._impl_obj.goto(
venv/lib/python3.12/site-packages/playwright/_impl/_page.py:556: in goto
    return await self._main_frame.goto(**locals_to_params(locals()))
           ^^^^^^^^^^^^^^^^^^^^^^^^^^^^^^^^^^^^^^^^^^^^^^^^^^^^^^^^^
venv/lib/python3.12/site-packages/playwright/_impl/_frame.py:146: in goto
    await self._channel.send(
venv/lib/python3.12/site-packages/playwright/_impl/_connection.py:69: in send
    return await self._connection.wrap_api_call(
venv/lib/python3.12/site-packages/playwright/_impl/_connection.py:558: in wrap_api_call
    raise rewrite_error(error, f"{parsed_st['apiName']}: {error}") from None
E   playwright._impl._errors.Error: Page.goto: net::ERR_INTERNET_DISCONNECTED at https://app.viewz.co/login
E   Call log:
E     - navigating to "https://app.viewz.co/login", waiting until "load"
_ ERROR at setup of TestGLAccountOperations.test_add_gl_account_creates_inline_row _
venv/lib/python3.12/site-packages/pytest_asyncio/plugin.py:367: in _async_fixture_wrapper
    result = event_loop.run_until_complete(setup_task)
             ^^^^^^^^^^^^^^^^^^^^^^^^^^^^^^^^^^^^^^^^^
../../../.pyenv/versions/3.12.3/lib/python3.12/asyncio/base_events.py:687: in run_until_complete
    return future.result()
           ^^^^^^^^^^^^^^^
venv/lib/python3.12/site-packages/pytest_asyncio/plugin.py:362: in setup
    res = await func(**_add_kwargs(func, kwargs, request))
          ^^^^^^^^^^^^^^^^^^^^^^^^^^^^^^^^^^^^^^^^^^^^^^^^
tests/conftest.py:248: in perform_login_with_entity
    await login.goto()
pages/login_page.py:15: in goto
    await self.page.goto("/login")
venv/lib/python3.12/site-packages/playwright/async_api/_generated.py:8975: in goto
    await self._impl_obj.goto(
venv/lib/python3.12/site-packages/playwright/_impl/_page.py:556: in goto
    return await self._main_frame.goto(**locals_to_params(locals()))
           ^^^^^^^^^^^^^^^^^^^^^^^^^^^^^^^^^^^^^^^^^^^^^^^^^^^^^^^^^
venv/lib/python3.12/site-packages/playwright/_impl/_frame.py:146: in goto
    await self._channel.send(
venv/lib/python3.12/site-packages/playwright/_impl/_connection.py:69: in send
    return await self._connection.wrap_api_call(
venv/lib/python3.12/site-packages/playwright/_impl/_connection.py:558: in wrap_api_call
    raise rewrite_error(error, f"{parsed_st['apiName']}: {error}") from None
E   playwright._impl._errors.Error: Page.goto: net::ERR_INTERNET_DISCONNECTED at https://app.viewz.co/login
E   Call log:
E     - navigating to "https://app.viewz.co/login", waiting until "load"
__ ERROR at setup of TestGLAccountOperations.test_cancel_gl_account_creation ___
venv/lib/python3.12/site-packages/pytest_asyncio/plugin.py:367: in _async_fixture_wrapper
    result = event_loop.run_until_complete(setup_task)
             ^^^^^^^^^^^^^^^^^^^^^^^^^^^^^^^^^^^^^^^^^
../../../.pyenv/versions/3.12.3/lib/python3.12/asyncio/base_events.py:687: in run_until_complete
    return future.result()
           ^^^^^^^^^^^^^^^
venv/lib/python3.12/site-packages/pytest_asyncio/plugin.py:362: in setup
    res = await func(**_add_kwargs(func, kwargs, request))
          ^^^^^^^^^^^^^^^^^^^^^^^^^^^^^^^^^^^^^^^^^^^^^^^^
tests/conftest.py:248: in perform_login_with_entity
    await login.goto()
pages/login_page.py:15: in goto
    await self.page.goto("/login")
venv/lib/python3.12/site-packages/playwright/async_api/_generated.py:8975: in goto
    await self._impl_obj.goto(
venv/lib/python3.12/site-packages/playwright/_impl/_page.py:556: in goto
    return await self._main_frame.goto(**locals_to_params(locals()))
           ^^^^^^^^^^^^^^^^^^^^^^^^^^^^^^^^^^^^^^^^^^^^^^^^^^^^^^^^^
venv/lib/python3.12/site-packages/playwright/_impl/_frame.py:146: in goto
    await self._channel.send(
venv/lib/python3.12/site-packages/playwright/_impl/_connection.py:69: in send
    return await self._connection.wrap_api_call(
venv/lib/python3.12/site-packages/playwright/_impl/_connection.py:558: in wrap_api_call
    raise rewrite_error(error, f"{parsed_st['apiName']}: {error}") from None
E   playwright._impl._errors.Error: Page.goto: net::ERR_INTERNET_DISCONNECTED at https://app.viewz.co/login
E   Call log:
E     - navigating to "https://app.viewz.co/login", waiting until "load"
_____ ERROR at setup of TestLedgerOperations.test_verify_ledger_page_loads _____
venv/lib/python3.12/site-packages/pytest_asyncio/plugin.py:367: in _async_fixture_wrapper
    result = event_loop.run_until_complete(setup_task)
             ^^^^^^^^^^^^^^^^^^^^^^^^^^^^^^^^^^^^^^^^^
../../../.pyenv/versions/3.12.3/lib/python3.12/asyncio/base_events.py:687: in run_until_complete
    return future.result()
           ^^^^^^^^^^^^^^^
venv/lib/python3.12/site-packages/pytest_asyncio/plugin.py:362: in setup
    res = await func(**_add_kwargs(func, kwargs, request))
          ^^^^^^^^^^^^^^^^^^^^^^^^^^^^^^^^^^^^^^^^^^^^^^^^
tests/conftest.py:248: in perform_login_with_entity
    await login.goto()
pages/login_page.py:15: in goto
    await self.page.goto("/login")
venv/lib/python3.12/site-packages/playwright/async_api/_generated.py:8975: in goto
    await self._impl_obj.goto(
venv/lib/python3.12/site-packages/playwright/_impl/_page.py:556: in goto
    return await self._main_frame.goto(**locals_to_params(locals()))
           ^^^^^^^^^^^^^^^^^^^^^^^^^^^^^^^^^^^^^^^^^^^^^^^^^^^^^^^^^
venv/lib/python3.12/site-packages/playwright/_impl/_frame.py:146: in goto
    await self._channel.send(
venv/lib/python3.12/site-packages/playwright/_impl/_connection.py:69: in send
    return await self._connection.wrap_api_call(
venv/lib/python3.12/site-packages/playwright/_impl/_connection.py:558: in wrap_api_call
    raise rewrite_error(error, f"{parsed_st['apiName']}: {error}") from None
E   playwright._impl._errors.Error: Page.goto: net::ERR_INTERNET_DISCONNECTED at https://app.viewz.co/login
E   Call log:
E     - navigating to "https://app.viewz.co/login", waiting until "load"
_ ERROR at setup of TestLedgerOperations.test_verify_general_ledger_entries_display _
venv/lib/python3.12/site-packages/pytest_asyncio/plugin.py:367: in _async_fixture_wrapper
    result = event_loop.run_until_complete(setup_task)
             ^^^^^^^^^^^^^^^^^^^^^^^^^^^^^^^^^^^^^^^^^
../../../.pyenv/versions/3.12.3/lib/python3.12/asyncio/base_events.py:687: in run_until_complete
    return future.result()
           ^^^^^^^^^^^^^^^
venv/lib/python3.12/site-packages/pytest_asyncio/plugin.py:362: in setup
    res = await func(**_add_kwargs(func, kwargs, request))
          ^^^^^^^^^^^^^^^^^^^^^^^^^^^^^^^^^^^^^^^^^^^^^^^^
tests/conftest.py:248: in perform_login_with_entity
    await login.goto()
pages/login_page.py:15: in goto
    await self.page.goto("/login")
venv/lib/python3.12/site-packages/playwright/async_api/_generated.py:8975: in goto
    await self._impl_obj.goto(
venv/lib/python3.12/site-packages/playwright/_impl/_page.py:556: in goto
    return await self._main_frame.goto(**locals_to_params(locals()))
           ^^^^^^^^^^^^^^^^^^^^^^^^^^^^^^^^^^^^^^^^^^^^^^^^^^^^^^^^^
venv/lib/python3.12/site-packages/playwright/_impl/_frame.py:146: in goto
    await self._channel.send(
venv/lib/python3.12/site-packages/playwright/_impl/_connection.py:69: in send
    return await self._connection.wrap_api_call(
venv/lib/python3.12/site-packages/playwright/_impl/_connection.py:558: in wrap_api_call
    raise rewrite_error(error, f"{parsed_st['apiName']}: {error}") from None
E   playwright._impl._errors.Error: Page.goto: net::ERR_INTERNET_DISCONNECTED at https://app.viewz.co/login
E   Call log:
E     - navigating to "https://app.viewz.co/login", waiting until "load"
_ ERROR at setup of TestLedgerOperations.test_verify_account_hierarchy_display _
venv/lib/python3.12/site-packages/pytest_asyncio/plugin.py:367: in _async_fixture_wrapper
    result = event_loop.run_until_complete(setup_task)
             ^^^^^^^^^^^^^^^^^^^^^^^^^^^^^^^^^^^^^^^^^
../../../.pyenv/versions/3.12.3/lib/python3.12/asyncio/base_events.py:687: in run_until_complete
    return future.result()
           ^^^^^^^^^^^^^^^
venv/lib/python3.12/site-packages/pytest_asyncio/plugin.py:362: in setup
    res = await func(**_add_kwargs(func, kwargs, request))
          ^^^^^^^^^^^^^^^^^^^^^^^^^^^^^^^^^^^^^^^^^^^^^^^^
tests/conftest.py:248: in perform_login_with_entity
    await login.goto()
pages/login_page.py:15: in goto
    await self.page.goto("/login")
venv/lib/python3.12/site-packages/playwright/async_api/_generated.py:8975: in goto
    await self._impl_obj.goto(
venv/lib/python3.12/site-packages/playwright/_impl/_page.py:556: in goto
    return await self._main_frame.goto(**locals_to_params(locals()))
           ^^^^^^^^^^^^^^^^^^^^^^^^^^^^^^^^^^^^^^^^^^^^^^^^^^^^^^^^^
venv/lib/python3.12/site-packages/playwright/_impl/_frame.py:146: in goto
    await self._channel.send(
venv/lib/python3.12/site-packages/playwright/_impl/_connection.py:69: in send
    return await self._connection.wrap_api_call(
venv/lib/python3.12/site-packages/playwright/_impl/_connection.py:558: in wrap_api_call
    raise rewrite_error(error, f"{parsed_st['apiName']}: {error}") from None
E   playwright._impl._errors.Error: Page.goto: net::ERR_INTERNET_DISCONNECTED at https://app.viewz.co/login
E   Call log:
E     - navigating to "https://app.viewz.co/login", waiting until "load"
____ ERROR at setup of TestLedgerOperations.test_ledger_page_responsiveness ____
venv/lib/python3.12/site-packages/pytest_asyncio/plugin.py:367: in _async_fixture_wrapper
    result = event_loop.run_until_complete(setup_task)
             ^^^^^^^^^^^^^^^^^^^^^^^^^^^^^^^^^^^^^^^^^
../../../.pyenv/versions/3.12.3/lib/python3.12/asyncio/base_events.py:687: in run_until_complete
    return future.result()
           ^^^^^^^^^^^^^^^
venv/lib/python3.12/site-packages/pytest_asyncio/plugin.py:362: in setup
    res = await func(**_add_kwargs(func, kwargs, request))
          ^^^^^^^^^^^^^^^^^^^^^^^^^^^^^^^^^^^^^^^^^^^^^^^^
tests/conftest.py:248: in perform_login_with_entity
    await login.goto()
pages/login_page.py:15: in goto
    await self.page.goto("/login")
venv/lib/python3.12/site-packages/playwright/async_api/_generated.py:8975: in goto
    await self._impl_obj.goto(
venv/lib/python3.12/site-packages/playwright/_impl/_page.py:556: in goto
    return await self._main_frame.goto(**locals_to_params(locals()))
           ^^^^^^^^^^^^^^^^^^^^^^^^^^^^^^^^^^^^^^^^^^^^^^^^^^^^^^^^^
venv/lib/python3.12/site-packages/playwright/_impl/_frame.py:146: in goto
    await self._channel.send(
venv/lib/python3.12/site-packages/playwright/_impl/_connection.py:69: in send
    return await self._connection.wrap_api_call(
venv/lib/python3.12/site-packages/playwright/_impl/_connection.py:558: in wrap_api_call
    raise rewrite_error(error, f"{parsed_st['apiName']}: {error}") from None
E   playwright._impl._errors.Error: Page.goto: net::ERR_INTERNET_DISCONNECTED at https://app.viewz.co/login
E   Call log:
E     - navigating to "https://app.viewz.co/login", waiting until "load"
___ ERROR at setup of TestLedgerOperations.test_chart_of_accounts_navigation ___
venv/lib/python3.12/site-packages/pytest_asyncio/plugin.py:367: in _async_fixture_wrapper
    result = event_loop.run_until_complete(setup_task)
             ^^^^^^^^^^^^^^^^^^^^^^^^^^^^^^^^^^^^^^^^^
../../../.pyenv/versions/3.12.3/lib/python3.12/asyncio/base_events.py:687: in run_until_complete
    return future.result()
           ^^^^^^^^^^^^^^^
venv/lib/python3.12/site-packages/pytest_asyncio/plugin.py:362: in setup
    res = await func(**_add_kwargs(func, kwargs, request))
          ^^^^^^^^^^^^^^^^^^^^^^^^^^^^^^^^^^^^^^^^^^^^^^^^
tests/conftest.py:248: in perform_login_with_entity
    await login.goto()
pages/login_page.py:15: in goto
    await self.page.goto("/login")
venv/lib/python3.12/site-packages/playwright/async_api/_generated.py:8975: in goto
    await self._impl_obj.goto(
venv/lib/python3.12/site-packages/playwright/_impl/_page.py:556: in goto
    return await self._main_frame.goto(**locals_to_params(locals()))
           ^^^^^^^^^^^^^^^^^^^^^^^^^^^^^^^^^^^^^^^^^^^^^^^^^^^^^^^^^
venv/lib/python3.12/site-packages/playwright/_impl/_frame.py:146: in goto
    await self._channel.send(
venv/lib/python3.12/site-packages/playwright/_impl/_connection.py:69: in send
    return await self._connection.wrap_api_call(
venv/lib/python3.12/site-packages/playwright/_impl/_connection.py:558: in wrap_api_call
    raise rewrite_error(error, f"{parsed_st['apiName']}: {error}") from None
E   playwright._impl._errors.Error: Page.goto: net::ERR_INTERNET_DISCONNECTED at https://app.viewz.co/login
E   Call log:
E     - navigating to "https://app.viewz.co/login", waiting until "load"
_ ERROR at setup of TestLedgerOperations.test_account_selection_functionality __
venv/lib/python3.12/site-packages/pytest_asyncio/plugin.py:367: in _async_fixture_wrapper
    result = event_loop.run_until_complete(setup_task)
             ^^^^^^^^^^^^^^^^^^^^^^^^^^^^^^^^^^^^^^^^^
../../../.pyenv/versions/3.12.3/lib/python3.12/asyncio/base_events.py:687: in run_until_complete
    return future.result()
           ^^^^^^^^^^^^^^^
venv/lib/python3.12/site-packages/pytest_asyncio/plugin.py:362: in setup
    res = await func(**_add_kwargs(func, kwargs, request))
          ^^^^^^^^^^^^^^^^^^^^^^^^^^^^^^^^^^^^^^^^^^^^^^^^
tests/conftest.py:248: in perform_login_with_entity
    await login.goto()
pages/login_page.py:15: in goto
    await self.page.goto("/login")
venv/lib/python3.12/site-packages/playwright/async_api/_generated.py:8975: in goto
    await self._impl_obj.goto(
venv/lib/python3.12/site-packages/playwright/_impl/_page.py:556: in goto
    return await self._main_frame.goto(**locals_to_params(locals()))
           ^^^^^^^^^^^^^^^^^^^^^^^^^^^^^^^^^^^^^^^^^^^^^^^^^^^^^^^^^
venv/lib/python3.12/site-packages/playwright/_impl/_frame.py:146: in goto
    await self._channel.send(
venv/lib/python3.12/site-packages/playwright/_impl/_connection.py:69: in send
    return await self._connection.wrap_api_call(
venv/lib/python3.12/site-packages/playwright/_impl/_connection.py:558: in wrap_api_call
    raise rewrite_error(error, f"{parsed_st['apiName']}: {error}") from None
E   playwright._impl._errors.Error: Page.goto: net::ERR_INTERNET_DISCONNECTED at https://app.viewz.co/login
E   Call log:
E     - navigating to "https://app.viewz.co/login", waiting until "load"
_____ ERROR at setup of TestLedgerOperations.test_account_balance_display ______
venv/lib/python3.12/site-packages/pytest_asyncio/plugin.py:367: in _async_fixture_wrapper
    result = event_loop.run_until_complete(setup_task)
             ^^^^^^^^^^^^^^^^^^^^^^^^^^^^^^^^^^^^^^^^^
../../../.pyenv/versions/3.12.3/lib/python3.12/asyncio/base_events.py:687: in run_until_complete
    return future.result()
           ^^^^^^^^^^^^^^^
venv/lib/python3.12/site-packages/pytest_asyncio/plugin.py:362: in setup
    res = await func(**_add_kwargs(func, kwargs, request))
          ^^^^^^^^^^^^^^^^^^^^^^^^^^^^^^^^^^^^^^^^^^^^^^^^
tests/conftest.py:248: in perform_login_with_entity
    await login.goto()
pages/login_page.py:15: in goto
    await self.page.goto("/login")
venv/lib/python3.12/site-packages/playwright/async_api/_generated.py:8975: in goto
    await self._impl_obj.goto(
venv/lib/python3.12/site-packages/playwright/_impl/_page.py:556: in goto
    return await self._main_frame.goto(**locals_to_params(locals()))
           ^^^^^^^^^^^^^^^^^^^^^^^^^^^^^^^^^^^^^^^^^^^^^^^^^^^^^^^^^
venv/lib/python3.12/site-packages/playwright/_impl/_frame.py:146: in goto
    await self._channel.send(
venv/lib/python3.12/site-packages/playwright/_impl/_connection.py:69: in send
    return await self._connection.wrap_api_call(
venv/lib/python3.12/site-packages/playwright/_impl/_connection.py:558: in wrap_api_call
    raise rewrite_error(error, f"{parsed_st['apiName']}: {error}") from None
E   playwright._impl._errors.Error: Page.goto: net::ERR_INTERNET_DISCONNECTED at https://app.viewz.co/login
E   Call log:
E     - navigating to "https://app.viewz.co/login", waiting until "load"
______ ERROR at setup of TestLedgerOperations.test_account_details_popup _______
venv/lib/python3.12/site-packages/pytest_asyncio/plugin.py:367: in _async_fixture_wrapper
    result = event_loop.run_until_complete(setup_task)
             ^^^^^^^^^^^^^^^^^^^^^^^^^^^^^^^^^^^^^^^^^
../../../.pyenv/versions/3.12.3/lib/python3.12/asyncio/base_events.py:687: in run_until_complete
    return future.result()
           ^^^^^^^^^^^^^^^
venv/lib/python3.12/site-packages/pytest_asyncio/plugin.py:362: in setup
    res = await func(**_add_kwargs(func, kwargs, request))
          ^^^^^^^^^^^^^^^^^^^^^^^^^^^^^^^^^^^^^^^^^^^^^^^^
tests/conftest.py:248: in perform_login_with_entity
    await login.goto()
pages/login_page.py:15: in goto
    await self.page.goto("/login")
venv/lib/python3.12/site-packages/playwright/async_api/_generated.py:8975: in goto
    await self._impl_obj.goto(
venv/lib/python3.12/site-packages/playwright/_impl/_page.py:556: in goto
    return await self._main_frame.goto(**locals_to_params(locals()))
           ^^^^^^^^^^^^^^^^^^^^^^^^^^^^^^^^^^^^^^^^^^^^^^^^^^^^^^^^^
venv/lib/python3.12/site-packages/playwright/_impl/_frame.py:146: in goto
    await self._channel.send(
venv/lib/python3.12/site-packages/playwright/_impl/_connection.py:69: in send
    return await self._connection.wrap_api_call(
venv/lib/python3.12/site-packages/playwright/_impl/_connection.py:558: in wrap_api_call
    raise rewrite_error(error, f"{parsed_st['apiName']}: {error}") from None
E   playwright._impl._errors.Error: Page.goto: net::ERR_INTERNET_DISCONNECTED at https://app.viewz.co/login
E   Call log:
E     - navigating to "https://app.viewz.co/login", waiting until "load"
_ ERROR at setup of TestLedgerOperations.test_journal_entries_filtering_by_date _
venv/lib/python3.12/site-packages/pytest_asyncio/plugin.py:367: in _async_fixture_wrapper
    result = event_loop.run_until_complete(setup_task)
             ^^^^^^^^^^^^^^^^^^^^^^^^^^^^^^^^^^^^^^^^^
../../../.pyenv/versions/3.12.3/lib/python3.12/asyncio/base_events.py:687: in run_until_complete
    return future.result()
           ^^^^^^^^^^^^^^^
venv/lib/python3.12/site-packages/pytest_asyncio/plugin.py:362: in setup
    res = await func(**_add_kwargs(func, kwargs, request))
          ^^^^^^^^^^^^^^^^^^^^^^^^^^^^^^^^^^^^^^^^^^^^^^^^
tests/conftest.py:248: in perform_login_with_entity
    await login.goto()
pages/login_page.py:15: in goto
    await self.page.goto("/login")
venv/lib/python3.12/site-packages/playwright/async_api/_generated.py:8975: in goto
    await self._impl_obj.goto(
venv/lib/python3.12/site-packages/playwright/_impl/_page.py:556: in goto
    return await self._main_frame.goto(**locals_to_params(locals()))
           ^^^^^^^^^^^^^^^^^^^^^^^^^^^^^^^^^^^^^^^^^^^^^^^^^^^^^^^^^
venv/lib/python3.12/site-packages/playwright/_impl/_frame.py:146: in goto
    await self._channel.send(
venv/lib/python3.12/site-packages/playwright/_impl/_connection.py:69: in send
    return await self._connection.wrap_api_call(
venv/lib/python3.12/site-packages/playwright/_impl/_connection.py:558: in wrap_api_call
    raise rewrite_error(error, f"{parsed_st['apiName']}: {error}") from None
E   playwright._impl._errors.Error: Page.goto: net::ERR_INTERNET_DISCONNECTED at https://app.viewz.co/login
E   Call log:
E     - navigating to "https://app.viewz.co/login", waiting until "load"
_ ERROR at setup of TestLedgerOperations.test_journal_entries_filtering_by_account _
venv/lib/python3.12/site-packages/pytest_asyncio/plugin.py:367: in _async_fixture_wrapper
    result = event_loop.run_until_complete(setup_task)
             ^^^^^^^^^^^^^^^^^^^^^^^^^^^^^^^^^^^^^^^^^
../../../.pyenv/versions/3.12.3/lib/python3.12/asyncio/base_events.py:687: in run_until_complete
    return future.result()
           ^^^^^^^^^^^^^^^
venv/lib/python3.12/site-packages/pytest_asyncio/plugin.py:362: in setup
    res = await func(**_add_kwargs(func, kwargs, request))
          ^^^^^^^^^^^^^^^^^^^^^^^^^^^^^^^^^^^^^^^^^^^^^^^^
tests/conftest.py:248: in perform_login_with_entity
    await login.goto()
pages/login_page.py:15: in goto
    await self.page.goto("/login")
venv/lib/python3.12/site-packages/playwright/async_api/_generated.py:8975: in goto
    await self._impl_obj.goto(
venv/lib/python3.12/site-packages/playwright/_impl/_page.py:556: in goto
    return await self._main_frame.goto(**locals_to_params(locals()))
           ^^^^^^^^^^^^^^^^^^^^^^^^^^^^^^^^^^^^^^^^^^^^^^^^^^^^^^^^^
venv/lib/python3.12/site-packages/playwright/_impl/_frame.py:146: in goto
    await self._channel.send(
venv/lib/python3.12/site-packages/playwright/_impl/_connection.py:69: in send
    return await self._connection.wrap_api_call(
venv/lib/python3.12/site-packages/playwright/_impl/_connection.py:558: in wrap_api_call
    raise rewrite_error(error, f"{parsed_st['apiName']}: {error}") from None
E   playwright._impl._errors.Error: Page.goto: net::ERR_INTERNET_DISCONNECTED at https://app.viewz.co/login
E   Call log:
E     - navigating to "https://app.viewz.co/login", waiting until "load"
______ ERROR at setup of TestLedgerOperations.test_journal_entries_search ______
venv/lib/python3.12/site-packages/pytest_asyncio/plugin.py:367: in _async_fixture_wrapper
    result = event_loop.run_until_complete(setup_task)
             ^^^^^^^^^^^^^^^^^^^^^^^^^^^^^^^^^^^^^^^^^
../../../.pyenv/versions/3.12.3/lib/python3.12/asyncio/base_events.py:687: in run_until_complete
    return future.result()
           ^^^^^^^^^^^^^^^
venv/lib/python3.12/site-packages/pytest_asyncio/plugin.py:362: in setup
    res = await func(**_add_kwargs(func, kwargs, request))
          ^^^^^^^^^^^^^^^^^^^^^^^^^^^^^^^^^^^^^^^^^^^^^^^^
tests/conftest.py:248: in perform_login_with_entity
    await login.goto()
pages/login_page.py:15: in goto
    await self.page.goto("/login")
venv/lib/python3.12/site-packages/playwright/async_api/_generated.py:8975: in goto
    await self._impl_obj.goto(
venv/lib/python3.12/site-packages/playwright/_impl/_page.py:556: in goto
    return await self._main_frame.goto(**locals_to_params(locals()))
           ^^^^^^^^^^^^^^^^^^^^^^^^^^^^^^^^^^^^^^^^^^^^^^^^^^^^^^^^^
venv/lib/python3.12/site-packages/playwright/_impl/_frame.py:146: in goto
    await self._channel.send(
venv/lib/python3.12/site-packages/playwright/_impl/_connection.py:69: in send
    return await self._connection.wrap_api_call(
venv/lib/python3.12/site-packages/playwright/_impl/_connection.py:558: in wrap_api_call
    raise rewrite_error(error, f"{parsed_st['apiName']}: {error}") from None
E   playwright._impl._errors.Error: Page.goto: net::ERR_INTERNET_DISCONNECTED at https://app.viewz.co/login
E   Call log:
E     - navigating to "https://app.viewz.co/login", waiting until "load"
______ ERROR at setup of TestLedgerOperations.test_transaction_drill_down ______
venv/lib/python3.12/site-packages/pytest_asyncio/plugin.py:367: in _async_fixture_wrapper
    result = event_loop.run_until_complete(setup_task)
             ^^^^^^^^^^^^^^^^^^^^^^^^^^^^^^^^^^^^^^^^^
../../../.pyenv/versions/3.12.3/lib/python3.12/asyncio/base_events.py:687: in run_until_complete
    return future.result()
           ^^^^^^^^^^^^^^^
venv/lib/python3.12/site-packages/pytest_asyncio/plugin.py:362: in setup
    res = await func(**_add_kwargs(func, kwargs, request))
          ^^^^^^^^^^^^^^^^^^^^^^^^^^^^^^^^^^^^^^^^^^^^^^^^
tests/conftest.py:248: in perform_login_with_entity
    await login.goto()
pages/login_page.py:15: in goto
    await self.page.goto("/login")
venv/lib/python3.12/site-packages/playwright/async_api/_generated.py:8975: in goto
    await self._impl_obj.goto(
venv/lib/python3.12/site-packages/playwright/_impl/_page.py:556: in goto
    return await self._main_frame.goto(**locals_to_params(locals()))
           ^^^^^^^^^^^^^^^^^^^^^^^^^^^^^^^^^^^^^^^^^^^^^^^^^^^^^^^^^
venv/lib/python3.12/site-packages/playwright/_impl/_frame.py:146: in goto
    await self._channel.send(
venv/lib/python3.12/site-packages/playwright/_impl/_connection.py:69: in send
    return await self._connection.wrap_api_call(
venv/lib/python3.12/site-packages/playwright/_impl/_connection.py:558: in wrap_api_call
    raise rewrite_error(error, f"{parsed_st['apiName']}: {error}") from None
E   playwright._impl._errors.Error: Page.goto: net::ERR_INTERNET_DISCONNECTED at https://app.viewz.co/login
E   Call log:
E     - navigating to "https://app.viewz.co/login", waiting until "load"
______ ERROR at setup of TestLedgerOperations.test_trial_balance_display _______
venv/lib/python3.12/site-packages/pytest_asyncio/plugin.py:367: in _async_fixture_wrapper
    result = event_loop.run_until_complete(setup_task)
             ^^^^^^^^^^^^^^^^^^^^^^^^^^^^^^^^^^^^^^^^^
../../../.pyenv/versions/3.12.3/lib/python3.12/asyncio/base_events.py:687: in run_until_complete
    return future.result()
           ^^^^^^^^^^^^^^^
venv/lib/python3.12/site-packages/pytest_asyncio/plugin.py:362: in setup
    res = await func(**_add_kwargs(func, kwargs, request))
          ^^^^^^^^^^^^^^^^^^^^^^^^^^^^^^^^^^^^^^^^^^^^^^^^
tests/conftest.py:248: in perform_login_with_entity
    await login.goto()
pages/login_page.py:15: in goto
    await self.page.goto("/login")
venv/lib/python3.12/site-packages/playwright/async_api/_generated.py:8975: in goto
    await self._impl_obj.goto(
venv/lib/python3.12/site-packages/playwright/_impl/_page.py:556: in goto
    return await self._main_frame.goto(**locals_to_params(locals()))
           ^^^^^^^^^^^^^^^^^^^^^^^^^^^^^^^^^^^^^^^^^^^^^^^^^^^^^^^^^
venv/lib/python3.12/site-packages/playwright/_impl/_frame.py:146: in goto
    await self._channel.send(
venv/lib/python3.12/site-packages/playwright/_impl/_connection.py:69: in send
    return await self._connection.wrap_api_call(
venv/lib/python3.12/site-packages/playwright/_impl/_connection.py:558: in wrap_api_call
    raise rewrite_error(error, f"{parsed_st['apiName']}: {error}") from None
E   playwright._impl._errors.Error: Page.goto: net::ERR_INTERNET_DISCONNECTED at https://app.viewz.co/login
E   Call log:
E     - navigating to "https://app.viewz.co/login", waiting until "load"
_____ ERROR at setup of TestLedgerOperations.test_account_activity_report ______
venv/lib/python3.12/site-packages/pytest_asyncio/plugin.py:367: in _async_fixture_wrapper
    result = event_loop.run_until_complete(setup_task)
             ^^^^^^^^^^^^^^^^^^^^^^^^^^^^^^^^^^^^^^^^^
../../../.pyenv/versions/3.12.3/lib/python3.12/asyncio/base_events.py:687: in run_until_complete
    return future.result()
           ^^^^^^^^^^^^^^^
venv/lib/python3.12/site-packages/pytest_asyncio/plugin.py:362: in setup
    res = await func(**_add_kwargs(func, kwargs, request))
          ^^^^^^^^^^^^^^^^^^^^^^^^^^^^^^^^^^^^^^^^^^^^^^^^
tests/conftest.py:248: in perform_login_with_entity
    await login.goto()
pages/login_page.py:15: in goto
    await self.page.goto("/login")
venv/lib/python3.12/site-packages/playwright/async_api/_generated.py:8975: in goto
    await self._impl_obj.goto(
venv/lib/python3.12/site-packages/playwright/_impl/_page.py:556: in goto
    return await self._main_frame.goto(**locals_to_params(locals()))
           ^^^^^^^^^^^^^^^^^^^^^^^^^^^^^^^^^^^^^^^^^^^^^^^^^^^^^^^^^
venv/lib/python3.12/site-packages/playwright/_impl/_frame.py:146: in goto
    await self._channel.send(
venv/lib/python3.12/site-packages/playwright/_impl/_connection.py:69: in send
    return await self._connection.wrap_api_call(
venv/lib/python3.12/site-packages/playwright/_impl/_connection.py:558: in wrap_api_call
    raise rewrite_error(error, f"{parsed_st['apiName']}: {error}") from None
E   playwright._impl._errors.Error: Page.goto: net::ERR_INTERNET_DISCONNECTED at https://app.viewz.co/login
E   Call log:
E     - navigating to "https://app.viewz.co/login", waiting until "load"
_______ ERROR at setup of TestLedgerOperations.test_export_functionality _______
venv/lib/python3.12/site-packages/pytest_asyncio/plugin.py:367: in _async_fixture_wrapper
    result = event_loop.run_until_complete(setup_task)
             ^^^^^^^^^^^^^^^^^^^^^^^^^^^^^^^^^^^^^^^^^
../../../.pyenv/versions/3.12.3/lib/python3.12/asyncio/base_events.py:687: in run_until_complete
    return future.result()
           ^^^^^^^^^^^^^^^
venv/lib/python3.12/site-packages/pytest_asyncio/plugin.py:362: in setup
    res = await func(**_add_kwargs(func, kwargs, request))
          ^^^^^^^^^^^^^^^^^^^^^^^^^^^^^^^^^^^^^^^^^^^^^^^^
tests/conftest.py:248: in perform_login_with_entity
    await login.goto()
pages/login_page.py:15: in goto
    await self.page.goto("/login")
venv/lib/python3.12/site-packages/playwright/async_api/_generated.py:8975: in goto
    await self._impl_obj.goto(
venv/lib/python3.12/site-packages/playwright/_impl/_page.py:556: in goto
    return await self._main_frame.goto(**locals_to_params(locals()))
           ^^^^^^^^^^^^^^^^^^^^^^^^^^^^^^^^^^^^^^^^^^^^^^^^^^^^^^^^^
venv/lib/python3.12/site-packages/playwright/_impl/_frame.py:146: in goto
    await self._channel.send(
venv/lib/python3.12/site-packages/playwright/_impl/_connection.py:69: in send
    return await self._connection.wrap_api_call(
venv/lib/python3.12/site-packages/playwright/_impl/_connection.py:558: in wrap_api_call
    raise rewrite_error(error, f"{parsed_st['apiName']}: {error}") from None
E   playwright._impl._errors.Error: Page.goto: net::ERR_INTERNET_DISCONNECTED at https://app.viewz.co/login
E   Call log:
E     - navigating to "https://app.viewz.co/login", waiting until "load"
_________ ERROR at setup of TestLedgerOperations.test_period_selection _________
venv/lib/python3.12/site-packages/pytest_asyncio/plugin.py:367: in _async_fixture_wrapper
    result = event_loop.run_until_complete(setup_task)
             ^^^^^^^^^^^^^^^^^^^^^^^^^^^^^^^^^^^^^^^^^
../../../.pyenv/versions/3.12.3/lib/python3.12/asyncio/base_events.py:687: in run_until_complete
    return future.result()
           ^^^^^^^^^^^^^^^
venv/lib/python3.12/site-packages/pytest_asyncio/plugin.py:362: in setup
    res = await func(**_add_kwargs(func, kwargs, request))
          ^^^^^^^^^^^^^^^^^^^^^^^^^^^^^^^^^^^^^^^^^^^^^^^^
tests/conftest.py:248: in perform_login_with_entity
    await login.goto()
pages/login_page.py:15: in goto
    await self.page.goto("/login")
venv/lib/python3.12/site-packages/playwright/async_api/_generated.py:8975: in goto
    await self._impl_obj.goto(
venv/lib/python3.12/site-packages/playwright/_impl/_page.py:556: in goto
    return await self._main_frame.goto(**locals_to_params(locals()))
           ^^^^^^^^^^^^^^^^^^^^^^^^^^^^^^^^^^^^^^^^^^^^^^^^^^^^^^^^^
venv/lib/python3.12/site-packages/playwright/_impl/_frame.py:146: in goto
    await self._channel.send(
venv/lib/python3.12/site-packages/playwright/_impl/_connection.py:69: in send
    return await self._connection.wrap_api_call(
venv/lib/python3.12/site-packages/playwright/_impl/_connection.py:558: in wrap_api_call
    raise rewrite_error(error, f"{parsed_st['apiName']}: {error}") from None
E   playwright._impl._errors.Error: Page.goto: net::ERR_INTERNET_DISCONNECTED at https://app.viewz.co/login
E   Call log:
E     - navigating to "https://app.viewz.co/login", waiting until "load"
__ ERROR at setup of TestLedgerOperations.test_manual_journal_entry_creation ___
venv/lib/python3.12/site-packages/pytest_asyncio/plugin.py:367: in _async_fixture_wrapper
    result = event_loop.run_until_complete(setup_task)
             ^^^^^^^^^^^^^^^^^^^^^^^^^^^^^^^^^^^^^^^^^
../../../.pyenv/versions/3.12.3/lib/python3.12/asyncio/base_events.py:687: in run_until_complete
    return future.result()
           ^^^^^^^^^^^^^^^
venv/lib/python3.12/site-packages/pytest_asyncio/plugin.py:362: in setup
    res = await func(**_add_kwargs(func, kwargs, request))
          ^^^^^^^^^^^^^^^^^^^^^^^^^^^^^^^^^^^^^^^^^^^^^^^^
tests/conftest.py:248: in perform_login_with_entity
    await login.goto()
pages/login_page.py:15: in goto
    await self.page.goto("/login")
venv/lib/python3.12/site-packages/playwright/async_api/_generated.py:8975: in goto
    await self._impl_obj.goto(
venv/lib/python3.12/site-packages/playwright/_impl/_page.py:556: in goto
    return await self._main_frame.goto(**locals_to_params(locals()))
           ^^^^^^^^^^^^^^^^^^^^^^^^^^^^^^^^^^^^^^^^^^^^^^^^^^^^^^^^^
venv/lib/python3.12/site-packages/playwright/_impl/_frame.py:146: in goto
    await self._channel.send(
venv/lib/python3.12/site-packages/playwright/_impl/_connection.py:69: in send
    return await self._connection.wrap_api_call(
venv/lib/python3.12/site-packages/playwright/_impl/_connection.py:558: in wrap_api_call
    raise rewrite_error(error, f"{parsed_st['apiName']}: {error}") from None
E   playwright._impl._errors.Error: Page.goto: net::ERR_INTERNET_DISCONNECTED at https://app.viewz.co/login
E   Call log:
E     - navigating to "https://app.viewz.co/login", waiting until "load"
_____ ERROR at setup of TestLedgerOperations.test_journal_entry_validation _____
venv/lib/python3.12/site-packages/pytest_asyncio/plugin.py:367: in _async_fixture_wrapper
    result = event_loop.run_until_complete(setup_task)
             ^^^^^^^^^^^^^^^^^^^^^^^^^^^^^^^^^^^^^^^^^
../../../.pyenv/versions/3.12.3/lib/python3.12/asyncio/base_events.py:687: in run_until_complete
    return future.result()
           ^^^^^^^^^^^^^^^
venv/lib/python3.12/site-packages/pytest_asyncio/plugin.py:362: in setup
    res = await func(**_add_kwargs(func, kwargs, request))
          ^^^^^^^^^^^^^^^^^^^^^^^^^^^^^^^^^^^^^^^^^^^^^^^^
tests/conftest.py:248: in perform_login_with_entity
    await login.goto()
pages/login_page.py:15: in goto
    await self.page.goto("/login")
venv/lib/python3.12/site-packages/playwright/async_api/_generated.py:8975: in goto
    await self._impl_obj.goto(
venv/lib/python3.12/site-packages/playwright/_impl/_page.py:556: in goto
    return await self._main_frame.goto(**locals_to_params(locals()))
           ^^^^^^^^^^^^^^^^^^^^^^^^^^^^^^^^^^^^^^^^^^^^^^^^^^^^^^^^^
venv/lib/python3.12/site-packages/playwright/_impl/_frame.py:146: in goto
    await self._channel.send(
venv/lib/python3.12/site-packages/playwright/_impl/_connection.py:69: in send
    return await self._connection.wrap_api_call(
venv/lib/python3.12/site-packages/playwright/_impl/_connection.py:558: in wrap_api_call
    raise rewrite_error(error, f"{parsed_st['apiName']}: {error}") from None
E   playwright._impl._errors.Error: Page.goto: net::ERR_INTERNET_DISCONNECTED at https://app.viewz.co/login
E   Call log:
E     - navigating to "https://app.viewz.co/login", waiting until "load"
______ ERROR at setup of TestLedgerOperations.test_journal_entry_posting _______
venv/lib/python3.12/site-packages/pytest_asyncio/plugin.py:367: in _async_fixture_wrapper
    result = event_loop.run_until_complete(setup_task)
             ^^^^^^^^^^^^^^^^^^^^^^^^^^^^^^^^^^^^^^^^^
../../../.pyenv/versions/3.12.3/lib/python3.12/asyncio/base_events.py:687: in run_until_complete
    return future.result()
           ^^^^^^^^^^^^^^^
venv/lib/python3.12/site-packages/pytest_asyncio/plugin.py:362: in setup
    res = await func(**_add_kwargs(func, kwargs, request))
          ^^^^^^^^^^^^^^^^^^^^^^^^^^^^^^^^^^^^^^^^^^^^^^^^
tests/conftest.py:248: in perform_login_with_entity
    await login.goto()
pages/login_page.py:15: in goto
    await self.page.goto("/login")
venv/lib/python3.12/site-packages/playwright/async_api/_generated.py:8975: in goto
    await self._impl_obj.goto(
venv/lib/python3.12/site-packages/playwright/_impl/_page.py:556: in goto
    return await self._main_frame.goto(**locals_to_params(locals()))
           ^^^^^^^^^^^^^^^^^^^^^^^^^^^^^^^^^^^^^^^^^^^^^^^^^^^^^^^^^
venv/lib/python3.12/site-packages/playwright/_impl/_frame.py:146: in goto
    await self._channel.send(
venv/lib/python3.12/site-packages/playwright/_impl/_connection.py:69: in send
    return await self._connection.wrap_api_call(
venv/lib/python3.12/site-packages/playwright/_impl/_connection.py:558: in wrap_api_call
    raise rewrite_error(error, f"{parsed_st['apiName']}: {error}") from None
E   playwright._impl._errors.Error: Page.goto: net::ERR_INTERNET_DISCONNECTED at https://app.viewz.co/login
E   Call log:
E     - navigating to "https://app.viewz.co/login", waiting until "load"
______ ERROR at setup of TestLedgerOperations.test_journal_entry_reversal ______
venv/lib/python3.12/site-packages/pytest_asyncio/plugin.py:367: in _async_fixture_wrapper
    result = event_loop.run_until_complete(setup_task)
             ^^^^^^^^^^^^^^^^^^^^^^^^^^^^^^^^^^^^^^^^^
../../../.pyenv/versions/3.12.3/lib/python3.12/asyncio/base_events.py:687: in run_until_complete
    return future.result()
           ^^^^^^^^^^^^^^^
venv/lib/python3.12/site-packages/pytest_asyncio/plugin.py:362: in setup
    res = await func(**_add_kwargs(func, kwargs, request))
          ^^^^^^^^^^^^^^^^^^^^^^^^^^^^^^^^^^^^^^^^^^^^^^^^
tests/conftest.py:248: in perform_login_with_entity
    await login.goto()
pages/login_page.py:15: in goto
    await self.page.goto("/login")
venv/lib/python3.12/site-packages/playwright/async_api/_generated.py:8975: in goto
    await self._impl_obj.goto(
venv/lib/python3.12/site-packages/playwright/_impl/_page.py:556: in goto
    return await self._main_frame.goto(**locals_to_params(locals()))
           ^^^^^^^^^^^^^^^^^^^^^^^^^^^^^^^^^^^^^^^^^^^^^^^^^^^^^^^^^
venv/lib/python3.12/site-packages/playwright/_impl/_frame.py:146: in goto
    await self._channel.send(
venv/lib/python3.12/site-packages/playwright/_impl/_connection.py:69: in send
    return await self._connection.wrap_api_call(
venv/lib/python3.12/site-packages/playwright/_impl/_connection.py:558: in wrap_api_call
    raise rewrite_error(error, f"{parsed_st['apiName']}: {error}") from None
E   playwright._impl._errors.Error: Page.goto: net::ERR_INTERNET_DISCONNECTED at https://app.viewz.co/login
E   Call log:
E     - navigating to "https://app.viewz.co/login", waiting until "load"
_ ERROR at setup of TestLedgerOperations.test_bank_reconciliation_integration __
venv/lib/python3.12/site-packages/pytest_asyncio/plugin.py:367: in _async_fixture_wrapper
    result = event_loop.run_until_complete(setup_task)
             ^^^^^^^^^^^^^^^^^^^^^^^^^^^^^^^^^^^^^^^^^
../../../.pyenv/versions/3.12.3/lib/python3.12/asyncio/base_events.py:687: in run_until_complete
    return future.result()
           ^^^^^^^^^^^^^^^
venv/lib/python3.12/site-packages/pytest_asyncio/plugin.py:362: in setup
    res = await func(**_add_kwargs(func, kwargs, request))
          ^^^^^^^^^^^^^^^^^^^^^^^^^^^^^^^^^^^^^^^^^^^^^^^^
tests/conftest.py:248: in perform_login_with_entity
    await login.goto()
pages/login_page.py:15: in goto
    await self.page.goto("/login")
venv/lib/python3.12/site-packages/playwright/async_api/_generated.py:8975: in goto
    await self._impl_obj.goto(
venv/lib/python3.12/site-packages/playwright/_impl/_page.py:556: in goto
    return await self._main_frame.goto(**locals_to_params(locals()))
           ^^^^^^^^^^^^^^^^^^^^^^^^^^^^^^^^^^^^^^^^^^^^^^^^^^^^^^^^^
venv/lib/python3.12/site-packages/playwright/_impl/_frame.py:146: in goto
    await self._channel.send(
venv/lib/python3.12/site-packages/playwright/_impl/_connection.py:69: in send
    return await self._connection.wrap_api_call(
venv/lib/python3.12/site-packages/playwright/_impl/_connection.py:558: in wrap_api_call
    raise rewrite_error(error, f"{parsed_st['apiName']}: {error}") from None
E   playwright._impl._errors.Error: Page.goto: net::ERR_INTERNET_DISCONNECTED at https://app.viewz.co/login
E   Call log:
E     - navigating to "https://app.viewz.co/login", waiting until "load"
_______ ERROR at setup of TestLedgerOperations.test_payables_integration _______
venv/lib/python3.12/site-packages/pytest_asyncio/plugin.py:367: in _async_fixture_wrapper
    result = event_loop.run_until_complete(setup_task)
             ^^^^^^^^^^^^^^^^^^^^^^^^^^^^^^^^^^^^^^^^^
../../../.pyenv/versions/3.12.3/lib/python3.12/asyncio/base_events.py:687: in run_until_complete
    return future.result()
           ^^^^^^^^^^^^^^^
venv/lib/python3.12/site-packages/pytest_asyncio/plugin.py:362: in setup
    res = await func(**_add_kwargs(func, kwargs, request))
          ^^^^^^^^^^^^^^^^^^^^^^^^^^^^^^^^^^^^^^^^^^^^^^^^
tests/conftest.py:248: in perform_login_with_entity
    await login.goto()
pages/login_page.py:15: in goto
    await self.page.goto("/login")
venv/lib/python3.12/site-packages/playwright/async_api/_generated.py:8975: in goto
    await self._impl_obj.goto(
venv/lib/python3.12/site-packages/playwright/_impl/_page.py:556: in goto
    return await self._main_frame.goto(**locals_to_params(locals()))
           ^^^^^^^^^^^^^^^^^^^^^^^^^^^^^^^^^^^^^^^^^^^^^^^^^^^^^^^^^
venv/lib/python3.12/site-packages/playwright/_impl/_frame.py:146: in goto
    await self._channel.send(
venv/lib/python3.12/site-packages/playwright/_impl/_connection.py:69: in send
    return await self._connection.wrap_api_call(
venv/lib/python3.12/site-packages/playwright/_impl/_connection.py:558: in wrap_api_call
    raise rewrite_error(error, f"{parsed_st['apiName']}: {error}") from None
E   playwright._impl._errors.Error: Page.goto: net::ERR_INTERNET_DISCONNECTED at https://app.viewz.co/login
E   Call log:
E     - navigating to "https://app.viewz.co/login", waiting until "load"
_____ ERROR at setup of TestLedgerOperations.test_complete_ledger_workflow _____
venv/lib/python3.12/site-packages/pytest_asyncio/plugin.py:367: in _async_fixture_wrapper
    result = event_loop.run_until_complete(setup_task)
             ^^^^^^^^^^^^^^^^^^^^^^^^^^^^^^^^^^^^^^^^^
../../../.pyenv/versions/3.12.3/lib/python3.12/asyncio/base_events.py:687: in run_until_complete
    return future.result()
           ^^^^^^^^^^^^^^^
venv/lib/python3.12/site-packages/pytest_asyncio/plugin.py:362: in setup
    res = await func(**_add_kwargs(func, kwargs, request))
          ^^^^^^^^^^^^^^^^^^^^^^^^^^^^^^^^^^^^^^^^^^^^^^^^
tests/conftest.py:248: in perform_login_with_entity
    await login.goto()
pages/login_page.py:15: in goto
    await self.page.goto("/login")
venv/lib/python3.12/site-packages/playwright/async_api/_generated.py:8975: in goto
    await self._impl_obj.goto(
venv/lib/python3.12/site-packages/playwright/_impl/_page.py:556: in goto
    return await self._main_frame.goto(**locals_to_params(locals()))
           ^^^^^^^^^^^^^^^^^^^^^^^^^^^^^^^^^^^^^^^^^^^^^^^^^^^^^^^^^
venv/lib/python3.12/site-packages/playwright/_impl/_frame.py:146: in goto
    await self._channel.send(
venv/lib/python3.12/site-packages/playwright/_impl/_connection.py:69: in send
    return await self._connection.wrap_api_call(
venv/lib/python3.12/site-packages/playwright/_impl/_connection.py:558: in wrap_api_call
    raise rewrite_error(error, f"{parsed_st['apiName']}: {error}") from None
E   playwright._impl._errors.Error: Page.goto: net::ERR_INTERNET_DISCONNECTED at https://app.viewz.co/login
E   Call log:
E     - navigating to "https://app.viewz.co/login", waiting until "load"
__ ERROR at setup of TestLedgerOperations.test_verify_ledger_dashboard_loads ___
venv/lib/python3.12/site-packages/pytest_asyncio/plugin.py:367: in _async_fixture_wrapper
    result = event_loop.run_until_complete(setup_task)
             ^^^^^^^^^^^^^^^^^^^^^^^^^^^^^^^^^^^^^^^^^
../../../.pyenv/versions/3.12.3/lib/python3.12/asyncio/base_events.py:687: in run_until_complete
    return future.result()
           ^^^^^^^^^^^^^^^
venv/lib/python3.12/site-packages/pytest_asyncio/plugin.py:362: in setup
    res = await func(**_add_kwargs(func, kwargs, request))
          ^^^^^^^^^^^^^^^^^^^^^^^^^^^^^^^^^^^^^^^^^^^^^^^^
tests/conftest.py:248: in perform_login_with_entity
    await login.goto()
pages/login_page.py:15: in goto
    await self.page.goto("/login")
venv/lib/python3.12/site-packages/playwright/async_api/_generated.py:8975: in goto
    await self._impl_obj.goto(
venv/lib/python3.12/site-packages/playwright/_impl/_page.py:556: in goto
    return await self._main_frame.goto(**locals_to_params(locals()))
           ^^^^^^^^^^^^^^^^^^^^^^^^^^^^^^^^^^^^^^^^^^^^^^^^^^^^^^^^^
venv/lib/python3.12/site-packages/playwright/_impl/_frame.py:146: in goto
    await self._channel.send(
venv/lib/python3.12/site-packages/playwright/_impl/_connection.py:69: in send
    return await self._connection.wrap_api_call(
venv/lib/python3.12/site-packages/playwright/_impl/_connection.py:558: in wrap_api_call
    raise rewrite_error(error, f"{parsed_st['apiName']}: {error}") from None
E   playwright._impl._errors.Error: Page.goto: net::ERR_INTERNET_DISCONNECTED at https://app.viewz.co/login
E   Call log:
E     - navigating to "https://app.viewz.co/login", waiting until "load"
__ ERROR at setup of TestLedgerOperations.test_verify_financial_kpis_display ___
venv/lib/python3.12/site-packages/pytest_asyncio/plugin.py:367: in _async_fixture_wrapper
    result = event_loop.run_until_complete(setup_task)
             ^^^^^^^^^^^^^^^^^^^^^^^^^^^^^^^^^^^^^^^^^
../../../.pyenv/versions/3.12.3/lib/python3.12/asyncio/base_events.py:687: in run_until_complete
    return future.result()
           ^^^^^^^^^^^^^^^
venv/lib/python3.12/site-packages/pytest_asyncio/plugin.py:362: in setup
    res = await func(**_add_kwargs(func, kwargs, request))
          ^^^^^^^^^^^^^^^^^^^^^^^^^^^^^^^^^^^^^^^^^^^^^^^^
tests/conftest.py:248: in perform_login_with_entity
    await login.goto()
pages/login_page.py:15: in goto
    await self.page.goto("/login")
venv/lib/python3.12/site-packages/playwright/async_api/_generated.py:8975: in goto
    await self._impl_obj.goto(
venv/lib/python3.12/site-packages/playwright/_impl/_page.py:556: in goto
    return await self._main_frame.goto(**locals_to_params(locals()))
           ^^^^^^^^^^^^^^^^^^^^^^^^^^^^^^^^^^^^^^^^^^^^^^^^^^^^^^^^^
venv/lib/python3.12/site-packages/playwright/_impl/_frame.py:146: in goto
    await self._channel.send(
venv/lib/python3.12/site-packages/playwright/_impl/_connection.py:69: in send
    return await self._connection.wrap_api_call(
venv/lib/python3.12/site-packages/playwright/_impl/_connection.py:558: in wrap_api_call
    raise rewrite_error(error, f"{parsed_st['apiName']}: {error}") from None
E   playwright._impl._errors.Error: Page.goto: net::ERR_INTERNET_DISCONNECTED at https://app.viewz.co/login
E   Call log:
E     - navigating to "https://app.viewz.co/login", waiting until "load"
__ ERROR at setup of TestLedgerOperations.test_verify_filter_controls_display __
venv/lib/python3.12/site-packages/pytest_asyncio/plugin.py:367: in _async_fixture_wrapper
    result = event_loop.run_until_complete(setup_task)
             ^^^^^^^^^^^^^^^^^^^^^^^^^^^^^^^^^^^^^^^^^
../../../.pyenv/versions/3.12.3/lib/python3.12/asyncio/base_events.py:687: in run_until_complete
    return future.result()
           ^^^^^^^^^^^^^^^
venv/lib/python3.12/site-packages/pytest_asyncio/plugin.py:362: in setup
    res = await func(**_add_kwargs(func, kwargs, request))
          ^^^^^^^^^^^^^^^^^^^^^^^^^^^^^^^^^^^^^^^^^^^^^^^^
tests/conftest.py:248: in perform_login_with_entity
    await login.goto()
pages/login_page.py:15: in goto
    await self.page.goto("/login")
venv/lib/python3.12/site-packages/playwright/async_api/_generated.py:8975: in goto
    await self._impl_obj.goto(
venv/lib/python3.12/site-packages/playwright/_impl/_page.py:556: in goto
    return await self._main_frame.goto(**locals_to_params(locals()))
           ^^^^^^^^^^^^^^^^^^^^^^^^^^^^^^^^^^^^^^^^^^^^^^^^^^^^^^^^^
venv/lib/python3.12/site-packages/playwright/_impl/_frame.py:146: in goto
    await self._channel.send(
venv/lib/python3.12/site-packages/playwright/_impl/_connection.py:69: in send
    return await self._connection.wrap_api_call(
venv/lib/python3.12/site-packages/playwright/_impl/_connection.py:558: in wrap_api_call
    raise rewrite_error(error, f"{parsed_st['apiName']}: {error}") from None
E   playwright._impl._errors.Error: Page.goto: net::ERR_INTERNET_DISCONNECTED at https://app.viewz.co/login
E   Call log:
E     - navigating to "https://app.viewz.co/login", waiting until "load"
______ ERROR at setup of TestLedgerOperations.test_get_total_income_value ______
venv/lib/python3.12/site-packages/pytest_asyncio/plugin.py:367: in _async_fixture_wrapper
    result = event_loop.run_until_complete(setup_task)
             ^^^^^^^^^^^^^^^^^^^^^^^^^^^^^^^^^^^^^^^^^
../../../.pyenv/versions/3.12.3/lib/python3.12/asyncio/base_events.py:687: in run_until_complete
    return future.result()
           ^^^^^^^^^^^^^^^
venv/lib/python3.12/site-packages/pytest_asyncio/plugin.py:362: in setup
    res = await func(**_add_kwargs(func, kwargs, request))
          ^^^^^^^^^^^^^^^^^^^^^^^^^^^^^^^^^^^^^^^^^^^^^^^^
tests/conftest.py:248: in perform_login_with_entity
    await login.goto()
pages/login_page.py:15: in goto
    await self.page.goto("/login")
venv/lib/python3.12/site-packages/playwright/async_api/_generated.py:8975: in goto
    await self._impl_obj.goto(
venv/lib/python3.12/site-packages/playwright/_impl/_page.py:556: in goto
    return await self._main_frame.goto(**locals_to_params(locals()))
           ^^^^^^^^^^^^^^^^^^^^^^^^^^^^^^^^^^^^^^^^^^^^^^^^^^^^^^^^^
venv/lib/python3.12/site-packages/playwright/_impl/_frame.py:146: in goto
    await self._channel.send(
venv/lib/python3.12/site-packages/playwright/_impl/_connection.py:69: in send
    return await self._connection.wrap_api_call(
venv/lib/python3.12/site-packages/playwright/_impl/_connection.py:558: in wrap_api_call
    raise rewrite_error(error, f"{parsed_st['apiName']}: {error}") from None
E   playwright._impl._errors.Error: Page.goto: net::ERR_INTERNET_DISCONNECTED at https://app.viewz.co/login
E   Call log:
E     - navigating to "https://app.viewz.co/login", waiting until "load"
______ ERROR at setup of TestLedgerOperations.test_get_gross_profit_value ______
venv/lib/python3.12/site-packages/pytest_asyncio/plugin.py:367: in _async_fixture_wrapper
    result = event_loop.run_until_complete(setup_task)
             ^^^^^^^^^^^^^^^^^^^^^^^^^^^^^^^^^^^^^^^^^
../../../.pyenv/versions/3.12.3/lib/python3.12/asyncio/base_events.py:687: in run_until_complete
    return future.result()
           ^^^^^^^^^^^^^^^
venv/lib/python3.12/site-packages/pytest_asyncio/plugin.py:362: in setup
    res = await func(**_add_kwargs(func, kwargs, request))
          ^^^^^^^^^^^^^^^^^^^^^^^^^^^^^^^^^^^^^^^^^^^^^^^^
tests/conftest.py:248: in perform_login_with_entity
    await login.goto()
pages/login_page.py:15: in goto
    await self.page.goto("/login")
venv/lib/python3.12/site-packages/playwright/async_api/_generated.py:8975: in goto
    await self._impl_obj.goto(
venv/lib/python3.12/site-packages/playwright/_impl/_page.py:556: in goto
    return await self._main_frame.goto(**locals_to_params(locals()))
           ^^^^^^^^^^^^^^^^^^^^^^^^^^^^^^^^^^^^^^^^^^^^^^^^^^^^^^^^^
venv/lib/python3.12/site-packages/playwright/_impl/_frame.py:146: in goto
    await self._channel.send(
venv/lib/python3.12/site-packages/playwright/_impl/_connection.py:69: in send
    return await self._connection.wrap_api_call(
venv/lib/python3.12/site-packages/playwright/_impl/_connection.py:558: in wrap_api_call
    raise rewrite_error(error, f"{parsed_st['apiName']}: {error}") from None
E   playwright._impl._errors.Error: Page.goto: net::ERR_INTERNET_DISCONNECTED at https://app.viewz.co/login
E   Call log:
E     - navigating to "https://app.viewz.co/login", waiting until "load"
________ ERROR at setup of TestLedgerOperations.test_get_all_kpi_values ________
venv/lib/python3.12/site-packages/pytest_asyncio/plugin.py:367: in _async_fixture_wrapper
    result = event_loop.run_until_complete(setup_task)
             ^^^^^^^^^^^^^^^^^^^^^^^^^^^^^^^^^^^^^^^^^
../../../.pyenv/versions/3.12.3/lib/python3.12/asyncio/base_events.py:687: in run_until_complete
    return future.result()
           ^^^^^^^^^^^^^^^
venv/lib/python3.12/site-packages/pytest_asyncio/plugin.py:362: in setup
    res = await func(**_add_kwargs(func, kwargs, request))
          ^^^^^^^^^^^^^^^^^^^^^^^^^^^^^^^^^^^^^^^^^^^^^^^^
tests/conftest.py:248: in perform_login_with_entity
    await login.goto()
pages/login_page.py:15: in goto
    await self.page.goto("/login")
venv/lib/python3.12/site-packages/playwright/async_api/_generated.py:8975: in goto
    await self._impl_obj.goto(
venv/lib/python3.12/site-packages/playwright/_impl/_page.py:556: in goto
    return await self._main_frame.goto(**locals_to_params(locals()))
           ^^^^^^^^^^^^^^^^^^^^^^^^^^^^^^^^^^^^^^^^^^^^^^^^^^^^^^^^^
venv/lib/python3.12/site-packages/playwright/_impl/_frame.py:146: in goto
    await self._channel.send(
venv/lib/python3.12/site-packages/playwright/_impl/_connection.py:69: in send
    return await self._connection.wrap_api_call(
venv/lib/python3.12/site-packages/playwright/_impl/_connection.py:558: in wrap_api_call
    raise rewrite_error(error, f"{parsed_st['apiName']}: {error}") from None
E   playwright._impl._errors.Error: Page.goto: net::ERR_INTERNET_DISCONNECTED at https://app.viewz.co/login
E   Call log:
E     - navigating to "https://app.viewz.co/login", waiting until "load"
__ ERROR at setup of TestLedgerOperations.test_period_selection_functionality __
venv/lib/python3.12/site-packages/pytest_asyncio/plugin.py:367: in _async_fixture_wrapper
    result = event_loop.run_until_complete(setup_task)
             ^^^^^^^^^^^^^^^^^^^^^^^^^^^^^^^^^^^^^^^^^
../../../.pyenv/versions/3.12.3/lib/python3.12/asyncio/base_events.py:687: in run_until_complete
    return future.result()
           ^^^^^^^^^^^^^^^
venv/lib/python3.12/site-packages/pytest_asyncio/plugin.py:362: in setup
    res = await func(**_add_kwargs(func, kwargs, request))
          ^^^^^^^^^^^^^^^^^^^^^^^^^^^^^^^^^^^^^^^^^^^^^^^^
tests/conftest.py:248: in perform_login_with_entity
    await login.goto()
pages/login_page.py:15: in goto
    await self.page.goto("/login")
venv/lib/python3.12/site-packages/playwright/async_api/_generated.py:8975: in goto
    await self._impl_obj.goto(
venv/lib/python3.12/site-packages/playwright/_impl/_page.py:556: in goto
    return await self._main_frame.goto(**locals_to_params(locals()))
           ^^^^^^^^^^^^^^^^^^^^^^^^^^^^^^^^^^^^^^^^^^^^^^^^^^^^^^^^^
venv/lib/python3.12/site-packages/playwright/_impl/_frame.py:146: in goto
    await self._channel.send(
venv/lib/python3.12/site-packages/playwright/_impl/_connection.py:69: in send
    return await self._connection.wrap_api_call(
venv/lib/python3.12/site-packages/playwright/_impl/_connection.py:558: in wrap_api_call
    raise rewrite_error(error, f"{parsed_st['apiName']}: {error}") from None
E   playwright._impl._errors.Error: Page.goto: net::ERR_INTERNET_DISCONNECTED at https://app.viewz.co/login
E   Call log:
E     - navigating to "https://app.viewz.co/login", waiting until "load"
____ ERROR at setup of TestLedgerOperations.test_date_preset_functionality _____
venv/lib/python3.12/site-packages/pytest_asyncio/plugin.py:367: in _async_fixture_wrapper
    result = event_loop.run_until_complete(setup_task)
             ^^^^^^^^^^^^^^^^^^^^^^^^^^^^^^^^^^^^^^^^^
../../../.pyenv/versions/3.12.3/lib/python3.12/asyncio/base_events.py:687: in run_until_complete
    return future.result()
           ^^^^^^^^^^^^^^^
venv/lib/python3.12/site-packages/pytest_asyncio/plugin.py:362: in setup
    res = await func(**_add_kwargs(func, kwargs, request))
          ^^^^^^^^^^^^^^^^^^^^^^^^^^^^^^^^^^^^^^^^^^^^^^^^
tests/conftest.py:248: in perform_login_with_entity
    await login.goto()
pages/login_page.py:15: in goto
    await self.page.goto("/login")
venv/lib/python3.12/site-packages/playwright/async_api/_generated.py:8975: in goto
    await self._impl_obj.goto(
venv/lib/python3.12/site-packages/playwright/_impl/_page.py:556: in goto
    return await self._main_frame.goto(**locals_to_params(locals()))
           ^^^^^^^^^^^^^^^^^^^^^^^^^^^^^^^^^^^^^^^^^^^^^^^^^^^^^^^^^
venv/lib/python3.12/site-packages/playwright/_impl/_frame.py:146: in goto
    await self._channel.send(
venv/lib/python3.12/site-packages/playwright/_impl/_connection.py:69: in send
    return await self._connection.wrap_api_call(
venv/lib/python3.12/site-packages/playwright/_impl/_connection.py:558: in wrap_api_call
    raise rewrite_error(error, f"{parsed_st['apiName']}: {error}") from None
E   playwright._impl._errors.Error: Page.goto: net::ERR_INTERNET_DISCONNECTED at https://app.viewz.co/login
E   Call log:
E     - navigating to "https://app.viewz.co/login", waiting until "load"
_____ ERROR at setup of TestLedgerOperations.test_no_data_states_handling ______
venv/lib/python3.12/site-packages/pytest_asyncio/plugin.py:367: in _async_fixture_wrapper
    result = event_loop.run_until_complete(setup_task)
             ^^^^^^^^^^^^^^^^^^^^^^^^^^^^^^^^^^^^^^^^^
../../../.pyenv/versions/3.12.3/lib/python3.12/asyncio/base_events.py:687: in run_until_complete
    return future.result()
           ^^^^^^^^^^^^^^^
venv/lib/python3.12/site-packages/pytest_asyncio/plugin.py:362: in setup
    res = await func(**_add_kwargs(func, kwargs, request))
          ^^^^^^^^^^^^^^^^^^^^^^^^^^^^^^^^^^^^^^^^^^^^^^^^
tests/conftest.py:248: in perform_login_with_entity
    await login.goto()
pages/login_page.py:15: in goto
    await self.page.goto("/login")
venv/lib/python3.12/site-packages/playwright/async_api/_generated.py:8975: in goto
    await self._impl_obj.goto(
venv/lib/python3.12/site-packages/playwright/_impl/_page.py:556: in goto
    return await self._main_frame.goto(**locals_to_params(locals()))
           ^^^^^^^^^^^^^^^^^^^^^^^^^^^^^^^^^^^^^^^^^^^^^^^^^^^^^^^^^
venv/lib/python3.12/site-packages/playwright/_impl/_frame.py:146: in goto
    await self._channel.send(
venv/lib/python3.12/site-packages/playwright/_impl/_connection.py:69: in send
    return await self._connection.wrap_api_call(
venv/lib/python3.12/site-packages/playwright/_impl/_connection.py:558: in wrap_api_call
    raise rewrite_error(error, f"{parsed_st['apiName']}: {error}") from None
E   playwright._impl._errors.Error: Page.goto: net::ERR_INTERNET_DISCONNECTED at https://app.viewz.co/login
E   Call log:
E     - navigating to "https://app.viewz.co/login", waiting until "load"
_____ ERROR at setup of TestLedgerOperations.test_dashboard_url_parameters _____
venv/lib/python3.12/site-packages/pytest_asyncio/plugin.py:367: in _async_fixture_wrapper
    result = event_loop.run_until_complete(setup_task)
             ^^^^^^^^^^^^^^^^^^^^^^^^^^^^^^^^^^^^^^^^^
../../../.pyenv/versions/3.12.3/lib/python3.12/asyncio/base_events.py:687: in run_until_complete
    return future.result()
           ^^^^^^^^^^^^^^^
venv/lib/python3.12/site-packages/pytest_asyncio/plugin.py:362: in setup
    res = await func(**_add_kwargs(func, kwargs, request))
          ^^^^^^^^^^^^^^^^^^^^^^^^^^^^^^^^^^^^^^^^^^^^^^^^
tests/conftest.py:248: in perform_login_with_entity
    await login.goto()
pages/login_page.py:15: in goto
    await self.page.goto("/login")
venv/lib/python3.12/site-packages/playwright/async_api/_generated.py:8975: in goto
    await self._impl_obj.goto(
venv/lib/python3.12/site-packages/playwright/_impl/_page.py:556: in goto
    return await self._main_frame.goto(**locals_to_params(locals()))
           ^^^^^^^^^^^^^^^^^^^^^^^^^^^^^^^^^^^^^^^^^^^^^^^^^^^^^^^^^
venv/lib/python3.12/site-packages/playwright/_impl/_frame.py:146: in goto
    await self._channel.send(
venv/lib/python3.12/site-packages/playwright/_impl/_connection.py:69: in send
    return await self._connection.wrap_api_call(
venv/lib/python3.12/site-packages/playwright/_impl/_connection.py:558: in wrap_api_call
    raise rewrite_error(error, f"{parsed_st['apiName']}: {error}") from None
E   playwright._impl._errors.Error: Page.goto: net::ERR_INTERNET_DISCONNECTED at https://app.viewz.co/login
E   Call log:
E     - navigating to "https://app.viewz.co/login", waiting until "load"
___ ERROR at setup of TestLedgerOperations.test_complete_dashboard_workflow ____
venv/lib/python3.12/site-packages/pytest_asyncio/plugin.py:367: in _async_fixture_wrapper
    result = event_loop.run_until_complete(setup_task)
             ^^^^^^^^^^^^^^^^^^^^^^^^^^^^^^^^^^^^^^^^^
../../../.pyenv/versions/3.12.3/lib/python3.12/asyncio/base_events.py:687: in run_until_complete
    return future.result()
           ^^^^^^^^^^^^^^^
venv/lib/python3.12/site-packages/pytest_asyncio/plugin.py:362: in setup
    res = await func(**_add_kwargs(func, kwargs, request))
          ^^^^^^^^^^^^^^^^^^^^^^^^^^^^^^^^^^^^^^^^^^^^^^^^
tests/conftest.py:248: in perform_login_with_entity
    await login.goto()
pages/login_page.py:15: in goto
    await self.page.goto("/login")
venv/lib/python3.12/site-packages/playwright/async_api/_generated.py:8975: in goto
    await self._impl_obj.goto(
venv/lib/python3.12/site-packages/playwright/_impl/_page.py:556: in goto
    return await self._main_frame.goto(**locals_to_params(locals()))
           ^^^^^^^^^^^^^^^^^^^^^^^^^^^^^^^^^^^^^^^^^^^^^^^^^^^^^^^^^
venv/lib/python3.12/site-packages/playwright/_impl/_frame.py:146: in goto
    await self._channel.send(
venv/lib/python3.12/site-packages/playwright/_impl/_connection.py:69: in send
    return await self._connection.wrap_api_call(
venv/lib/python3.12/site-packages/playwright/_impl/_connection.py:558: in wrap_api_call
    raise rewrite_error(error, f"{parsed_st['apiName']}: {error}") from None
E   playwright._impl._errors.Error: Page.goto: net::ERR_INTERNET_DISCONNECTED at https://app.viewz.co/login
E   Call log:
E     - navigating to "https://app.viewz.co/login", waiting until "load"
_____ ERROR at setup of TestLedgerOperations.test_dashboard_responsiveness _____
venv/lib/python3.12/site-packages/pytest_asyncio/plugin.py:367: in _async_fixture_wrapper
    result = event_loop.run_until_complete(setup_task)
             ^^^^^^^^^^^^^^^^^^^^^^^^^^^^^^^^^^^^^^^^^
../../../.pyenv/versions/3.12.3/lib/python3.12/asyncio/base_events.py:687: in run_until_complete
    return future.result()
           ^^^^^^^^^^^^^^^
venv/lib/python3.12/site-packages/pytest_asyncio/plugin.py:362: in setup
    res = await func(**_add_kwargs(func, kwargs, request))
          ^^^^^^^^^^^^^^^^^^^^^^^^^^^^^^^^^^^^^^^^^^^^^^^^
tests/conftest.py:248: in perform_login_with_entity
    await login.goto()
pages/login_page.py:15: in goto
    await self.page.goto("/login")
venv/lib/python3.12/site-packages/playwright/async_api/_generated.py:8975: in goto
    await self._impl_obj.goto(
venv/lib/python3.12/site-packages/playwright/_impl/_page.py:556: in goto
    return await self._main_frame.goto(**locals_to_params(locals()))
           ^^^^^^^^^^^^^^^^^^^^^^^^^^^^^^^^^^^^^^^^^^^^^^^^^^^^^^^^^
venv/lib/python3.12/site-packages/playwright/_impl/_frame.py:146: in goto
    await self._channel.send(
venv/lib/python3.12/site-packages/playwright/_impl/_connection.py:69: in send
    return await self._connection.wrap_api_call(
venv/lib/python3.12/site-packages/playwright/_impl/_connection.py:558: in wrap_api_call
    raise rewrite_error(error, f"{parsed_st['apiName']}: {error}") from None
E   playwright._impl._errors.Error: Page.goto: net::ERR_INTERNET_DISCONNECTED at https://app.viewz.co/login
E   Call log:
E     - navigating to "https://app.viewz.co/login", waiting until "load"
_______ ERROR at setup of TestLedgerOperations.test_kpi_data_consistency _______
venv/lib/python3.12/site-packages/pytest_asyncio/plugin.py:367: in _async_fixture_wrapper
    result = event_loop.run_until_complete(setup_task)
             ^^^^^^^^^^^^^^^^^^^^^^^^^^^^^^^^^^^^^^^^^
../../../.pyenv/versions/3.12.3/lib/python3.12/asyncio/base_events.py:687: in run_until_complete
    return future.result()
           ^^^^^^^^^^^^^^^
venv/lib/python3.12/site-packages/pytest_asyncio/plugin.py:362: in setup
    res = await func(**_add_kwargs(func, kwargs, request))
          ^^^^^^^^^^^^^^^^^^^^^^^^^^^^^^^^^^^^^^^^^^^^^^^^
tests/conftest.py:248: in perform_login_with_entity
    await login.goto()
pages/login_page.py:15: in goto
    await self.page.goto("/login")
venv/lib/python3.12/site-packages/playwright/async_api/_generated.py:8975: in goto
    await self._impl_obj.goto(
venv/lib/python3.12/site-packages/playwright/_impl/_page.py:556: in goto
    return await self._main_frame.goto(**locals_to_params(locals()))
           ^^^^^^^^^^^^^^^^^^^^^^^^^^^^^^^^^^^^^^^^^^^^^^^^^^^^^^^^^
venv/lib/python3.12/site-packages/playwright/_impl/_frame.py:146: in goto
    await self._channel.send(
venv/lib/python3.12/site-packages/playwright/_impl/_connection.py:69: in send
    return await self._connection.wrap_api_call(
venv/lib/python3.12/site-packages/playwright/_impl/_connection.py:558: in wrap_api_call
    raise rewrite_error(error, f"{parsed_st['apiName']}: {error}") from None
E   playwright._impl._errors.Error: Page.goto: net::ERR_INTERNET_DISCONNECTED at https://app.viewz.co/login
E   Call log:
E     - navigating to "https://app.viewz.co/login", waiting until "load"
_______ ERROR at setup of TestLedgerOperations.test_period_filter_impact _______
venv/lib/python3.12/site-packages/pytest_asyncio/plugin.py:367: in _async_fixture_wrapper
    result = event_loop.run_until_complete(setup_task)
             ^^^^^^^^^^^^^^^^^^^^^^^^^^^^^^^^^^^^^^^^^
../../../.pyenv/versions/3.12.3/lib/python3.12/asyncio/base_events.py:687: in run_until_complete
    return future.result()
           ^^^^^^^^^^^^^^^
venv/lib/python3.12/site-packages/pytest_asyncio/plugin.py:362: in setup
    res = await func(**_add_kwargs(func, kwargs, request))
          ^^^^^^^^^^^^^^^^^^^^^^^^^^^^^^^^^^^^^^^^^^^^^^^^
tests/conftest.py:248: in perform_login_with_entity
    await login.goto()
pages/login_page.py:15: in goto
    await self.page.goto("/login")
venv/lib/python3.12/site-packages/playwright/async_api/_generated.py:8975: in goto
    await self._impl_obj.goto(
venv/lib/python3.12/site-packages/playwright/_impl/_page.py:556: in goto
    return await self._main_frame.goto(**locals_to_params(locals()))
           ^^^^^^^^^^^^^^^^^^^^^^^^^^^^^^^^^^^^^^^^^^^^^^^^^^^^^^^^^
venv/lib/python3.12/site-packages/playwright/_impl/_frame.py:146: in goto
    await self._channel.send(
venv/lib/python3.12/site-packages/playwright/_impl/_connection.py:69: in send
    return await self._connection.wrap_api_call(
venv/lib/python3.12/site-packages/playwright/_impl/_connection.py:558: in wrap_api_call
    raise rewrite_error(error, f"{parsed_st['apiName']}: {error}") from None
E   playwright._impl._errors.Error: Page.goto: net::ERR_INTERNET_DISCONNECTED at https://app.viewz.co/login
E   Call log:
E     - navigating to "https://app.viewz.co/login", waiting until "load"
_______ ERROR at setup of TestLedgerOperations.test_dashboard_edge_cases _______
venv/lib/python3.12/site-packages/pytest_asyncio/plugin.py:367: in _async_fixture_wrapper
    result = event_loop.run_until_complete(setup_task)
             ^^^^^^^^^^^^^^^^^^^^^^^^^^^^^^^^^^^^^^^^^
../../../.pyenv/versions/3.12.3/lib/python3.12/asyncio/base_events.py:687: in run_until_complete
    return future.result()
           ^^^^^^^^^^^^^^^
venv/lib/python3.12/site-packages/pytest_asyncio/plugin.py:362: in setup
    res = await func(**_add_kwargs(func, kwargs, request))
          ^^^^^^^^^^^^^^^^^^^^^^^^^^^^^^^^^^^^^^^^^^^^^^^^
tests/conftest.py:248: in perform_login_with_entity
    await login.goto()
pages/login_page.py:15: in goto
    await self.page.goto("/login")
venv/lib/python3.12/site-packages/playwright/async_api/_generated.py:8975: in goto
    await self._impl_obj.goto(
venv/lib/python3.12/site-packages/playwright/_impl/_page.py:556: in goto
    return await self._main_frame.goto(**locals_to_params(locals()))
           ^^^^^^^^^^^^^^^^^^^^^^^^^^^^^^^^^^^^^^^^^^^^^^^^^^^^^^^^^
venv/lib/python3.12/site-packages/playwright/_impl/_frame.py:146: in goto
    await self._channel.send(
venv/lib/python3.12/site-packages/playwright/_impl/_connection.py:69: in send
    return await self._connection.wrap_api_call(
venv/lib/python3.12/site-packages/playwright/_impl/_connection.py:558: in wrap_api_call
    raise rewrite_error(error, f"{parsed_st['apiName']}: {error}") from None
E   playwright._impl._errors.Error: Page.goto: net::ERR_INTERNET_DISCONNECTED at https://app.viewz.co/login
E   Call log:
E     - navigating to "https://app.viewz.co/login", waiting until "load"
_______ ERROR at setup of TestLoginScenarios.test_scenario_1_valid_login _______
tests/e2e/login/test_login_scenarios.py:31: in setup
    await page.goto(f"{base_url}/login")
venv/lib/python3.12/site-packages/playwright/async_api/_generated.py:8975: in goto
    await self._impl_obj.goto(
venv/lib/python3.12/site-packages/playwright/_impl/_page.py:556: in goto
    return await self._main_frame.goto(**locals_to_params(locals()))
           ^^^^^^^^^^^^^^^^^^^^^^^^^^^^^^^^^^^^^^^^^^^^^^^^^^^^^^^^^
venv/lib/python3.12/site-packages/playwright/_impl/_frame.py:146: in goto
    await self._channel.send(
venv/lib/python3.12/site-packages/playwright/_impl/_connection.py:69: in send
    return await self._connection.wrap_api_call(
venv/lib/python3.12/site-packages/playwright/_impl/_connection.py:558: in wrap_api_call
    raise rewrite_error(error, f"{parsed_st['apiName']}: {error}") from None
E   playwright._impl._errors.Error: Page.goto: net::ERR_INTERNET_DISCONNECTED at https://app.viewz.co/login
E   Call log:
E     - navigating to "https://app.viewz.co/login", waiting until "load"
_______ ERROR at setup of TestLoginScenarios.test_scenario_2_logout_user _______
tests/e2e/login/test_login_scenarios.py:31: in setup
    await page.goto(f"{base_url}/login")
venv/lib/python3.12/site-packages/playwright/async_api/_generated.py:8975: in goto
    await self._impl_obj.goto(
venv/lib/python3.12/site-packages/playwright/_impl/_page.py:556: in goto
    return await self._main_frame.goto(**locals_to_params(locals()))
           ^^^^^^^^^^^^^^^^^^^^^^^^^^^^^^^^^^^^^^^^^^^^^^^^^^^^^^^^^
venv/lib/python3.12/site-packages/playwright/_impl/_frame.py:146: in goto
    await self._channel.send(
venv/lib/python3.12/site-packages/playwright/_impl/_connection.py:69: in send
    return await self._connection.wrap_api_call(
venv/lib/python3.12/site-packages/playwright/_impl/_connection.py:558: in wrap_api_call
    raise rewrite_error(error, f"{parsed_st['apiName']}: {error}") from None
E   playwright._impl._errors.Error: Page.goto: net::ERR_INTERNET_DISCONNECTED at https://app.viewz.co/login
E   Call log:
E     - navigating to "https://app.viewz.co/login", waiting until "load"
____ ERROR at setup of TestPerformanceRegression.test_page_load_performance ____
venv/lib/python3.12/site-packages/pytest_asyncio/plugin.py:367: in _async_fixture_wrapper
    result = event_loop.run_until_complete(setup_task)
             ^^^^^^^^^^^^^^^^^^^^^^^^^^^^^^^^^^^^^^^^^
../../../.pyenv/versions/3.12.3/lib/python3.12/asyncio/base_events.py:687: in run_until_complete
    return future.result()
           ^^^^^^^^^^^^^^^
venv/lib/python3.12/site-packages/pytest_asyncio/plugin.py:362: in setup
    res = await func(**_add_kwargs(func, kwargs, request))
          ^^^^^^^^^^^^^^^^^^^^^^^^^^^^^^^^^^^^^^^^^^^^^^^^
tests/conftest.py:248: in perform_login_with_entity
    await login.goto()
pages/login_page.py:15: in goto
    await self.page.goto("/login")
venv/lib/python3.12/site-packages/playwright/async_api/_generated.py:8975: in goto
    await self._impl_obj.goto(
venv/lib/python3.12/site-packages/playwright/_impl/_page.py:556: in goto
    return await self._main_frame.goto(**locals_to_params(locals()))
           ^^^^^^^^^^^^^^^^^^^^^^^^^^^^^^^^^^^^^^^^^^^^^^^^^^^^^^^^^
venv/lib/python3.12/site-packages/playwright/_impl/_frame.py:146: in goto
    await self._channel.send(
venv/lib/python3.12/site-packages/playwright/_impl/_connection.py:69: in send
    return await self._connection.wrap_api_call(
venv/lib/python3.12/site-packages/playwright/_impl/_connection.py:558: in wrap_api_call
    raise rewrite_error(error, f"{parsed_st['apiName']}: {error}") from None
E   playwright._impl._errors.TimeoutError: Page.goto: Timeout 30000ms exceeded.
E   Call log:
E     - navigating to "https://app.viewz.co/login", waiting until "load"
=================================== FAILURES ===================================
_________________ TestBOCompleteFlow.test_bo_complete_workflow _________________
tests/e2e/bo/test_bo_complete_flow.py:157: in test_bo_complete_workflow
    relogin_success = await self.bo_accounts_page.perform_complete_relogin_flow(
pages/bo_accounts_page.py:682: in perform_complete_relogin_flow
    if not await self.handle_relogin_otp(otp_secret):
           ^^^^^^^^^^^^^^^^^^^^^^^^^^^^^^^^^^^^^^^^^
pages/bo_accounts_page.py:421: in handle_relogin_otp
    otp_code = totp.now()
               ^^^^^^^^^^
venv/lib/python3.12/site-packages/pyotp/totp.py:64: in now
    return self.generate_otp(self.timecode(datetime.datetime.now()))
           ^^^^^^^^^^^^^^^^^^^^^^^^^^^^^^^^^^^^^^^^^^^^^^^^^^^^^^^^^
venv/lib/python3.12/site-packages/pyotp/otp.py:35: in generate_otp
    hasher = hmac.new(self.byte_secret(), self.int_to_bytestring(input), self.digest)
                      ^^^^^^^^^^^^^^^^^^
venv/lib/python3.12/site-packages/pyotp/otp.py:52: in byte_secret
    return base64.b32decode(secret, casefold=True)
           ^^^^^^^^^^^^^^^^^^^^^^^^^^^^^^^^^^^^^^^
../../../.pyenv/versions/3.12.3/lib/python3.12/base64.py:254: in b32decode
    return _b32decode(_b32alphabet, s, casefold, map01)
           ^^^^^^^^^^^^^^^^^^^^^^^^^^^^^^^^^^^^^^^^^^^^
../../../.pyenv/versions/3.12.3/lib/python3.12/base64.py:236: in _b32decode
    raise binascii.Error('Non-base32 digit found') from None
E   binascii.Error: Non-base32 digit found

During handling of the above exception, another exception occurred:
tests/e2e/bo/test_bo_complete_flow.py:174: in test_bo_complete_workflow
    pytest.fail(f"Account relogin failed: {str(e)}")
E   Failed: Account relogin failed: Non-base32 digit found
---------------------------- Captured stdout setup -----------------------------
ğŸ”§ BO Config loaded: BO Production - https://bo.viewz.co
ğŸ”„ Using PRODUCTION environment config
ğŸš€ BO Test Setup Complete - Environment: BO Production
----------------------------- Captured stdout call -----------------------------

==================================================
STEP 1: BO LOGIN WITH OTP
==================================================
ğŸ” Attempting BO login for user: sharonadmin
âœ… Username filled using selector: input[name="userName"]
âœ… Password filled using selector: input[name="password"]
âœ… Login button clicked using selector: button[type="submit"]
ğŸ” Handling BO OTP verification...
âœ… OTP page detected with indicator: text=code
ğŸ”„ OTP Attempt 1/3
ğŸ• Using fresh OTP: 663996 (valid for 14s)
âœ… OTP typed via keyboard: 663996
âœ… OTP submitted using selector: button:has-text("Verify")
âœ… OTP verification successful! Redirected to: https://bo.viewz.co/settings/accounts
ğŸ” Checking login status at URL: https://bo.viewz.co/settings/accounts
âœ… BO login verified with selector: text=Accounts
âœ… BO Login Successful!

==================================================
STEP 2: NAVIGATE TO ACCOUNTS PAGE
==================================================
ğŸ  Navigating to Accounts page...
ğŸ“ Current URL: https://bo.viewz.co/settings/accounts
âœ… Already on accounts page
âœ… Accounts page verified by URL: https://bo.viewz.co/settings/accounts
âœ… Accounts Navigation Successful!
ğŸ“‹ Retrieving accounts list...
ğŸ“¸ Debug screenshot saved: debug_accounts_list_page.png
âœ… Found 10 potential accounts using selector: table tbody tr
ğŸ“‹ Found 10 actual accounts (excluding headers)
ğŸ“‹ Found 10 accounts available

==================================================
STEP 3: ACCOUNT RELOGIN WITH OTP
==================================================
ğŸ”„ Starting complete relogin flow...
ğŸ  Navigating to Accounts page...
ğŸ“ Current URL: https://bo.viewz.co/settings/accounts
âœ… Already on accounts page
âœ… Accounts page verified by URL: https://bo.viewz.co/settings/accounts
ğŸ¯ Selecting account 0 for relogin...
ğŸ“‹ Retrieving accounts list...
ğŸ“¸ Debug screenshot saved: debug_accounts_list_page.png
âœ… Found 10 potential accounts using selector: table tbody tr
ğŸ“‹ Found 10 actual accounts (excluding headers)
âœ… Selected account: 151408472254Viewz Demo LTDViewz Demo LTD×™×©×¨××œ×™×ª ×—×‘×¨×” ×¤×¨×˜×™×ª×¤×¢×™×œ×”28/07/2023
âœ… Clicked relogin button: [title="Relogin To Account"]
ğŸ” Handling relogin OTP...
ğŸ“ Current URL after relogin click: https://bo.viewz.co/settings/accounts
ğŸ“¸ Debug screenshot: debug_after_relogin_click.png
ğŸ” Number of open pages/tabs: 2
ğŸ”„ Switched to new page: https://app.viewz.co/relogin?appSessionId=c2339d15-bd79-4107-9301-d1b6d604fd6a&jwtToken=eyJhbGciOiJkaXIiLCJlbmMiOiJBMjU2R0NNIiwia2lkIjoiRkxodUhBWFB4Xzd3UWYwb3VsNzM2UV81anRCdlFjV1MtVFo4LVBwTUkzbyJ9..MrGe01JzLgXq5rE3.6pIkPPWpUqK2z94QnM4cilGMQqreutiM4HQU69D5aqvSd4Y0T_Fwgj46vP8PTtGQ1MW0ZHA0W8wYjfGI-Z8EFULHZbZBDMV8lHnv2awK6OlYPGFUm5oVcFlzTCM7XcAjxxavofGHFAipmt4J7bouaUt3MAxbPB-0X7FgtS-D8qVx8BhWNiP4jvthWHzGNqDfIHoZsbwUHY66Pjk6dHOVxT6wyDOqkhmC_R4WpfpG-_C0eT9Zy58LzTa25gRFeCHB5vsHblxsZFCRln8B95woj4pyFT3ms5YogQ5AJBj4My9SDG_kBHHzRsoNJC7Avt3ZC6nKsfMUE4l_ZtJi_5M596Ivr_Kg2hYM27_zLR_Hi051OoVYzQtgs1Ab5BWYPOcEpwT09L5oYtI8gsxBL70r-KBvGCw2hHsigc1dreXn9DsvrSW1Kwl43RMRalSEJUUF_gtF1xGkO9_jwsM8n9nQ_45QysRtZXFeZLB5aqPbgnZjfJ9ebCay6LcXvRKu7WuXVy-3X0uWCu1z_4g_bWjWVbKextxP49t54bxaRDwCFbNdUQT_ofqSCVf4NqvSqWqpskp4_PrLI97jsH5iMl5PCPnaGvwLrjFL5LacSk84ZU4KTgcOQ4YhkhkFZ1HAf854vs7Mj24gLdl_fp8y76Jlxd-vHrLZl9_5WMdj2wlVj_yC0FL_M5OYHLJT3YP6ZKhY_9RL2Q.V4xbSpO9lQig0EFdla38XQ&supportUserId=96&tabId=tab-1766388574541-8m4o6rw&userId=240
ğŸ” Relogin page detected - waiting for OTP dialog...
ğŸ“¸ New window screenshot: debug_relogin_new_window.png
âœ… Found OTP indicator in new window: text=code
ğŸ” OTP required in new window, proceeding with verification...
__________________ TestBOCompleteFlow.test_bo_account_relogin __________________
tests/e2e/bo/test_bo_complete_flow.py:664: in test_bo_account_relogin
    relogin_success = await self.bo_accounts_page.perform_complete_relogin_flow(
pages/bo_accounts_page.py:682: in perform_complete_relogin_flow
    if not await self.handle_relogin_otp(otp_secret):
           ^^^^^^^^^^^^^^^^^^^^^^^^^^^^^^^^^^^^^^^^^
pages/bo_accounts_page.py:421: in handle_relogin_otp
    otp_code = totp.now()
               ^^^^^^^^^^
venv/lib/python3.12/site-packages/pyotp/totp.py:64: in now
    return self.generate_otp(self.timecode(datetime.datetime.now()))
           ^^^^^^^^^^^^^^^^^^^^^^^^^^^^^^^^^^^^^^^^^^^^^^^^^^^^^^^^^
venv/lib/python3.12/site-packages/pyotp/otp.py:35: in generate_otp
    hasher = hmac.new(self.byte_secret(), self.int_to_bytestring(input), self.digest)
                      ^^^^^^^^^^^^^^^^^^
venv/lib/python3.12/site-packages/pyotp/otp.py:52: in byte_secret
    return base64.b32decode(secret, casefold=True)
           ^^^^^^^^^^^^^^^^^^^^^^^^^^^^^^^^^^^^^^^
../../../.pyenv/versions/3.12.3/lib/python3.12/base64.py:254: in b32decode
    return _b32decode(_b32alphabet, s, casefold, map01)
           ^^^^^^^^^^^^^^^^^^^^^^^^^^^^^^^^^^^^^^^^^^^^
../../../.pyenv/versions/3.12.3/lib/python3.12/base64.py:236: in _b32decode
    raise binascii.Error('Non-base32 digit found') from None
E   binascii.Error: Non-base32 digit found

During handling of the above exception, another exception occurred:
tests/e2e/bo/test_bo_complete_flow.py:696: in test_bo_account_relogin
    pytest.fail(f"BO account relogin test failed: {str(e)}")
E   Failed: BO account relogin test failed: Non-base32 digit found
---------------------------- Captured stdout setup -----------------------------
ğŸš€ BO Test Setup Complete - Environment: BO Production
----------------------------- Captured stdout call -----------------------------

ğŸ”„ Testing BO Account Relogin...
ğŸ” Attempting BO login for user: sharonadmin
âœ… Username filled using selector: input[name="userName"]
âœ… Password filled using selector: input[name="password"]
âœ… Login button clicked using selector: button[type="submit"]
ğŸ” Handling BO OTP verification...
âœ… OTP page detected with indicator: text=code
ğŸ”„ OTP Attempt 1/3
ğŸ• Using fresh OTP: 232831 (valid for 10s)
âœ… OTP typed via keyboard: 232831
âœ… OTP submitted using selector: button:has-text("Verify")
âœ… OTP verification successful! Redirected to: https://bo.viewz.co/settings/accounts
ğŸ” Checking login status at URL: https://bo.viewz.co/settings/accounts
âœ… BO login verified with selector: text=Accounts
âœ… BO login successful
ğŸ”„ Starting complete relogin flow...
ğŸ  Navigating to Accounts page...
ğŸ“ Current URL: https://bo.viewz.co/settings/accounts
âœ… Already on accounts page
âœ… Accounts page verified by URL: https://bo.viewz.co/settings/accounts
ğŸ¯ Selecting account 0 for relogin...
ğŸ“‹ Retrieving accounts list...
ğŸ“¸ Debug screenshot saved: debug_accounts_list_page.png
âœ… Found 10 potential accounts using selector: table tbody tr
ğŸ“‹ Found 10 actual accounts (excluding headers)
âœ… Selected account: 151408472254Viewz Demo LTDViewz Demo LTD×™×©×¨××œ×™×ª ×—×‘×¨×” ×¤×¨×˜×™×ª×¤×¢×™×œ×”28/07/2023
âœ… Clicked relogin button: [title="Relogin To Account"]
ğŸ” Handling relogin OTP...
ğŸ“ Current URL after relogin click: https://bo.viewz.co/settings/accounts
ğŸ“¸ Debug screenshot: debug_after_relogin_click.png
ğŸ” Number of open pages/tabs: 2
ğŸ”„ Switched to new page: https://app.viewz.co/relogin?appSessionId=a5774c29-79a6-4111-8e29-b7e3a1c6acfc&jwtToken=eyJhbGciOiJkaXIiLCJlbmMiOiJBMjU2R0NNIiwia2lkIjoiRkxodUhBWFB4Xzd3UWYwb3VsNzM2UV81anRCdlFjV1MtVFo4LVBwTUkzbyJ9..uVOnwu4AgijwrnPx.aHFa-O9pAb_LbGu-KXJDx7dDcOjXUsBsMLJWv-lyEV4RXsQ4Afts2-fzILkqPdumd6yH3T_qJmktQJ5WE0cfTHDuR_ZbHS5Cm1LjT0cEObzuRerMYveC6bp8y6KETqHAFHGqxBwztkDBHXzV1kzSUrlzlMGd-Bf_qxSnCKEU3iOe3lIjrvP3FE9zlBC-gDQUyCEsS3R20SvfmZnMruvwlulK0Su_gZd1FmUAKKi-dM4fI7yGRp_tb84D5gNv-Tcxc1Ddwea1yH5K4pPGY2fmK5aSs_RVEAH4XE0Ab2ar1Bet8oxIH2ihstuqvElKSKk2ndwojVWP2WKOaWz8V28fVRMqoX6vUvpSzNIQqqq0lWAuhFsJUAVs73dS9iuVag5g3ha3JJ1XTDa9DrO6gA-0FBYdl50JwmRxYrw0SVf_zsaldrmWz9s8l_iV9uQi3sxnOPpuQctS-L4ayE39yn0qFxrCGkAn0wN0Mv5eETPXM1V6Y1DnCUMmJwudWm6zTDWuGZGSmyOcAfTCdM8ZB8HGswr0RpEJL48ILEXpFcTdrNmHNwLyLMgltuCU2gKO6ZuFEcjIZoemFpE3XwtO_zDWYcFMxqcWsxAJ9bNOghQEY1e42z25Uk-mKdZ-8nPN_OlKIL2qtA5UZNZUFgx6nRV8P3fGr9dpXutM2oIE2orjduAcQ3Xz1ejLTOTjaBpR4_Mh2Tjf9w.RsRn4_Nlq5En5PUlrQ_nhw&supportUserId=96&tabId=tab-1766388698659-595u5lb&userId=240
ğŸ” Relogin page detected - waiting for OTP dialog...
ğŸ“¸ New window screenshot: debug_relogin_new_window.png
âœ… Found OTP indicator in new window: text=code
ğŸ” OTP required in new window, proceeding with verification...
ğŸ”„ Updating TestRail case 30967 with status 5
âœ… TestRail case 30967 updated successfully
âœ… TestRail case C30967 updated successfully! Result ID: 15095
ğŸ“‹ Status: FAILED
ğŸ’¬ Comment: BO Account Relogin failed: Non-base32 digit found
â±ï¸ Duration: 44.9s
___________ TestBOCompleteFlow.test_bo_relogin_sanity_comprehensive ____________
tests/e2e/bo/test_bo_complete_flow.py:721: in test_bo_relogin_sanity_comprehensive
    relogin_success = await self.bo_accounts_page.perform_complete_relogin_flow(
pages/bo_accounts_page.py:682: in perform_complete_relogin_flow
    if not await self.handle_relogin_otp(otp_secret):
           ^^^^^^^^^^^^^^^^^^^^^^^^^^^^^^^^^^^^^^^^^
pages/bo_accounts_page.py:421: in handle_relogin_otp
    otp_code = totp.now()
               ^^^^^^^^^^
venv/lib/python3.12/site-packages/pyotp/totp.py:64: in now
    return self.generate_otp(self.timecode(datetime.datetime.now()))
           ^^^^^^^^^^^^^^^^^^^^^^^^^^^^^^^^^^^^^^^^^^^^^^^^^^^^^^^^^
venv/lib/python3.12/site-packages/pyotp/otp.py:35: in generate_otp
    hasher = hmac.new(self.byte_secret(), self.int_to_bytestring(input), self.digest)
                      ^^^^^^^^^^^^^^^^^^
venv/lib/python3.12/site-packages/pyotp/otp.py:52: in byte_secret
    return base64.b32decode(secret, casefold=True)
           ^^^^^^^^^^^^^^^^^^^^^^^^^^^^^^^^^^^^^^^
../../../.pyenv/versions/3.12.3/lib/python3.12/base64.py:254: in b32decode
    return _b32decode(_b32alphabet, s, casefold, map01)
           ^^^^^^^^^^^^^^^^^^^^^^^^^^^^^^^^^^^^^^^^^^^^
../../../.pyenv/versions/3.12.3/lib/python3.12/base64.py:236: in _b32decode
    raise binascii.Error('Non-base32 digit found') from None
E   binascii.Error: Non-base32 digit found

During handling of the above exception, another exception occurred:
tests/e2e/bo/test_bo_complete_flow.py:757: in test_bo_relogin_sanity_comprehensive
    pytest.fail(f"BO relogin session sanity test failed: {str(e)}")
E   Failed: BO relogin session sanity test failed: Non-base32 digit found
---------------------------- Captured stdout setup -----------------------------
ğŸš€ BO Test Setup Complete - Environment: BO Production
----------------------------- Captured stdout call -----------------------------

ğŸ§ª Testing BO Relogin Session - Comprehensive Sanity...
ğŸ” Attempting BO login for user: sharonadmin
âœ… Username filled using selector: input[name="userName"]
âœ… Password filled using selector: input[name="password"]
âœ… Login button clicked using selector: button[type="submit"]
ğŸ” Handling BO OTP verification...
âœ… OTP page detected with indicator: text=code
ğŸ”„ OTP Attempt 1/3
ğŸ• Using fresh OTP: 056129 (valid for 19s)
âœ… OTP typed via keyboard: 056129
âœ… OTP submitted using selector: button:has-text("Verify")
âœ… OTP verification successful! Redirected to: https://bo.viewz.co/settings/accounts
ğŸ” Checking login status at URL: https://bo.viewz.co/settings/accounts
âœ… BO login verified with selector: text=Accounts
ğŸ”„ Starting complete relogin flow...
ğŸ  Navigating to Accounts page...
ğŸ“ Current URL: https://bo.viewz.co/settings/accounts
âœ… Already on accounts page
âœ… Accounts page verified by URL: https://bo.viewz.co/settings/accounts
ğŸ¯ Selecting account 0 for relogin...
ğŸ“‹ Retrieving accounts list...
ğŸ“¸ Debug screenshot saved: debug_accounts_list_page.png
âœ… Found 10 potential accounts using selector: table tbody tr
ğŸ“‹ Found 10 actual accounts (excluding headers)
âœ… Selected account: 151408472254Viewz Demo LTDViewz Demo LTD×™×©×¨××œ×™×ª ×—×‘×¨×” ×¤×¨×˜×™×ª×¤×¢×™×œ×”28/07/2023
âœ… Clicked relogin button: [title="Relogin To Account"]
ğŸ” Handling relogin OTP...
ğŸ“ Current URL after relogin click: https://bo.viewz.co/settings/accounts
ğŸ“¸ Debug screenshot: debug_after_relogin_click.png
ğŸ” Number of open pages/tabs: 2
ğŸ”„ Switched to new page: https://app.viewz.co/relogin?appSessionId=6b6bba3a-1013-43d3-bcfb-88115df0cfeb&jwtToken=eyJhbGciOiJkaXIiLCJlbmMiOiJBMjU2R0NNIiwia2lkIjoiRkxodUhBWFB4Xzd3UWYwb3VsNzM2UV81anRCdlFjV1MtVFo4LVBwTUkzbyJ9..JoEd_KnUfd1TmJ_J.4hKgyye1N06p4VaeXmrGaZw--gaViBmEM_gvMa1QSKfKbTzDgIjR7fnES9j5GbyX6ZtLaouIompxi0sWovUm53wPCXfKVoRR1HMb7wVZw7wSygODwjg_2gpGav9pBY2qN13H9noNsn-1eIwXlMQ3Owug3eL5A0pCyH2mnnQRjikjyoZlCf2oaCCGggzdNurmeUoL5XwHZG38bQGgIOZ3o6IfI8E0jrrw4zu1U3P_9HDj7lIKZ05Fd8Jy4cbW3Os6th2BIbQQ3o1nSF8X15eDsxuvEJv9phGIs0PgDgbvHPzUg4b0aAXG8Zy9JuG6lQ-Ux-INOWyPZkXo4iDiRdDrmnU6SQrAQZ6eCfeFrxKYYxnlaT767d77XCoGb_BKtEcNHVg1mTPxap60iM0gZ2QLqYZRbkcrco2dXnCtdaqVZ-gVIySelwcx9pLUK_LmTbdoZiv9bu8w13A7C8xgBg-HzLNFeCP-mdkrpXCzPYoDd_DwgPXBcAdggtFkVdb0jeM8G_Qe-SRzUxClFb_qWCM5GqXy4Q9CsLucAcKMSSkLMki3qspp3UmW6J8u4ql8GbS-wVvQWInFU_YoDqjlKoNoVCZNK3TXcwFy2v-kBCyGmBylF0kM_vq0UGtrLcdNsRiOvBxgYrYThHBgImZcfzBktAeL6yZ-PzObyH1f4EO6ydWbD1DXnz__qnKbvUsiQNjkrrKznA.8e1TwsvNZK5PKPpgYnWWWQ&supportUserId=96&tabId=tab-1766388749993-v1kbmq8&userId=240
ğŸ” Relogin page detected - waiting for OTP dialog...
ğŸ“¸ New window screenshot: debug_relogin_new_window.png
âœ… Found OTP indicator in new window: text=code
ğŸ” OTP required in new window, proceeding with verification...
ğŸ”„ Updating TestRail case 30968 with status 5
âœ… TestRail case 30968 updated successfully
âœ… TestRail case C30968 updated successfully! Result ID: 15097
ğŸ“‹ Status: FAILED
ğŸ’¬ Comment: BO Relogin Session Sanity failed: Non-base32 digit found
â±ï¸ Duration: 45.9s
___________ TestEasySendEmailToPayables.test_easysend_complete_flow ____________
tests/e2e/easysend/test_easysend_email_to_payables.py:799: in test_easysend_complete_flow
    payables_success = await self.navigate_to_payables(app_page)
                       ^^^^^^^^^^^^^^^^^^^^^^^^^^^^^^^^^^^^^^^^^
tests/e2e/easysend/test_easysend_email_to_payables.py:588: in navigate_to_payables
    await page.goto("https://app.stage.viewz.co/reconciliation/payables")
venv/lib/python3.12/site-packages/playwright/async_api/_generated.py:8975: in goto
    await self._impl_obj.goto(
venv/lib/python3.12/site-packages/playwright/_impl/_page.py:556: in goto
    return await self._main_frame.goto(**locals_to_params(locals()))
           ^^^^^^^^^^^^^^^^^^^^^^^^^^^^^^^^^^^^^^^^^^^^^^^^^^^^^^^^^
venv/lib/python3.12/site-packages/playwright/_impl/_frame.py:146: in goto
    await self._channel.send(
venv/lib/python3.12/site-packages/playwright/_impl/_connection.py:69: in send
    return await self._connection.wrap_api_call(
venv/lib/python3.12/site-packages/playwright/_impl/_connection.py:558: in wrap_api_call
    raise rewrite_error(error, f"{parsed_st['apiName']}: {error}") from None
E   playwright._impl._errors.Error: Page.goto: net::ERR_INTERNET_DISCONNECTED at https://app.stage.viewz.co/reconciliation/payables
E   Call log:
E     - navigating to "https://app.stage.viewz.co/reconciliation/payables", waiting until "load"
----------------------------- Captured stdout call -----------------------------

======================================================================
ğŸ§ª TEST: EasySend Email to Payables - Complete E2E Flow (Stage)
======================================================================

==================================================
ğŸ“§ STEP 1: Login to Outlook
==================================================

ğŸ“§ Logging into Outlook...
ğŸ“ Initial URL: https://login.microsoftonline.com/common/oauth2/v2.0/authorize?client_id=9199bf20-a13f-4107-85dc-02114787ef48&scope=https%3A%2F%2Foutlook.office.com%2F.default%20openid%20profile%20offline_access&redirect_uri=https%3A%2F%2Foutlook.office.com%2Fmail%2F&client-request-id=84858332-c9ab-19eb-6422-aae2ac282bd2&response_mode=fragment&client_info=1&prompt=select_account&nonce=019b44ff-3cde-797b-898c-e8fc7ec72be5&state=eyJpZCI6IjAxOWI0NGZmLTNjZGUtNzg2MS1iYzlkLWQwMTZjY2UxOWFiNCIsIm1ldGEiOnsiaW50ZXJhY3Rpb25UeXBlIjoicmVkaXJlY3QifX0%3D%7CaHR0cHM6Ly9vdXRsb29rLm9mZmljZS5jb20vbWFpbC8&claims=%7B%22access_token%22%3A%7B%22xms_cc%22%3A%7B%22values%22%3A%5B%22CP1%22%5D%7D%7D%7D&x-client-SKU=msal.js.browser&x-client-VER=4.26.0&response_type=code&code_challenge=wKjzjHJNdGzT4LOxbo-wui_6P3Dskjb50JsXbRkKuSE&code_challenge_method=S256
ğŸ“ Step 1: Entering email...
âœ… Entered email: automation@viewz.co
âœ… Clicked Next
ğŸ“ Step 2: Entering password...
âœ… Entered password
âœ… Clicked Sign in
ğŸ“ Step 3: Handling 'Stay signed in' prompt...
âœ… Clicked 'Yes' to stay signed in
ğŸ“ Step 4: Waiting for Outlook mail to load...
âœ… Logged into Outlook successfully!
ğŸ“ Final URL: https://outlook.office.com/mail/

==================================================
ğŸ“ STEP 2: Send email with attachment
==================================================

ğŸ“ Composing email with attachment...
   To: easysend@viewz.co
   Subject: Test Invoice 20251222_093919
   Attachment: uploaded_test_files/easysend-invoice.pdf
âœ… Clicked New Mail button
âœ… Filled To field: easysend@viewz.co
ğŸ“ Step 3: Filling Subject...
   Subject input method 1 failed: Frame.is_visible() got an unex
âœ… Filled Subject via placeholder: Test Invoice 20251222_093919
ğŸ“„ Attaching file: /Users/sharonhoffman/Desktop/Automation/playwright_python_framework/uploaded_test_files/easysend-invoice.pdf
âœ… File attached via input 1 (accept: None)

ğŸ“¤ Sending email...
âœ… Clicked Send button
âœ… Email sent successfully!

==================================================
â±ï¸ STEP 3: Wait for EasySend processing (60 seconds)
==================================================
â³ Waiting 60 seconds for EasySend to process the email...
âœ… Wait complete

==================================================
ğŸ¢ STEP 4: Login to BO
==================================================
âœ… Created context with domain-specific auth (BO + App)
ğŸ” Attempting BO login for user: sharonadmin
âœ… Username filled using selector: input[name="userName"]
âœ… Password filled using selector: input[name="password"]
âœ… Login button clicked using selector: button[type="submit"]
ğŸ” 2FA required, entering OTP...
ğŸ” Handling BO OTP verification...
âœ… OTP page detected with indicator: text=code
ğŸ”„ OTP Attempt 1/3
â³ Only 6s left, waiting for fresh OTP...
ğŸ• Using fresh OTP: 364995 (valid for 29s)
âœ… OTP typed via keyboard: 364995
âœ… OTP submitted using selector: button:has-text("Verify")
âœ… OTP verification successful! Redirected to: https://bo.stage.viewz.co/settings/accounts
âœ… BO Login successful. URL: https://bo.stage.viewz.co/settings/accounts
ğŸ’¾ Saved BO auth state

==================================================
ğŸ”„ STEP 5: Relogin to account 71
==================================================
ğŸ“ On accounts page: https://bo.stage.viewz.co/settings/accounts
âœ… Searched for account 71
ğŸ“‹ Found 5 rows in accounts table
âœ… Found account 71 at row 2
âœ… Clicked relogin button: button[value='relogin']
â³ Waiting 7s for fresh OTP window...
ğŸ” Generated relogin OTP: 970167 (valid for 29s)
ğŸ” Filling OTP boxes with code: 970167
   Found 0 input boxes
   Trying keyboard typing approach...
âœ… Typed OTP via keyboard: 970167
âœ… Clicked Verify via JavaScript
âœ… Found app page: https://app.stage.viewz.co/home?entityId=352
âœ… Relogin complete. App URL: https://app.stage.viewz.co/home?entityId=352

==================================================
ğŸ“„ STEP 6: Navigate to Payables
==================================================

âŒ Test failed with error: Page.goto: net::ERR_INTERNET_DISCONNECTED at https://app.stage.viewz.co/reconciliation/payables
Call log:
  - navigating to "https://app.stage.viewz.co/reconciliation/payables", waiting until "load"

----------------------------- Captured stderr call -----------------------------
Traceback (most recent call last):
  File "/Users/sharonhoffman/Desktop/Automation/playwright_python_framework/tests/e2e/easysend/test_easysend_email_to_payables.py", line 799, in test_easysend_complete_flow
    payables_success = await self.navigate_to_payables(app_page)
                       ^^^^^^^^^^^^^^^^^^^^^^^^^^^^^^^^^^^^^^^^^
  File "/Users/sharonhoffman/Desktop/Automation/playwright_python_framework/tests/e2e/easysend/test_easysend_email_to_payables.py", line 588, in navigate_to_payables
    await page.goto("https://app.stage.viewz.co/reconciliation/payables")
  File "/Users/sharonhoffman/Desktop/Automation/playwright_python_framework/venv/lib/python3.12/site-packages/playwright/async_api/_generated.py", line 8975, in goto
    await self._impl_obj.goto(
  File "/Users/sharonhoffman/Desktop/Automation/playwright_python_framework/venv/lib/python3.12/site-packages/playwright/_impl/_page.py", line 556, in goto
    return await self._main_frame.goto(**locals_to_params(locals()))
           ^^^^^^^^^^^^^^^^^^^^^^^^^^^^^^^^^^^^^^^^^^^^^^^^^^^^^^^^^
  File "/Users/sharonhoffman/Desktop/Automation/playwright_python_framework/venv/lib/python3.12/site-packages/playwright/_impl/_frame.py", line 146, in goto
    await self._channel.send(
  File "/Users/sharonhoffman/Desktop/Automation/playwright_python_framework/venv/lib/python3.12/site-packages/playwright/_impl/_connection.py", line 69, in send
    return await self._connection.wrap_api_call(
           ^^^^^^^^^^^^^^^^^^^^^^^^^^^^^^^^^^^^^
  File "/Users/sharonhoffman/Desktop/Automation/playwright_python_framework/venv/lib/python3.12/site-packages/playwright/_impl/_connection.py", line 558, in wrap_api_call
    raise rewrite_error(error, f"{parsed_st['apiName']}: {error}") from None
playwright._impl._errors.Error: Page.goto: net::ERR_INTERNET_DISCONNECTED at https://app.stage.viewz.co/reconciliation/payables
Call log:
  - navigating to "https://app.stage.viewz.co/reconciliation/payables", waiting until "load"

_________ TestEasySendEmailToPayables.test_bo_relogin_to_payables_only _________
tests/e2e/easysend/test_easysend_email_to_payables.py:932: in test_bo_relogin_to_payables_only
    await self.login_to_bo(bo_page, bo_config)
tests/e2e/easysend/test_easysend_email_to_payables.py:394: in login_to_bo
    await bo_login_page.goto_bo()
pages/bo_login_page.py:42: in goto_bo
    await self.page.goto(f"{self.bo_base_url}/login")
venv/lib/python3.12/site-packages/playwright/async_api/_generated.py:8975: in goto
    await self._impl_obj.goto(
venv/lib/python3.12/site-packages/playwright/_impl/_page.py:556: in goto
    return await self._main_frame.goto(**locals_to_params(locals()))
           ^^^^^^^^^^^^^^^^^^^^^^^^^^^^^^^^^^^^^^^^^^^^^^^^^^^^^^^^^
venv/lib/python3.12/site-packages/playwright/_impl/_frame.py:146: in goto
    await self._channel.send(
venv/lib/python3.12/site-packages/playwright/_impl/_connection.py:69: in send
    return await self._connection.wrap_api_call(
venv/lib/python3.12/site-packages/playwright/_impl/_connection.py:558: in wrap_api_call
    raise rewrite_error(error, f"{parsed_st['apiName']}: {error}") from None
E   playwright._impl._errors.Error: Page.goto: net::ERR_INTERNET_DISCONNECTED at https://bo.stage.viewz.co/login
E   Call log:
E     - navigating to "https://bo.stage.viewz.co/login", waiting until "load"
----------------------------- Captured stdout call -----------------------------

======================================================================
ğŸ§ª TEST: BO Relogin to Payables Only (Stage)
======================================================================
âœ… Created context with domain-specific auth (BO + App)

ğŸ¢ Logging into BO...
_______________ TestOutlookSendEmail.test_send_email_to_easysend _______________
tests/e2e/easysend/test_outlook_send_email.py:511: in test_send_email_to_easysend
    login_success = await self.login_to_outlook(page)
                    ^^^^^^^^^^^^^^^^^^^^^^^^^^^^^^^^^
tests/e2e/easysend/test_outlook_send_email.py:32: in login_to_outlook
    await page.goto("https://outlook.office.com/mail/")
venv/lib/python3.12/site-packages/playwright/async_api/_generated.py:8975: in goto
    await self._impl_obj.goto(
venv/lib/python3.12/site-packages/playwright/_impl/_page.py:556: in goto
    return await self._main_frame.goto(**locals_to_params(locals()))
           ^^^^^^^^^^^^^^^^^^^^^^^^^^^^^^^^^^^^^^^^^^^^^^^^^^^^^^^^^
venv/lib/python3.12/site-packages/playwright/_impl/_frame.py:146: in goto
    await self._channel.send(
venv/lib/python3.12/site-packages/playwright/_impl/_connection.py:69: in send
    return await self._connection.wrap_api_call(
venv/lib/python3.12/site-packages/playwright/_impl/_connection.py:558: in wrap_api_call
    raise rewrite_error(error, f"{parsed_st['apiName']}: {error}") from None
E   playwright._impl._errors.Error: Page.goto: net::ERR_INTERNET_DISCONNECTED at https://outlook.office.com/mail/
E   Call log:
E     - navigating to "https://outlook.office.com/mail/", waiting until "load"
----------------------------- Captured stdout call -----------------------------

============================================================
ğŸ§ª TEST: Send Email to EasySend
============================================================

ğŸ“§ Logging into Outlook...
__________________________________ test_login __________________________________
tests/e2e/login/test_login.py:37: in test_login
    await login.goto()
pages/login_page.py:15: in goto
    await self.page.goto("/login")
venv/lib/python3.12/site-packages/playwright/async_api/_generated.py:8975: in goto
    await self._impl_obj.goto(
venv/lib/python3.12/site-packages/playwright/_impl/_page.py:556: in goto
    return await self._main_frame.goto(**locals_to_params(locals()))
           ^^^^^^^^^^^^^^^^^^^^^^^^^^^^^^^^^^^^^^^^^^^^^^^^^^^^^^^^^
venv/lib/python3.12/site-packages/playwright/_impl/_frame.py:146: in goto
    await self._channel.send(
venv/lib/python3.12/site-packages/playwright/_impl/_connection.py:69: in send
    return await self._connection.wrap_api_call(
venv/lib/python3.12/site-packages/playwright/_impl/_connection.py:558: in wrap_api_call
    raise rewrite_error(error, f"{parsed_st['apiName']}: {error}") from None
E   playwright._impl._errors.Error: Page.goto: net::ERR_INTERNET_DISCONNECTED at https://app.viewz.co/login
E   Call log:
E     - navigating to "https://app.viewz.co/login", waiting until "load"
----------------------------- Captured stdout call -----------------------------
Current OTP: 518594 (using secret from production environment)
_________________________ test_logout_after_2fa_login __________________________
tests/e2e/logout/test_logout.py:42: in test_logout_after_2fa_login
    await login.goto()
pages/login_page.py:15: in goto
    await self.page.goto("/login")
venv/lib/python3.12/site-packages/playwright/async_api/_generated.py:8975: in goto
    await self._impl_obj.goto(
venv/lib/python3.12/site-packages/playwright/_impl/_page.py:556: in goto
    return await self._main_frame.goto(**locals_to_params(locals()))
           ^^^^^^^^^^^^^^^^^^^^^^^^^^^^^^^^^^^^^^^^^^^^^^^^^^^^^^^^^
venv/lib/python3.12/site-packages/playwright/_impl/_frame.py:146: in goto
    await self._channel.send(
venv/lib/python3.12/site-packages/playwright/_impl/_connection.py:69: in send
    return await self._connection.wrap_api_call(
venv/lib/python3.12/site-packages/playwright/_impl/_connection.py:558: in wrap_api_call
    raise rewrite_error(error, f"{parsed_st['apiName']}: {error}") from None
E   playwright._impl._errors.Error: Page.goto: net::ERR_INTERNET_DISCONNECTED at https://app.viewz.co/login
E   Call log:
E     - navigating to "https://app.viewz.co/login", waiting until "load"
----------------------------- Captured stdout call -----------------------------
ğŸš€ Starting Login + Logout Test with 2FA
==================================================

ğŸ“ Step 1: Login with 2FA
ğŸ” Generated OTP: 518594
__________________________ test_logout_direct_method ___________________________
tests/e2e/logout/test_logout.py:136: in test_logout_direct_method
    await login.goto()
pages/login_page.py:15: in goto
    await self.page.goto("/login")
venv/lib/python3.12/site-packages/playwright/async_api/_generated.py:8975: in goto
    await self._impl_obj.goto(
venv/lib/python3.12/site-packages/playwright/_impl/_page.py:556: in goto
    return await self._main_frame.goto(**locals_to_params(locals()))
           ^^^^^^^^^^^^^^^^^^^^^^^^^^^^^^^^^^^^^^^^^^^^^^^^^^^^^^^^^
venv/lib/python3.12/site-packages/playwright/_impl/_frame.py:146: in goto
    await self._channel.send(
venv/lib/python3.12/site-packages/playwright/_impl/_connection.py:69: in send
    return await self._connection.wrap_api_call(
venv/lib/python3.12/site-packages/playwright/_impl/_connection.py:558: in wrap_api_call
    raise rewrite_error(error, f"{parsed_st['apiName']}: {error}") from None
E   playwright._impl._errors.Error: Page.goto: net::ERR_INTERNET_DISCONNECTED at https://app.viewz.co/login
E   Call log:
E     - navigating to "https://app.viewz.co/login", waiting until "load"
----------------------------- Captured stdout call -----------------------------
ğŸš€ Starting Direct Logout Test
===================================
ğŸ“ Quick login setup...
____ TestCreditCardOperations.test_verify_credit_card_transactions_display _____
tests/e2e/reconciliation/credit_cards/test_credit_card_operations.py:59: in test_verify_credit_card_transactions_display
    assert has_transactions or has_empty_state, "Should show either transactions or empty state"
E   AssertionError: Should show either transactions or empty state
E   assert (False or False)
---------------------------- Captured stdout setup -----------------------------
ğŸ”‘ Using OTP secret from: config file
ğŸ” Generated OTP: 006001
ğŸ” Waiting for 2FA page...
âœ… Found 2FA page: Two-Factor Authentication
ğŸ“ Entering OTP: 006001
âœ… OTP filled via get_by_role('textbox')
ğŸ” Current URL after OTP entry: https://app.viewz.co/login
ğŸ¢ Starting entity selection...
ğŸ¢ Attempting to select entity: Viewz Demo INC
âš ï¸ No entity selector found - entity selection may not be required
âœ… Entity selection completed successfully
ğŸ” Final URL after login: https://app.viewz.co/login
âŒ CRITICAL: Still on login page after fixture! Login failed.
ğŸ“¸ Screenshot saved: debug_login_fixture_failure.png
ğŸ¦ Navigating to Credit Cards section...
âš ï¸ Currently on login page, waiting for authentication...
âš ï¸ UI navigation failed: Frame.is_visible() got an unexpected keyword argument 'timeout', trying direct URL...
ğŸ”— Navigating to: https://app.viewz.co/reconciliation/credit-cards
âš ï¸ Redirected to login page - session may have been lost
----------------------------- Captured stdout call -----------------------------
ğŸš€ Starting test: Verify transactions display
______________ TestSecurityRegression.test_password_requirements _______________
tests/e2e/security/test_security_regression.py:188: in test_password_requirements
    await login.goto()
pages/login_page.py:15: in goto
    await self.page.goto("/login")
venv/lib/python3.12/site-packages/playwright/async_api/_generated.py:8975: in goto
    await self._impl_obj.goto(
venv/lib/python3.12/site-packages/playwright/_impl/_page.py:556: in goto
    return await self._main_frame.goto(**locals_to_params(locals()))
           ^^^^^^^^^^^^^^^^^^^^^^^^^^^^^^^^^^^^^^^^^^^^^^^^^^^^^^^^^
venv/lib/python3.12/site-packages/playwright/_impl/_frame.py:146: in goto
    await self._channel.send(
venv/lib/python3.12/site-packages/playwright/_impl/_connection.py:69: in send
    return await self._connection.wrap_api_call(
venv/lib/python3.12/site-packages/playwright/_impl/_connection.py:558: in wrap_api_call
    raise rewrite_error(error, f"{parsed_st['apiName']}: {error}") from None
E   playwright._impl._errors.TimeoutError: Page.goto: Timeout 30000ms exceeded.
E   Call log:
E     - navigating to "https://app.viewz.co/login", waiting until "load"
----------------------------- Captured stdout call -----------------------------
ğŸ”‘ Testing password requirements...
ğŸ” Testing weak password 1: ***
=============================== warnings summary ===============================
tests/api/test_security_otp_validation.py:311
  /Users/sharonhoffman/Desktop/Automation/playwright_python_framework/tests/api/test_security_otp_validation.py:311: PytestUnknownMarkWarning: Unknown pytest.mark.security - is this a typo?  You can register custom marks to avoid this warning - for details, see https://docs.pytest.org/en/stable/how-to/mark.html
    @pytest.mark.security

tests/api/test_security_otp_validation.py:312
  /Users/sharonhoffman/Desktop/Automation/playwright_python_framework/tests/api/test_security_otp_validation.py:312: PytestUnknownMarkWarning: Unknown pytest.mark.otp_validation - is this a typo?  You can register custom marks to avoid this warning - for details, see https://docs.pytest.org/en/stable/how-to/mark.html
    @pytest.mark.otp_validation

tests/api/test_security_otp_validation.py:346
  /Users/sharonhoffman/Desktop/Automation/playwright_python_framework/tests/api/test_security_otp_validation.py:346: PytestUnknownMarkWarning: Unknown pytest.mark.security - is this a typo?  You can register custom marks to avoid this warning - for details, see https://docs.pytest.org/en/stable/how-to/mark.html
    @pytest.mark.security

tests/api/test_security_otp_validation.py:347
  /Users/sharonhoffman/Desktop/Automation/playwright_python_framework/tests/api/test_security_otp_validation.py:347: PytestUnknownMarkWarning: Unknown pytest.mark.otp_validation - is this a typo?  You can register custom marks to avoid this warning - for details, see https://docs.pytest.org/en/stable/how-to/mark.html
    @pytest.mark.otp_validation

tests/api/test_security_otp_validation.py:369
  /Users/sharonhoffman/Desktop/Automation/playwright_python_framework/tests/api/test_security_otp_validation.py:369: PytestUnknownMarkWarning: Unknown pytest.mark.security - is this a typo?  You can register custom marks to avoid this warning - for details, see https://docs.pytest.org/en/stable/how-to/mark.html
    @pytest.mark.security

tests/api/test_security_otp_validation.py:370
  /Users/sharonhoffman/Desktop/Automation/playwright_python_framework/tests/api/test_security_otp_validation.py:370: PytestUnknownMarkWarning: Unknown pytest.mark.otp_validation - is this a typo?  You can register custom marks to avoid this warning - for details, see https://docs.pytest.org/en/stable/how-to/mark.html
    @pytest.mark.otp_validation

tests/api/test_security_otp_validation.py:392
  /Users/sharonhoffman/Desktop/Automation/playwright_python_framework/tests/api/test_security_otp_validation.py:392: PytestUnknownMarkWarning: Unknown pytest.mark.security - is this a typo?  You can register custom marks to avoid this warning - for details, see https://docs.pytest.org/en/stable/how-to/mark.html
    @pytest.mark.security

tests/api/test_security_otp_validation.py:393
  /Users/sharonhoffman/Desktop/Automation/playwright_python_framework/tests/api/test_security_otp_validation.py:393: PytestUnknownMarkWarning: Unknown pytest.mark.otp_validation - is this a typo?  You can register custom marks to avoid this warning - for details, see https://docs.pytest.org/en/stable/how-to/mark.html
    @pytest.mark.otp_validation

tests/api/test_security_otp_validation.py:415
  /Users/sharonhoffman/Desktop/Automation/playwright_python_framework/tests/api/test_security_otp_validation.py:415: PytestUnknownMarkWarning: Unknown pytest.mark.security - is this a typo?  You can register custom marks to avoid this warning - for details, see https://docs.pytest.org/en/stable/how-to/mark.html
    @pytest.mark.security

tests/api/test_security_otp_validation.py:416
  /Users/sharonhoffman/Desktop/Automation/playwright_python_framework/tests/api/test_security_otp_validation.py:416: PytestUnknownMarkWarning: Unknown pytest.mark.otp_validation - is this a typo?  You can register custom marks to avoid this warning - for details, see https://docs.pytest.org/en/stable/how-to/mark.html
    @pytest.mark.otp_validation

tests/api/test_security_otp_validation.py:438
  /Users/sharonhoffman/Desktop/Automation/playwright_python_framework/tests/api/test_security_otp_validation.py:438: PytestUnknownMarkWarning: Unknown pytest.mark.security - is this a typo?  You can register custom marks to avoid this warning - for details, see https://docs.pytest.org/en/stable/how-to/mark.html
    @pytest.mark.security

tests/api/test_security_otp_validation.py:439
  /Users/sharonhoffman/Desktop/Automation/playwright_python_framework/tests/api/test_security_otp_validation.py:439: PytestUnknownMarkWarning: Unknown pytest.mark.otp_validation - is this a typo?  You can register custom marks to avoid this warning - for details, see https://docs.pytest.org/en/stable/how-to/mark.html
    @pytest.mark.otp_validation

tests/api/test_security_otp_validation.py:473
  /Users/sharonhoffman/Desktop/Automation/playwright_python_framework/tests/api/test_security_otp_validation.py:473: PytestUnknownMarkWarning: Unknown pytest.mark.security - is this a typo?  You can register custom marks to avoid this warning - for details, see https://docs.pytest.org/en/stable/how-to/mark.html
    @pytest.mark.security

tests/api/test_security_otp_validation.py:474
  /Users/sharonhoffman/Desktop/Automation/playwright_python_framework/tests/api/test_security_otp_validation.py:474: PytestUnknownMarkWarning: Unknown pytest.mark.otp_validation - is this a typo?  You can register custom marks to avoid this warning - for details, see https://docs.pytest.org/en/stable/how-to/mark.html
    @pytest.mark.otp_validation

tests/api/test_security_otp_validation.py:509
  /Users/sharonhoffman/Desktop/Automation/playwright_python_framework/tests/api/test_security_otp_validation.py:509: PytestUnknownMarkWarning: Unknown pytest.mark.security - is this a typo?  You can register custom marks to avoid this warning - for details, see https://docs.pytest.org/en/stable/how-to/mark.html
    @pytest.mark.security

tests/api/test_security_otp_validation.py:510
  /Users/sharonhoffman/Desktop/Automation/playwright_python_framework/tests/api/test_security_otp_validation.py:510: PytestUnknownMarkWarning: Unknown pytest.mark.otp_validation - is this a typo?  You can register custom marks to avoid this warning - for details, see https://docs.pytest.org/en/stable/how-to/mark.html
    @pytest.mark.otp_validation

tests/api/test_security_otp_validation.py:543
  /Users/sharonhoffman/Desktop/Automation/playwright_python_framework/tests/api/test_security_otp_validation.py:543: PytestUnknownMarkWarning: Unknown pytest.mark.security - is this a typo?  You can register custom marks to avoid this warning - for details, see https://docs.pytest.org/en/stable/how-to/mark.html
    @pytest.mark.security

tests/api/test_security_otp_validation.py:544
  /Users/sharonhoffman/Desktop/Automation/playwright_python_framework/tests/api/test_security_otp_validation.py:544: PytestUnknownMarkWarning: Unknown pytest.mark.otp_validation - is this a typo?  You can register custom marks to avoid this warning - for details, see https://docs.pytest.org/en/stable/how-to/mark.html
    @pytest.mark.otp_validation

tests/api/test_security_otp_validation.py:598
  /Users/sharonhoffman/Desktop/Automation/playwright_python_framework/tests/api/test_security_otp_validation.py:598: PytestUnknownMarkWarning: Unknown pytest.mark.security - is this a typo?  You can register custom marks to avoid this warning - for details, see https://docs.pytest.org/en/stable/how-to/mark.html
    @pytest.mark.security

tests/api/test_security_otp_validation.py:599
  /Users/sharonhoffman/Desktop/Automation/playwright_python_framework/tests/api/test_security_otp_validation.py:599: PytestUnknownMarkWarning: Unknown pytest.mark.otp_validation - is this a typo?  You can register custom marks to avoid this warning - for details, see https://docs.pytest.org/en/stable/how-to/mark.html
    @pytest.mark.otp_validation

tests/api/test_security_otp_validation.py:639
  /Users/sharonhoffman/Desktop/Automation/playwright_python_framework/tests/api/test_security_otp_validation.py:639: PytestUnknownMarkWarning: Unknown pytest.mark.security - is this a typo?  You can register custom marks to avoid this warning - for details, see https://docs.pytest.org/en/stable/how-to/mark.html
    @pytest.mark.security

tests/api/test_security_otp_validation.py:640
  /Users/sharonhoffman/Desktop/Automation/playwright_python_framework/tests/api/test_security_otp_validation.py:640: PytestUnknownMarkWarning: Unknown pytest.mark.otp_validation - is this a typo?  You can register custom marks to avoid this warning - for details, see https://docs.pytest.org/en/stable/how-to/mark.html
    @pytest.mark.otp_validation

tests/api/test_security_otp_validation.py:681
  /Users/sharonhoffman/Desktop/Automation/playwright_python_framework/tests/api/test_security_otp_validation.py:681: PytestUnknownMarkWarning: Unknown pytest.mark.security - is this a typo?  You can register custom marks to avoid this warning - for details, see https://docs.pytest.org/en/stable/how-to/mark.html
    @pytest.mark.security

tests/api/test_security_otp_validation.py:682
  /Users/sharonhoffman/Desktop/Automation/playwright_python_framework/tests/api/test_security_otp_validation.py:682: PytestUnknownMarkWarning: Unknown pytest.mark.otp_validation - is this a typo?  You can register custom marks to avoid this warning - for details, see https://docs.pytest.org/en/stable/how-to/mark.html
    @pytest.mark.otp_validation

tests/api/test_security_otp_validation.py:767
  /Users/sharonhoffman/Desktop/Automation/playwright_python_framework/tests/api/test_security_otp_validation.py:767: PytestUnknownMarkWarning: Unknown pytest.mark.security - is this a typo?  You can register custom marks to avoid this warning - for details, see https://docs.pytest.org/en/stable/how-to/mark.html
    @pytest.mark.security

tests/api/test_security_otp_validation.py:768
  /Users/sharonhoffman/Desktop/Automation/playwright_python_framework/tests/api/test_security_otp_validation.py:768: PytestUnknownMarkWarning: Unknown pytest.mark.otp_validation - is this a typo?  You can register custom marks to avoid this warning - for details, see https://docs.pytest.org/en/stable/how-to/mark.html
    @pytest.mark.otp_validation

tests/api/test_security_otp_validation.py:826
  /Users/sharonhoffman/Desktop/Automation/playwright_python_framework/tests/api/test_security_otp_validation.py:826: PytestUnknownMarkWarning: Unknown pytest.mark.security - is this a typo?  You can register custom marks to avoid this warning - for details, see https://docs.pytest.org/en/stable/how-to/mark.html
    @pytest.mark.security

tests/e2e/payables/test_invoice_file_upload.py:1386
  /Users/sharonhoffman/Desktop/Automation/playwright_python_framework/tests/e2e/payables/test_invoice_file_upload.py:1386: PytestUnknownMarkWarning: Unknown pytest.mark.testrail_case - is this a typo?  You can register custom marks to avoid this warning - for details, see https://docs.pytest.org/en/stable/how-to/mark.html
    @pytest.mark.testrail_case(7988)

tests/e2e/payables/test_invoice_file_upload.py:1556
  /Users/sharonhoffman/Desktop/Automation/playwright_python_framework/tests/e2e/payables/test_invoice_file_upload.py:1556: PytestUnknownMarkWarning: Unknown pytest.mark.testrail_case - is this a typo?  You can register custom marks to avoid this warning - for details, see https://docs.pytest.org/en/stable/how-to/mark.html
    @pytest.mark.testrail_case(8010)

tests/e2e/payables/test_invoice_file_upload.py:1617
  /Users/sharonhoffman/Desktop/Automation/playwright_python_framework/tests/e2e/payables/test_invoice_file_upload.py:1617: PytestUnknownMarkWarning: Unknown pytest.mark.testrail_case - is this a typo?  You can register custom marks to avoid this warning - for details, see https://docs.pytest.org/en/stable/how-to/mark.html
    @pytest.mark.testrail_case(7989)  # Matches existing mapping

-- Docs: https://docs.pytest.org/en/stable/how-to/capture-warnings.html
=========================== short test summary info ============================
FAILED tests/e2e/bo/test_bo_complete_flow.py::TestBOCompleteFlow::test_bo_complete_workflow - Failed: Account relogin failed: Non-base32 digit found
FAILED tests/e2e/bo/test_bo_complete_flow.py::TestBOCompleteFlow::test_bo_account_relogin - Failed: BO account relogin test failed: Non-base32 digit found
FAILED tests/e2e/bo/test_bo_complete_flow.py::TestBOCompleteFlow::test_bo_relogin_sanity_comprehensive - Failed: BO relogin session sanity test failed: Non-base32 digit found
FAILED tests/e2e/easysend/test_easysend_email_to_payables.py::TestEasySendEmailToPayables::test_easysend_complete_flow - playwright._impl._errors.Error: Page.goto: net::ERR_INTERNET_DISCONNECTED at https://app.stage.viewz.co/reconciliation/payables
Call log:
  - navigating to "https://app.stage.viewz.co/reconciliation/payables", waiting until "load"
FAILED tests/e2e/easysend/test_easysend_email_to_payables.py::TestEasySendEmailToPayables::test_bo_relogin_to_payables_only - playwright._impl._errors.Error: Page.goto: net::ERR_INTERNET_DISCONNECTED at https://bo.stage.viewz.co/login
Call log:
  - navigating to "https://bo.stage.viewz.co/login", waiting until "load"
FAILED tests/e2e/easysend/test_outlook_send_email.py::TestOutlookSendEmail::test_send_email_to_easysend - playwright._impl._errors.Error: Page.goto: net::ERR_INTERNET_DISCONNECTED at https://outlook.office.com/mail/
Call log:
  - navigating to "https://outlook.office.com/mail/", waiting until "load"
FAILED tests/e2e/login/test_login.py::test_login - playwright._impl._errors.Error: Page.goto: net::ERR_INTERNET_DISCONNECTED at https://app.viewz.co/login
Call log:
  - navigating to "https://app.viewz.co/login", waiting until "load"
FAILED tests/e2e/logout/test_logout.py::test_logout_after_2fa_login - playwright._impl._errors.Error: Page.goto: net::ERR_INTERNET_DISCONNECTED at https://app.viewz.co/login
Call log:
  - navigating to "https://app.viewz.co/login", waiting until "load"
FAILED tests/e2e/logout/test_logout.py::test_logout_direct_method - playwright._impl._errors.Error: Page.goto: net::ERR_INTERNET_DISCONNECTED at https://app.viewz.co/login
Call log:
  - navigating to "https://app.viewz.co/login", waiting until "load"
FAILED tests/e2e/reconciliation/credit_cards/test_credit_card_operations.py::TestCreditCardOperations::test_verify_credit_card_transactions_display - AssertionError: Should show either transactions or empty state
assert (False or False)
FAILED tests/e2e/security/test_security_regression.py::TestSecurityRegression::test_password_requirements - playwright._impl._errors.TimeoutError: Page.goto: Timeout 30000ms exceeded.
Call log:
  - navigating to "https://app.viewz.co/login", waiting until "load"
ERROR tests/e2e/invoicing/test_invoicing_operations.py::TestInvoicingOperations::test_invoicing_page_loads - playwright._impl._errors.Error: Page.goto: net::ERR_INTERNET_DISCONNECTED at https://app.viewz.co/login
Call log:
  - navigating to "https://app.viewz.co/login", waiting until "load"
ERROR tests/e2e/invoicing/test_invoicing_operations.py::TestInvoicingOperations::test_invoicing_navigation_elements - playwright._impl._errors.Error: Page.goto: net::ERR_INTERNET_DISCONNECTED at https://app.viewz.co/login
Call log:
  - navigating to "https://app.viewz.co/login", waiting until "load"
ERROR tests/e2e/invoicing/test_invoicing_operations.py::TestInvoicingOperations::test_customer_form_visibility - playwright._impl._errors.Error: Page.goto: net::ERR_INTERNET_DISCONNECTED at https://app.viewz.co/login
Call log:
  - navigating to "https://app.viewz.co/login", waiting until "load"
ERROR tests/e2e/invoicing/test_invoicing_operations.py::TestInvoicingOperations::test_create_customer - playwright._impl._errors.Error: Page.goto: net::ERR_INTERNET_DISCONNECTED at https://app.viewz.co/login
Call log:
  - navigating to "https://app.viewz.co/login", waiting until "load"
ERROR tests/e2e/invoicing/test_invoicing_operations.py::TestInvoicingOperations::test_customer_validation - playwright._impl._errors.Error: Page.goto: net::ERR_INTERNET_DISCONNECTED at https://app.viewz.co/login
Call log:
  - navigating to "https://app.viewz.co/login", waiting until "load"
ERROR tests/e2e/invoicing/test_invoicing_operations.py::TestInvoicingOperations::test_product_form_visibility - playwright._impl._errors.Error: Page.goto: net::ERR_INTERNET_DISCONNECTED at https://app.viewz.co/login
Call log:
  - navigating to "https://app.viewz.co/login", waiting until "load"
ERROR tests/e2e/invoicing/test_invoicing_operations.py::TestInvoicingOperations::test_create_product - playwright._impl._errors.Error: Page.goto: net::ERR_INTERNET_DISCONNECTED at https://app.viewz.co/login
Call log:
  - navigating to "https://app.viewz.co/login", waiting until "load"
ERROR tests/e2e/invoicing/test_invoicing_operations.py::TestInvoicingOperations::test_product_price_validation - playwright._impl._errors.Error: Page.goto: net::ERR_INTERNET_DISCONNECTED at https://app.viewz.co/login
Call log:
  - navigating to "https://app.viewz.co/login", waiting until "load"
ERROR tests/e2e/invoicing/test_invoicing_operations.py::TestInvoicingOperations::test_invoice_form_visibility - playwright._impl._errors.Error: Page.goto: net::ERR_INTERNET_DISCONNECTED at https://app.viewz.co/login
Call log:
  - navigating to "https://app.viewz.co/login", waiting until "load"
ERROR tests/e2e/invoicing/test_invoicing_operations.py::TestInvoicingOperations::test_invoice_list_display - playwright._impl._errors.Error: Page.goto: net::ERR_INTERNET_DISCONNECTED at https://app.viewz.co/login
Call log:
  - navigating to "https://app.viewz.co/login", waiting until "load"
ERROR tests/e2e/invoicing/test_invoicing_operations.py::TestInvoicingOperations::test_complete_invoice_flow - playwright._impl._errors.Error: Page.goto: net::ERR_INTERNET_DISCONNECTED at https://app.viewz.co/login
Call log:
  - navigating to "https://app.viewz.co/login", waiting until "load"
ERROR tests/e2e/invoicing/test_invoicing_operations.py::TestInvoicingOperations::test_invoice_appears_in_receivables - playwright._impl._errors.Error: Page.goto: net::ERR_INTERNET_DISCONNECTED at https://app.viewz.co/login
Call log:
  - navigating to "https://app.viewz.co/login", waiting until "load"
ERROR tests/e2e/invoicing/test_invoicing_operations.py::TestInvoicingOperations::test_duplicate_customer_handling - playwright._impl._errors.Error: Page.goto: net::ERR_INTERNET_DISCONNECTED at https://app.viewz.co/login
Call log:
  - navigating to "https://app.viewz.co/login", waiting until "load"
ERROR tests/e2e/invoicing/test_invoicing_operations.py::TestInvoicingOperations::test_invoice_without_customer - playwright._impl._errors.Error: Page.goto: net::ERR_INTERNET_DISCONNECTED at https://app.viewz.co/login
Call log:
  - navigating to "https://app.viewz.co/login", waiting until "load"
ERROR tests/e2e/invoicing/test_invoicing_operations.py::TestInvoicingOperations::test_invoice_with_zero_quantity - playwright._impl._errors.Error: Page.goto: net::ERR_INTERNET_DISCONNECTED at https://app.viewz.co/login
Call log:
  - navigating to "https://app.viewz.co/login", waiting until "load"
ERROR tests/e2e/invoicing/test_invoicing_operations.py::TestInvoicingOperations::test_invoicing_page_responsiveness - playwright._impl._errors.Error: Page.goto: net::ERR_INTERNET_DISCONNECTED at https://app.viewz.co/login
Call log:
  - navigating to "https://app.viewz.co/login", waiting until "load"
ERROR tests/e2e/invoicing/test_invoicing_operations.py::TestInvoicingOperations::test_invoicing_form_tab_navigation - playwright._impl._errors.Error: Page.goto: net::ERR_INTERNET_DISCONNECTED at https://app.viewz.co/login
Call log:
  - navigating to "https://app.viewz.co/login", waiting until "load"
ERROR tests/e2e/ledger/test_gl_account_operations.py::TestGLAccountOperations::test_chart_of_accounts_page_loads - playwright._impl._errors.Error: Page.goto: net::ERR_INTERNET_DISCONNECTED at https://app.viewz.co/login
Call log:
  - navigating to "https://app.viewz.co/login", waiting until "load"
ERROR tests/e2e/ledger/test_gl_account_operations.py::TestGLAccountOperations::test_add_gl_account_button_visible - playwright._impl._errors.Error: Page.goto: net::ERR_INTERNET_DISCONNECTED at https://app.viewz.co/login
Call log:
  - navigating to "https://app.viewz.co/login", waiting until "load"
ERROR tests/e2e/ledger/test_gl_account_operations.py::TestGLAccountOperations::test_create_gl_account_trade_receivables - playwright._impl._errors.Error: Page.goto: net::ERR_INTERNET_DISCONNECTED at https://app.viewz.co/login
Call log:
  - navigating to "https://app.viewz.co/login", waiting until "load"
ERROR tests/e2e/ledger/test_gl_account_operations.py::TestGLAccountOperations::test_create_gl_account_for_invoicing_precondition - playwright._impl._errors.Error: Page.goto: net::ERR_INTERNET_DISCONNECTED at https://app.viewz.co/login
Call log:
  - navigating to "https://app.viewz.co/login", waiting until "load"
ERROR tests/e2e/ledger/test_gl_account_operations.py::TestGLAccountOperations::test_create_gl_account_different_currencies - playwright._impl._errors.Error: Page.goto: net::ERR_INTERNET_DISCONNECTED at https://app.viewz.co/login
Call log:
  - navigating to "https://app.viewz.co/login", waiting until "load"
ERROR tests/e2e/ledger/test_gl_account_operations.py::TestGLAccountOperations::test_search_gl_account - playwright._impl._errors.Error: Page.goto: net::ERR_INTERNET_DISCONNECTED at https://app.viewz.co/login
Call log:
  - navigating to "https://app.viewz.co/login", waiting until "load"
ERROR tests/e2e/ledger/test_gl_account_operations.py::TestGLAccountOperations::test_add_gl_account_creates_inline_row - playwright._impl._errors.Error: Page.goto: net::ERR_INTERNET_DISCONNECTED at https://app.viewz.co/login
Call log:
  - navigating to "https://app.viewz.co/login", waiting until "load"
ERROR tests/e2e/ledger/test_gl_account_operations.py::TestGLAccountOperations::test_cancel_gl_account_creation - playwright._impl._errors.Error: Page.goto: net::ERR_INTERNET_DISCONNECTED at https://app.viewz.co/login
Call log:
  - navigating to "https://app.viewz.co/login", waiting until "load"
ERROR tests/e2e/ledger/test_ledger_operations.py::TestLedgerOperations::test_verify_ledger_page_loads - playwright._impl._errors.Error: Page.goto: net::ERR_INTERNET_DISCONNECTED at https://app.viewz.co/login
Call log:
  - navigating to "https://app.viewz.co/login", waiting until "load"
ERROR tests/e2e/ledger/test_ledger_operations.py::TestLedgerOperations::test_verify_general_ledger_entries_display - playwright._impl._errors.Error: Page.goto: net::ERR_INTERNET_DISCONNECTED at https://app.viewz.co/login
Call log:
  - navigating to "https://app.viewz.co/login", waiting until "load"
ERROR tests/e2e/ledger/test_ledger_operations.py::TestLedgerOperations::test_verify_account_hierarchy_display - playwright._impl._errors.Error: Page.goto: net::ERR_INTERNET_DISCONNECTED at https://app.viewz.co/login
Call log:
  - navigating to "https://app.viewz.co/login", waiting until "load"
ERROR tests/e2e/ledger/test_ledger_operations.py::TestLedgerOperations::test_ledger_page_responsiveness - playwright._impl._errors.Error: Page.goto: net::ERR_INTERNET_DISCONNECTED at https://app.viewz.co/login
Call log:
  - navigating to "https://app.viewz.co/login", waiting until "load"
ERROR tests/e2e/ledger/test_ledger_operations.py::TestLedgerOperations::test_chart_of_accounts_navigation - playwright._impl._errors.Error: Page.goto: net::ERR_INTERNET_DISCONNECTED at https://app.viewz.co/login
Call log:
  - navigating to "https://app.viewz.co/login", waiting until "load"
ERROR tests/e2e/ledger/test_ledger_operations.py::TestLedgerOperations::test_account_selection_functionality - playwright._impl._errors.Error: Page.goto: net::ERR_INTERNET_DISCONNECTED at https://app.viewz.co/login
Call log:
  - navigating to "https://app.viewz.co/login", waiting until "load"
ERROR tests/e2e/ledger/test_ledger_operations.py::TestLedgerOperations::test_account_balance_display - playwright._impl._errors.Error: Page.goto: net::ERR_INTERNET_DISCONNECTED at https://app.viewz.co/login
Call log:
  - navigating to "https://app.viewz.co/login", waiting until "load"
ERROR tests/e2e/ledger/test_ledger_operations.py::TestLedgerOperations::test_account_details_popup - playwright._impl._errors.Error: Page.goto: net::ERR_INTERNET_DISCONNECTED at https://app.viewz.co/login
Call log:
  - navigating to "https://app.viewz.co/login", waiting until "load"
ERROR tests/e2e/ledger/test_ledger_operations.py::TestLedgerOperations::test_journal_entries_filtering_by_date - playwright._impl._errors.Error: Page.goto: net::ERR_INTERNET_DISCONNECTED at https://app.viewz.co/login
Call log:
  - navigating to "https://app.viewz.co/login", waiting until "load"
ERROR tests/e2e/ledger/test_ledger_operations.py::TestLedgerOperations::test_journal_entries_filtering_by_account - playwright._impl._errors.Error: Page.goto: net::ERR_INTERNET_DISCONNECTED at https://app.viewz.co/login
Call log:
  - navigating to "https://app.viewz.co/login", waiting until "load"
ERROR tests/e2e/ledger/test_ledger_operations.py::TestLedgerOperations::test_journal_entries_search - playwright._impl._errors.Error: Page.goto: net::ERR_INTERNET_DISCONNECTED at https://app.viewz.co/login
Call log:
  - navigating to "https://app.viewz.co/login", waiting until "load"
ERROR tests/e2e/ledger/test_ledger_operations.py::TestLedgerOperations::test_transaction_drill_down - playwright._impl._errors.Error: Page.goto: net::ERR_INTERNET_DISCONNECTED at https://app.viewz.co/login
Call log:
  - navigating to "https://app.viewz.co/login", waiting until "load"
ERROR tests/e2e/ledger/test_ledger_operations.py::TestLedgerOperations::test_trial_balance_display - playwright._impl._errors.Error: Page.goto: net::ERR_INTERNET_DISCONNECTED at https://app.viewz.co/login
Call log:
  - navigating to "https://app.viewz.co/login", waiting until "load"
ERROR tests/e2e/ledger/test_ledger_operations.py::TestLedgerOperations::test_account_activity_report - playwright._impl._errors.Error: Page.goto: net::ERR_INTERNET_DISCONNECTED at https://app.viewz.co/login
Call log:
  - navigating to "https://app.viewz.co/login", waiting until "load"
ERROR tests/e2e/ledger/test_ledger_operations.py::TestLedgerOperations::test_export_functionality - playwright._impl._errors.Error: Page.goto: net::ERR_INTERNET_DISCONNECTED at https://app.viewz.co/login
Call log:
  - navigating to "https://app.viewz.co/login", waiting until "load"
ERROR tests/e2e/ledger/test_ledger_operations.py::TestLedgerOperations::test_period_selection - playwright._impl._errors.Error: Page.goto: net::ERR_INTERNET_DISCONNECTED at https://app.viewz.co/login
Call log:
  - navigating to "https://app.viewz.co/login", waiting until "load"
ERROR tests/e2e/ledger/test_ledger_operations.py::TestLedgerOperations::test_manual_journal_entry_creation - playwright._impl._errors.Error: Page.goto: net::ERR_INTERNET_DISCONNECTED at https://app.viewz.co/login
Call log:
  - navigating to "https://app.viewz.co/login", waiting until "load"
ERROR tests/e2e/ledger/test_ledger_operations.py::TestLedgerOperations::test_journal_entry_validation - playwright._impl._errors.Error: Page.goto: net::ERR_INTERNET_DISCONNECTED at https://app.viewz.co/login
Call log:
  - navigating to "https://app.viewz.co/login", waiting until "load"
ERROR tests/e2e/ledger/test_ledger_operations.py::TestLedgerOperations::test_journal_entry_posting - playwright._impl._errors.Error: Page.goto: net::ERR_INTERNET_DISCONNECTED at https://app.viewz.co/login
Call log:
  - navigating to "https://app.viewz.co/login", waiting until "load"
ERROR tests/e2e/ledger/test_ledger_operations.py::TestLedgerOperations::test_journal_entry_reversal - playwright._impl._errors.Error: Page.goto: net::ERR_INTERNET_DISCONNECTED at https://app.viewz.co/login
Call log:
  - navigating to "https://app.viewz.co/login", waiting until "load"
ERROR tests/e2e/ledger/test_ledger_operations.py::TestLedgerOperations::test_bank_reconciliation_integration - playwright._impl._errors.Error: Page.goto: net::ERR_INTERNET_DISCONNECTED at https://app.viewz.co/login
Call log:
  - navigating to "https://app.viewz.co/login", waiting until "load"
ERROR tests/e2e/ledger/test_ledger_operations.py::TestLedgerOperations::test_payables_integration - playwright._impl._errors.Error: Page.goto: net::ERR_INTERNET_DISCONNECTED at https://app.viewz.co/login
Call log:
  - navigating to "https://app.viewz.co/login", waiting until "load"
ERROR tests/e2e/ledger/test_ledger_operations.py::TestLedgerOperations::test_complete_ledger_workflow - playwright._impl._errors.Error: Page.goto: net::ERR_INTERNET_DISCONNECTED at https://app.viewz.co/login
Call log:
  - navigating to "https://app.viewz.co/login", waiting until "load"
ERROR tests/e2e/ledger/test_ledger_operations.py::TestLedgerOperations::test_verify_ledger_dashboard_loads - playwright._impl._errors.Error: Page.goto: net::ERR_INTERNET_DISCONNECTED at https://app.viewz.co/login
Call log:
  - navigating to "https://app.viewz.co/login", waiting until "load"
ERROR tests/e2e/ledger/test_ledger_operations.py::TestLedgerOperations::test_verify_financial_kpis_display - playwright._impl._errors.Error: Page.goto: net::ERR_INTERNET_DISCONNECTED at https://app.viewz.co/login
Call log:
  - navigating to "https://app.viewz.co/login", waiting until "load"
ERROR tests/e2e/ledger/test_ledger_operations.py::TestLedgerOperations::test_verify_filter_controls_display - playwright._impl._errors.Error: Page.goto: net::ERR_INTERNET_DISCONNECTED at https://app.viewz.co/login
Call log:
  - navigating to "https://app.viewz.co/login", waiting until "load"
ERROR tests/e2e/ledger/test_ledger_operations.py::TestLedgerOperations::test_get_total_income_value - playwright._impl._errors.Error: Page.goto: net::ERR_INTERNET_DISCONNECTED at https://app.viewz.co/login
Call log:
  - navigating to "https://app.viewz.co/login", waiting until "load"
ERROR tests/e2e/ledger/test_ledger_operations.py::TestLedgerOperations::test_get_gross_profit_value - playwright._impl._errors.Error: Page.goto: net::ERR_INTERNET_DISCONNECTED at https://app.viewz.co/login
Call log:
  - navigating to "https://app.viewz.co/login", waiting until "load"
ERROR tests/e2e/ledger/test_ledger_operations.py::TestLedgerOperations::test_get_all_kpi_values - playwright._impl._errors.Error: Page.goto: net::ERR_INTERNET_DISCONNECTED at https://app.viewz.co/login
Call log:
  - navigating to "https://app.viewz.co/login", waiting until "load"
ERROR tests/e2e/ledger/test_ledger_operations.py::TestLedgerOperations::test_period_selection_functionality - playwright._impl._errors.Error: Page.goto: net::ERR_INTERNET_DISCONNECTED at https://app.viewz.co/login
Call log:
  - navigating to "https://app.viewz.co/login", waiting until "load"
ERROR tests/e2e/ledger/test_ledger_operations.py::TestLedgerOperations::test_date_preset_functionality - playwright._impl._errors.Error: Page.goto: net::ERR_INTERNET_DISCONNECTED at https://app.viewz.co/login
Call log:
  - navigating to "https://app.viewz.co/login", waiting until "load"
ERROR tests/e2e/ledger/test_ledger_operations.py::TestLedgerOperations::test_no_data_states_handling - playwright._impl._errors.Error: Page.goto: net::ERR_INTERNET_DISCONNECTED at https://app.viewz.co/login
Call log:
  - navigating to "https://app.viewz.co/login", waiting until "load"
ERROR tests/e2e/ledger/test_ledger_operations.py::TestLedgerOperations::test_dashboard_url_parameters - playwright._impl._errors.Error: Page.goto: net::ERR_INTERNET_DISCONNECTED at https://app.viewz.co/login
Call log:
  - navigating to "https://app.viewz.co/login", waiting until "load"
ERROR tests/e2e/ledger/test_ledger_operations.py::TestLedgerOperations::test_complete_dashboard_workflow - playwright._impl._errors.Error: Page.goto: net::ERR_INTERNET_DISCONNECTED at https://app.viewz.co/login
Call log:
  - navigating to "https://app.viewz.co/login", waiting until "load"
ERROR tests/e2e/ledger/test_ledger_operations.py::TestLedgerOperations::test_dashboard_responsiveness - playwright._impl._errors.Error: Page.goto: net::ERR_INTERNET_DISCONNECTED at https://app.viewz.co/login
Call log:
  - navigating to "https://app.viewz.co/login", waiting until "load"
ERROR tests/e2e/ledger/test_ledger_operations.py::TestLedgerOperations::test_kpi_data_consistency - playwright._impl._errors.Error: Page.goto: net::ERR_INTERNET_DISCONNECTED at https://app.viewz.co/login
Call log:
  - navigating to "https://app.viewz.co/login", waiting until "load"
ERROR tests/e2e/ledger/test_ledger_operations.py::TestLedgerOperations::test_period_filter_impact - playwright._impl._errors.Error: Page.goto: net::ERR_INTERNET_DISCONNECTED at https://app.viewz.co/login
Call log:
  - navigating to "https://app.viewz.co/login", waiting until "load"
ERROR tests/e2e/ledger/test_ledger_operations.py::TestLedgerOperations::test_dashboard_edge_cases - playwright._impl._errors.Error: Page.goto: net::ERR_INTERNET_DISCONNECTED at https://app.viewz.co/login
Call log:
  - navigating to "https://app.viewz.co/login", waiting until "load"
ERROR tests/e2e/login/test_login_scenarios.py::TestLoginScenarios::test_scenario_1_valid_login - playwright._impl._errors.Error: Page.goto: net::ERR_INTERNET_DISCONNECTED at https://app.viewz.co/login
Call log:
  - navigating to "https://app.viewz.co/login", waiting until "load"
ERROR tests/e2e/login/test_login_scenarios.py::TestLoginScenarios::test_scenario_2_logout_user - playwright._impl._errors.Error: Page.goto: net::ERR_INTERNET_DISCONNECTED at https://app.viewz.co/login
Call log:
  - navigating to "https://app.viewz.co/login", waiting until "load"
ERROR tests/performance/test_performance_regression.py::TestPerformanceRegression::test_page_load_performance - playwright._impl._errors.TimeoutError: Page.goto: Timeout 30000ms exceeded.
Call log:
  - navigating to "https://app.viewz.co/login", waiting until "load"
= 11 failed, 169 passed, 1 skipped, 30 warnings, 66 errors in 4280.43s (1:11:20) =
