
ğŸ”— TestRail integration enabled
Created TestRail run: 813
============================= test session starts ==============================
platform darwin -- Python 3.12.3, pytest-8.4.1, pluggy-1.6.0 -- /Users/sharonhoffman/Desktop/Automation/playwright_python_framework/venv/bin/python
cachedir: .pytest_cache
metadata: {'Python': '3.12.3', 'Platform': 'macOS-15.6-arm64-arm-64bit', 'Packages': {'pytest': '8.4.1', 'pluggy': '1.6.0'}, 'Plugins': {'anyio': '4.9.0', 'html': '4.1.1', 'xdist': '3.8.0', 'json-report': '1.5.0', 'metadata': '3.1.1', 'typeguard': '4.4.4', 'asyncio': '1.0.0'}, 'CI': 'true'}
rootdir: /Users/sharonhoffman/Desktop/Automation/playwright_python_framework
configfile: pytest.ini
plugins: anyio-4.9.0, html-4.1.1, xdist-3.8.0, json-report-1.5.0, metadata-3.1.1, typeguard-4.4.4, asyncio-1.0.0
asyncio: mode=Mode.STRICT, asyncio_default_fixture_loop_scope=None, asyncio_default_test_loop_scope=function
collecting ... collected 247 items

tests/api/test_date_format_validation.py::TestAPIDateFormatValidation::test_get_journal_entries_valid_date_format_request 
ğŸ” Processing test: test_get_journal_entries_valid_date_format_request
âŒ Bad Request (400). Possible causes:
   1. Test run is closed or doesn't exist
   2. Case ID is invalid for this run
   3. Invalid status ID or data format
âŒ Failed to update TestRail case 7936
âŒ Failed to update TestRail case 7936: 1 
PASSED [  0%]
tests/api/test_date_format_validation.py::TestAPIDateFormatValidation::test_get_journal_entries_invalid_date_format_request 
ğŸ” Processing test: test_get_journal_entries_invalid_date_format_request
âŒ Bad Request (400). Possible causes:
   1. Test run is closed or doesn't exist
   2. Case ID is invalid for this run
   3. Invalid status ID or data format
âŒ Failed to update TestRail case 7937
âŒ Failed to update TestRail case 7937: 1 
PASSED [  0%]
tests/api/test_date_format_validation.py::TestAPIDateFormatValidation::test_create_journal_entry_valid_date_format 
ğŸ” Processing test: test_create_journal_entry_valid_date_format
âŒ Bad Request (400). Possible causes:
   1. Test run is closed or doesn't exist
   2. Case ID is invalid for this run
   3. Invalid status ID or data format
âŒ Failed to update TestRail case 7938
âŒ Failed to update TestRail case 7938: 1 
PASSED [  1%]
tests/api/test_date_format_validation.py::TestAPIDateFormatValidation::test_create_journal_entry_invalid_date_format 
ğŸ” Processing test: test_create_journal_entry_invalid_date_format
âŒ Bad Request (400). Possible causes:
   1. Test run is closed or doesn't exist
   2. Case ID is invalid for this run
   3. Invalid status ID or data format
âŒ Failed to update TestRail case 7939
âŒ Failed to update TestRail case 7939: 1 
PASSED [  1%]
tests/api/test_date_format_validation.py::TestAPIDateFormatValidation::test_get_bank_uploaded_files_date_format 
ğŸ” Processing test: test_get_bank_uploaded_files_date_format
âŒ Bad Request (400). Possible causes:
   1. Test run is closed or doesn't exist
   2. Case ID is invalid for this run
   3. Invalid status ID or data format
âŒ Failed to update TestRail case 7940
âŒ Failed to update TestRail case 7940: 1 
PASSED [  2%]
tests/api/test_date_format_validation.py::TestAPIDateFormatValidation::test_get_bank_transactions_data_date_format 
ğŸ” Processing test: test_get_bank_transactions_data_date_format
âŒ Bad Request (400). Possible causes:
   1. Test run is closed or doesn't exist
   2. Case ID is invalid for this run
   3. Invalid status ID or data format
âŒ Failed to update TestRail case 7941
âŒ Failed to update TestRail case 7941: 1 
PASSED [  2%]
tests/api/test_date_format_validation.py::TestAPIDateFormatValidation::test_get_entity_documents_date_format 
ğŸ” Processing test: test_get_entity_documents_date_format
âŒ Bad Request (400). Possible causes:
   1. Test run is closed or doesn't exist
   2. Case ID is invalid for this run
   3. Invalid status ID or data format
âŒ Failed to update TestRail case 7942
âŒ Failed to update TestRail case 7942: 1 
PASSED [  2%]
tests/api/test_date_format_validation.py::TestAPIDateFormatValidation::test_get_accounting_uploaded_files_date_format 
ğŸ” Processing test: test_get_accounting_uploaded_files_date_format
âŒ Bad Request (400). Possible causes:
   1. Test run is closed or doesn't exist
   2. Case ID is invalid for this run
   3. Invalid status ID or data format
âŒ Failed to update TestRail case 7943
âŒ Failed to update TestRail case 7943: 1 
PASSED [  3%]
tests/api/test_date_format_validation.py::TestAPIDateFormatValidation::test_all_endpoints_reject_invalid_date_formats 
ğŸ” Processing test: test_all_endpoints_reject_invalid_date_formats
âŒ Bad Request (400). Possible causes:
   1. Test run is closed or doesn't exist
   2. Case ID is invalid for this run
   3. Invalid status ID or data format
âŒ Failed to update TestRail case 7944
âŒ Failed to update TestRail case 7944: 1 
PASSED [  3%]
tests/api/test_date_format_validation.py::TestAPIDateFormatValidation::test_date_format_consistency_across_endpoints 
ğŸ” Processing test: test_date_format_consistency_across_endpoints
âŒ Bad Request (400). Possible causes:
   1. Test run is closed or doesn't exist
   2. Case ID is invalid for this run
   3. Invalid status ID or data format
âŒ Failed to update TestRail case 7945
âŒ Failed to update TestRail case 7945: 1 
PASSED [  4%]
tests/api/test_date_format_validation.py::TestAPIDateFormatValidation::test_date_format_validation_demo 
ğŸ” Processing test: test_date_format_validation_demo
âŒ Bad Request (400). Possible causes:
   1. Test run is closed or doesn't exist
   2. Case ID is invalid for this run
   3. Invalid status ID or data format
âŒ Failed to update TestRail case 7946
âŒ Failed to update TestRail case 7946: 1 
PASSED [  4%]
tests/api/test_security_otp_validation.py::TestAPISecurityOTPValidation::test_journal_entries_rejects_unauthenticated_request 
ğŸ” Processing test: test_journal_entries_rejects_unauthenticated_request
âœ… TestRail case 139362 updated successfully
ğŸ“Š Updated TestRail case 139362: 1 
PASSED [  4%]
tests/api/test_security_otp_validation.py::TestAPISecurityOTPValidation::test_bank_files_rejects_unauthenticated_request 
ğŸ” Processing test: test_bank_files_rejects_unauthenticated_request
âœ… TestRail case 139363 updated successfully
ğŸ“Š Updated TestRail case 139363: 1 
PASSED [  5%]
tests/api/test_security_otp_validation.py::TestAPISecurityOTPValidation::test_bank_transactions_rejects_unauthenticated_request 
ğŸ” Processing test: test_bank_transactions_rejects_unauthenticated_request
âœ… TestRail case 139364 updated successfully
ğŸ“Š Updated TestRail case 139364: 1 
PASSED [  5%]
tests/api/test_security_otp_validation.py::TestAPISecurityOTPValidation::test_entity_documents_rejects_unauthenticated_request 
ğŸ” Processing test: test_entity_documents_rejects_unauthenticated_request
âœ… TestRail case 139365 updated successfully
ğŸ“Š Updated TestRail case 139365: 1 
PASSED [  6%]
tests/api/test_security_otp_validation.py::TestAPISecurityOTPValidation::test_accounting_files_rejects_unauthenticated_request 
ğŸ” Processing test: test_accounting_files_rejects_unauthenticated_request
âœ… TestRail case 139366 updated successfully
ğŸ“Š Updated TestRail case 139366: 1 
PASSED [  6%]
tests/api/test_security_otp_validation.py::TestAPISecurityOTPValidation::test_user_info_rejects_unauthenticated_request 
ğŸ” Processing test: test_user_info_rejects_unauthenticated_request
âœ… TestRail case 139367 updated successfully
ğŸ“Š Updated TestRail case 139367: 1 
PASSED [  6%]
tests/api/test_security_otp_validation.py::TestAPISecurityOTPValidation::test_journal_entries_rejects_invalid_token 
ğŸ” Processing test: test_journal_entries_rejects_invalid_token
âœ… TestRail case 139368 updated successfully
ğŸ“Š Updated TestRail case 139368: 1 
PASSED [  7%]
tests/api/test_security_otp_validation.py::TestAPISecurityOTPValidation::test_create_journal_entry_rejects_invalid_token 
ğŸ” Processing test: test_create_journal_entry_rejects_invalid_token
âœ… TestRail case 139369 updated successfully
ğŸ“Š Updated TestRail case 139369: 1 
PASSED [  7%]
tests/api/test_security_otp_validation.py::TestAPISecurityOTPValidation::test_login_does_not_return_token_without_otp 
ğŸ” Processing test: test_login_does_not_return_token_without_otp
âœ… TestRail case 139370 updated successfully
ğŸ“Š Updated TestRail case 139370: 1 
PASSED [  8%]
tests/api/test_security_otp_validation.py::TestAPISecurityOTPValidation::test_otp_validation_rejects_invalid_codes 
ğŸ” Processing test: test_otp_validation_rejects_invalid_codes
âœ… TestRail case 139371 updated successfully
ğŸ“Š Updated TestRail case 139371: 1 
PASSED [  8%]
tests/api/test_security_otp_validation.py::TestAPISecurityOTPValidation::test_otp_validation_rejects_expired_codes 
ğŸ” Processing test: test_otp_validation_rejects_expired_codes
âœ… TestRail case 139372 updated successfully
ğŸ“Š Updated TestRail case 139372: 1 
PASSED [  8%]
tests/api/test_security_otp_validation.py::TestAPISecurityOTPValidation::test_all_sensitive_endpoints_require_auth 
ğŸ” Processing test: test_all_sensitive_endpoints_require_auth
âœ… TestRail case 139373 updated successfully
ğŸ“Š Updated TestRail case 139373: 1 
PASSED [  9%]
tests/api/test_security_otp_validation.py::TestAPISecurityOTPValidation::test_endpoints_reject_manipulated_tokens 
ğŸ” Processing test: test_endpoints_reject_manipulated_tokens
âœ… TestRail case 139374 updated successfully
ğŸ“Š Updated TestRail case 139374: 1 
PASSED [  9%]
tests/api/test_security_otp_validation.py::TestSecurityReportGeneration::test_generate_security_summary 
ğŸ” Processing test: test_generate_security_summary
âŒ Bad Request (400). Possible causes:
   1. Test run is closed or doesn't exist
   2. Case ID is invalid for this run
   3. Invalid status ID or data format
âŒ Failed to update TestRail case 139375
âŒ Failed to update TestRail case 139375: 1 
PASSED [ 10%]
tests/e2e/bo/test_bo_complete_flow.py::TestBOCompleteFlow::test_bo_complete_workflow 
ğŸ” Processing test: test_bo_complete_workflow
ğŸ“¸ Attempting to capture screenshot for failed test: test_bo_complete_workflow
âœ… Screenshot captured: failure_test_bo_complete_workflow_2026-01-04_11-27-02.png
âœ… TestRail case 30964 updated successfully
ğŸ“Š Updated TestRail case 30964: 5 with screenshot
FAILED [ 10%]
tests/e2e/bo/test_bo_complete_flow.py::TestBOCompleteFlow::test_bo_login_only 
ğŸ” Processing test: test_bo_login_only
âœ… TestRail case 30965 updated successfully
ğŸ“Š Updated TestRail case 30965: 1 
PASSED [ 10%]
tests/e2e/bo/test_bo_complete_flow.py::TestBOCompleteFlow::test_bo_accounts_navigation_only 
ğŸ” Processing test: test_bo_accounts_navigation_only
âœ… TestRail case 30966 updated successfully
ğŸ“Š Updated TestRail case 30966: 1 
PASSED [ 11%]
tests/e2e/bo/test_bo_complete_flow.py::TestBOCompleteFlow::test_bo_account_relogin 
ğŸ” Processing test: test_bo_account_relogin
ğŸ“¸ Attempting to capture screenshot for failed test: test_bo_account_relogin
âœ… Screenshot captured: failure_test_bo_account_relogin_2026-01-04_11-29-11.png
âœ… TestRail case 30967 updated successfully
ğŸ“Š Updated TestRail case 30967: 5 with screenshot
FAILED [ 11%]
tests/e2e/bo/test_bo_complete_flow.py::TestBOCompleteFlow::test_bo_relogin_sanity_comprehensive 
ğŸ” Processing test: test_bo_relogin_sanity_comprehensive
ğŸ“¸ Attempting to capture screenshot for failed test: test_bo_relogin_sanity_comprehensive
âœ… Screenshot captured: failure_test_bo_relogin_sanity_comprehensive_2026-01-04_11-30-04.png
âœ… TestRail case 30968 updated successfully
ğŸ“Š Updated TestRail case 30968: 5 with screenshot
FAILED [ 12%]
tests/e2e/bo/test_bo_snapshots.py::TestBOSnapshots::test_bo_visual_snapshots 
ğŸ” Processing test: test_bo_visual_snapshots
âœ… TestRail case 30969 updated successfully
ğŸ“Š Updated TestRail case 30969: 1 
PASSED [ 12%]
tests/e2e/bo/test_bo_snapshots.py::TestBOSnapshots::test_bo_dom_snapshots 
ğŸ” Processing test: test_bo_dom_snapshots
âœ… TestRail case 30970 updated successfully
ğŸ“Š Updated TestRail case 30970: 1 
PASSED [ 12%]
tests/e2e/bo/test_bo_snapshots.py::TestBOSnapshots::test_bo_workflow_snapshots 
ğŸ” Processing test: test_bo_workflow_snapshots
âœ… TestRail case 30971 updated successfully
ğŸ“Š Updated TestRail case 30971: 1 
PASSED [ 13%]
tests/e2e/bo/test_bo_snapshots.py::TestBOSnapshots::test_bo_component_snapshots 
ğŸ” Processing test: test_bo_component_snapshots
âœ… TestRail case 30972 updated successfully
ğŸ“Š Updated TestRail case 30972: 1 
PASSED [ 13%]
tests/e2e/compatibility/test_browser_compatibility.py::TestBrowserCompatibility::test_responsive_design_elements 
ğŸ” Processing test: test_responsive_design_elements
âœ… TestRail case 8063 updated successfully
ğŸ“Š Updated TestRail case 8063: 1 
PASSED [ 14%]
tests/e2e/compatibility/test_browser_compatibility.py::TestBrowserCompatibility::test_print_stylesheet_compatibility 
ğŸ” Processing test: test_print_stylesheet_compatibility
âœ… TestRail case 8065 updated successfully
ğŸ“Š Updated TestRail case 8065: 1 
PASSED [ 14%]
tests/e2e/easysend/test_bo_relogin_only.py::TestBOReloginOnly::test_bo_relogin_flow 
ğŸ” Processing test: test_bo_relogin_flow
â„¹ï¸ Test 'test_bo_relogin_flow' not mapped to TestRail or TestRail disabled
PASSED [ 14%]
tests/e2e/easysend/test_easysend_email_to_payables.py::TestEasySendEmailToPayables::test_easysend_complete_flow 
ğŸ” Processing test: test_easysend_complete_flow
â„¹ï¸ Test 'test_easysend_complete_flow' not mapped to TestRail or TestRail disabled
FAILED [ 15%]
tests/e2e/easysend/test_easysend_email_to_payables.py::TestEasySendEmailToPayables::test_bo_relogin_to_payables_only 
ğŸ” Processing test: test_bo_relogin_to_payables_only
â„¹ï¸ Test 'test_bo_relogin_to_payables_only' not mapped to TestRail or TestRail disabled
PASSED [ 15%]
tests/e2e/easysend/test_outlook_send_email.py::TestOutlookSendEmail::test_send_email_to_easysend 
ğŸ” Processing test: test_send_email_to_easysend
â„¹ï¸ Test 'test_send_email_to_easysend' not mapped to TestRail or TestRail disabled
FAILED [ 16%]
tests/e2e/invoicing/test_invoicing_operations.py::TestInvoicingOperations::test_invoicing_page_loads 
ğŸ” Processing test: test_invoicing_page_loads
âœ… TestRail case 77366 updated successfully
ğŸ“Š Updated TestRail case 77366: 1 
PASSED [ 16%]
tests/e2e/invoicing/test_invoicing_operations.py::TestInvoicingOperations::test_invoicing_navigation_elements 
ğŸ” Processing test: test_invoicing_navigation_elements
âœ… TestRail case 77367 updated successfully
ğŸ“Š Updated TestRail case 77367: 1 
PASSED [ 17%]
tests/e2e/invoicing/test_invoicing_operations.py::TestInvoicingOperations::test_customer_form_visibility 
ğŸ” Processing test: test_customer_form_visibility
âœ… TestRail case 77368 updated successfully
ğŸ“Š Updated TestRail case 77368: 1 
PASSED [ 17%]
tests/e2e/invoicing/test_invoicing_operations.py::TestInvoicingOperations::test_create_customer 
ğŸ” Processing test: test_create_customer
âœ… TestRail case 77369 updated successfully
ğŸ“Š Updated TestRail case 77369: 1 
PASSED [ 17%]
tests/e2e/invoicing/test_invoicing_operations.py::TestInvoicingOperations::test_customer_validation 
ğŸ” Processing test: test_customer_validation
âœ… TestRail case 77370 updated successfully
ğŸ“Š Updated TestRail case 77370: 1 
PASSED [ 18%]
tests/e2e/invoicing/test_invoicing_operations.py::TestInvoicingOperations::test_product_form_visibility 
ğŸ” Processing test: test_product_form_visibility
âœ… TestRail case 77371 updated successfully
ğŸ“Š Updated TestRail case 77371: 1 
PASSED [ 18%]
tests/e2e/invoicing/test_invoicing_operations.py::TestInvoicingOperations::test_create_product 
ğŸ” Processing test: test_create_product
âœ… TestRail case 77372 updated successfully
ğŸ“Š Updated TestRail case 77372: 1 
PASSED [ 19%]
tests/e2e/invoicing/test_invoicing_operations.py::TestInvoicingOperations::test_product_price_validation 
ğŸ” Processing test: test_product_price_validation
âœ… TestRail case 77373 updated successfully
ğŸ“Š Updated TestRail case 77373: 1 
PASSED [ 19%]
tests/e2e/invoicing/test_invoicing_operations.py::TestInvoicingOperations::test_invoice_form_visibility 
ğŸ” Processing test: test_invoice_form_visibility
âœ… TestRail case 77374 updated successfully
ğŸ“Š Updated TestRail case 77374: 1 
PASSED [ 19%]
tests/e2e/invoicing/test_invoicing_operations.py::TestInvoicingOperations::test_invoice_list_display 
ğŸ” Processing test: test_invoice_list_display
âœ… TestRail case 77375 updated successfully
ğŸ“Š Updated TestRail case 77375: 1 
PASSED [ 20%]
tests/e2e/invoicing/test_invoicing_operations.py::TestInvoicingOperations::test_complete_invoice_flow 
ğŸ” Processing test: test_complete_invoice_flow
âœ… TestRail case 77376 updated successfully
ğŸ“Š Updated TestRail case 77376: 1 
PASSED [ 20%]
tests/e2e/invoicing/test_invoicing_operations.py::TestInvoicingOperations::test_invoice_appears_in_receivables 
ğŸ” Processing test: test_invoice_appears_in_receivables
âœ… TestRail case 77377 updated successfully
ğŸ“Š Updated TestRail case 77377: 1 
PASSED [ 21%]
tests/e2e/invoicing/test_invoicing_operations.py::TestInvoicingOperations::test_duplicate_customer_handling 
ğŸ” Processing test: test_duplicate_customer_handling
âœ… TestRail case 77378 updated successfully
ğŸ“Š Updated TestRail case 77378: 1 
PASSED [ 21%]
tests/e2e/invoicing/test_invoicing_operations.py::TestInvoicingOperations::test_invoice_without_customer 
ğŸ” Processing test: test_invoice_without_customer
âœ… TestRail case 77379 updated successfully
ğŸ“Š Updated TestRail case 77379: 1 
PASSED [ 21%]
tests/e2e/invoicing/test_invoicing_operations.py::TestInvoicingOperations::test_invoice_with_zero_quantity 
ğŸ” Processing test: test_invoice_with_zero_quantity
âœ… TestRail case 77380 updated successfully
ğŸ“Š Updated TestRail case 77380: 1 
PASSED [ 22%]
tests/e2e/invoicing/test_invoicing_operations.py::TestInvoicingOperations::test_invoicing_page_responsiveness 
ğŸ” Processing test: test_invoicing_page_responsiveness
âœ… TestRail case 77381 updated successfully
ğŸ“Š Updated TestRail case 77381: 1 
PASSED [ 22%]
tests/e2e/invoicing/test_invoicing_operations.py::TestInvoicingOperations::test_invoicing_form_tab_navigation 
ğŸ” Processing test: test_invoicing_form_tab_navigation
âœ… TestRail case 77382 updated successfully
ğŸ“Š Updated TestRail case 77382: 1 
PASSED [ 23%]
tests/e2e/ledger/test_gl_account_operations.py::TestGLAccountOperations::test_chart_of_accounts_page_loads 
ğŸ” Processing test: test_chart_of_accounts_page_loads
âœ… TestRail case 95338 updated successfully
ğŸ“Š Updated TestRail case 95338: 1 
PASSED [ 23%]
tests/e2e/ledger/test_gl_account_operations.py::TestGLAccountOperations::test_add_gl_account_button_visible 
ğŸ” Processing test: test_add_gl_account_button_visible
âœ… TestRail case 95339 updated successfully
ğŸ“Š Updated TestRail case 95339: 1 
PASSED [ 23%]
tests/e2e/ledger/test_gl_account_operations.py::TestGLAccountOperations::test_create_gl_account_trade_receivables 
ğŸ” Processing test: test_create_gl_account_trade_receivables
âœ… TestRail case 95340 updated successfully
ğŸ“Š Updated TestRail case 95340: 1 
PASSED [ 24%]
tests/e2e/ledger/test_gl_account_operations.py::TestGLAccountOperations::test_create_gl_account_for_invoicing_precondition 
ğŸ” Processing test: test_create_gl_account_for_invoicing_precondition
âœ… TestRail case 95341 updated successfully
ğŸ“Š Updated TestRail case 95341: 1 
PASSED [ 24%]
tests/e2e/ledger/test_gl_account_operations.py::TestGLAccountOperations::test_create_gl_account_different_currencies 
ğŸ” Processing test: test_create_gl_account_different_currencies
âœ… TestRail case 95342 updated successfully
ğŸ“Š Updated TestRail case 95342: 1 
PASSED [ 25%]
tests/e2e/ledger/test_gl_account_operations.py::TestGLAccountOperations::test_search_gl_account 
ğŸ” Processing test: test_search_gl_account
âœ… TestRail case 95343 updated successfully
ğŸ“Š Updated TestRail case 95343: 1 
PASSED [ 25%]
tests/e2e/ledger/test_gl_account_operations.py::TestGLAccountOperations::test_add_gl_account_creates_inline_row 
ğŸ” Processing test: test_add_gl_account_creates_inline_row
âœ… TestRail case 95344 updated successfully
ğŸ“Š Updated TestRail case 95344: 1 
PASSED [ 25%]
tests/e2e/ledger/test_gl_account_operations.py::TestGLAccountOperations::test_cancel_gl_account_creation 
ğŸ” Processing test: test_cancel_gl_account_creation
âœ… TestRail case 95345 updated successfully
ğŸ“Š Updated TestRail case 95345: 1 
PASSED [ 26%]
tests/e2e/ledger/test_ledger_operations.py::TestLedgerOperations::test_verify_ledger_page_loads 
ğŸ” Processing test: test_verify_ledger_page_loads
âœ… TestRail case 8011 updated successfully
ğŸ“Š Updated TestRail case 8011: 1 
PASSED [ 26%]
tests/e2e/ledger/test_ledger_operations.py::TestLedgerOperations::test_verify_general_ledger_entries_display 
ğŸ” Processing test: test_verify_general_ledger_entries_display
âœ… TestRail case 8012 updated successfully
ğŸ“Š Updated TestRail case 8012: 1 
PASSED [ 27%]
tests/e2e/ledger/test_ledger_operations.py::TestLedgerOperations::test_verify_account_hierarchy_display 
ğŸ” Processing test: test_verify_account_hierarchy_display
âœ… TestRail case 8013 updated successfully
ğŸ“Š Updated TestRail case 8013: 1 
PASSED [ 27%]
tests/e2e/ledger/test_ledger_operations.py::TestLedgerOperations::test_ledger_page_responsiveness 
ğŸ” Processing test: test_ledger_page_responsiveness
âœ… TestRail case 8014 updated successfully
ğŸ“Š Updated TestRail case 8014: 1 
PASSED [ 27%]
tests/e2e/ledger/test_ledger_operations.py::TestLedgerOperations::test_chart_of_accounts_navigation 
ğŸ” Processing test: test_chart_of_accounts_navigation
âœ… TestRail case 8015 updated successfully
ğŸ“Š Updated TestRail case 8015: 1 
PASSED [ 28%]
tests/e2e/ledger/test_ledger_operations.py::TestLedgerOperations::test_account_selection_functionality 
ğŸ” Processing test: test_account_selection_functionality
âœ… TestRail case 8016 updated successfully
ğŸ“Š Updated TestRail case 8016: 1 
PASSED [ 28%]
tests/e2e/ledger/test_ledger_operations.py::TestLedgerOperations::test_account_balance_display 
ğŸ” Processing test: test_account_balance_display
âœ… TestRail case 8017 updated successfully
ğŸ“Š Updated TestRail case 8017: 1 
PASSED [ 29%]
tests/e2e/ledger/test_ledger_operations.py::TestLedgerOperations::test_account_details_popup 
ğŸ” Processing test: test_account_details_popup
âœ… TestRail case 8018 updated successfully
ğŸ“Š Updated TestRail case 8018: 1 
PASSED [ 29%]
tests/e2e/ledger/test_ledger_operations.py::TestLedgerOperations::test_journal_entries_filtering_by_date 
ğŸ” Processing test: test_journal_entries_filtering_by_date
âœ… TestRail case 8019 updated successfully
ğŸ“Š Updated TestRail case 8019: 1 
PASSED [ 29%]
tests/e2e/ledger/test_ledger_operations.py::TestLedgerOperations::test_journal_entries_filtering_by_account 
ğŸ” Processing test: test_journal_entries_filtering_by_account
âœ… TestRail case 8020 updated successfully
ğŸ“Š Updated TestRail case 8020: 1 
PASSED [ 30%]
tests/e2e/ledger/test_ledger_operations.py::TestLedgerOperations::test_journal_entries_search 
ğŸ” Processing test: test_journal_entries_search
âœ… TestRail case 8021 updated successfully
ğŸ“Š Updated TestRail case 8021: 1 
PASSED [ 30%]
tests/e2e/ledger/test_ledger_operations.py::TestLedgerOperations::test_transaction_drill_down 
ğŸ” Processing test: test_transaction_drill_down
âœ… TestRail case 8022 updated successfully
ğŸ“Š Updated TestRail case 8022: 1 
PASSED [ 31%]
tests/e2e/ledger/test_ledger_operations.py::TestLedgerOperations::test_trial_balance_display 
ğŸ” Processing test: test_trial_balance_display
âœ… TestRail case 8023 updated successfully
ğŸ“Š Updated TestRail case 8023: 1 
PASSED [ 31%]
tests/e2e/ledger/test_ledger_operations.py::TestLedgerOperations::test_account_activity_report 
ğŸ” Processing test: test_account_activity_report
âœ… TestRail case 8024 updated successfully
ğŸ“Š Updated TestRail case 8024: 1 
PASSED [ 31%]
tests/e2e/ledger/test_ledger_operations.py::TestLedgerOperations::test_export_functionality 
ğŸ” Processing test: test_export_functionality
âœ… TestRail case 8025 updated successfully
ğŸ“Š Updated TestRail case 8025: 1 
PASSED [ 32%]
tests/e2e/ledger/test_ledger_operations.py::TestLedgerOperations::test_period_selection 
ğŸ” Processing test: test_period_selection
âœ… TestRail case 8026 updated successfully
ğŸ“Š Updated TestRail case 8026: 1 
PASSED [ 32%]
tests/e2e/ledger/test_ledger_operations.py::TestLedgerOperations::test_manual_journal_entry_creation 
ğŸ” Processing test: test_manual_journal_entry_creation
âœ… TestRail case 8027 updated successfully
ğŸ“Š Updated TestRail case 8027: 1 
PASSED [ 33%]
tests/e2e/ledger/test_ledger_operations.py::TestLedgerOperations::test_journal_entry_validation 
ğŸ” Processing test: test_journal_entry_validation
âœ… TestRail case 8028 updated successfully
ğŸ“Š Updated TestRail case 8028: 1 
PASSED [ 33%]
tests/e2e/ledger/test_ledger_operations.py::TestLedgerOperations::test_journal_entry_posting 
ğŸ” Processing test: test_journal_entry_posting
âœ… TestRail case 8029 updated successfully
ğŸ“Š Updated TestRail case 8029: 1 
PASSED [ 34%]
tests/e2e/ledger/test_ledger_operations.py::TestLedgerOperations::test_journal_entry_reversal 
ğŸ” Processing test: test_journal_entry_reversal
âœ… TestRail case 8030 updated successfully
ğŸ“Š Updated TestRail case 8030: 1 
PASSED [ 34%]
tests/e2e/ledger/test_ledger_operations.py::TestLedgerOperations::test_bank_reconciliation_integration 
ğŸ” Processing test: test_bank_reconciliation_integration
âœ… TestRail case 8031 updated successfully
ğŸ“Š Updated TestRail case 8031: 1 
PASSED [ 34%]
tests/e2e/ledger/test_ledger_operations.py::TestLedgerOperations::test_payables_integration 
ğŸ” Processing test: test_payables_integration
âœ… TestRail case 8032 updated successfully
ğŸ“Š Updated TestRail case 8032: 1 
PASSED [ 35%]
tests/e2e/ledger/test_ledger_operations.py::TestLedgerOperations::test_complete_ledger_workflow 
ğŸ” Processing test: test_complete_ledger_workflow
âœ… TestRail case 8033 updated successfully
ğŸ“Š Updated TestRail case 8033: 1 
PASSED [ 35%]
tests/e2e/ledger/test_ledger_operations.py::TestLedgerOperations::test_verify_ledger_dashboard_loads 
ğŸ” Processing test: test_verify_ledger_dashboard_loads
âœ… TestRail case 8034 updated successfully
ğŸ“Š Updated TestRail case 8034: 1 
PASSED [ 36%]
tests/e2e/ledger/test_ledger_operations.py::TestLedgerOperations::test_verify_financial_kpis_display 
ğŸ” Processing test: test_verify_financial_kpis_display
âœ… TestRail case 8035 updated successfully
ğŸ“Š Updated TestRail case 8035: 1 
PASSED [ 36%]
tests/e2e/ledger/test_ledger_operations.py::TestLedgerOperations::test_verify_filter_controls_display 
ğŸ” Processing test: test_verify_filter_controls_display
âœ… TestRail case 8036 updated successfully
ğŸ“Š Updated TestRail case 8036: 1 
PASSED [ 36%]
tests/e2e/ledger/test_ledger_operations.py::TestLedgerOperations::test_get_total_income_value 
ğŸ” Processing test: test_get_total_income_value
âœ… TestRail case 8037 updated successfully
ğŸ“Š Updated TestRail case 8037: 1 
PASSED [ 37%]
tests/e2e/ledger/test_ledger_operations.py::TestLedgerOperations::test_get_gross_profit_value 
ğŸ” Processing test: test_get_gross_profit_value
âœ… TestRail case 8038 updated successfully
ğŸ“Š Updated TestRail case 8038: 1 
PASSED [ 37%]
tests/e2e/ledger/test_ledger_operations.py::TestLedgerOperations::test_get_all_kpi_values 
ğŸ” Processing test: test_get_all_kpi_values
âœ… TestRail case 8039 updated successfully
ğŸ“Š Updated TestRail case 8039: 1 
PASSED [ 38%]
tests/e2e/ledger/test_ledger_operations.py::TestLedgerOperations::test_period_selection_functionality 
ğŸ” Processing test: test_period_selection_functionality
âœ… TestRail case 8041 updated successfully
ğŸ“Š Updated TestRail case 8041: 1 
PASSED [ 38%]
tests/e2e/ledger/test_ledger_operations.py::TestLedgerOperations::test_date_preset_functionality 
ğŸ” Processing test: test_date_preset_functionality
âœ… TestRail case 8042 updated successfully
ğŸ“Š Updated TestRail case 8042: 1 
PASSED [ 38%]
tests/e2e/ledger/test_ledger_operations.py::TestLedgerOperations::test_no_data_states_handling 
ğŸ” Processing test: test_no_data_states_handling
âœ… TestRail case 8044 updated successfully
ğŸ“Š Updated TestRail case 8044: 1 
PASSED [ 39%]
tests/e2e/ledger/test_ledger_operations.py::TestLedgerOperations::test_dashboard_url_parameters 
ğŸ” Processing test: test_dashboard_url_parameters
âŒ Bad Request (400). Possible causes:
   1. Test run is closed or doesn't exist
   2. Case ID is invalid for this run
   3. Invalid status ID or data format
âŒ Failed to update TestRail case 8045
âŒ Failed to update TestRail case 8045: 1 
PASSED [ 39%]
tests/e2e/ledger/test_ledger_operations.py::TestLedgerOperations::test_complete_dashboard_workflow 
ğŸ” Processing test: test_complete_dashboard_workflow
âœ… TestRail case 8046 updated successfully
ğŸ“Š Updated TestRail case 8046: 1 
PASSED [ 40%]
tests/e2e/ledger/test_ledger_operations.py::TestLedgerOperations::test_dashboard_responsiveness 
ğŸ” Processing test: test_dashboard_responsiveness
âœ… TestRail case 8047 updated successfully
ğŸ“Š Updated TestRail case 8047: 1 
PASSED [ 40%]
tests/e2e/ledger/test_ledger_operations.py::TestLedgerOperations::test_kpi_data_consistency 
ğŸ” Processing test: test_kpi_data_consistency
âœ… TestRail case 8040 updated successfully
ğŸ“Š Updated TestRail case 8040: 1 
PASSED [ 40%]
tests/e2e/ledger/test_ledger_operations.py::TestLedgerOperations::test_period_filter_impact 
ğŸ” Processing test: test_period_filter_impact
âœ… TestRail case 8043 updated successfully
ğŸ“Š Updated TestRail case 8043: 1 
PASSED [ 41%]
tests/e2e/ledger/test_ledger_operations.py::TestLedgerOperations::test_dashboard_edge_cases 
ğŸ” Processing test: test_dashboard_edge_cases
âœ… TestRail case 8048 updated successfully
ğŸ“Š Updated TestRail case 8048: 1 
PASSED [ 41%]
tests/e2e/login/test_login.py::test_login 
ğŸ” Processing test: test_login
âœ… TestRail case 7947 updated successfully
ğŸ“Š Updated TestRail case 7947: 1 
PASSED                         [ 42%]
tests/e2e/login/test_login_scenarios.py::TestLoginScenarios::test_scenario_1_valid_login 
ğŸ” Processing test: test_scenario_1_valid_login
âœ… TestRail case 7948 updated successfully
ğŸ“Š Updated TestRail case 7948: 1 
PASSED [ 42%]
tests/e2e/login/test_login_scenarios.py::TestLoginScenarios::test_scenario_2_logout_user 
ğŸ” Processing test: test_scenario_2_logout_user
âœ… TestRail case 7949 updated successfully
ğŸ“Š Updated TestRail case 7949: 1 
PASSED [ 42%]
tests/e2e/logout/test_logout.py::test_logout_after_2fa_login 
ğŸ” Processing test: test_logout_after_2fa_login
âœ… TestRail case 7961 updated successfully
ğŸ“Š Updated TestRail case 7961: 1 
PASSED      [ 43%]
tests/e2e/logout/test_logout.py::test_logout_direct_method 
ğŸ” Processing test: test_logout_direct_method
âœ… TestRail case 7962 updated successfully
ğŸ“Š Updated TestRail case 7962: 1 
PASSED        [ 43%]
tests/e2e/logout/test_logout.py::test_logout_via_menu 
ğŸ” Processing test: test_logout_via_menu
âœ… TestRail case 7963 updated successfully
ğŸ“Š Updated TestRail case 7963: 1 
PASSED             [ 44%]
tests/e2e/logout/test_logout.py::test_logout_keyboard_method 
ğŸ” Processing test: test_logout_keyboard_method
âœ… TestRail case 7964 updated successfully
ğŸ“Š Updated TestRail case 7964: 1 
PASSED      [ 44%]
tests/e2e/logout/test_logout.py::test_logout_comprehensive_workflow 
ğŸ” Processing test: test_logout_comprehensive_workflow
âœ… TestRail case 7965 updated successfully
ğŸ“Š Updated TestRail case 7965: 1 
PASSED [ 44%]
tests/e2e/navigation/test_menu_pinning.py::TestMenuPinning::test_menu_pinning_and_navigation 
ğŸ” Processing test: test_menu_pinning_and_navigation
âœ… TestRail case 7960 updated successfully
ğŸ“Š Updated TestRail case 7960: 1 
PASSED [ 45%]
tests/e2e/navigation/test_tabs_navigation.py::test_tab_navigation[text=Home-HomePage] 
ğŸ” Processing test: test_tab_navigation[text=Home-HomePage]
âœ… TestRail case 7950 updated successfully
ğŸ“Š Updated TestRail case 7950: 1 
PASSED [ 45%]
tests/e2e/navigation/test_tabs_navigation.py::test_tab_navigation[text=Vizion AI-VizionAIPage] 
ğŸ” Processing test: test_tab_navigation[text=Vizion AI-VizionAIPage]
âœ… TestRail case 7951 updated successfully
ğŸ“Š Updated TestRail case 7951: 1 
PASSED [ 46%]
tests/e2e/navigation/test_tabs_navigation.py::test_tab_navigation[text=Reconciliation-ReconciliationPage] 
ğŸ” Processing test: test_tab_navigation[text=Reconciliation-ReconciliationPage]
âœ… TestRail case 7952 updated successfully
ğŸ“Š Updated TestRail case 7952: 1 
PASSED [ 46%]
tests/e2e/navigation/test_tabs_navigation.py::test_tab_navigation[text=Ledger-LedgerPage] 
ğŸ” Processing test: test_tab_navigation[text=Ledger-LedgerPage]
âœ… TestRail case 7953 updated successfully
ğŸ“Š Updated TestRail case 7953: 1 
PASSED [ 46%]
tests/e2e/navigation/test_tabs_navigation.py::test_tab_navigation[text=BI Analysis-BIAnalysisPage] 
ğŸ” Processing test: test_tab_navigation[text=BI Analysis-BIAnalysisPage]
âœ… TestRail case 7954 updated successfully
ğŸ“Š Updated TestRail case 7954: 1 
PASSED [ 47%]
tests/e2e/navigation/test_tabs_navigation.py::test_tab_navigation[text=Invoicing-InvoicingPage] 
ğŸ” Processing test: test_tab_navigation[text=Invoicing-InvoicingPage]
â„¹ï¸ Test 'test_tab_navigation[text=Invoicing-InvoicingPage]' not mapped to TestRail or TestRail disabled
PASSED [ 47%]
tests/e2e/navigation/test_tabs_navigation_single_login.py::test_tabs_navigation_single_login 
ğŸ” Processing test: test_tabs_navigation_single_login
âœ… TestRail case 7956 updated successfully
ğŸ“Š Updated TestRail case 7956: 1 
PASSED [ 48%]
tests/e2e/navigation/test_tabs_navigation_with_entity.py::test_tab_navigation_with_entity[text=Home-HomePage] 
ğŸ” Processing test: test_tab_navigation_with_entity[text=Home-HomePage]
âœ… TestRail case 7957 updated successfully
ğŸ“Š Updated TestRail case 7957: 1 
PASSED [ 48%]
tests/e2e/navigation/test_tabs_navigation_with_entity.py::test_tab_navigation_with_entity[text=Vizion AI-VizionAIPage] 
ğŸ” Processing test: test_tab_navigation_with_entity[text=Vizion AI-VizionAIPage]
âœ… TestRail case 7957 updated successfully
ğŸ“Š Updated TestRail case 7957: 1 
PASSED [ 48%]
tests/e2e/navigation/test_tabs_navigation_with_entity.py::test_tab_navigation_with_entity[text=Reconciliation-ReconciliationPage] 
ğŸ” Processing test: test_tab_navigation_with_entity[text=Reconciliation-ReconciliationPage]
âœ… TestRail case 7957 updated successfully
ğŸ“Š Updated TestRail case 7957: 1 
PASSED [ 49%]
tests/e2e/navigation/test_tabs_navigation_with_entity.py::test_tab_navigation_with_entity[text=Ledger-LedgerPage] 
ğŸ” Processing test: test_tab_navigation_with_entity[text=Ledger-LedgerPage]
âœ… TestRail case 7957 updated successfully
ğŸ“Š Updated TestRail case 7957: 1 
PASSED [ 49%]
tests/e2e/navigation/test_tabs_navigation_with_entity.py::test_tab_navigation_with_entity[text=BI Analysis-BIAnalysisPage] 
ğŸ” Processing test: test_tab_navigation_with_entity[text=BI Analysis-BIAnalysisPage]
âœ… TestRail case 7957 updated successfully
ğŸ“Š Updated TestRail case 7957: 1 
PASSED [ 50%]
tests/e2e/navigation/test_tabs_navigation_with_entity.py::test_tab_navigation_with_entity[text=Invoicing-InvoicingPage] 
ğŸ” Processing test: test_tab_navigation_with_entity[text=Invoicing-InvoicingPage]
â„¹ï¸ Test 'test_tab_navigation_with_entity[text=Invoicing-InvoicingPage]' not mapped to TestRail or TestRail disabled
PASSED [ 50%]
tests/e2e/navigation/test_tabs_navigation_with_entity.py::test_entity_selection_validation 
ğŸ” Processing test: test_entity_selection_validation
ğŸ“¸ Attempting to capture screenshot for failed test: test_entity_selection_validation
âœ… Screenshot captured: failure_test_entity_selection_validation_2026-01-04_12-17-25.png
âœ… TestRail case 7958 updated successfully
ğŸ“Š Updated TestRail case 7958: 5 with screenshot
FAILED [ 51%]
tests/e2e/navigation/test_tabs_navigation_with_entity.py::test_tabs_navigation_single_login_with_entity 
ğŸ” Processing test: test_tabs_navigation_single_login_with_entity
âœ… TestRail case 7959 updated successfully
ğŸ“Š Updated TestRail case 7959: 1 
PASSED [ 51%]
tests/e2e/navigation/test_tabs_navigation_with_entity.py::test_navigate_to_invoicing 
ğŸ” Processing test: test_navigate_to_invoicing
â„¹ï¸ Test 'test_navigate_to_invoicing' not mapped to TestRail or TestRail disabled
PASSED [ 51%]
tests/e2e/payables/test_invoice_file_upload.py::TestInvoiceFileUpload::test_upload_invoice_file 
ğŸ” Processing test: test_upload_invoice_file
âœ… TestRail case 7988 updated successfully
ğŸ“Š Updated TestRail case 7988: 1 
PASSED [ 52%]
tests/e2e/payables/test_invoice_file_upload.py::TestInvoiceFileUpload::test_attempt_to_delete_invoice 
ğŸ” Processing test: test_attempt_to_delete_invoice
âœ… TestRail case 8010 updated successfully
ğŸ“Š Updated TestRail case 8010: 1 
PASSED [ 52%]
tests/e2e/payables/test_invoice_file_upload.py::TestInvoiceFileUpload::test_upload_invalid_payable_file_type 
ğŸ” Processing test: test_upload_invalid_payable_file_type
âœ… TestRail case 7989 updated successfully
ğŸ“Š Updated TestRail case 7989: 1 
PASSED [ 53%]
tests/e2e/reconciliation/bank/test_bank_operations.py::TestBankOperations::test_verify_bank_page_loads 
ğŸ” Processing test: test_verify_bank_page_loads
âœ… TestRail case 7966 updated successfully
ğŸ“Š Updated TestRail case 7966: 1 
PASSED [ 53%]
tests/e2e/reconciliation/bank/test_bank_operations.py::TestBankOperations::test_verify_transactions_display 
ğŸ” Processing test: test_verify_transactions_display
âœ… TestRail case 7967 updated successfully
ğŸ“Š Updated TestRail case 7967: 1 
PASSED [ 53%]
tests/e2e/reconciliation/bank/test_bank_operations.py::TestBankOperations::test_bank_account_selection 
ğŸ” Processing test: test_bank_account_selection
âŒ Bad Request (400). Possible causes:
   1. Test run is closed or doesn't exist
   2. Case ID is invalid for this run
   3. Invalid status ID or data format
âŒ Failed to update TestRail case 7970
âŒ Failed to update TestRail case 7970: 1 
PASSED [ 54%]
tests/e2e/reconciliation/bank/test_bank_operations.py::TestBankOperations::test_transaction_filtering_by_date 
ğŸ” Processing test: test_transaction_filtering_by_date
âœ… TestRail case 7974 updated successfully
ğŸ“Š Updated TestRail case 7974: 1 
PASSED [ 54%]
tests/e2e/reconciliation/bank/test_bank_operations.py::TestBankOperations::test_transaction_search 
ğŸ” Processing test: test_transaction_search
âœ… TestRail case 7975 updated successfully
ğŸ“Š Updated TestRail case 7975: 1 
PASSED [ 55%]
tests/e2e/reconciliation/bank/test_bank_operations.py::TestBankOperations::test_verify_upload_area 
ğŸ” Processing test: test_verify_upload_area
âœ… TestRail case 7979 updated successfully
ğŸ“Š Updated TestRail case 7979: 1 
PASSED [ 55%]
tests/e2e/reconciliation/bank/test_bank_operations.py::TestBankOperations::test_upload_statement_file_validation 
ğŸ” Processing test: test_upload_statement_file_validation
âœ… TestRail case 7980 updated successfully
ğŸ“Š Updated TestRail case 7980: 1 
PASSED [ 55%]
tests/e2e/reconciliation/bank/test_bank_operations.py::TestBankOperations::test_reconciliation_status_display 
ğŸ” Processing test: test_reconciliation_status_display
âœ… TestRail case 7983 updated successfully
ğŸ“Š Updated TestRail case 7983: 1 
PASSED [ 56%]
tests/e2e/reconciliation/bank/test_bank_operations.py::TestBankOperations::test_transaction_reconciliation 
ğŸ” Processing test: test_transaction_reconciliation
âœ… TestRail case 7984 updated successfully
ğŸ“Š Updated TestRail case 7984: 1 
PASSED [ 56%]
tests/e2e/reconciliation/bank/test_bank_operations.py::TestBankOperations::test_transaction_action_buttons 
ğŸ” Processing test: test_transaction_action_buttons
âœ… TestRail case 7978 updated successfully
ğŸ“Š Updated TestRail case 7978: 1 
PASSED [ 57%]
tests/e2e/reconciliation/bank/test_bank_operations.py::TestBankOperations::test_complete_bank_workflow 
ğŸ” Processing test: test_complete_bank_workflow
âœ… TestRail case 7986 updated successfully
ğŸ“Š Updated TestRail case 7986: 1 
PASSED [ 57%]
tests/e2e/reconciliation/bank/test_bank_operations.py::TestBankOperations::test_empty_state_handling 
ğŸ” Processing test: test_empty_state_handling
âœ… TestRail case 7969 updated successfully
ğŸ“Š Updated TestRail case 7969: 1 
PASSED [ 57%]
tests/e2e/reconciliation/bank/test_bank_operations.py::TestBankOperations::test_bank_page_responsiveness 
ğŸ” Processing test: test_bank_page_responsiveness
âœ… TestRail case 7968 updated successfully
ğŸ“Š Updated TestRail case 7968: 1 
PASSED [ 58%]
tests/e2e/reconciliation/bank/test_bank_operations.py::TestBankOperations::test_check_bank_account_list_display 
ğŸ” Processing test: test_check_bank_account_list_display
âœ… TestRail case 7971 updated successfully
ğŸ“Š Updated TestRail case 7971: 1 
PASSED [ 58%]
tests/e2e/reconciliation/bank/test_bank_operations.py::TestBankOperations::test_view_bank_transactions_list 
ğŸ” Processing test: test_view_bank_transactions_list
âœ… TestRail case 7976 updated successfully
ğŸ“Š Updated TestRail case 7976: 1 
PASSED [ 59%]
tests/e2e/reconciliation/bank/test_bank_operations.py::TestBankOperations::test_sort_transactions_by_columns 
ğŸ” Processing test: test_sort_transactions_by_columns
âœ… TestRail case 7977 updated successfully
ğŸ“Š Updated TestRail case 7977: 1 
PASSED [ 59%]
tests/e2e/reconciliation/bank/test_bank_operations.py::TestBankOperations::test_handle_duplicate_uploads 
ğŸ” Processing test: test_handle_duplicate_uploads
âœ… TestRail case 7981 updated successfully
ğŸ“Š Updated TestRail case 7981: 1 
PASSED [ 59%]
tests/e2e/reconciliation/bank/test_bank_operations.py::TestBankOperations::test_process_uploaded_statements 
ğŸ” Processing test: test_process_uploaded_statements
âœ… TestRail case 7982 updated successfully
ğŸ“Š Updated TestRail case 7982: 1 
PASSED [ 60%]
tests/e2e/reconciliation/bank/test_bank_operations.py::TestBankOperations::test_handle_unmatched_transactions 
ğŸ” Processing test: test_handle_unmatched_transactions
âœ… TestRail case 7985 updated successfully
ğŸ“Š Updated TestRail case 7985: 1 
PASSED [ 60%]
tests/e2e/reconciliation/bank/test_bank_operations.py::TestBankOperations::test_view_account_balances 
ğŸ” Processing test: test_view_account_balances
âœ… TestRail case 7972 updated successfully
ğŸ“Š Updated TestRail case 7972: 1 
PASSED [ 61%]
tests/e2e/reconciliation/bank/test_bank_operations.py::TestBankOperations::test_account_settings_configuration 
ğŸ” Processing test: test_account_settings_configuration
âœ… TestRail case 7973 updated successfully
ğŸ“Š Updated TestRail case 7973: 1 
PASSED [ 61%]
tests/e2e/reconciliation/credit_cards/test_credit_card_operations.py::TestCreditCardOperations::test_verify_credit_cards_page_loads_successfully 
ğŸ” Processing test: test_verify_credit_cards_page_loads_successfully
âœ… TestRail case 51886 updated successfully
ğŸ“Š Updated TestRail case 51886: 1 
PASSED [ 61%]
tests/e2e/reconciliation/credit_cards/test_credit_card_operations.py::TestCreditCardOperations::test_verify_credit_card_transactions_display 
ğŸ” Processing test: test_verify_credit_card_transactions_display
ğŸ“¸ Attempting to capture screenshot for failed test: test_verify_credit_card_transactions_display
âœ… Screenshot captured: failure_test_verify_credit_card_transactions_display_2026-01-04_12-32-55.png
âœ… TestRail case 51887 updated successfully
ğŸ“Š Updated TestRail case 51887: 5 with screenshot
FAILED [ 62%]
tests/e2e/reconciliation/credit_cards/test_credit_card_operations.py::TestCreditCardOperations::test_credit_card_list_display 
ğŸ” Processing test: test_credit_card_list_display
âœ… TestRail case 51900 updated successfully
ğŸ“Š Updated TestRail case 51900: 1 
PASSED [ 62%]
tests/e2e/reconciliation/credit_cards/test_credit_card_operations.py::TestCreditCardOperations::test_credit_card_selection_functionality 
ğŸ” Processing test: test_credit_card_selection_functionality
âœ… TestRail case 51888 updated successfully
ğŸ“Š Updated TestRail case 51888: 1 
PASSED [ 63%]
tests/e2e/reconciliation/credit_cards/test_credit_card_operations.py::TestCreditCardOperations::test_credit_card_financial_information_display 
ğŸ” Processing test: test_credit_card_financial_information_display
âŒ Bad Request (400). Possible causes:
   1. Test run is closed or doesn't exist
   2. Case ID is invalid for this run
   3. Invalid status ID or data format
âŒ Failed to update TestRail case 51889
âŒ Failed to update TestRail case 51889: 1 
PASSED [ 63%]
tests/e2e/reconciliation/credit_cards/test_credit_card_operations.py::TestCreditCardOperations::test_credit_card_account_balances 
ğŸ” Processing test: test_credit_card_account_balances
âŒ Bad Request (400). Possible causes:
   1. Test run is closed or doesn't exist
   2. Case ID is invalid for this run
   3. Invalid status ID or data format
âŒ Failed to update TestRail case 52145
âŒ Failed to update TestRail case 52145: 1 
PASSED [ 63%]
tests/e2e/reconciliation/credit_cards/test_credit_card_operations.py::TestCreditCardOperations::test_credit_card_transaction_filtering_by_date 
ğŸ” Processing test: test_credit_card_transaction_filtering_by_date
âŒ Bad Request (400). Possible causes:
   1. Test run is closed or doesn't exist
   2. Case ID is invalid for this run
   3. Invalid status ID or data format
âŒ Failed to update TestRail case 51890
âŒ Failed to update TestRail case 51890: 1 
PASSED [ 64%]
tests/e2e/reconciliation/credit_cards/test_credit_card_operations.py::TestCreditCardOperations::test_credit_card_transaction_search_functionality 
ğŸ” Processing test: test_credit_card_transaction_search_functionality
âŒ Bad Request (400). Possible causes:
   1. Test run is closed or doesn't exist
   2. Case ID is invalid for this run
   3. Invalid status ID or data format
âŒ Failed to update TestRail case 51891
âŒ Failed to update TestRail case 51891: 1 
PASSED [ 64%]
tests/e2e/reconciliation/credit_cards/test_credit_card_operations.py::TestCreditCardOperations::test_verify_credit_card_statement_upload_area 
ğŸ” Processing test: test_verify_credit_card_statement_upload_area
âŒ Bad Request (400). Possible causes:
   1. Test run is closed or doesn't exist
   2. Case ID is invalid for this run
   3. Invalid status ID or data format
âŒ Failed to update TestRail case 51892
âŒ Failed to update TestRail case 51892: 1 
PASSED [ 65%]
tests/e2e/reconciliation/credit_cards/test_credit_card_operations.py::TestCreditCardOperations::test_credit_card_statement_file_upload_validation 
ğŸ” Processing test: test_credit_card_statement_file_upload_validation
âŒ Bad Request (400). Possible causes:
   1. Test run is closed or doesn't exist
   2. Case ID is invalid for this run
   3. Invalid status ID or data format
âŒ Failed to update TestRail case 51893
âŒ Failed to update TestRail case 51893: 1 
PASSED [ 65%]
tests/e2e/reconciliation/credit_cards/test_credit_card_operations.py::TestCreditCardOperations::test_handle_duplicate_credit_card_uploads 
ğŸ” Processing test: test_handle_duplicate_credit_card_uploads
âŒ Bad Request (400). Possible causes:
   1. Test run is closed or doesn't exist
   2. Case ID is invalid for this run
   3. Invalid status ID or data format
âŒ Failed to update TestRail case 52142
âŒ Failed to update TestRail case 52142: 1 
PASSED [ 65%]
tests/e2e/reconciliation/credit_cards/test_credit_card_operations.py::TestCreditCardOperations::test_process_uploaded_credit_card_statements 
ğŸ” Processing test: test_process_uploaded_credit_card_statements
âŒ Bad Request (400). Possible causes:
   1. Test run is closed or doesn't exist
   2. Case ID is invalid for this run
   3. Invalid status ID or data format
âŒ Failed to update TestRail case 52143
âŒ Failed to update TestRail case 52143: 1 
PASSED [ 66%]
tests/e2e/reconciliation/credit_cards/test_credit_card_operations.py::TestCreditCardOperations::test_credit_card_reconciliation_status_display 
ğŸ” Processing test: test_credit_card_reconciliation_status_display
âŒ Bad Request (400). Possible causes:
   1. Test run is closed or doesn't exist
   2. Case ID is invalid for this run
   3. Invalid status ID or data format
âŒ Failed to update TestRail case 51894
âŒ Failed to update TestRail case 51894: 1 
PASSED [ 66%]
tests/e2e/reconciliation/credit_cards/test_credit_card_operations.py::TestCreditCardOperations::test_credit_card_transaction_reconciliation 
ğŸ” Processing test: test_credit_card_transaction_reconciliation
âœ… TestRail case 51895 updated successfully
ğŸ“Š Updated TestRail case 51895: 1 
PASSED [ 67%]
tests/e2e/reconciliation/credit_cards/test_credit_card_operations.py::TestCreditCardOperations::test_handle_unmatched_credit_card_transactions 
ğŸ” Processing test: test_handle_unmatched_credit_card_transactions
âŒ Bad Request (400). Possible causes:
   1. Test run is closed or doesn't exist
   2. Case ID is invalid for this run
   3. Invalid status ID or data format
âŒ Failed to update TestRail case 52144
âŒ Failed to update TestRail case 52144: 1 
PASSED [ 67%]
tests/e2e/reconciliation/credit_cards/test_credit_card_operations.py::TestCreditCardOperations::test_credit_card_transaction_action_buttons 
ğŸ” Processing test: test_credit_card_transaction_action_buttons
âœ… TestRail case 51896 updated successfully
ğŸ“Š Updated TestRail case 51896: 1 
PASSED [ 68%]
tests/e2e/reconciliation/credit_cards/test_credit_card_operations.py::TestCreditCardOperations::test_view_credit_card_transactions_list 
ğŸ” Processing test: test_view_credit_card_transactions_list
âœ… TestRail case 52141 updated successfully
ğŸ“Š Updated TestRail case 52141: 1 
PASSED [ 68%]
tests/e2e/reconciliation/credit_cards/test_credit_card_operations.py::TestCreditCardOperations::test_credit_card_transaction_sorting 
ğŸ” Processing test: test_credit_card_transaction_sorting
âŒ Bad Request (400). Possible causes:
   1. Test run is closed or doesn't exist
   2. Case ID is invalid for this run
   3. Invalid status ID or data format
âŒ Failed to update TestRail case 51901
âŒ Failed to update TestRail case 51901: 1 
PASSED [ 68%]
tests/e2e/reconciliation/credit_cards/test_credit_card_operations.py::TestCreditCardOperations::test_credit_card_settings_configuration 
ğŸ” Processing test: test_credit_card_settings_configuration
âŒ Bad Request (400). Possible causes:
   1. Test run is closed or doesn't exist
   2. Case ID is invalid for this run
   3. Invalid status ID or data format
âŒ Failed to update TestRail case 52146
âŒ Failed to update TestRail case 52146: 1 
PASSED [ 69%]
tests/e2e/reconciliation/credit_cards/test_credit_card_operations.py::TestCreditCardOperations::test_credit_cards_empty_state_handling 
ğŸ” Processing test: test_credit_cards_empty_state_handling
âœ… TestRail case 51898 updated successfully
ğŸ“Š Updated TestRail case 51898: 1 
PASSED [ 69%]
tests/e2e/reconciliation/credit_cards/test_credit_card_operations.py::TestCreditCardOperations::test_credit_cards_page_responsiveness 
ğŸ” Processing test: test_credit_cards_page_responsiveness
âœ… TestRail case 51899 updated successfully
ğŸ“Š Updated TestRail case 51899: 1 
PASSED [ 70%]
tests/e2e/reconciliation/credit_cards/test_credit_card_operations.py::TestCreditCardOperations::test_complete_credit_cards_workflow 
ğŸ” Processing test: test_complete_credit_cards_workflow
âœ… TestRail case 51897 updated successfully
ğŸ“Š Updated TestRail case 51897: 1 
PASSED [ 70%]
tests/e2e/reconciliation/payables/test_complete_payables_operations.py::TestCompletePayablesOperations::test_verify_invoice_list_is_displayed 
ğŸ” Processing test: test_verify_invoice_list_is_displayed
âœ… TestRail case 7987 updated successfully
ğŸ“Š Updated TestRail case 7987: 1 
PASSED [ 70%]
tests/e2e/reconciliation/payables/test_complete_payables_operations.py::TestCompletePayablesOperations::test_upload_invoice_file 
ğŸ” Processing test: test_upload_invoice_file
âœ… TestRail case 7988 updated successfully
ğŸ“Š Updated TestRail case 7988: 1 
PASSED [ 71%]
tests/e2e/reconciliation/payables/test_complete_payables_operations.py::TestCompletePayablesOperations::test_upload_invalid_payable_file_type 
ğŸ” Processing test: test_upload_invalid_payable_file_type
âœ… TestRail case 7989 updated successfully
ğŸ“Š Updated TestRail case 7989: 1 
PASSED [ 71%]
tests/e2e/reconciliation/payables/test_complete_payables_operations.py::TestCompletePayablesOperations::test_payables_edit_delete_buttons 
ğŸ” Processing test: test_payables_edit_delete_buttons
âœ… TestRail case 8006 updated successfully
ğŸ“Š Updated TestRail case 8006: 1 
PASSED [ 72%]
tests/e2e/reconciliation/payables/test_complete_payables_operations.py::TestCompletePayablesOperations::test_payables_status_dropdowns 
ğŸ” Processing test: test_payables_status_dropdowns
âœ… TestRail case 8007 updated successfully
ğŸ“Š Updated TestRail case 8007: 1 
PASSED [ 72%]
tests/e2e/reconciliation/payables/test_complete_payables_operations.py::TestCompletePayablesOperations::test_payables_search_filter_options 
ğŸ” Processing test: test_payables_search_filter_options
âœ… TestRail case 8008 updated successfully
ğŸ“Š Updated TestRail case 8008: 1 
PASSED [ 72%]
tests/e2e/reconciliation/payables/test_complete_payables_operations.py::TestCompletePayablesOperations::test_upload_duplicate_invoice 
ğŸ” Processing test: test_upload_duplicate_invoice
âœ… TestRail case 7990 updated successfully
ğŸ“Š Updated TestRail case 7990: 1 
PASSED [ 73%]
tests/e2e/reconciliation/payables/test_complete_payables_operations.py::TestCompletePayablesOperations::test_menu_options_for_new_status 
ğŸ” Processing test: test_menu_options_for_new_status
âœ… TestRail case 7994 updated successfully
ğŸ“Š Updated TestRail case 7994: 1 
PASSED [ 73%]
tests/e2e/reconciliation/payables/test_complete_payables_operations.py::TestCompletePayablesOperations::test_menu_options_for_matched_status 
ğŸ” Processing test: test_menu_options_for_matched_status
âœ… TestRail case 7995 updated successfully
ğŸ“Š Updated TestRail case 7995: 1 
PASSED [ 74%]
tests/e2e/reconciliation/payables/test_complete_payables_operations.py::TestCompletePayablesOperations::test_menu_options_for_reconciled_status 
ğŸ” Processing test: test_menu_options_for_reconciled_status
âœ… TestRail case 7996 updated successfully
ğŸ“Š Updated TestRail case 7996: 1 
PASSED [ 74%]
tests/e2e/reconciliation/payables/test_complete_payables_operations.py::TestCompletePayablesOperations::test_open_edit_popup_layout 
ğŸ” Processing test: test_open_edit_popup_layout
âœ… TestRail case 7997 updated successfully
ğŸ“Š Updated TestRail case 7997: 1 
PASSED [ 74%]
tests/e2e/reconciliation/payables/test_complete_payables_operations.py::TestCompletePayablesOperations::test_mandatory_validation 
ğŸ” Processing test: test_mandatory_validation
âœ… TestRail case 7998 updated successfully
ğŸ“Š Updated TestRail case 7998: 1 
PASSED [ 75%]
tests/e2e/reconciliation/payables/test_complete_payables_operations.py::TestCompletePayablesOperations::test_line_totals_equal_before_validation 
ğŸ” Processing test: test_line_totals_equal_before_validation
âœ… TestRail case 7999 updated successfully
ğŸ“Š Updated TestRail case 7999: 1 
PASSED [ 75%]
tests/e2e/reconciliation/payables/test_complete_payables_operations.py::TestCompletePayablesOperations::test_gl_account_dropdown 
ğŸ” Processing test: test_gl_account_dropdown
âœ… TestRail case 8001 updated successfully
ğŸ“Š Updated TestRail case 8001: 1 
PASSED [ 76%]
tests/e2e/reconciliation/payables/test_complete_payables_operations.py::TestCompletePayablesOperations::test_recognition_timing_single_date 
ğŸ” Processing test: test_recognition_timing_single_date
âœ… TestRail case 8002 updated successfully
ğŸ“Š Updated TestRail case 8002: 1 
PASSED [ 76%]
tests/e2e/reconciliation/payables/test_complete_payables_operations.py::TestCompletePayablesOperations::test_recognition_timing_default 
ğŸ” Processing test: test_recognition_timing_default
âœ… TestRail case 8003 updated successfully
ğŸ“Š Updated TestRail case 8003: 1 
PASSED [ 76%]
tests/e2e/reconciliation/payables/test_complete_payables_operations.py::TestCompletePayablesOperations::test_record_invoice_and_status 
ğŸ” Processing test: test_record_invoice_and_status
âœ… TestRail case 8004 updated successfully
ğŸ“Š Updated TestRail case 8004: 1 
PASSED [ 77%]
tests/e2e/reconciliation/payables/test_complete_payables_operations.py::TestCompletePayablesOperations::test_show_journal_entry_for_record 
ğŸ” Processing test: test_show_journal_entry_for_record
âœ… TestRail case 8005 updated successfully
ğŸ“Š Updated TestRail case 8005: 1 
PASSED [ 77%]
tests/e2e/reconciliation/payables/test_complete_payables_operations.py::TestCompletePayablesOperations::test_view_invoice_in_new_view 
ğŸ” Processing test: test_view_invoice_in_new_view
ğŸ“¸ Attempting to capture screenshot for failed test: test_view_invoice_in_new_view
âœ… Screenshot captured: failure_test_view_invoice_in_new_view_2026-01-04_12-44-04.png
âœ… TestRail case 7991 updated successfully
ğŸ“Š Updated TestRail case 7991: 5 with screenshot
FAILED [ 78%]
tests/e2e/reconciliation/payables/test_complete_payables_operations.py::TestCompletePayablesOperations::test_verify_je_amount_and_description 
ğŸ” Processing test: test_verify_je_amount_and_description
âœ… TestRail case 8000 updated successfully
ğŸ“Š Updated TestRail case 8000: 1 
PASSED [ 78%]
tests/e2e/reconciliation/payables/test_complete_payables_operations.py::TestCompletePayablesOperations::test_delete_invoice_dialog 
ğŸ” Processing test: test_delete_invoice_dialog
âœ… TestRail case 8009 updated successfully
ğŸ“Š Updated TestRail case 8009: 1 
PASSED [ 78%]
tests/e2e/reconciliation/payables/test_complete_payables_operations.py::TestCompletePayablesOperations::test_attempt_to_delete_invoice 
ğŸ” Processing test: test_attempt_to_delete_invoice
âœ… TestRail case 8010 updated successfully
ğŸ“Š Updated TestRail case 8010: 1 
PASSED [ 79%]
tests/e2e/reconciliation/payables/test_payables_operations.py::TestPayablesOperations::test_verify_invoice_list_is_displayed 
ğŸ” Processing test: test_verify_invoice_list_is_displayed
ğŸ“¸ Attempting to capture screenshot for failed test: test_verify_invoice_list_is_displayed
âœ… Screenshot captured: failure_test_verify_invoice_list_is_displayed_2026-01-04_12-45-34.png
âœ… TestRail case 7987 updated successfully
ğŸ“Š Updated TestRail case 7987: 5 with screenshot
FAILED [ 79%]
tests/e2e/reconciliation/payables/test_payables_operations.py::TestPayablesOperations::test_upload_invoice_file 
ğŸ” Processing test: test_upload_invoice_file
âœ… TestRail case 7988 updated successfully
ğŸ“Š Updated TestRail case 7988: 1 
PASSED [ 80%]
tests/e2e/reconciliation/payables/test_payables_operations.py::TestPayablesOperations::test_payables_menu_operations 
ğŸ” Processing test: test_payables_menu_operations
âœ… TestRail case 7992 updated successfully
ğŸ“Š Updated TestRail case 7992: 1 
PASSED [ 80%]
tests/e2e/reconciliation/payables/test_payables_operations.py::TestPayablesOperations::test_payables_form_validation 
ğŸ” Processing test: test_payables_form_validation
âœ… TestRail case 7993 updated successfully
ğŸ“Š Updated TestRail case 7993: 1 
PASSED [ 80%]
tests/e2e/reconciliation/receivables/test_complete_receivables_operations.py::TestCompleteReceivablesOperations::test_verify_receivable_list_is_displayed 
ğŸ” Processing test: test_verify_receivable_list_is_displayed
âœ… TestRail case 63962 updated successfully
ğŸ“Š Updated TestRail case 63962: 1 
PASSED [ 81%]
tests/e2e/reconciliation/receivables/test_complete_receivables_operations.py::TestCompleteReceivablesOperations::test_upload_receivable_file 
ğŸ” Processing test: test_upload_receivable_file
âœ… TestRail case 63963 updated successfully
ğŸ“Š Updated TestRail case 63963: 1 
PASSED [ 81%]
tests/e2e/reconciliation/receivables/test_complete_receivables_operations.py::TestCompleteReceivablesOperations::test_upload_invalid_file_type 
ğŸ” Processing test: test_upload_invalid_file_type
âœ… TestRail case 63964 updated successfully
ğŸ“Š Updated TestRail case 63964: 1 
PASSED [ 82%]
tests/e2e/reconciliation/receivables/test_complete_receivables_operations.py::TestCompleteReceivablesOperations::test_upload_duplicate_receivable 
ğŸ” Processing test: test_upload_duplicate_receivable
âœ… TestRail case 63965 updated successfully
ğŸ“Š Updated TestRail case 63965: 1 
PASSED [ 82%]
tests/e2e/reconciliation/receivables/test_complete_receivables_operations.py::TestCompleteReceivablesOperations::test_receivables_edit_delete_buttons 
ğŸ” Processing test: test_receivables_edit_delete_buttons
âœ… TestRail case 63966 updated successfully
ğŸ“Š Updated TestRail case 63966: 1 
PASSED [ 82%]
tests/e2e/reconciliation/receivables/test_complete_receivables_operations.py::TestCompleteReceivablesOperations::test_receivables_status_dropdowns 
ğŸ” Processing test: test_receivables_status_dropdowns
âœ… TestRail case 63967 updated successfully
ğŸ“Š Updated TestRail case 63967: 1 
PASSED [ 83%]
tests/e2e/reconciliation/receivables/test_complete_receivables_operations.py::TestCompleteReceivablesOperations::test_receivables_search_filter_options 
ğŸ” Processing test: test_receivables_search_filter_options
âœ… TestRail case 63968 updated successfully
ğŸ“Š Updated TestRail case 63968: 1 
PASSED [ 83%]
tests/e2e/reconciliation/receivables/test_complete_receivables_operations.py::TestCompleteReceivablesOperations::test_receivables_open_edit_popup_layout 
ğŸ” Processing test: test_receivables_open_edit_popup_layout
âœ… TestRail case 63969 updated successfully
ğŸ“Š Updated TestRail case 63969: 1 
PASSED [ 84%]
tests/e2e/reconciliation/receivables/test_complete_receivables_operations.py::TestCompleteReceivablesOperations::test_receivables_mandatory_validation 
ğŸ” Processing test: test_receivables_mandatory_validation
âœ… TestRail case 63969 updated successfully
ğŸ“Š Updated TestRail case 63969: 1 
PASSED [ 84%]
tests/e2e/reconciliation/receivables/test_complete_receivables_operations.py::TestCompleteReceivablesOperations::test_receivables_line_totals_equal_before_validation 
ğŸ” Processing test: test_receivables_line_totals_equal_before_validation
âœ… TestRail case 63970 updated successfully
ğŸ“Š Updated TestRail case 63970: 1 
PASSED [ 85%]
tests/e2e/reconciliation/receivables/test_complete_receivables_operations.py::TestCompleteReceivablesOperations::test_receivables_gl_account_dropdown 
ğŸ” Processing test: test_receivables_gl_account_dropdown
âœ… TestRail case 63970 updated successfully
ğŸ“Š Updated TestRail case 63970: 1 
PASSED [ 85%]
tests/e2e/reconciliation/receivables/test_complete_receivables_operations.py::TestCompleteReceivablesOperations::test_receivables_recognition_timing_single_date 
ğŸ” Processing test: test_receivables_recognition_timing_single_date
âœ… TestRail case 63970 updated successfully
ğŸ“Š Updated TestRail case 63970: 1 
PASSED [ 85%]
tests/e2e/reconciliation/receivables/test_complete_receivables_operations.py::TestCompleteReceivablesOperations::test_receivables_recognition_timing_default 
ğŸ” Processing test: test_receivables_recognition_timing_default
âœ… TestRail case 63970 updated successfully
ğŸ“Š Updated TestRail case 63970: 1 
PASSED [ 86%]
tests/e2e/reconciliation/receivables/test_complete_receivables_operations.py::TestCompleteReceivablesOperations::test_record_receivable_and_status 
ğŸ” Processing test: test_record_receivable_and_status
âœ… TestRail case 63971 updated successfully
ğŸ“Š Updated TestRail case 63971: 1 
PASSED [ 86%]
tests/e2e/reconciliation/receivables/test_complete_receivables_operations.py::TestCompleteReceivablesOperations::test_receivables_show_journal_entry_for_record 
ğŸ” Processing test: test_receivables_show_journal_entry_for_record
âœ… TestRail case 63971 updated successfully
ğŸ“Š Updated TestRail case 63971: 1 
PASSED [ 87%]
tests/e2e/reconciliation/receivables/test_complete_receivables_operations.py::TestCompleteReceivablesOperations::test_receivables_verify_je_amount_and_description 
ğŸ” Processing test: test_receivables_verify_je_amount_and_description
âœ… TestRail case 63971 updated successfully
ğŸ“Š Updated TestRail case 63971: 1 
PASSED [ 87%]
tests/e2e/reconciliation/receivables/test_complete_receivables_operations.py::TestCompleteReceivablesOperations::test_delete_receivable_dialog 
ğŸ” Processing test: test_delete_receivable_dialog
âœ… TestRail case 63972 updated successfully
ğŸ“Š Updated TestRail case 63972: 1 
PASSED [ 87%]
tests/e2e/reconciliation/receivables/test_complete_receivables_operations.py::TestCompleteReceivablesOperations::test_attempt_to_delete_receivable 
ğŸ” Processing test: test_attempt_to_delete_receivable
âœ… TestRail case 63972 updated successfully
ğŸ“Š Updated TestRail case 63972: 1 
PASSED [ 88%]
tests/e2e/reconciliation/receivables/test_complete_receivables_operations.py::TestCompleteReceivablesOperations::test_view_receivable_in_new_view 
ğŸ” Processing test: test_view_receivable_in_new_view
âœ… TestRail case 63973 updated successfully
ğŸ“Š Updated TestRail case 63973: 1 
PASSED [ 88%]
tests/e2e/reconciliation/receivables/test_complete_receivables_operations.py::TestCompleteReceivablesOperations::test_receivables_menu_options_for_new_status 
ğŸ” Processing test: test_receivables_menu_options_for_new_status
âœ… TestRail case 63974 updated successfully
ğŸ“Š Updated TestRail case 63974: 1 
PASSED [ 89%]
tests/e2e/reconciliation/receivables/test_complete_receivables_operations.py::TestCompleteReceivablesOperations::test_receivables_menu_options_for_matched_status 
ğŸ” Processing test: test_receivables_menu_options_for_matched_status
âœ… TestRail case 63974 updated successfully
ğŸ“Š Updated TestRail case 63974: 1 
PASSED [ 89%]
tests/e2e/reconciliation/receivables/test_complete_receivables_operations.py::TestCompleteReceivablesOperations::test_receivables_menu_options_for_reconciled_status 
ğŸ” Processing test: test_receivables_menu_options_for_reconciled_status
âœ… TestRail case 63974 updated successfully
ğŸ“Š Updated TestRail case 63974: 1 
PASSED [ 89%]
tests/e2e/reconciliation/receivables/test_receivables_operations.py::TestReceivablesOperations::test_verify_receivable_list_is_displayed 
ğŸ” Processing test: test_verify_receivable_list_is_displayed
âœ… TestRail case 63962 updated successfully
ğŸ“Š Updated TestRail case 63962: 1 
PASSED [ 90%]
tests/e2e/reconciliation/receivables/test_receivables_operations.py::TestReceivablesOperations::test_upload_receivable_file 
ğŸ” Processing test: test_upload_receivable_file
âœ… TestRail case 63963 updated successfully
ğŸ“Š Updated TestRail case 63963: 1 
PASSED [ 90%]
tests/e2e/reconciliation/receivables/test_receivables_operations.py::TestReceivablesOperations::test_receivables_menu_operations 
ğŸ” Processing test: test_receivables_menu_operations
âœ… TestRail case 63968 updated successfully
ğŸ“Š Updated TestRail case 63968: 1 
PASSED [ 91%]
tests/e2e/reconciliation/receivables/test_receivables_operations.py::TestReceivablesOperations::test_receivables_form_validation 
ğŸ” Processing test: test_receivables_form_validation
âœ… TestRail case 63969 updated successfully
ğŸ“Š Updated TestRail case 63969: 1 
PASSED [ 91%]
tests/e2e/reconciliation/test_export_validation.py::TestExportValidation::test_payables_export_data_validation 
ğŸ” Processing test: test_payables_export_data_validation
âœ… TestRail case 126311 updated successfully
ğŸ“Š Updated TestRail case 126311: 1 
PASSED [ 91%]
tests/e2e/reconciliation/test_export_validation.py::TestExportValidation::test_receivables_export_data_validation 
ğŸ” Processing test: test_receivables_export_data_validation
âœ… TestRail case 126312 updated successfully
ğŸ“Š Updated TestRail case 126312: 1 
PASSED [ 92%]
tests/e2e/reconciliation/test_export_validation.py::TestExportValidation::test_bank_transactions_export_data_validation 
ğŸ” Processing test: test_bank_transactions_export_data_validation
ğŸ“¸ Attempting to capture screenshot for failed test: test_bank_transactions_export_data_validation
âœ… Screenshot captured: failure_test_bank_transactions_export_data_validation_2026-01-04_12-54-36.png
âœ… TestRail case 129938 updated successfully
ğŸ“Š Updated TestRail case 129938: 5 with screenshot
FAILED [ 92%]
tests/e2e/reconciliation/test_export_validation.py::TestExportValidation::test_credit_cards_export_data_validation 
ğŸ” Processing test: test_credit_cards_export_data_validation
ğŸ“¸ Attempting to capture screenshot for failed test: test_credit_cards_export_data_validation
âœ… Screenshot captured: failure_test_credit_cards_export_data_validation_2026-01-04_12-54-54.png
âœ… TestRail case 129939 updated successfully
ğŸ“Š Updated TestRail case 129939: 5 with screenshot
SKIPPED [ 93%]
tests/e2e/security/test_security_regression.py::TestSecurityRegression::test_invalid_login_attempts 
ğŸ” Processing test: test_invalid_login_attempts
âœ… TestRail case 8049 updated successfully
ğŸ“Š Updated TestRail case 8049: 1 
PASSED [ 93%]
tests/e2e/security/test_security_regression.py::TestSecurityRegression::test_session_timeout_handling 
ğŸ” Processing test: test_session_timeout_handling
âœ… TestRail case 8050 updated successfully
ğŸ“Š Updated TestRail case 8050: 1 
PASSED [ 93%]
tests/e2e/security/test_security_regression.py::TestSecurityRegression::test_xss_prevention 
ğŸ” Processing test: test_xss_prevention
âœ… TestRail case 8052 updated successfully
ğŸ“Š Updated TestRail case 8052: 1 
PASSED [ 94%]
tests/e2e/security/test_security_regression.py::TestSecurityRegression::test_password_requirements 
ğŸ” Processing test: test_password_requirements
âœ… TestRail case 8053 updated successfully
ğŸ“Š Updated TestRail case 8053: 1 
PASSED [ 94%]
tests/e2e/security/test_security_regression.py::TestSecurityRegression::test_csrf_protection 
ğŸ” Processing test: test_csrf_protection
âœ… TestRail case 8054 updated successfully
ğŸ“Š Updated TestRail case 8054: 1 
PASSED [ 95%]
tests/e2e/security/test_security_regression.py::TestSecurityRegression::test_secure_headers 
ğŸ” Processing test: test_secure_headers
âœ… TestRail case 8055 updated successfully
ğŸ“Š Updated TestRail case 8055: 1 
PASSED [ 95%]
tests/e2e/snapshot/test_snapshot_regression.py::TestSnapshotRegression::test_visual_snapshots_key_pages 
ğŸ” Processing test: test_visual_snapshots_key_pages
âœ… TestRail case 12865 updated successfully
ğŸ“Š Updated TestRail case 12865: 1 
PASSED [ 95%]
tests/e2e/snapshot/test_snapshot_regression.py::TestSnapshotRegression::test_dom_snapshots_critical_elements 
ğŸ” Processing test: test_dom_snapshots_critical_elements
âœ… TestRail case 12866 updated successfully
ğŸ“Š Updated TestRail case 12866: 1 
PASSED [ 96%]
tests/e2e/snapshot/test_snapshot_regression.py::TestSnapshotRegression::test_api_response_snapshots 
ğŸ” Processing test: test_api_response_snapshots
âœ… TestRail case 12867 updated successfully
ğŸ“Š Updated TestRail case 12867: 1 
PASSED [ 96%]
tests/e2e/snapshot/test_snapshot_regression.py::TestSnapshotRegression::test_component_snapshots 
ğŸ” Processing test: test_component_snapshots
âœ… TestRail case 12868 updated successfully
ğŸ“Š Updated TestRail case 12868: 1 
PASSED [ 97%]
tests/e2e/snapshot/test_snapshot_regression.py::TestSnapshotRegression::test_snapshot_comparison_workflow 
ğŸ” Processing test: test_snapshot_comparison_workflow
âœ… TestRail case 12869 updated successfully
ğŸ“Š Updated TestRail case 12869: 1 
PASSED [ 97%]
tests/performance/test_performance_regression.py::TestPerformanceRegression::test_page_load_performance 
ğŸ” Processing test: test_page_load_performance
âœ… TestRail case 8056 updated successfully
ğŸ“Š Updated TestRail case 8056: 1 
PASSED [ 97%]
tests/performance/test_performance_regression.py::TestPerformanceRegression::test_memory_usage_monitoring 
ğŸ” Processing test: test_memory_usage_monitoring
âœ… TestRail case 8057 updated successfully
ğŸ“Š Updated TestRail case 8057: 1 
PASSED [ 98%]
tests/performance/test_performance_regression.py::TestPerformanceRegression::test_concurrent_user_simulation 
ğŸ” Processing test: test_concurrent_user_simulation
âœ… TestRail case 8058 updated successfully
ğŸ“Š Updated TestRail case 8058: 1 
PASSED [ 98%]
tests/performance/test_performance_regression.py::TestPerformanceRegression::test_api_response_times 
ğŸ” Processing test: test_api_response_times
âœ… TestRail case 8059 updated successfully
ğŸ“Š Updated TestRail case 8059: 1 
PASSED [ 99%]
tests/performance/test_performance_regression.py::TestPerformanceRegression::test_large_dataset_handling 
ğŸ” Processing test: test_large_dataset_handling
âœ… TestRail case 8060 updated successfully
ğŸ“Š Updated TestRail case 8060: 1 
PASSED [ 99%]
tests/performance/test_performance_regression.py::TestPerformanceRegression::test_resource_usage_optimization 
ğŸ” Processing test: test_resource_usage_optimization
âœ… TestRail case 8061 updated successfully
ğŸ“Š Updated TestRail case 8061: 1 
PASSED [100%]â³ Waiting for 26 pending results (attempt 1/5)
âœ… TestRail case 7936 updated successfully
âœ… TestRail case 7937 updated successfully
âœ… TestRail case 7938 updated successfully
âœ… TestRail case 7939 updated successfully
âœ… TestRail case 7940 updated successfully
âœ… TestRail case 7941 updated successfully
âœ… TestRail case 7942 updated successfully
âœ… TestRail case 7943 updated successfully
âœ… TestRail case 7944 updated successfully
âœ… TestRail case 7945 updated successfully
âœ… TestRail case 7946 updated successfully
âœ… TestRail case 7970 updated successfully
âœ… TestRail case 8045 updated successfully
âœ… TestRail case 52142 updated successfully
âœ… TestRail case 52143 updated successfully
âœ… TestRail case 52144 updated successfully
âœ… TestRail case 52145 updated successfully
âœ… TestRail case 51889 updated successfully
âœ… TestRail case 51890 updated successfully
âœ… TestRail case 51891 updated successfully
âœ… TestRail case 51892 updated successfully
âœ… TestRail case 51893 updated successfully
âœ… TestRail case 51894 updated successfully
âœ… TestRail case 52146 updated successfully
âœ… TestRail case 139375 updated successfully
âœ… TestRail case 51901 updated successfully
Test run 813 closed successfully
ğŸ TestRail test run completed


=================================== FAILURES ===================================
_________________ TestBOCompleteFlow.test_bo_complete_workflow _________________
tests/e2e/bo/test_bo_complete_flow.py:157: in test_bo_complete_workflow
    relogin_success = await self.bo_accounts_page.perform_complete_relogin_flow(
pages/bo_accounts_page.py:682: in perform_complete_relogin_flow
    if not await self.handle_relogin_otp(otp_secret):
           ^^^^^^^^^^^^^^^^^^^^^^^^^^^^^^^^^^^^^^^^^
pages/bo_accounts_page.py:421: in handle_relogin_otp
    otp_code = totp.now()
               ^^^^^^^^^^
venv/lib/python3.12/site-packages/pyotp/totp.py:64: in now
    return self.generate_otp(self.timecode(datetime.datetime.now()))
           ^^^^^^^^^^^^^^^^^^^^^^^^^^^^^^^^^^^^^^^^^^^^^^^^^^^^^^^^^
venv/lib/python3.12/site-packages/pyotp/otp.py:35: in generate_otp
    hasher = hmac.new(self.byte_secret(), self.int_to_bytestring(input), self.digest)
                      ^^^^^^^^^^^^^^^^^^
venv/lib/python3.12/site-packages/pyotp/otp.py:52: in byte_secret
    return base64.b32decode(secret, casefold=True)
           ^^^^^^^^^^^^^^^^^^^^^^^^^^^^^^^^^^^^^^^
../../../.pyenv/versions/3.12.3/lib/python3.12/base64.py:254: in b32decode
    return _b32decode(_b32alphabet, s, casefold, map01)
           ^^^^^^^^^^^^^^^^^^^^^^^^^^^^^^^^^^^^^^^^^^^^
../../../.pyenv/versions/3.12.3/lib/python3.12/base64.py:236: in _b32decode
    raise binascii.Error('Non-base32 digit found') from None
E   binascii.Error: Non-base32 digit found

During handling of the above exception, another exception occurred:
tests/e2e/bo/test_bo_complete_flow.py:174: in test_bo_complete_workflow
    pytest.fail(f"Account relogin failed: {str(e)}")
E   Failed: Account relogin failed: Non-base32 digit found
---------------------------- Captured stdout setup -----------------------------
ğŸ”§ BO Config loaded: BO Production - https://bo.viewz.co
ğŸ”„ Using PRODUCTION environment config
ğŸš€ BO Test Setup Complete - Environment: BO Production
----------------------------- Captured stdout call -----------------------------

==================================================
STEP 1: BO LOGIN WITH OTP
==================================================
ğŸ” Attempting BO login for user: sharonadmin
âœ… Username filled using selector: input[name="userName"]
âœ… Password filled using selector: input[name="password"]
âœ… Login button clicked using selector: button[type="submit"]
ğŸ” Handling BO OTP verification...
âœ… OTP page detected with indicator: text=code
ğŸ”„ OTP Attempt 1/3
â³ Only 7s left, waiting for fresh OTP...
ğŸ• Using fresh OTP: 928787 (valid for 29s)
âœ… OTP typed via keyboard: 928787
âœ… OTP submitted using selector: button:has-text("Verify")
âœ… OTP verification successful! Redirected to: https://bo.viewz.co/settings/accounts
ğŸ” Checking login status at URL: https://bo.viewz.co/settings/accounts
âœ… BO login verified with selector: text=Accounts
âœ… BO Login Successful!

==================================================
STEP 2: NAVIGATE TO ACCOUNTS PAGE
==================================================
ğŸ  Navigating to Accounts page...
ğŸ“ Current URL: https://bo.viewz.co/settings/accounts
âœ… Already on accounts page
âœ… Accounts page verified by URL: https://bo.viewz.co/settings/accounts
âœ… Accounts Navigation Successful!
ğŸ“‹ Retrieving accounts list...
ğŸ“¸ Debug screenshot saved: debug_accounts_list_page.png
âœ… Found 10 potential accounts using selector: table tbody tr
ğŸ“‹ Found 10 actual accounts (excluding headers)
ğŸ“‹ Found 10 accounts available

==================================================
STEP 3: ACCOUNT RELOGIN WITH OTP
==================================================
ğŸ”„ Starting complete relogin flow...
ğŸ  Navigating to Accounts page...
ğŸ“ Current URL: https://bo.viewz.co/settings/accounts
âœ… Already on accounts page
âœ… Accounts page verified by URL: https://bo.viewz.co/settings/accounts
ğŸ¯ Selecting account 0 for relogin...
ğŸ“‹ Retrieving accounts list...
ğŸ“¸ Debug screenshot saved: debug_accounts_list_page.png
âœ… Found 10 potential accounts using selector: table tbody tr
ğŸ“‹ Found 10 actual accounts (excluding headers)
âœ… Selected account: 151408472254Viewz Demo LTDViewz Demo LTD×™×©×¨××œ×™×ª ×—×‘×¨×” ×¤×¨×˜×™×ª×¤×¢×™×œ×”28/07/2023
âœ… Clicked relogin button: [title="Relogin To Account"]
ğŸ” Handling relogin OTP...
ğŸ“ Current URL after relogin click: https://bo.viewz.co/settings/accounts
ğŸ“¸ Debug screenshot: debug_after_relogin_click.png
ğŸ” Number of open pages/tabs: 2
ğŸ”„ Switched to new page: https://app.viewz.co/relogin?appSessionId=f82c5794-276d-4214-99d6-36afcee53f5a&jwtToken=eyJhbGciOiJkaXIiLCJlbmMiOiJBMjU2R0NNIiwia2lkIjoiRkxodUhBWFB4Xzd3UWYwb3VsNzM2UV81anRCdlFjV1MtVFo4LVBwTUkzbyJ9..cxxv8M6xp7Undvrt.Gffi_XBoeiZ7a7IlMWlRpr_d7eEVesZ0rLC1wKhZ7MmshojkyMZWpwnrbTaQkjhO_8VWy66cPgtlGy19mrovPU7WhBuy9ecY9hO2hrEjVizwmFrxRmcgFHukUgIgIO9enBIk2jIuFdjCn2p_mGjuQYmrgAjrd_XGztjb8Hf1I16_Va5MQegSWLp20ein3sXoqE500j6WXaTX1RiR5WoWgPk3htoOKjyXN1YRVhnnVQGLbZk7z-c9iWIYlvv_dxX9xnFDq9CUaCrFC8KvdrTEJDeMOPeC3rp3ClsrEMmVtkz8NWn3UvdzhOs-SSvJzxlLcJxX0OE_XV38-q42VOE8FAQlFm57EkZtVYOINsM-ID78TCZCcKIQBJUrn-VdsKz9vHDYVKyepC9msogZAHvMmzOzJ3Ux9euSjFyi5QMUBDkxTySl70kcgHALehJCAFBnwmvbG029A2pfHp-CggEkUyVQe5QzX06LvMAoIblnVywIlJM-9swXxS-Uxo1FClxzegpoUhS8zP2T6LJ-1elEGzfrooEqK4iDg0dEkhpeJX9e9TRplOniM3SySlyNwf6skP-56AHUZX_hzzsQJx5oZUzVNAldqN44F9l_B6Xy6QISfaaUouVFIFNiOWo05M7kJxwv2paV2Nwg0dAwb0WmTsvDSCkurH0UU4x9yxk6coyEkoFy6ye6_lIiKbceTja0yXIj2g.DhqwuP-L9SRr9X4vy-cW3g&supportUserId=96&tabId=tab-1767518771697-88lle1r&userId=240
ğŸ” Relogin page detected - waiting for OTP dialog...
ğŸ“¸ New window screenshot: debug_relogin_new_window.png
âœ… Found OTP indicator in new window: text=code
ğŸ” OTP required in new window, proceeding with verification...
__________________ TestBOCompleteFlow.test_bo_account_relogin __________________
tests/e2e/bo/test_bo_complete_flow.py:664: in test_bo_account_relogin
    relogin_success = await self.bo_accounts_page.perform_complete_relogin_flow(
pages/bo_accounts_page.py:682: in perform_complete_relogin_flow
    if not await self.handle_relogin_otp(otp_secret):
           ^^^^^^^^^^^^^^^^^^^^^^^^^^^^^^^^^^^^^^^^^
pages/bo_accounts_page.py:421: in handle_relogin_otp
    otp_code = totp.now()
               ^^^^^^^^^^
venv/lib/python3.12/site-packages/pyotp/totp.py:64: in now
    return self.generate_otp(self.timecode(datetime.datetime.now()))
           ^^^^^^^^^^^^^^^^^^^^^^^^^^^^^^^^^^^^^^^^^^^^^^^^^^^^^^^^^
venv/lib/python3.12/site-packages/pyotp/otp.py:35: in generate_otp
    hasher = hmac.new(self.byte_secret(), self.int_to_bytestring(input), self.digest)
                      ^^^^^^^^^^^^^^^^^^
venv/lib/python3.12/site-packages/pyotp/otp.py:52: in byte_secret
    return base64.b32decode(secret, casefold=True)
           ^^^^^^^^^^^^^^^^^^^^^^^^^^^^^^^^^^^^^^^
../../../.pyenv/versions/3.12.3/lib/python3.12/base64.py:254: in b32decode
    return _b32decode(_b32alphabet, s, casefold, map01)
           ^^^^^^^^^^^^^^^^^^^^^^^^^^^^^^^^^^^^^^^^^^^^
../../../.pyenv/versions/3.12.3/lib/python3.12/base64.py:236: in _b32decode
    raise binascii.Error('Non-base32 digit found') from None
E   binascii.Error: Non-base32 digit found

During handling of the above exception, another exception occurred:
tests/e2e/bo/test_bo_complete_flow.py:696: in test_bo_account_relogin
    pytest.fail(f"BO account relogin test failed: {str(e)}")
E   Failed: BO account relogin test failed: Non-base32 digit found
---------------------------- Captured stdout setup -----------------------------
ğŸš€ BO Test Setup Complete - Environment: BO Production
----------------------------- Captured stdout call -----------------------------

ğŸ”„ Testing BO Account Relogin...
ğŸ” Attempting BO login for user: sharonadmin
âœ… Username filled using selector: input[name="userName"]
âœ… Password filled using selector: input[name="password"]
âœ… Login button clicked using selector: button[type="submit"]
ğŸ” Handling BO OTP verification...
âœ… OTP page detected with indicator: text=code
ğŸ”„ OTP Attempt 1/3
ğŸ• Using fresh OTP: 954096 (valid for 21s)
âœ… OTP typed via keyboard: 954096
âœ… OTP submitted using selector: button:has-text("Verify")
âœ… OTP verification successful! Redirected to: https://bo.viewz.co/settings/accounts
ğŸ” Checking login status at URL: https://bo.viewz.co/settings/accounts
âœ… BO login verified with selector: text=Accounts
âœ… BO login successful
ğŸ”„ Starting complete relogin flow...
ğŸ  Navigating to Accounts page...
ğŸ“ Current URL: https://bo.viewz.co/settings/accounts
âœ… Already on accounts page
âœ… Accounts page verified by URL: https://bo.viewz.co/settings/accounts
ğŸ¯ Selecting account 0 for relogin...
ğŸ“‹ Retrieving accounts list...
ğŸ“¸ Debug screenshot saved: debug_accounts_list_page.png
âœ… Found 10 potential accounts using selector: table tbody tr
ğŸ“‹ Found 10 actual accounts (excluding headers)
âœ… Selected account: 151408472254Viewz Demo LTDViewz Demo LTD×™×©×¨××œ×™×ª ×—×‘×¨×” ×¤×¨×˜×™×ª×¤×¢×™×œ×”28/07/2023
âœ… Clicked relogin button: [title="Relogin To Account"]
ğŸ” Handling relogin OTP...
ğŸ“ Current URL after relogin click: https://bo.viewz.co/settings/accounts
ğŸ“¸ Debug screenshot: debug_after_relogin_click.png
ğŸ” Number of open pages/tabs: 2
ğŸ”„ Switched to new page: https://app.viewz.co/relogin?appSessionId=6fcfb510-7189-452f-8d29-9ef97cd87253&jwtToken=eyJhbGciOiJkaXIiLCJlbmMiOiJBMjU2R0NNIiwia2lkIjoiRkxodUhBWFB4Xzd3UWYwb3VsNzM2UV81anRCdlFjV1MtVFo4LVBwTUkzbyJ9..n8epCz4q41UenURx.U_7_FhNDFOmW9BI22euKPg27mnJNMQLGaXNscImqWqd48h4F_QIzIVCzL65KqHm6cYG5ov2YnkXYrjGW2v6i_fobzYkLpgz1fzEd1HDKrgn695ElRj9kfeHx4KdWw27r2grzC10Z0v6ndtVw-jM6cM4r74vU7-k_ZKfZcFGLNENv3IcRF326W-byex9UXmkdwOu_MwgSeqmAlEjBbuqpL1JvCHp0MOKhu8iwXoJkXJEg8hG9ZdE-iZIK5UCpeHZ2pGH6Jm3PYvipNkVJX0yesJ2PCkIYp4GCcdhBTW1PN1BegNoGoXIOUxS53_TC4xEv3vP-D_hbbvqnk0LhJlHwBhmr-PQXAQGR2IkmVTWgFYBX-WIXT6a_29xJ9zpteOBjMgoIfoB-BFk4A7_PHXHMQ9V-89ZIEoIqcVViOJ8BTAPokJY12lSWEoRSHVCHbk8C3TV-r_ASeytQmZGDc19vE96J_bL6I-3cJDhjfJQhiLeOe3RqdiH7Ko6Ty9eEi4-rfDsmasjT5-ff0Raqt4IRainS_2qUCcsvU2egJsky_XRyEn3_EdA6thiMZc9mRk5aqK2rH4lS4MbEuLM5e48-JMtGXhW-EpleF7NtJjvaJy8QllvroUhPePIRQHAUd1M4O6roxubdeFkFMhQKBTLgLP4Uh7CFFyDaqsFTqlMk8XV_c0z54f8T5MaPny_C_0KKJTs29Q.edbaJYQNZfm1pjTcSUae_g&supportUserId=96&tabId=tab-1767518907255-43kgz3k&userId=240
ğŸ” Relogin page detected - waiting for OTP dialog...
ğŸ“¸ New window screenshot: debug_relogin_new_window.png
âœ… Found OTP indicator in new window: text=code
ğŸ” OTP required in new window, proceeding with verification...
ğŸ”„ Updating TestRail case 30967 with status 5
âœ… TestRail case 30967 updated successfully
âœ… TestRail case C30967 updated successfully! Result ID: 15843
ğŸ“‹ Status: FAILED
ğŸ’¬ Comment: BO Account Relogin failed: Non-base32 digit found
â±ï¸ Duration: 45.0s
___________ TestBOCompleteFlow.test_bo_relogin_sanity_comprehensive ____________
tests/e2e/bo/test_bo_complete_flow.py:721: in test_bo_relogin_sanity_comprehensive
    relogin_success = await self.bo_accounts_page.perform_complete_relogin_flow(
pages/bo_accounts_page.py:682: in perform_complete_relogin_flow
    if not await self.handle_relogin_otp(otp_secret):
           ^^^^^^^^^^^^^^^^^^^^^^^^^^^^^^^^^^^^^^^^^
pages/bo_accounts_page.py:421: in handle_relogin_otp
    otp_code = totp.now()
               ^^^^^^^^^^
venv/lib/python3.12/site-packages/pyotp/totp.py:64: in now
    return self.generate_otp(self.timecode(datetime.datetime.now()))
           ^^^^^^^^^^^^^^^^^^^^^^^^^^^^^^^^^^^^^^^^^^^^^^^^^^^^^^^^^
venv/lib/python3.12/site-packages/pyotp/otp.py:35: in generate_otp
    hasher = hmac.new(self.byte_secret(), self.int_to_bytestring(input), self.digest)
                      ^^^^^^^^^^^^^^^^^^
venv/lib/python3.12/site-packages/pyotp/otp.py:52: in byte_secret
    return base64.b32decode(secret, casefold=True)
           ^^^^^^^^^^^^^^^^^^^^^^^^^^^^^^^^^^^^^^^
../../../.pyenv/versions/3.12.3/lib/python3.12/base64.py:254: in b32decode
    return _b32decode(_b32alphabet, s, casefold, map01)
           ^^^^^^^^^^^^^^^^^^^^^^^^^^^^^^^^^^^^^^^^^^^^
../../../.pyenv/versions/3.12.3/lib/python3.12/base64.py:236: in _b32decode
    raise binascii.Error('Non-base32 digit found') from None
E   binascii.Error: Non-base32 digit found

During handling of the above exception, another exception occurred:
tests/e2e/bo/test_bo_complete_flow.py:757: in test_bo_relogin_sanity_comprehensive
    pytest.fail(f"BO relogin session sanity test failed: {str(e)}")
E   Failed: BO relogin session sanity test failed: Non-base32 digit found
---------------------------- Captured stdout setup -----------------------------
ğŸš€ BO Test Setup Complete - Environment: BO Production
----------------------------- Captured stdout call -----------------------------

ğŸ§ª Testing BO Relogin Session - Comprehensive Sanity...
ğŸ” Attempting BO login for user: sharonadmin
âœ… Username filled using selector: input[name="userName"]
âœ… Password filled using selector: input[name="password"]
âœ… Login button clicked using selector: button[type="submit"]
ğŸ” Handling BO OTP verification...
âœ… OTP page detected with indicator: text=code
ğŸ”„ OTP Attempt 1/3
â³ Only 1s left, waiting for fresh OTP...
ğŸ• Using fresh OTP: 230767 (valid for 29s)
âœ… OTP typed via keyboard: 230767
âœ… OTP submitted using selector: button:has-text("Verify")
âœ… OTP verification successful! Redirected to: https://bo.viewz.co/settings/accounts
ğŸ” Checking login status at URL: https://bo.viewz.co/settings/accounts
âœ… BO login verified with selector: text=Accounts
ğŸ”„ Starting complete relogin flow...
ğŸ  Navigating to Accounts page...
ğŸ“ Current URL: https://bo.viewz.co/settings/accounts
âœ… Already on accounts page
âœ… Accounts page verified by URL: https://bo.viewz.co/settings/accounts
ğŸ¯ Selecting account 0 for relogin...
ğŸ“‹ Retrieving accounts list...
ğŸ“¸ Debug screenshot saved: debug_accounts_list_page.png
âœ… Found 10 potential accounts using selector: table tbody tr
ğŸ“‹ Found 10 actual accounts (excluding headers)
âœ… Selected account: 151408472254Viewz Demo LTDViewz Demo LTD×™×©×¨××œ×™×ª ×—×‘×¨×” ×¤×¨×˜×™×ª×¤×¢×™×œ×”28/07/2023
âœ… Clicked relogin button: [title="Relogin To Account"]
ğŸ” Handling relogin OTP...
ğŸ“ Current URL after relogin click: https://bo.viewz.co/settings/accounts
ğŸ“¸ Debug screenshot: debug_after_relogin_click.png
ğŸ” Number of open pages/tabs: 2
ğŸ”„ Switched to new page: https://app.viewz.co/relogin?appSessionId=54fbece7-7ce2-4301-abd1-3cd3032b6a9a&jwtToken=eyJhbGciOiJkaXIiLCJlbmMiOiJBMjU2R0NNIiwia2lkIjoiRkxodUhBWFB4Xzd3UWYwb3VsNzM2UV81anRCdlFjV1MtVFo4LVBwTUkzbyJ9..54bVp-ZZigJhGSnv.-aX15pM0s3oLNqmOKHT6-EnHaCAe5hNPZiaxp9md3mL3HNiXrdjZFiTbeXtF51S-pbmQsVUGUoBUsOL1RyMdw-DCKewTUUaNcqdSQF7pwWn7eNXe8O9vfq56GqbcbjHwSW3D_Qeu-TEgariFFbKRAtmjEgW9jTT3MtFdTMDnegVPn46B0Z56DGFuqdfB7BPkQN_aPaCQzVqjANAFin0H4oJ7UXlbrtBedUhJb7dHYpdO6h2tg6YadRcJyg_4T6r0DO11cMJXIfmb3wwoPLOfrjSWptgtnWvRp9ZY3Qv1MM1SBYXqAxJX4OLkgcWRFmh6222nhglv8CtneNhZQsL7wTIDiDfbiusJCymYSvsnHRO4Xg6IxgY086fRP1Qum2aaxablQEWRexj1tQl7klr_ixnJbqaMQAgNvOYVEkdVCbNTEdG8mMWQFO42qiBc1v1WUT--rGIGKnmvkMNhlNhK0fA2AOFw4tuC33U_jhd1A1U7AWW8JuW67F2a4wT2kXQ-nc0jGB47-0RpRkOpfH9EQR9tOo1v8wsCaOCv_PiOOhxHlHmJB_TfNAyIKlUby2GdJnLvGQxRKfEQ_p8XSk97dFcehizVAVq6ZtRdnGIl-TIhgqOYUQtTJ_m3GUnzafXem4lK_hV6I1n3rni64ty7GbxufjQl8IJCyDlOsW-VTweZMp1cjMZXTU-lCPUUjyLD_3fKsg.V9b6JD-6bvXWyGsXgD7VDw&supportUserId=96&tabId=tab-1767518958018-weyu8cz&userId=240
ğŸ” Relogin page detected - waiting for OTP dialog...
ğŸ“¸ New window screenshot: debug_relogin_new_window.png
âœ… Found OTP indicator in new window: text=code
ğŸ” OTP required in new window, proceeding with verification...
ğŸ”„ Updating TestRail case 30968 with status 5
âœ… TestRail case 30968 updated successfully
âœ… TestRail case C30968 updated successfully! Result ID: 15845
ğŸ“‹ Status: FAILED
ğŸ’¬ Comment: BO Relogin Session Sanity failed: Non-base32 digit found
â±ï¸ Duration: 47.3s
___________ TestEasySendEmailToPayables.test_easysend_complete_flow ____________
tests/e2e/easysend/test_easysend_email_to_payables.py:726: in test_easysend_complete_flow
    pytest.fail("Failed to login to Outlook")
E   Failed: Failed to login to Outlook
----------------------------- Captured stdout call -----------------------------

======================================================================
ğŸ§ª TEST: EasySend Email to Payables - Complete E2E Flow (Stage)
======================================================================

==================================================
ğŸ“§ STEP 1: Login to Outlook
==================================================

ğŸ“§ Logging into Outlook...
ğŸ“ Initial URL: https://login.microsoftonline.com/common/oauth2/v2.0/authorize?client_id=9199bf20-a13f-4107-85dc-02114787ef48&scope=https%3A%2F%2Foutlook.office.com%2F.default%20openid%20profile%20offline_access&redirect_uri=https%3A%2F%2Foutlook.office.com%2Fmail%2F&client-request-id=e43f1db0-291b-f6b7-3600-1d53a58a15cd&response_mode=fragment&client_info=1&prompt=select_account&nonce=019b885d-5c0e-7a86-b2f7-edd77502c3fe&state=eyJpZCI6IjAxOWI4ODVkLTVjMGUtNzFhNy04YTI4LTliZmNmOTY0M2Y3NCIsIm1ldGEiOnsiaW50ZXJhY3Rpb25UeXBlIjoicmVkaXJlY3QifX0%3D%7CaHR0cHM6Ly9vdXRsb29rLm9mZmljZS5jb20vbWFpbC8&claims=%7B%22access_token%22%3A%7B%22xms_cc%22%3A%7B%22values%22%3A%5B%22CP1%22%5D%7D%7D%7D&x-client-SKU=msal.js.browser&x-client-VER=4.26.0&response_type=code&code_challenge=mfHwVKIUxRgyE-4SIoiTZgBDTKa-ZlGVpzwoDmGDk-I&code_challenge_method=S256
ğŸ“ Step 1: Entering email...
âœ… Entered email: automation@viewz.co
âœ… Clicked Next
ğŸ“ Step 2: Entering password...
âœ… Entered password
âœ… Clicked Sign in
ğŸ“ Step 3: Handling 'Stay signed in' prompt...
ğŸ“ Step 4: Waiting for Outlook mail to load...
âš ï¸ Outlook login may have issues. Current URL: https://login.microsoftonline.com/common/login
_______________ TestOutlookSendEmail.test_send_email_to_easysend _______________
tests/e2e/easysend/test_outlook_send_email.py:512: in test_send_email_to_easysend
    assert login_success, "Failed to login to Outlook"
E   AssertionError: Failed to login to Outlook
E   assert False
----------------------------- Captured stdout call -----------------------------

============================================================
ğŸ§ª TEST: Send Email to EasySend
============================================================

ğŸ“§ Logging into Outlook...
ğŸ“ Initial URL: https://login.microsoftonline.com/common/oauth2/v2.0/authorize?client_id=9199bf20-a13f-4107-85dc-02114787ef48&scope=https%3A%2F%2Foutlook.office.com%2F.default%20openid%20profile%20offline_access&redirect_uri=https%3A%2F%2Foutlook.office.com%2Fmail%2F&client-request-id=03665270-3287-5a55-7ecf-0c97eab611a4&response_mode=fragment&client_info=1&prompt=select_account&nonce=019b885f-b428-765b-91f0-cc7fa2e0d9c1&state=eyJpZCI6IjAxOWI4ODVmLWI0MjgtNzNmOC1iODRjLTU0NDE5NTUxOGQxMiIsIm1ldGEiOnsiaW50ZXJhY3Rpb25UeXBlIjoicmVkaXJlY3QifX0%3D%7CaHR0cHM6Ly9vdXRsb29rLm9mZmljZS5jb20vbWFpbC8&claims=%7B%22access_token%22%3A%7B%22xms_cc%22%3A%7B%22values%22%3A%5B%22CP1%22%5D%7D%7D%7D&x-client-SKU=msal.js.browser&x-client-VER=4.26.0&response_type=code&code_challenge=u_WrmfLnv-CZTCj7EVCjyV5YfkEVWh8IZscApdeKF3k&code_challenge_method=S256
ğŸ“ Step 1: Entering email...
âœ… Entered email: automation@viewz.co
âœ… Clicked Next
ğŸ“ Step 2: Entering password...
âœ… Entered password
âœ… Clicked Sign in
ğŸ“ Step 3: Handling 'Stay signed in' prompt...
ğŸ“ Step 4: Waiting for Outlook mail to load...
âš ï¸ Outlook login timeout. URL: https://login.microsoftonline.com/common/login
_______________________ test_entity_selection_validation _______________________
tests/e2e/navigation/test_tabs_navigation_with_entity.py:90: in test_entity_selection_validation
    assert entity_verified, "Entity selection verification failed"
E   AssertionError: Entity selection verification failed
E   assert False
---------------------------- Captured stdout setup -----------------------------
ğŸ”‘ Using OTP secret from: config file
ğŸ” Generated OTP: 316947
ğŸ” Waiting for 2FA page...
âœ… Found 2FA page: Two-Factor Authentication
ğŸ“ Entering OTP: 316947
âœ… OTP filled via get_by_role('textbox')
ğŸ” Current URL after OTP entry: https://app.viewz.co/home
ğŸ¢ Starting entity selection...
ğŸ¢ Attempting to select entity: Viewz Demo INC
âš ï¸ No entity selector found - entity selection may not be required
âœ… Entity selection completed successfully
ğŸ” Final URL after login: https://app.viewz.co/home
âœ… Login verified successful - on page: https://app.viewz.co/home
----------------------------- Captured stdout call -----------------------------
ğŸ§ª Testing entity selection validation...
âš ï¸ Could not verify entity selection: Viewz Demo INC
____ TestCreditCardOperations.test_verify_credit_card_transactions_display _____
tests/e2e/reconciliation/credit_cards/test_credit_card_operations.py:59: in test_verify_credit_card_transactions_display
    assert has_transactions or has_empty_state, "Should show either transactions or empty state"
E   AssertionError: Should show either transactions or empty state
E   assert (False or False)
---------------------------- Captured stdout setup -----------------------------
ğŸ”‘ Using OTP secret from: config file
ğŸ” Generated OTP: 529555
ğŸ” Waiting for 2FA page...
âœ… Found 2FA page: Two-Factor Authentication
ğŸ“ Entering OTP: 529555
âœ… OTP filled via get_by_role('textbox')
ğŸ” Current URL after OTP entry: https://app.viewz.co/login
ğŸ¢ Starting entity selection...
ğŸ¢ Attempting to select entity: Viewz Demo INC
âš ï¸ No entity selector found - entity selection may not be required
âœ… Entity selection completed successfully
ğŸ” Final URL after login: https://app.viewz.co/login
âŒ CRITICAL: Still on login page after fixture! Login failed.
ğŸ“¸ Screenshot saved: debug_login_fixture_failure.png
ğŸ¦ Navigating to Credit Cards section...
âš ï¸ Currently on login page, waiting for authentication...
âš ï¸ UI navigation failed: Frame.is_visible() got an unexpected keyword argument 'timeout', trying direct URL...
ğŸ”— Navigating to: https://app.viewz.co/reconciliation/credit-cards
âš ï¸ Redirected to login page - session may have been lost
----------------------------- Captured stdout call -----------------------------
ğŸš€ Starting test: Verify transactions display
_________ TestCompletePayablesOperations.test_view_invoice_in_new_view _________
tests/e2e/reconciliation/payables/test_complete_payables_operations.py:948: in test_view_invoice_in_new_view
    assert list_displayed, "Invoice list should be displayed for view in new tab testing"
E   AssertionError: Invoice list should be displayed for view in new tab testing
E   assert False
---------------------------- Captured stdout setup -----------------------------
ğŸ”‘ Using OTP secret from: config file
ğŸ” Generated OTP: 829338
ğŸ” Waiting for 2FA page...
âœ… Found 2FA page: Two-Factor Authentication
ğŸ“ Entering OTP: 829338
âœ… OTP filled via get_by_role('textbox')
ğŸ” Current URL after OTP entry: https://app.viewz.co/login
ğŸ¢ Starting entity selection...
ğŸ¢ Attempting to select entity: Viewz Demo INC
âš ï¸ No entity selector found - entity selection may not be required
âœ… Entity selection completed successfully
ğŸ” Final URL after login: https://app.viewz.co/login
âŒ CRITICAL: Still on login page after fixture! Login failed.
ğŸ“¸ Screenshot saved: debug_login_fixture_failure.png
ğŸ“„ Navigating to Payables section...
âš ï¸ Currently on login page, waiting for authentication...
âš ï¸ UI navigation failed: Frame.is_visible() got an unexpected keyword argument 'timeout', trying direct URL...
ğŸ”— Navigating to: https://app.viewz.co/reconciliation/payables
âš ï¸ Redirected to login page - session may have been lost
âš ï¸ Navigation to Payables section failed, but continuing with tests
----------------------------- Captured stdout call -----------------------------
ğŸš€ Starting test: View invoice in new tab
ğŸ“¸ Screenshot captured: test_view_invoice_in_new_view_step_1.png
ğŸ“ Step 1: Testing view invoice in new tab functionality
âš ï¸ Not on reconciliation page, attempting navigation...
ğŸ“„ Navigating to Payables section...
âš ï¸ Currently on login page, waiting for authentication...
âš ï¸ UI navigation failed: Frame.is_visible() got an unexpected keyword argument 'timeout', trying direct URL...
ğŸ”— Navigating to: https://app.viewz.co/reconciliation/payables
âš ï¸ Redirected to login page - session may have been lost
âŒ No invoice list or data display found
âŒ Test failed: View invoice in new tab - Invoice list should be displayed for view in new tab testing
assert False
ğŸ“¸ Screenshot captured: test_view_invoice_in_new_view_failure.png
â±ï¸ Test duration: 9.51s
_________ TestPayablesOperations.test_verify_invoice_list_is_displayed _________
tests/e2e/reconciliation/payables/test_payables_operations.py:71: in test_verify_invoice_list_is_displayed
    assert result, "Invoice list or data table should be displayed"
E   AssertionError: Invoice list or data table should be displayed
E   assert False
---------------------------- Captured stdout setup -----------------------------
ğŸ”‘ Using OTP secret from: config file
ğŸ” Generated OTP: 205089
ğŸ” Waiting for 2FA page...
âœ… Found 2FA page: Two-Factor Authentication
ğŸ“ Entering OTP: 205089
âœ… OTP filled via get_by_role('textbox')
ğŸ” Current URL after OTP entry: https://app.viewz.co/login
ğŸ¢ Starting entity selection...
ğŸ¢ Attempting to select entity: Viewz Demo INC
âš ï¸ No entity selector found - entity selection may not be required
âœ… Entity selection completed successfully
ğŸ” Final URL after login: https://app.viewz.co/login
âŒ CRITICAL: Still on login page after fixture! Login failed.
ğŸ“¸ Screenshot saved: debug_login_fixture_failure.png
ğŸ“„ Navigating to Payables section...
âš ï¸ Currently on login page, waiting for authentication...
âš ï¸ UI navigation failed: Frame.is_visible() got an unexpected keyword argument 'timeout', trying direct URL...
ğŸ”— Navigating to: https://app.viewz.co/reconciliation/payables
âš ï¸ Redirected to login page - session may have been lost
----------------------------- Captured stdout call -----------------------------
ğŸ” Verifying preconditions for: Verify invoice list is displayed
ğŸ“‹ Preconditions: User is logged in and on reconciliation page
ğŸš€ Starting test: Verify invoice list is displayed
ğŸ“ Step 1: Navigate to Payables section within Reconciliation
ğŸ“¸ Screenshot captured: test_verify_invoice_list_is_displayed_step_1.png
âš ï¸ Not on reconciliation page, attempting navigation...
ğŸ“„ Navigating to Payables section...
âš ï¸ Currently on login page, waiting for authentication...
âš ï¸ UI navigation failed: Frame.is_visible() got an unexpected keyword argument 'timeout', trying direct URL...
ğŸ”— Navigating to: https://app.viewz.co/reconciliation/payables
âš ï¸ Redirected to login page - session may have been lost
âŒ No invoice list or data display found
âŒ Test failed: Verify invoice list is displayed - Invoice list or data table should be displayed
assert False
ğŸ“¸ Screenshot captured: test_verify_invoice_list_is_displayed_failure.png
â±ï¸ Test duration: 9.51s
______ TestExportValidation.test_bank_transactions_export_data_validation ______
tests/e2e/reconciliation/test_export_validation.py:917: in test_bank_transactions_export_data_validation
    assert comparison["match_percentage"] >= 99.9, f"Data match too low: {comparison['match_percentage']:.1f}% - Expected 99.9%+"
E   AssertionError: Data match too low: 99.9% - Expected 99.9%+
E   assert 99.89873417721519 >= 99.9
----------------------------- Captured stdout call -----------------------------

============================================================
ğŸ§ª TEST: Bank Transactions Export Data Validation
============================================================

ğŸ“ Step 1: Navigating to Bank Transactions...
âœ… On Bank Transactions page: https://app.viewz.co/reconciliation/banks?entityId=1&selectedBankAccount=%2210603%22

ğŸ“… Step 2: Setting date filter...
ğŸ“… Setting date filter from: 01/01/2020
ğŸ“… Found 3 inputs on page
ğŸ“… Found date input with value: 12/04/2025
âœ… Date filter changed: 12/04/2025 -> 01/01/2020

ğŸ“¥ Step 3: Exporting data...
ğŸ“¥ Clicking export button...
ğŸ“ Found 'Export' text element
âœ… Clicked Export
âœ… File downloaded: /Users/sharonhoffman/Desktop/Automation/playwright_python_framework/downloads/export_20260104_125411.xlsx (original: bank-transactions-2026-01-04.xlsx)

ğŸ“„ Step 4: Reading exported file...
ğŸ“„ Reading export file: /Users/sharonhoffman/Desktop/Automation/playwright_python_framework/downloads/export_20260104_125411.xlsx
ğŸ“Š Detected Excel format (.xlsx)
âœ… Excel has 5 columns and 395 data rows
ğŸ“Š Export has 395 rows

ğŸ“‹ Step 5: Extracting all 395 UI rows...
ğŸ“Š Extracting table data from UI (target: 395 rows)...
ğŸ“Š Set rows per page to: 100
ğŸ“Š Extracting table data from UI...
ğŸ“‹ Found 100 rows in table
âœ… Extracted 100 data rows
ğŸ“„ Page 1: collected 100 rows (total: 100)
â¡ï¸ Clicked next page
ğŸ“Š Extracting table data from UI...
ğŸ“‹ Found 100 rows in table
âœ… Extracted 100 data rows
ğŸ“„ Page 2: collected 100 rows (total: 200)
â¡ï¸ Clicked next page
ğŸ“Š Extracting table data from UI...
ğŸ“‹ Found 100 rows in table
âœ… Extracted 100 data rows
ğŸ“„ Page 3: collected 100 rows (total: 300)
â¡ï¸ Clicked next page
ğŸ“Š Extracting table data from UI...
ğŸ“‹ Found 95 rows in table
âœ… Extracted 95 data rows
ğŸ“„ Page 4: collected 95 rows (total: 395)
âœ… Total rows extracted from UI: 395

ğŸ” Step 6: Comparing data...
ğŸ” Comparing UI data with CSV data...
ğŸ“Š Sorted both datasets by date + description + ID
ğŸ“Š UI first row (6 cols): ['08/23/2021', 'Opening balance', '$249,768.21', 'Select GL Account', 'Recorded']...
ğŸ“Š CSV first row (5 cols): ['2021-08-23 12:00:00', 'Opening balance', '249768.21', '', 'Recorded']...
âœ… Row counts match: 395
âŒ Sample mismatches:
   Row 308, Col 3: UI='10610 - 4Pines F...' vs CSV=''
   Row 391, Col 3: UI='10610 - 4Pines F...' vs CSV='10608 - Easy Send Ltd.'
âœ… Match percentage: 99.9%

âœ… Step 7: Validating results...
ğŸ“Š Row counts: UI=395, Export=395
=============================== warnings summary ===============================
tests/api/test_security_otp_validation.py:311
  /Users/sharonhoffman/Desktop/Automation/playwright_python_framework/tests/api/test_security_otp_validation.py:311: PytestUnknownMarkWarning: Unknown pytest.mark.security - is this a typo?  You can register custom marks to avoid this warning - for details, see https://docs.pytest.org/en/stable/how-to/mark.html
    @pytest.mark.security

tests/api/test_security_otp_validation.py:312
  /Users/sharonhoffman/Desktop/Automation/playwright_python_framework/tests/api/test_security_otp_validation.py:312: PytestUnknownMarkWarning: Unknown pytest.mark.otp_validation - is this a typo?  You can register custom marks to avoid this warning - for details, see https://docs.pytest.org/en/stable/how-to/mark.html
    @pytest.mark.otp_validation

tests/api/test_security_otp_validation.py:346
  /Users/sharonhoffman/Desktop/Automation/playwright_python_framework/tests/api/test_security_otp_validation.py:346: PytestUnknownMarkWarning: Unknown pytest.mark.security - is this a typo?  You can register custom marks to avoid this warning - for details, see https://docs.pytest.org/en/stable/how-to/mark.html
    @pytest.mark.security

tests/api/test_security_otp_validation.py:347
  /Users/sharonhoffman/Desktop/Automation/playwright_python_framework/tests/api/test_security_otp_validation.py:347: PytestUnknownMarkWarning: Unknown pytest.mark.otp_validation - is this a typo?  You can register custom marks to avoid this warning - for details, see https://docs.pytest.org/en/stable/how-to/mark.html
    @pytest.mark.otp_validation

tests/api/test_security_otp_validation.py:369
  /Users/sharonhoffman/Desktop/Automation/playwright_python_framework/tests/api/test_security_otp_validation.py:369: PytestUnknownMarkWarning: Unknown pytest.mark.security - is this a typo?  You can register custom marks to avoid this warning - for details, see https://docs.pytest.org/en/stable/how-to/mark.html
    @pytest.mark.security

tests/api/test_security_otp_validation.py:370
  /Users/sharonhoffman/Desktop/Automation/playwright_python_framework/tests/api/test_security_otp_validation.py:370: PytestUnknownMarkWarning: Unknown pytest.mark.otp_validation - is this a typo?  You can register custom marks to avoid this warning - for details, see https://docs.pytest.org/en/stable/how-to/mark.html
    @pytest.mark.otp_validation

tests/api/test_security_otp_validation.py:392
  /Users/sharonhoffman/Desktop/Automation/playwright_python_framework/tests/api/test_security_otp_validation.py:392: PytestUnknownMarkWarning: Unknown pytest.mark.security - is this a typo?  You can register custom marks to avoid this warning - for details, see https://docs.pytest.org/en/stable/how-to/mark.html
    @pytest.mark.security

tests/api/test_security_otp_validation.py:393
  /Users/sharonhoffman/Desktop/Automation/playwright_python_framework/tests/api/test_security_otp_validation.py:393: PytestUnknownMarkWarning: Unknown pytest.mark.otp_validation - is this a typo?  You can register custom marks to avoid this warning - for details, see https://docs.pytest.org/en/stable/how-to/mark.html
    @pytest.mark.otp_validation

tests/api/test_security_otp_validation.py:415
  /Users/sharonhoffman/Desktop/Automation/playwright_python_framework/tests/api/test_security_otp_validation.py:415: PytestUnknownMarkWarning: Unknown pytest.mark.security - is this a typo?  You can register custom marks to avoid this warning - for details, see https://docs.pytest.org/en/stable/how-to/mark.html
    @pytest.mark.security

tests/api/test_security_otp_validation.py:416
  /Users/sharonhoffman/Desktop/Automation/playwright_python_framework/tests/api/test_security_otp_validation.py:416: PytestUnknownMarkWarning: Unknown pytest.mark.otp_validation - is this a typo?  You can register custom marks to avoid this warning - for details, see https://docs.pytest.org/en/stable/how-to/mark.html
    @pytest.mark.otp_validation

tests/api/test_security_otp_validation.py:438
  /Users/sharonhoffman/Desktop/Automation/playwright_python_framework/tests/api/test_security_otp_validation.py:438: PytestUnknownMarkWarning: Unknown pytest.mark.security - is this a typo?  You can register custom marks to avoid this warning - for details, see https://docs.pytest.org/en/stable/how-to/mark.html
    @pytest.mark.security

tests/api/test_security_otp_validation.py:439
  /Users/sharonhoffman/Desktop/Automation/playwright_python_framework/tests/api/test_security_otp_validation.py:439: PytestUnknownMarkWarning: Unknown pytest.mark.otp_validation - is this a typo?  You can register custom marks to avoid this warning - for details, see https://docs.pytest.org/en/stable/how-to/mark.html
    @pytest.mark.otp_validation

tests/api/test_security_otp_validation.py:473
  /Users/sharonhoffman/Desktop/Automation/playwright_python_framework/tests/api/test_security_otp_validation.py:473: PytestUnknownMarkWarning: Unknown pytest.mark.security - is this a typo?  You can register custom marks to avoid this warning - for details, see https://docs.pytest.org/en/stable/how-to/mark.html
    @pytest.mark.security

tests/api/test_security_otp_validation.py:474
  /Users/sharonhoffman/Desktop/Automation/playwright_python_framework/tests/api/test_security_otp_validation.py:474: PytestUnknownMarkWarning: Unknown pytest.mark.otp_validation - is this a typo?  You can register custom marks to avoid this warning - for details, see https://docs.pytest.org/en/stable/how-to/mark.html
    @pytest.mark.otp_validation

tests/api/test_security_otp_validation.py:509
  /Users/sharonhoffman/Desktop/Automation/playwright_python_framework/tests/api/test_security_otp_validation.py:509: PytestUnknownMarkWarning: Unknown pytest.mark.security - is this a typo?  You can register custom marks to avoid this warning - for details, see https://docs.pytest.org/en/stable/how-to/mark.html
    @pytest.mark.security

tests/api/test_security_otp_validation.py:510
  /Users/sharonhoffman/Desktop/Automation/playwright_python_framework/tests/api/test_security_otp_validation.py:510: PytestUnknownMarkWarning: Unknown pytest.mark.otp_validation - is this a typo?  You can register custom marks to avoid this warning - for details, see https://docs.pytest.org/en/stable/how-to/mark.html
    @pytest.mark.otp_validation

tests/api/test_security_otp_validation.py:543
  /Users/sharonhoffman/Desktop/Automation/playwright_python_framework/tests/api/test_security_otp_validation.py:543: PytestUnknownMarkWarning: Unknown pytest.mark.security - is this a typo?  You can register custom marks to avoid this warning - for details, see https://docs.pytest.org/en/stable/how-to/mark.html
    @pytest.mark.security

tests/api/test_security_otp_validation.py:544
  /Users/sharonhoffman/Desktop/Automation/playwright_python_framework/tests/api/test_security_otp_validation.py:544: PytestUnknownMarkWarning: Unknown pytest.mark.otp_validation - is this a typo?  You can register custom marks to avoid this warning - for details, see https://docs.pytest.org/en/stable/how-to/mark.html
    @pytest.mark.otp_validation

tests/api/test_security_otp_validation.py:598
  /Users/sharonhoffman/Desktop/Automation/playwright_python_framework/tests/api/test_security_otp_validation.py:598: PytestUnknownMarkWarning: Unknown pytest.mark.security - is this a typo?  You can register custom marks to avoid this warning - for details, see https://docs.pytest.org/en/stable/how-to/mark.html
    @pytest.mark.security

tests/api/test_security_otp_validation.py:599
  /Users/sharonhoffman/Desktop/Automation/playwright_python_framework/tests/api/test_security_otp_validation.py:599: PytestUnknownMarkWarning: Unknown pytest.mark.otp_validation - is this a typo?  You can register custom marks to avoid this warning - for details, see https://docs.pytest.org/en/stable/how-to/mark.html
    @pytest.mark.otp_validation

tests/api/test_security_otp_validation.py:639
  /Users/sharonhoffman/Desktop/Automation/playwright_python_framework/tests/api/test_security_otp_validation.py:639: PytestUnknownMarkWarning: Unknown pytest.mark.security - is this a typo?  You can register custom marks to avoid this warning - for details, see https://docs.pytest.org/en/stable/how-to/mark.html
    @pytest.mark.security

tests/api/test_security_otp_validation.py:640
  /Users/sharonhoffman/Desktop/Automation/playwright_python_framework/tests/api/test_security_otp_validation.py:640: PytestUnknownMarkWarning: Unknown pytest.mark.otp_validation - is this a typo?  You can register custom marks to avoid this warning - for details, see https://docs.pytest.org/en/stable/how-to/mark.html
    @pytest.mark.otp_validation

tests/api/test_security_otp_validation.py:681
  /Users/sharonhoffman/Desktop/Automation/playwright_python_framework/tests/api/test_security_otp_validation.py:681: PytestUnknownMarkWarning: Unknown pytest.mark.security - is this a typo?  You can register custom marks to avoid this warning - for details, see https://docs.pytest.org/en/stable/how-to/mark.html
    @pytest.mark.security

tests/api/test_security_otp_validation.py:682
  /Users/sharonhoffman/Desktop/Automation/playwright_python_framework/tests/api/test_security_otp_validation.py:682: PytestUnknownMarkWarning: Unknown pytest.mark.otp_validation - is this a typo?  You can register custom marks to avoid this warning - for details, see https://docs.pytest.org/en/stable/how-to/mark.html
    @pytest.mark.otp_validation

tests/api/test_security_otp_validation.py:767
  /Users/sharonhoffman/Desktop/Automation/playwright_python_framework/tests/api/test_security_otp_validation.py:767: PytestUnknownMarkWarning: Unknown pytest.mark.security - is this a typo?  You can register custom marks to avoid this warning - for details, see https://docs.pytest.org/en/stable/how-to/mark.html
    @pytest.mark.security

tests/api/test_security_otp_validation.py:768
  /Users/sharonhoffman/Desktop/Automation/playwright_python_framework/tests/api/test_security_otp_validation.py:768: PytestUnknownMarkWarning: Unknown pytest.mark.otp_validation - is this a typo?  You can register custom marks to avoid this warning - for details, see https://docs.pytest.org/en/stable/how-to/mark.html
    @pytest.mark.otp_validation

tests/api/test_security_otp_validation.py:826
  /Users/sharonhoffman/Desktop/Automation/playwright_python_framework/tests/api/test_security_otp_validation.py:826: PytestUnknownMarkWarning: Unknown pytest.mark.security - is this a typo?  You can register custom marks to avoid this warning - for details, see https://docs.pytest.org/en/stable/how-to/mark.html
    @pytest.mark.security

tests/e2e/payables/test_invoice_file_upload.py:1386
  /Users/sharonhoffman/Desktop/Automation/playwright_python_framework/tests/e2e/payables/test_invoice_file_upload.py:1386: PytestUnknownMarkWarning: Unknown pytest.mark.testrail_case - is this a typo?  You can register custom marks to avoid this warning - for details, see https://docs.pytest.org/en/stable/how-to/mark.html
    @pytest.mark.testrail_case(7988)

tests/e2e/payables/test_invoice_file_upload.py:1556
  /Users/sharonhoffman/Desktop/Automation/playwright_python_framework/tests/e2e/payables/test_invoice_file_upload.py:1556: PytestUnknownMarkWarning: Unknown pytest.mark.testrail_case - is this a typo?  You can register custom marks to avoid this warning - for details, see https://docs.pytest.org/en/stable/how-to/mark.html
    @pytest.mark.testrail_case(8010)

tests/e2e/payables/test_invoice_file_upload.py:1617
  /Users/sharonhoffman/Desktop/Automation/playwright_python_framework/tests/e2e/payables/test_invoice_file_upload.py:1617: PytestUnknownMarkWarning: Unknown pytest.mark.testrail_case - is this a typo?  You can register custom marks to avoid this warning - for details, see https://docs.pytest.org/en/stable/how-to/mark.html
    @pytest.mark.testrail_case(7989)  # Matches existing mapping

-- Docs: https://docs.pytest.org/en/stable/how-to/capture-warnings.html
=========================== short test summary info ============================
FAILED tests/e2e/bo/test_bo_complete_flow.py::TestBOCompleteFlow::test_bo_complete_workflow - Failed: Account relogin failed: Non-base32 digit found
FAILED tests/e2e/bo/test_bo_complete_flow.py::TestBOCompleteFlow::test_bo_account_relogin - Failed: BO account relogin test failed: Non-base32 digit found
FAILED tests/e2e/bo/test_bo_complete_flow.py::TestBOCompleteFlow::test_bo_relogin_sanity_comprehensive - Failed: BO relogin session sanity test failed: Non-base32 digit found
FAILED tests/e2e/easysend/test_easysend_email_to_payables.py::TestEasySendEmailToPayables::test_easysend_complete_flow - Failed: Failed to login to Outlook
FAILED tests/e2e/easysend/test_outlook_send_email.py::TestOutlookSendEmail::test_send_email_to_easysend - AssertionError: Failed to login to Outlook
assert False
FAILED tests/e2e/navigation/test_tabs_navigation_with_entity.py::test_entity_selection_validation - AssertionError: Entity selection verification failed
assert False
FAILED tests/e2e/reconciliation/credit_cards/test_credit_card_operations.py::TestCreditCardOperations::test_verify_credit_card_transactions_display - AssertionError: Should show either transactions or empty state
assert (False or False)
FAILED tests/e2e/reconciliation/payables/test_complete_payables_operations.py::TestCompletePayablesOperations::test_view_invoice_in_new_view - AssertionError: Invoice list should be displayed for view in new tab testing
assert False
FAILED tests/e2e/reconciliation/payables/test_payables_operations.py::TestPayablesOperations::test_verify_invoice_list_is_displayed - AssertionError: Invoice list or data table should be displayed
assert False
FAILED tests/e2e/reconciliation/test_export_validation.py::TestExportValidation::test_bank_transactions_export_data_validation - AssertionError: Data match too low: 99.9% - Expected 99.9%+
assert 99.89873417721519 >= 99.9
===== 10 failed, 236 passed, 1 skipped, 30 warnings in 6473.22s (1:47:53) ======
