
ğŸ”— TestRail integration enabled
Created TestRail run: 812
============================= test session starts ==============================
platform darwin -- Python 3.12.3, pytest-8.4.1, pluggy-1.6.0 -- /Users/sharonhoffman/Desktop/Automation/playwright_python_framework/venv/bin/python
cachedir: .pytest_cache
metadata: {'Python': '3.12.3', 'Platform': 'macOS-15.6-arm64-arm-64bit', 'Packages': {'pytest': '8.4.1', 'pluggy': '1.6.0'}, 'Plugins': {'anyio': '4.9.0', 'html': '4.1.1', 'xdist': '3.8.0', 'json-report': '1.5.0', 'metadata': '3.1.1', 'typeguard': '4.4.4', 'asyncio': '1.0.0'}, 'CI': 'true'}
rootdir: /Users/sharonhoffman/Desktop/Automation/playwright_python_framework
configfile: pytest.ini
plugins: anyio-4.9.0, html-4.1.1, xdist-3.8.0, json-report-1.5.0, metadata-3.1.1, typeguard-4.4.4, asyncio-1.0.0
asyncio: mode=Mode.STRICT, asyncio_default_fixture_loop_scope=None, asyncio_default_test_loop_scope=function
collecting ... collected 247 items

tests/api/test_date_format_validation.py::TestAPIDateFormatValidation::test_get_journal_entries_valid_date_format_request 
ğŸ” Processing test: test_get_journal_entries_valid_date_format_request
âœ… TestRail case 7936 updated successfully
ğŸ“Š Updated TestRail case 7936: 1 
PASSED [  0%]
tests/api/test_date_format_validation.py::TestAPIDateFormatValidation::test_get_journal_entries_invalid_date_format_request 
ğŸ” Processing test: test_get_journal_entries_invalid_date_format_request
âŒ Bad Request (400). Possible causes:
   1. Test run is closed or doesn't exist
   2. Case ID is invalid for this run
   3. Invalid status ID or data format
âŒ Failed to update TestRail case 7937
âŒ Failed to update TestRail case 7937: 1 
PASSED [  0%]
tests/api/test_date_format_validation.py::TestAPIDateFormatValidation::test_create_journal_entry_valid_date_format 
ğŸ” Processing test: test_create_journal_entry_valid_date_format
âŒ Bad Request (400). Possible causes:
   1. Test run is closed or doesn't exist
   2. Case ID is invalid for this run
   3. Invalid status ID or data format
âŒ Failed to update TestRail case 7938
âŒ Failed to update TestRail case 7938: 1 
PASSED [  1%]
tests/api/test_date_format_validation.py::TestAPIDateFormatValidation::test_create_journal_entry_invalid_date_format 
ğŸ” Processing test: test_create_journal_entry_invalid_date_format
âŒ Bad Request (400). Possible causes:
   1. Test run is closed or doesn't exist
   2. Case ID is invalid for this run
   3. Invalid status ID or data format
âŒ Failed to update TestRail case 7939
âŒ Failed to update TestRail case 7939: 1 
PASSED [  1%]
tests/api/test_date_format_validation.py::TestAPIDateFormatValidation::test_get_bank_uploaded_files_date_format 
ğŸ” Processing test: test_get_bank_uploaded_files_date_format
âŒ Bad Request (400). Possible causes:
   1. Test run is closed or doesn't exist
   2. Case ID is invalid for this run
   3. Invalid status ID or data format
âŒ Failed to update TestRail case 7940
âŒ Failed to update TestRail case 7940: 1 
PASSED [  2%]
tests/api/test_date_format_validation.py::TestAPIDateFormatValidation::test_get_bank_transactions_data_date_format 
ğŸ” Processing test: test_get_bank_transactions_data_date_format
âŒ Bad Request (400). Possible causes:
   1. Test run is closed or doesn't exist
   2. Case ID is invalid for this run
   3. Invalid status ID or data format
âŒ Failed to update TestRail case 7941
âŒ Failed to update TestRail case 7941: 1 
PASSED [  2%]
tests/api/test_date_format_validation.py::TestAPIDateFormatValidation::test_get_entity_documents_date_format 
ğŸ” Processing test: test_get_entity_documents_date_format
âŒ Bad Request (400). Possible causes:
   1. Test run is closed or doesn't exist
   2. Case ID is invalid for this run
   3. Invalid status ID or data format
âŒ Failed to update TestRail case 7942
âŒ Failed to update TestRail case 7942: 1 
PASSED [  2%]
tests/api/test_date_format_validation.py::TestAPIDateFormatValidation::test_get_accounting_uploaded_files_date_format 
ğŸ” Processing test: test_get_accounting_uploaded_files_date_format
âŒ Bad Request (400). Possible causes:
   1. Test run is closed or doesn't exist
   2. Case ID is invalid for this run
   3. Invalid status ID or data format
âŒ Failed to update TestRail case 7943
âŒ Failed to update TestRail case 7943: 1 
PASSED [  3%]
tests/api/test_date_format_validation.py::TestAPIDateFormatValidation::test_all_endpoints_reject_invalid_date_formats 
ğŸ” Processing test: test_all_endpoints_reject_invalid_date_formats
âŒ Bad Request (400). Possible causes:
   1. Test run is closed or doesn't exist
   2. Case ID is invalid for this run
   3. Invalid status ID or data format
âŒ Failed to update TestRail case 7944
âŒ Failed to update TestRail case 7944: 1 
PASSED [  3%]
tests/api/test_date_format_validation.py::TestAPIDateFormatValidation::test_date_format_consistency_across_endpoints 
ğŸ” Processing test: test_date_format_consistency_across_endpoints
âŒ Bad Request (400). Possible causes:
   1. Test run is closed or doesn't exist
   2. Case ID is invalid for this run
   3. Invalid status ID or data format
âŒ Failed to update TestRail case 7945
âŒ Failed to update TestRail case 7945: 1 
PASSED [  4%]
tests/api/test_date_format_validation.py::TestAPIDateFormatValidation::test_date_format_validation_demo 
ğŸ” Processing test: test_date_format_validation_demo
âŒ Bad Request (400). Possible causes:
   1. Test run is closed or doesn't exist
   2. Case ID is invalid for this run
   3. Invalid status ID or data format
âŒ Failed to update TestRail case 7946
âŒ Failed to update TestRail case 7946: 1 
PASSED [  4%]
tests/api/test_security_otp_validation.py::TestAPISecurityOTPValidation::test_journal_entries_rejects_unauthenticated_request 
ğŸ” Processing test: test_journal_entries_rejects_unauthenticated_request
âœ… TestRail case 139362 updated successfully
ğŸ“Š Updated TestRail case 139362: 1 
PASSED [  4%]
tests/api/test_security_otp_validation.py::TestAPISecurityOTPValidation::test_bank_files_rejects_unauthenticated_request 
ğŸ” Processing test: test_bank_files_rejects_unauthenticated_request
âœ… TestRail case 139363 updated successfully
ğŸ“Š Updated TestRail case 139363: 1 
PASSED [  5%]
tests/api/test_security_otp_validation.py::TestAPISecurityOTPValidation::test_bank_transactions_rejects_unauthenticated_request 
ğŸ” Processing test: test_bank_transactions_rejects_unauthenticated_request
âœ… TestRail case 139364 updated successfully
ğŸ“Š Updated TestRail case 139364: 1 
PASSED [  5%]
tests/api/test_security_otp_validation.py::TestAPISecurityOTPValidation::test_entity_documents_rejects_unauthenticated_request 
ğŸ” Processing test: test_entity_documents_rejects_unauthenticated_request
âœ… TestRail case 139365 updated successfully
ğŸ“Š Updated TestRail case 139365: 1 
PASSED [  6%]
tests/api/test_security_otp_validation.py::TestAPISecurityOTPValidation::test_accounting_files_rejects_unauthenticated_request 
ğŸ” Processing test: test_accounting_files_rejects_unauthenticated_request
âœ… TestRail case 139366 updated successfully
ğŸ“Š Updated TestRail case 139366: 1 
PASSED [  6%]
tests/api/test_security_otp_validation.py::TestAPISecurityOTPValidation::test_user_info_rejects_unauthenticated_request 
ğŸ” Processing test: test_user_info_rejects_unauthenticated_request
âœ… TestRail case 139367 updated successfully
ğŸ“Š Updated TestRail case 139367: 1 
PASSED [  6%]
tests/api/test_security_otp_validation.py::TestAPISecurityOTPValidation::test_journal_entries_rejects_invalid_token 
ğŸ” Processing test: test_journal_entries_rejects_invalid_token
âœ… TestRail case 139368 updated successfully
ğŸ“Š Updated TestRail case 139368: 1 
PASSED [  7%]
tests/api/test_security_otp_validation.py::TestAPISecurityOTPValidation::test_create_journal_entry_rejects_invalid_token 
ğŸ” Processing test: test_create_journal_entry_rejects_invalid_token
âœ… TestRail case 139369 updated successfully
ğŸ“Š Updated TestRail case 139369: 1 
PASSED [  7%]
tests/api/test_security_otp_validation.py::TestAPISecurityOTPValidation::test_login_does_not_return_token_without_otp 
ğŸ” Processing test: test_login_does_not_return_token_without_otp
âœ… TestRail case 139370 updated successfully
ğŸ“Š Updated TestRail case 139370: 1 
PASSED [  8%]
tests/api/test_security_otp_validation.py::TestAPISecurityOTPValidation::test_otp_validation_rejects_invalid_codes 
ğŸ” Processing test: test_otp_validation_rejects_invalid_codes
âœ… TestRail case 139371 updated successfully
ğŸ“Š Updated TestRail case 139371: 1 
PASSED [  8%]
tests/api/test_security_otp_validation.py::TestAPISecurityOTPValidation::test_otp_validation_rejects_expired_codes 
ğŸ” Processing test: test_otp_validation_rejects_expired_codes
âœ… TestRail case 139372 updated successfully
ğŸ“Š Updated TestRail case 139372: 1 
PASSED [  8%]
tests/api/test_security_otp_validation.py::TestAPISecurityOTPValidation::test_all_sensitive_endpoints_require_auth 
ğŸ” Processing test: test_all_sensitive_endpoints_require_auth
âœ… TestRail case 139373 updated successfully
ğŸ“Š Updated TestRail case 139373: 1 
PASSED [  9%]
tests/api/test_security_otp_validation.py::TestAPISecurityOTPValidation::test_endpoints_reject_manipulated_tokens 
ğŸ” Processing test: test_endpoints_reject_manipulated_tokens
âœ… TestRail case 139374 updated successfully
ğŸ“Š Updated TestRail case 139374: 1 
PASSED [  9%]
tests/api/test_security_otp_validation.py::TestSecurityReportGeneration::test_generate_security_summary 
ğŸ” Processing test: test_generate_security_summary
âŒ Bad Request (400). Possible causes:
   1. Test run is closed or doesn't exist
   2. Case ID is invalid for this run
   3. Invalid status ID or data format
âŒ Failed to update TestRail case 139375
âŒ Failed to update TestRail case 139375: 1 
PASSED [ 10%]
tests/e2e/bo/test_bo_complete_flow.py::TestBOCompleteFlow::test_bo_complete_workflow 
ğŸ” Processing test: test_bo_complete_workflow
ğŸ“¸ Attempting to capture screenshot for failed test: test_bo_complete_workflow
âœ… Screenshot captured: failure_test_bo_complete_workflow_2026-01-04_10-05-16.png
âœ… TestRail case 30964 updated successfully
ğŸ“Š Updated TestRail case 30964: 5 with screenshot
FAILED [ 10%]
tests/e2e/bo/test_bo_complete_flow.py::TestBOCompleteFlow::test_bo_login_only 
ğŸ” Processing test: test_bo_login_only
âœ… TestRail case 30965 updated successfully
ğŸ“Š Updated TestRail case 30965: 1 
PASSED [ 10%]
tests/e2e/bo/test_bo_complete_flow.py::TestBOCompleteFlow::test_bo_accounts_navigation_only 
ğŸ” Processing test: test_bo_accounts_navigation_only
âœ… TestRail case 30966 updated successfully
ğŸ“Š Updated TestRail case 30966: 1 
PASSED [ 11%]
tests/e2e/bo/test_bo_complete_flow.py::TestBOCompleteFlow::test_bo_account_relogin 
ğŸ” Processing test: test_bo_account_relogin
ğŸ“¸ Attempting to capture screenshot for failed test: test_bo_account_relogin
âœ… Screenshot captured: failure_test_bo_account_relogin_2026-01-04_10-07-19.png
âœ… TestRail case 30967 updated successfully
ğŸ“Š Updated TestRail case 30967: 5 with screenshot
FAILED [ 11%]
tests/e2e/bo/test_bo_complete_flow.py::TestBOCompleteFlow::test_bo_relogin_sanity_comprehensive 
ğŸ” Processing test: test_bo_relogin_sanity_comprehensive
ğŸ“¸ Attempting to capture screenshot for failed test: test_bo_relogin_sanity_comprehensive
âœ… Screenshot captured: failure_test_bo_relogin_sanity_comprehensive_2026-01-04_10-08-09.png
âœ… TestRail case 30968 updated successfully
ğŸ“Š Updated TestRail case 30968: 5 with screenshot
FAILED [ 12%]
tests/e2e/bo/test_bo_snapshots.py::TestBOSnapshots::test_bo_visual_snapshots 
ğŸ” Processing test: test_bo_visual_snapshots
âœ… TestRail case 30969 updated successfully
ğŸ“Š Updated TestRail case 30969: 1 
PASSED [ 12%]
tests/e2e/bo/test_bo_snapshots.py::TestBOSnapshots::test_bo_dom_snapshots 
ğŸ” Processing test: test_bo_dom_snapshots
âœ… TestRail case 30970 updated successfully
ğŸ“Š Updated TestRail case 30970: 1 
PASSED [ 12%]
tests/e2e/bo/test_bo_snapshots.py::TestBOSnapshots::test_bo_workflow_snapshots 
ğŸ” Processing test: test_bo_workflow_snapshots
âœ… TestRail case 30971 updated successfully
ğŸ“Š Updated TestRail case 30971: 1 
PASSED [ 13%]
tests/e2e/bo/test_bo_snapshots.py::TestBOSnapshots::test_bo_component_snapshots 
ğŸ” Processing test: test_bo_component_snapshots
âœ… TestRail case 30972 updated successfully
ğŸ“Š Updated TestRail case 30972: 1 
PASSED [ 13%]
tests/e2e/compatibility/test_browser_compatibility.py::TestBrowserCompatibility::test_responsive_design_elements 
ğŸ” Processing test: test_responsive_design_elements
âœ… TestRail case 8063 updated successfully
ğŸ“Š Updated TestRail case 8063: 1 
PASSED [ 14%]
tests/e2e/compatibility/test_browser_compatibility.py::TestBrowserCompatibility::test_print_stylesheet_compatibility 
ğŸ” Processing test: test_print_stylesheet_compatibility
âœ… TestRail case 8065 updated successfully
ğŸ“Š Updated TestRail case 8065: 1 
PASSED [ 14%]
tests/e2e/easysend/test_bo_relogin_only.py::TestBOReloginOnly::test_bo_relogin_flow 
ğŸ” Processing test: test_bo_relogin_flow
â„¹ï¸ Test 'test_bo_relogin_flow' not mapped to TestRail or TestRail disabled
PASSED [ 14%]
tests/e2e/easysend/test_easysend_email_to_payables.py::TestEasySendEmailToPayables::test_easysend_complete_flow 
ğŸ” Processing test: test_easysend_complete_flow
â„¹ï¸ Test 'test_easysend_complete_flow' not mapped to TestRail or TestRail disabled
FAILED [ 15%]
tests/e2e/easysend/test_easysend_email_to_payables.py::TestEasySendEmailToPayables::test_bo_relogin_to_payables_only 
ğŸ” Processing test: test_bo_relogin_to_payables_only
â„¹ï¸ Test 'test_bo_relogin_to_payables_only' not mapped to TestRail or TestRail disabled
PASSED [ 15%]
tests/e2e/easysend/test_outlook_send_email.py::TestOutlookSendEmail::test_send_email_to_easysend 