
ğŸ”— TestRail integration enabled
Created TestRail run: 789
============================= test session starts ==============================
platform darwin -- Python 3.12.3, pytest-8.4.1, pluggy-1.6.0 -- /Users/sharonhoffman/Desktop/Automation/playwright_python_framework/venv/bin/python
cachedir: .pytest_cache
metadata: {'Python': '3.12.3', 'Platform': 'macOS-15.6-arm64-arm-64bit', 'Packages': {'pytest': '8.4.1', 'pluggy': '1.6.0'}, 'Plugins': {'anyio': '4.9.0', 'html': '4.1.1', 'xdist': '3.8.0', 'json-report': '1.5.0', 'metadata': '3.1.1', 'typeguard': '4.4.4', 'asyncio': '1.0.0'}, 'CI': 'true'}
rootdir: /Users/sharonhoffman/Desktop/Automation/playwright_python_framework
configfile: pytest.ini
plugins: anyio-4.9.0, html-4.1.1, xdist-3.8.0, json-report-1.5.0, metadata-3.1.1, typeguard-4.4.4, asyncio-1.0.0
asyncio: mode=Mode.STRICT, asyncio_default_fixture_loop_scope=None, asyncio_default_test_loop_scope=function
collecting ... collected 247 items

tests/api/test_date_format_validation.py::TestAPIDateFormatValidation::test_get_journal_entries_valid_date_format_request 
ğŸ” Processing test: test_get_journal_entries_valid_date_format_request
âœ… TestRail case 7936 updated successfully
ğŸ“Š Updated TestRail case 7936: 1 
PASSED [  0%]
tests/api/test_date_format_validation.py::TestAPIDateFormatValidation::test_get_journal_entries_invalid_date_format_request 
ğŸ” Processing test: test_get_journal_entries_invalid_date_format_request
âŒ Bad Request (400). Possible causes:
   1. Test run is closed or doesn't exist
   2. Case ID is invalid for this run
   3. Invalid status ID or data format
âŒ Failed to update TestRail case 7937
âŒ Failed to update TestRail case 7937: 1 
PASSED [  0%]
tests/api/test_date_format_validation.py::TestAPIDateFormatValidation::test_create_journal_entry_valid_date_format 
ğŸ” Processing test: test_create_journal_entry_valid_date_format
âŒ Bad Request (400). Possible causes:
   1. Test run is closed or doesn't exist
   2. Case ID is invalid for this run
   3. Invalid status ID or data format
âŒ Failed to update TestRail case 7938
âŒ Failed to update TestRail case 7938: 1 
PASSED [  1%]
tests/api/test_date_format_validation.py::TestAPIDateFormatValidation::test_create_journal_entry_invalid_date_format 
ğŸ” Processing test: test_create_journal_entry_invalid_date_format
âŒ Bad Request (400). Possible causes:
   1. Test run is closed or doesn't exist
   2. Case ID is invalid for this run
   3. Invalid status ID or data format
âŒ Failed to update TestRail case 7939
âŒ Failed to update TestRail case 7939: 1 
PASSED [  1%]
tests/api/test_date_format_validation.py::TestAPIDateFormatValidation::test_get_bank_uploaded_files_date_format 
ğŸ” Processing test: test_get_bank_uploaded_files_date_format
âŒ Bad Request (400). Possible causes:
   1. Test run is closed or doesn't exist
   2. Case ID is invalid for this run
   3. Invalid status ID or data format
âŒ Failed to update TestRail case 7940
âŒ Failed to update TestRail case 7940: 1 
PASSED [  2%]
tests/api/test_date_format_validation.py::TestAPIDateFormatValidation::test_get_bank_transactions_data_date_format 
ğŸ” Processing test: test_get_bank_transactions_data_date_format
âŒ Bad Request (400). Possible causes:
   1. Test run is closed or doesn't exist
   2. Case ID is invalid for this run
   3. Invalid status ID or data format
âŒ Failed to update TestRail case 7941
âŒ Failed to update TestRail case 7941: 1 
PASSED [  2%]
tests/api/test_date_format_validation.py::TestAPIDateFormatValidation::test_get_entity_documents_date_format 
ğŸ” Processing test: test_get_entity_documents_date_format
âŒ Bad Request (400). Possible causes:
   1. Test run is closed or doesn't exist
   2. Case ID is invalid for this run
   3. Invalid status ID or data format
âŒ Failed to update TestRail case 7942
âŒ Failed to update TestRail case 7942: 1 
PASSED [  2%]
tests/api/test_date_format_validation.py::TestAPIDateFormatValidation::test_get_accounting_uploaded_files_date_format 
ğŸ” Processing test: test_get_accounting_uploaded_files_date_format
âŒ Bad Request (400). Possible causes:
   1. Test run is closed or doesn't exist
   2. Case ID is invalid for this run
   3. Invalid status ID or data format
âŒ Failed to update TestRail case 7943
âŒ Failed to update TestRail case 7943: 1 
PASSED [  3%]
tests/api/test_date_format_validation.py::TestAPIDateFormatValidation::test_all_endpoints_reject_invalid_date_formats 
ğŸ” Processing test: test_all_endpoints_reject_invalid_date_formats
âŒ Bad Request (400). Possible causes:
   1. Test run is closed or doesn't exist
   2. Case ID is invalid for this run
   3. Invalid status ID or data format
âŒ Failed to update TestRail case 7944
âŒ Failed to update TestRail case 7944: 1 
PASSED [  3%]
tests/api/test_date_format_validation.py::TestAPIDateFormatValidation::test_date_format_consistency_across_endpoints 
ğŸ” Processing test: test_date_format_consistency_across_endpoints
âŒ Bad Request (400). Possible causes:
   1. Test run is closed or doesn't exist
   2. Case ID is invalid for this run
   3. Invalid status ID or data format
âŒ Failed to update TestRail case 7945
âŒ Failed to update TestRail case 7945: 1 
PASSED [  4%]
tests/api/test_date_format_validation.py::TestAPIDateFormatValidation::test_date_format_validation_demo 
ğŸ” Processing test: test_date_format_validation_demo
âŒ Bad Request (400). Possible causes:
   1. Test run is closed or doesn't exist
   2. Case ID is invalid for this run
   3. Invalid status ID or data format
âŒ Failed to update TestRail case 7946
âŒ Failed to update TestRail case 7946: 1 
PASSED [  4%]
tests/api/test_security_otp_validation.py::TestAPISecurityOTPValidation::test_journal_entries_rejects_unauthenticated_request 
ğŸ” Processing test: test_journal_entries_rejects_unauthenticated_request
âœ… TestRail case 139362 updated successfully
ğŸ“Š Updated TestRail case 139362: 1 
PASSED [  4%]
tests/api/test_security_otp_validation.py::TestAPISecurityOTPValidation::test_bank_files_rejects_unauthenticated_request 
ğŸ” Processing test: test_bank_files_rejects_unauthenticated_request
âœ… TestRail case 139363 updated successfully
ğŸ“Š Updated TestRail case 139363: 1 
PASSED [  5%]
tests/api/test_security_otp_validation.py::TestAPISecurityOTPValidation::test_bank_transactions_rejects_unauthenticated_request 
ğŸ” Processing test: test_bank_transactions_rejects_unauthenticated_request
âœ… TestRail case 139364 updated successfully
ğŸ“Š Updated TestRail case 139364: 1 
PASSED [  5%]
tests/api/test_security_otp_validation.py::TestAPISecurityOTPValidation::test_entity_documents_rejects_unauthenticated_request 
ğŸ” Processing test: test_entity_documents_rejects_unauthenticated_request
âœ… TestRail case 139365 updated successfully
ğŸ“Š Updated TestRail case 139365: 1 
PASSED [  6%]
tests/api/test_security_otp_validation.py::TestAPISecurityOTPValidation::test_accounting_files_rejects_unauthenticated_request 
ğŸ” Processing test: test_accounting_files_rejects_unauthenticated_request
âœ… TestRail case 139366 updated successfully
ğŸ“Š Updated TestRail case 139366: 1 
PASSED [  6%]
tests/api/test_security_otp_validation.py::TestAPISecurityOTPValidation::test_user_info_rejects_unauthenticated_request 
ğŸ” Processing test: test_user_info_rejects_unauthenticated_request
âœ… TestRail case 139367 updated successfully
ğŸ“Š Updated TestRail case 139367: 1 
PASSED [  6%]
tests/api/test_security_otp_validation.py::TestAPISecurityOTPValidation::test_journal_entries_rejects_invalid_token 
ğŸ” Processing test: test_journal_entries_rejects_invalid_token
âœ… TestRail case 139368 updated successfully
ğŸ“Š Updated TestRail case 139368: 1 
PASSED [  7%]
tests/api/test_security_otp_validation.py::TestAPISecurityOTPValidation::test_create_journal_entry_rejects_invalid_token 
ğŸ” Processing test: test_create_journal_entry_rejects_invalid_token
âœ… TestRail case 139369 updated successfully
ğŸ“Š Updated TestRail case 139369: 1 
PASSED [  7%]
tests/api/test_security_otp_validation.py::TestAPISecurityOTPValidation::test_login_does_not_return_token_without_otp 
ğŸ” Processing test: test_login_does_not_return_token_without_otp
âœ… TestRail case 139370 updated successfully
ğŸ“Š Updated TestRail case 139370: 1 
PASSED [  8%]
tests/api/test_security_otp_validation.py::TestAPISecurityOTPValidation::test_otp_validation_rejects_invalid_codes 
ğŸ” Processing test: test_otp_validation_rejects_invalid_codes
âœ… TestRail case 139371 updated successfully
ğŸ“Š Updated TestRail case 139371: 1 
PASSED [  8%]
tests/api/test_security_otp_validation.py::TestAPISecurityOTPValidation::test_otp_validation_rejects_expired_codes 
ğŸ” Processing test: test_otp_validation_rejects_expired_codes
âœ… TestRail case 139372 updated successfully
ğŸ“Š Updated TestRail case 139372: 1 
PASSED [  8%]
tests/api/test_security_otp_validation.py::TestAPISecurityOTPValidation::test_all_sensitive_endpoints_require_auth 
ğŸ” Processing test: test_all_sensitive_endpoints_require_auth
âœ… TestRail case 139373 updated successfully
ğŸ“Š Updated TestRail case 139373: 1 
PASSED [  9%]
tests/api/test_security_otp_validation.py::TestAPISecurityOTPValidation::test_endpoints_reject_manipulated_tokens 
ğŸ” Processing test: test_endpoints_reject_manipulated_tokens
âœ… TestRail case 139374 updated successfully
ğŸ“Š Updated TestRail case 139374: 1 
PASSED [  9%]
tests/api/test_security_otp_validation.py::TestSecurityReportGeneration::test_generate_security_summary 
ğŸ” Processing test: test_generate_security_summary
âŒ Bad Request (400). Possible causes:
   1. Test run is closed or doesn't exist
   2. Case ID is invalid for this run
   3. Invalid status ID or data format
âŒ Failed to update TestRail case 139375
âŒ Failed to update TestRail case 139375: 1 
PASSED [ 10%]
tests/e2e/bo/test_bo_complete_flow.py::TestBOCompleteFlow::test_bo_complete_workflow 
ğŸ” Processing test: test_bo_complete_workflow
âœ… TestRail case 30964 updated successfully
ğŸ“Š Updated TestRail case 30964: 1 
PASSED [ 10%]
tests/e2e/bo/test_bo_complete_flow.py::TestBOCompleteFlow::test_bo_login_only 
ğŸ” Processing test: test_bo_login_only
âœ… TestRail case 30965 updated successfully
ğŸ“Š Updated TestRail case 30965: 1 
PASSED [ 10%]
tests/e2e/bo/test_bo_complete_flow.py::TestBOCompleteFlow::test_bo_accounts_navigation_only 
ğŸ” Processing test: test_bo_accounts_navigation_only
âœ… TestRail case 30966 updated successfully
ğŸ“Š Updated TestRail case 30966: 1 
PASSED [ 11%]
tests/e2e/bo/test_bo_complete_flow.py::TestBOCompleteFlow::test_bo_account_relogin 
ğŸ” Processing test: test_bo_account_relogin
âœ… TestRail case 30967 updated successfully
ğŸ“Š Updated TestRail case 30967: 1 
PASSED [ 11%]
tests/e2e/bo/test_bo_complete_flow.py::TestBOCompleteFlow::test_bo_relogin_sanity_comprehensive 
ğŸ” Processing test: test_bo_relogin_sanity_comprehensive
âœ… TestRail case 30968 updated successfully
ğŸ“Š Updated TestRail case 30968: 1 
PASSED [ 12%]
tests/e2e/bo/test_bo_snapshots.py::TestBOSnapshots::test_bo_visual_snapshots 
ğŸ” Processing test: test_bo_visual_snapshots
âœ… TestRail case 30969 updated successfully
ğŸ“Š Updated TestRail case 30969: 1 
PASSED [ 12%]
tests/e2e/bo/test_bo_snapshots.py::TestBOSnapshots::test_bo_dom_snapshots 
ğŸ” Processing test: test_bo_dom_snapshots
âœ… TestRail case 30970 updated successfully
ğŸ“Š Updated TestRail case 30970: 1 
PASSED [ 12%]
tests/e2e/bo/test_bo_snapshots.py::TestBOSnapshots::test_bo_workflow_snapshots 
ğŸ” Processing test: test_bo_workflow_snapshots
âœ… TestRail case 30971 updated successfully
ğŸ“Š Updated TestRail case 30971: 1 
PASSED [ 13%]
tests/e2e/bo/test_bo_snapshots.py::TestBOSnapshots::test_bo_component_snapshots 
ğŸ” Processing test: test_bo_component_snapshots
âœ… TestRail case 30972 updated successfully
ğŸ“Š Updated TestRail case 30972: 1 
PASSED [ 13%]
tests/e2e/compatibility/test_browser_compatibility.py::TestBrowserCompatibility::test_responsive_design_elements 
ğŸ” Processing test: test_responsive_design_elements
âœ… TestRail case 8063 updated successfully
ğŸ“Š Updated TestRail case 8063: 1 
PASSED [ 14%]
tests/e2e/compatibility/test_browser_compatibility.py::TestBrowserCompatibility::test_print_stylesheet_compatibility 
ğŸ” Processing test: test_print_stylesheet_compatibility
âœ… TestRail case 8065 updated successfully
ğŸ“Š Updated TestRail case 8065: 1 
PASSED [ 14%]
tests/e2e/easysend/test_bo_relogin_only.py::TestBOReloginOnly::test_bo_relogin_flow 
ğŸ” Processing test: test_bo_relogin_flow
â„¹ï¸ Test 'test_bo_relogin_flow' not mapped to TestRail or TestRail disabled
PASSED [ 14%]
tests/e2e/easysend/test_easysend_email_to_payables.py::TestEasySendEmailToPayables::test_easysend_complete_flow 
ğŸ” Processing test: test_easysend_complete_flow
â„¹ï¸ Test 'test_easysend_complete_flow' not mapped to TestRail or TestRail disabled
PASSED [ 15%]
tests/e2e/easysend/test_easysend_email_to_payables.py::TestEasySendEmailToPayables::test_bo_relogin_to_payables_only 
ğŸ” Processing test: test_bo_relogin_to_payables_only
â„¹ï¸ Test 'test_bo_relogin_to_payables_only' not mapped to TestRail or TestRail disabled
PASSED [ 15%]
tests/e2e/easysend/test_outlook_send_email.py::TestOutlookSendEmail::test_send_email_to_easysend 
ğŸ” Processing test: test_send_email_to_easysend
â„¹ï¸ Test 'test_send_email_to_easysend' not mapped to TestRail or TestRail disabled
PASSED [ 16%]
tests/e2e/invoicing/test_invoicing_operations.py::TestInvoicingOperations::test_invoicing_page_loads 
ğŸ” Processing test: test_invoicing_page_loads
âœ… TestRail case 77366 updated successfully
ğŸ“Š Updated TestRail case 77366: 1 
PASSED [ 16%]
tests/e2e/invoicing/test_invoicing_operations.py::TestInvoicingOperations::test_invoicing_navigation_elements 
ğŸ” Processing test: test_invoicing_navigation_elements
ğŸ“¸ Attempting to capture screenshot for failed test: test_invoicing_navigation_elements
âœ… Screenshot captured: failure_test_invoicing_navigation_elements_2025-12-18_08-01-38.png
âœ… TestRail case 77367 updated successfully
ğŸ“Š Updated TestRail case 77367: 5 with screenshot
FAILED [ 17%]
tests/e2e/invoicing/test_invoicing_operations.py::TestInvoicingOperations::test_customer_form_visibility 
ğŸ” Processing test: test_customer_form_visibility
âœ… TestRail case 77368 updated successfully
ğŸ“Š Updated TestRail case 77368: 1 
PASSED [ 17%]
tests/e2e/invoicing/test_invoicing_operations.py::TestInvoicingOperations::test_create_customer 
ğŸ” Processing test: test_create_customer
âœ… TestRail case 77369 updated successfully
ğŸ“Š Updated TestRail case 77369: 1 
PASSED [ 17%]
tests/e2e/invoicing/test_invoicing_operations.py::TestInvoicingOperations::test_customer_validation 
ğŸ” Processing test: test_customer_validation
âœ… TestRail case 77370 updated successfully
ğŸ“Š Updated TestRail case 77370: 1 
PASSED [ 18%]
tests/e2e/invoicing/test_invoicing_operations.py::TestInvoicingOperations::test_product_form_visibility 
ğŸ” Processing test: test_product_form_visibility
ğŸ“¸ Attempting to capture screenshot for failed test: test_product_form_visibility
âœ… Screenshot captured: failure_test_product_form_visibility_2025-12-18_08-04-39.png
âœ… TestRail case 77371 updated successfully
ğŸ“Š Updated TestRail case 77371: 5 with screenshot
FAILED [ 18%]
tests/e2e/invoicing/test_invoicing_operations.py::TestInvoicingOperations::test_create_product 
ğŸ” Processing test: test_create_product
ğŸ“¸ Attempting to capture screenshot for failed test: test_create_product
âœ… Screenshot captured: failure_test_create_product_2025-12-18_08-05-04.png
âœ… TestRail case 77372 updated successfully
ğŸ“Š Updated TestRail case 77372: 5 with screenshot
SKIPPED [ 19%]
tests/e2e/invoicing/test_invoicing_operations.py::TestInvoicingOperations::test_product_price_validation 
ğŸ” Processing test: test_product_price_validation
âœ… TestRail case 77373 updated successfully
ğŸ“Š Updated TestRail case 77373: 1 
PASSED [ 19%]
tests/e2e/invoicing/test_invoicing_operations.py::TestInvoicingOperations::test_invoice_form_visibility 
ğŸ” Processing test: test_invoice_form_visibility
ğŸ“¸ Attempting to capture screenshot for failed test: test_invoice_form_visibility
âœ… Screenshot captured: failure_test_invoice_form_visibility_2025-12-18_08-05-46.png
âœ… TestRail case 77374 updated successfully
ğŸ“Š Updated TestRail case 77374: 5 with screenshot
FAILED [ 19%]
tests/e2e/invoicing/test_invoicing_operations.py::TestInvoicingOperations::test_invoice_list_display 
ğŸ” Processing test: test_invoice_list_display
âœ… TestRail case 77375 updated successfully
ğŸ“Š Updated TestRail case 77375: 1 
PASSED [ 20%]
tests/e2e/invoicing/test_invoicing_operations.py::TestInvoicingOperations::test_complete_invoice_flow 
ğŸ” Processing test: test_complete_invoice_flow
âœ… TestRail case 77376 updated successfully
ğŸ“Š Updated TestRail case 77376: 1 
PASSED [ 20%]
tests/e2e/invoicing/test_invoicing_operations.py::TestInvoicingOperations::test_invoice_appears_in_receivables 
ğŸ” Processing test: test_invoice_appears_in_receivables
ğŸ“¸ Attempting to capture screenshot for failed test: test_invoice_appears_in_receivables
âœ… Screenshot captured: failure_test_invoice_appears_in_receivables_2025-12-18_08-12-03.png
âœ… TestRail case 77377 updated successfully
ğŸ“Š Updated TestRail case 77377: 5 with screenshot
FAILED [ 21%]
tests/e2e/invoicing/test_invoicing_operations.py::TestInvoicingOperations::test_duplicate_customer_handling 
ğŸ” Processing test: test_duplicate_customer_handling
âœ… TestRail case 77378 updated successfully
ğŸ“Š Updated TestRail case 77378: 1 
PASSED [ 21%]
tests/e2e/invoicing/test_invoicing_operations.py::TestInvoicingOperations::test_invoice_without_customer 
ğŸ” Processing test: test_invoice_without_customer
âœ… TestRail case 77379 updated successfully
ğŸ“Š Updated TestRail case 77379: 1 
PASSED [ 21%]
tests/e2e/invoicing/test_invoicing_operations.py::TestInvoicingOperations::test_invoice_with_zero_quantity 
ğŸ” Processing test: test_invoice_with_zero_quantity
âœ… TestRail case 77380 updated successfully
ğŸ“Š Updated TestRail case 77380: 1 
PASSED [ 22%]
tests/e2e/invoicing/test_invoicing_operations.py::TestInvoicingOperations::test_invoicing_page_responsiveness 
ğŸ” Processing test: test_invoicing_page_responsiveness
âœ… TestRail case 77381 updated successfully
ğŸ“Š Updated TestRail case 77381: 1 
PASSED [ 22%]
tests/e2e/invoicing/test_invoicing_operations.py::TestInvoicingOperations::test_invoicing_form_tab_navigation 
ğŸ” Processing test: test_invoicing_form_tab_navigation
âœ… TestRail case 77382 updated successfully
ğŸ“Š Updated TestRail case 77382: 1 
PASSED [ 23%]
tests/e2e/ledger/test_gl_account_operations.py::TestGLAccountOperations::test_chart_of_accounts_page_loads 
ğŸ” Processing test: test_chart_of_accounts_page_loads
âœ… TestRail case 95338 updated successfully
ğŸ“Š Updated TestRail case 95338: 1 
PASSED [ 23%]
tests/e2e/ledger/test_gl_account_operations.py::TestGLAccountOperations::test_add_gl_account_button_visible 
ğŸ” Processing test: test_add_gl_account_button_visible
âœ… TestRail case 95339 updated successfully
ğŸ“Š Updated TestRail case 95339: 1 
PASSED [ 23%]
tests/e2e/ledger/test_gl_account_operations.py::TestGLAccountOperations::test_create_gl_account_trade_receivables 
ğŸ” Processing test: test_create_gl_account_trade_receivables
ğŸ“¸ Attempting to capture screenshot for failed test: test_create_gl_account_trade_receivables
âœ… Screenshot captured: failure_test_create_gl_account_trade_receivables_2025-12-18_08-16-52.png
âœ… TestRail case 95340 updated successfully
ğŸ“Š Updated TestRail case 95340: 5 with screenshot
FAILED [ 24%]
tests/e2e/ledger/test_gl_account_operations.py::TestGLAccountOperations::test_create_gl_account_for_invoicing_precondition 
ğŸ” Processing test: test_create_gl_account_for_invoicing_precondition
âœ… TestRail case 95341 updated successfully
ğŸ“Š Updated TestRail case 95341: 1 
PASSED [ 24%]
tests/e2e/ledger/test_gl_account_operations.py::TestGLAccountOperations::test_create_gl_account_different_currencies 
ğŸ” Processing test: test_create_gl_account_different_currencies
âœ… TestRail case 95342 updated successfully
ğŸ“Š Updated TestRail case 95342: 1 
PASSED [ 25%]
tests/e2e/ledger/test_gl_account_operations.py::TestGLAccountOperations::test_search_gl_account 
ğŸ” Processing test: test_search_gl_account
âœ… TestRail case 95343 updated successfully
ğŸ“Š Updated TestRail case 95343: 1 
PASSED [ 25%]
tests/e2e/ledger/test_gl_account_operations.py::TestGLAccountOperations::test_add_gl_account_creates_inline_row 
ğŸ” Processing test: test_add_gl_account_creates_inline_row
âœ… TestRail case 95344 updated successfully
ğŸ“Š Updated TestRail case 95344: 1 
PASSED [ 25%]
tests/e2e/ledger/test_gl_account_operations.py::TestGLAccountOperations::test_cancel_gl_account_creation 
ğŸ” Processing test: test_cancel_gl_account_creation
âœ… TestRail case 95345 updated successfully
ğŸ“Š Updated TestRail case 95345: 1 
PASSED [ 26%]
tests/e2e/ledger/test_ledger_operations.py::TestLedgerOperations::test_verify_ledger_page_loads 
ğŸ” Processing test: test_verify_ledger_page_loads
âœ… TestRail case 8011 updated successfully
ğŸ“Š Updated TestRail case 8011: 1 
PASSED [ 26%]
tests/e2e/ledger/test_ledger_operations.py::TestLedgerOperations::test_verify_general_ledger_entries_display 
ğŸ” Processing test: test_verify_general_ledger_entries_display
âœ… TestRail case 8012 updated successfully
ğŸ“Š Updated TestRail case 8012: 1 
PASSED [ 27%]
tests/e2e/ledger/test_ledger_operations.py::TestLedgerOperations::test_verify_account_hierarchy_display 
ğŸ” Processing test: test_verify_account_hierarchy_display
âœ… TestRail case 8013 updated successfully
ğŸ“Š Updated TestRail case 8013: 1 
PASSED [ 27%]
tests/e2e/ledger/test_ledger_operations.py::TestLedgerOperations::test_ledger_page_responsiveness 
ğŸ” Processing test: test_ledger_page_responsiveness
âœ… TestRail case 8014 updated successfully
ğŸ“Š Updated TestRail case 8014: 1 
PASSED [ 27%]
tests/e2e/ledger/test_ledger_operations.py::TestLedgerOperations::test_chart_of_accounts_navigation 
ğŸ” Processing test: test_chart_of_accounts_navigation
âœ… TestRail case 8015 updated successfully
ğŸ“Š Updated TestRail case 8015: 1 
PASSED [ 28%]
tests/e2e/ledger/test_ledger_operations.py::TestLedgerOperations::test_account_selection_functionality 
ğŸ” Processing test: test_account_selection_functionality
âœ… TestRail case 8016 updated successfully
ğŸ“Š Updated TestRail case 8016: 1 
PASSED [ 28%]
tests/e2e/ledger/test_ledger_operations.py::TestLedgerOperations::test_account_balance_display 
ğŸ” Processing test: test_account_balance_display
âœ… TestRail case 8017 updated successfully
ğŸ“Š Updated TestRail case 8017: 1 
PASSED [ 29%]
tests/e2e/ledger/test_ledger_operations.py::TestLedgerOperations::test_account_details_popup 
ğŸ” Processing test: test_account_details_popup
âœ… TestRail case 8018 updated successfully
ğŸ“Š Updated TestRail case 8018: 1 
PASSED [ 29%]
tests/e2e/ledger/test_ledger_operations.py::TestLedgerOperations::test_journal_entries_filtering_by_date 
ğŸ” Processing test: test_journal_entries_filtering_by_date
âœ… TestRail case 8019 updated successfully
ğŸ“Š Updated TestRail case 8019: 1 
PASSED [ 29%]
tests/e2e/ledger/test_ledger_operations.py::TestLedgerOperations::test_journal_entries_filtering_by_account 
ğŸ” Processing test: test_journal_entries_filtering_by_account
âœ… TestRail case 8020 updated successfully
ğŸ“Š Updated TestRail case 8020: 1 
PASSED [ 30%]
tests/e2e/ledger/test_ledger_operations.py::TestLedgerOperations::test_journal_entries_search 
ğŸ” Processing test: test_journal_entries_search
âœ… TestRail case 8021 updated successfully
ğŸ“Š Updated TestRail case 8021: 1 
PASSED [ 30%]
tests/e2e/ledger/test_ledger_operations.py::TestLedgerOperations::test_transaction_drill_down 
ğŸ” Processing test: test_transaction_drill_down
âœ… TestRail case 8022 updated successfully
ğŸ“Š Updated TestRail case 8022: 1 
PASSED [ 31%]
tests/e2e/ledger/test_ledger_operations.py::TestLedgerOperations::test_trial_balance_display 
ğŸ” Processing test: test_trial_balance_display
âœ… TestRail case 8023 updated successfully
ğŸ“Š Updated TestRail case 8023: 1 
PASSED [ 31%]
tests/e2e/ledger/test_ledger_operations.py::TestLedgerOperations::test_account_activity_report 
ğŸ” Processing test: test_account_activity_report
âœ… TestRail case 8024 updated successfully
ğŸ“Š Updated TestRail case 8024: 1 
PASSED [ 31%]
tests/e2e/ledger/test_ledger_operations.py::TestLedgerOperations::test_export_functionality 
ğŸ” Processing test: test_export_functionality
âœ… TestRail case 8025 updated successfully
ğŸ“Š Updated TestRail case 8025: 1 
PASSED [ 32%]
tests/e2e/ledger/test_ledger_operations.py::TestLedgerOperations::test_period_selection 
ğŸ” Processing test: test_period_selection
âœ… TestRail case 8026 updated successfully
ğŸ“Š Updated TestRail case 8026: 1 
PASSED [ 32%]
tests/e2e/ledger/test_ledger_operations.py::TestLedgerOperations::test_manual_journal_entry_creation 
ğŸ” Processing test: test_manual_journal_entry_creation
âœ… TestRail case 8027 updated successfully
ğŸ“Š Updated TestRail case 8027: 1 
PASSED [ 33%]
tests/e2e/ledger/test_ledger_operations.py::TestLedgerOperations::test_journal_entry_validation 
ğŸ” Processing test: test_journal_entry_validation
âœ… TestRail case 8028 updated successfully
ğŸ“Š Updated TestRail case 8028: 1 
PASSED [ 33%]
tests/e2e/ledger/test_ledger_operations.py::TestLedgerOperations::test_journal_entry_posting 
ğŸ” Processing test: test_journal_entry_posting
âœ… TestRail case 8029 updated successfully
ğŸ“Š Updated TestRail case 8029: 1 
PASSED [ 34%]
tests/e2e/ledger/test_ledger_operations.py::TestLedgerOperations::test_journal_entry_reversal 
ğŸ” Processing test: test_journal_entry_reversal
âœ… TestRail case 8030 updated successfully
ğŸ“Š Updated TestRail case 8030: 1 
PASSED [ 34%]
tests/e2e/ledger/test_ledger_operations.py::TestLedgerOperations::test_bank_reconciliation_integration 
ğŸ” Processing test: test_bank_reconciliation_integration
âœ… TestRail case 8031 updated successfully
ğŸ“Š Updated TestRail case 8031: 1 
PASSED [ 34%]
tests/e2e/ledger/test_ledger_operations.py::TestLedgerOperations::test_payables_integration 
ğŸ” Processing test: test_payables_integration
âœ… TestRail case 8032 updated successfully
ğŸ“Š Updated TestRail case 8032: 1 
PASSED [ 35%]
tests/e2e/ledger/test_ledger_operations.py::TestLedgerOperations::test_complete_ledger_workflow 
ğŸ” Processing test: test_complete_ledger_workflow
âœ… TestRail case 8033 updated successfully
ğŸ“Š Updated TestRail case 8033: 1 
PASSED [ 35%]
tests/e2e/ledger/test_ledger_operations.py::TestLedgerOperations::test_verify_ledger_dashboard_loads 
ğŸ” Processing test: test_verify_ledger_dashboard_loads
âœ… TestRail case 8034 updated successfully
ğŸ“Š Updated TestRail case 8034: 1 
PASSED [ 36%]
tests/e2e/ledger/test_ledger_operations.py::TestLedgerOperations::test_verify_financial_kpis_display 
ğŸ” Processing test: test_verify_financial_kpis_display
âœ… TestRail case 8035 updated successfully
ğŸ“Š Updated TestRail case 8035: 1 
PASSED [ 36%]
tests/e2e/ledger/test_ledger_operations.py::TestLedgerOperations::test_verify_filter_controls_display 
ğŸ” Processing test: test_verify_filter_controls_display
âœ… TestRail case 8036 updated successfully
ğŸ“Š Updated TestRail case 8036: 1 
PASSED [ 36%]
tests/e2e/ledger/test_ledger_operations.py::TestLedgerOperations::test_get_total_income_value 
ğŸ” Processing test: test_get_total_income_value
âœ… TestRail case 8037 updated successfully
ğŸ“Š Updated TestRail case 8037: 1 
PASSED [ 37%]
tests/e2e/ledger/test_ledger_operations.py::TestLedgerOperations::test_get_gross_profit_value 
ğŸ” Processing test: test_get_gross_profit_value
âœ… TestRail case 8038 updated successfully
ğŸ“Š Updated TestRail case 8038: 1 
PASSED [ 37%]
tests/e2e/ledger/test_ledger_operations.py::TestLedgerOperations::test_get_all_kpi_values 
ğŸ” Processing test: test_get_all_kpi_values
âœ… TestRail case 8039 updated successfully
ğŸ“Š Updated TestRail case 8039: 1 
PASSED [ 38%]
tests/e2e/ledger/test_ledger_operations.py::TestLedgerOperations::test_period_selection_functionality 
ğŸ” Processing test: test_period_selection_functionality
ğŸ“¸ Attempting to capture screenshot for failed test: test_period_selection_functionality
âœ… Screenshot captured: failure_test_period_selection_functionality_2025-12-18_08-48-02.png
âœ… TestRail case 8041 updated successfully
ğŸ“Š Updated TestRail case 8041: 5 with screenshot
FAILED [ 38%]
tests/e2e/ledger/test_ledger_operations.py::TestLedgerOperations::test_date_preset_functionality 
ğŸ” Processing test: test_date_preset_functionality
âœ… TestRail case 8042 updated successfully
ğŸ“Š Updated TestRail case 8042: 1 
PASSED [ 38%]
tests/e2e/ledger/test_ledger_operations.py::TestLedgerOperations::test_no_data_states_handling 
ğŸ” Processing test: test_no_data_states_handling
âœ… TestRail case 8044 updated successfully
ğŸ“Š Updated TestRail case 8044: 1 
PASSED [ 39%]
tests/e2e/ledger/test_ledger_operations.py::TestLedgerOperations::test_dashboard_url_parameters 
ğŸ” Processing test: test_dashboard_url_parameters
âŒ Bad Request (400). Possible causes:
   1. Test run is closed or doesn't exist
   2. Case ID is invalid for this run
   3. Invalid status ID or data format
âŒ Failed to update TestRail case 8045
âŒ Failed to update TestRail case 8045: 1 
PASSED [ 39%]
tests/e2e/ledger/test_ledger_operations.py::TestLedgerOperations::test_complete_dashboard_workflow 
ğŸ” Processing test: test_complete_dashboard_workflow
âœ… TestRail case 8046 updated successfully
ğŸ“Š Updated TestRail case 8046: 1 
PASSED [ 40%]
tests/e2e/ledger/test_ledger_operations.py::TestLedgerOperations::test_dashboard_responsiveness 
ğŸ” Processing test: test_dashboard_responsiveness
âœ… TestRail case 8047 updated successfully
ğŸ“Š Updated TestRail case 8047: 1 
PASSED [ 40%]
tests/e2e/ledger/test_ledger_operations.py::TestLedgerOperations::test_kpi_data_consistency 
ğŸ” Processing test: test_kpi_data_consistency
âœ… TestRail case 8040 updated successfully
ğŸ“Š Updated TestRail case 8040: 1 
PASSED [ 40%]
tests/e2e/ledger/test_ledger_operations.py::TestLedgerOperations::test_period_filter_impact 
ğŸ” Processing test: test_period_filter_impact
âœ… TestRail case 8043 updated successfully
ğŸ“Š Updated TestRail case 8043: 1 
PASSED [ 41%]
tests/e2e/ledger/test_ledger_operations.py::TestLedgerOperations::test_dashboard_edge_cases 
ğŸ” Processing test: test_dashboard_edge_cases
âœ… TestRail case 8048 updated successfully
ğŸ“Š Updated TestRail case 8048: 1 
PASSED [ 41%]
tests/e2e/login/test_login.py::test_login 
ğŸ” Processing test: test_login
âœ… TestRail case 7947 updated successfully
ğŸ“Š Updated TestRail case 7947: 1 
PASSED                         [ 42%]
tests/e2e/login/test_login_scenarios.py::TestLoginScenarios::test_scenario_1_valid_login 
ğŸ” Processing test: test_scenario_1_valid_login
âœ… TestRail case 7948 updated successfully
ğŸ“Š Updated TestRail case 7948: 1 
PASSED [ 42%]
tests/e2e/login/test_login_scenarios.py::TestLoginScenarios::test_scenario_2_logout_user 
ğŸ” Processing test: test_scenario_2_logout_user
âœ… TestRail case 7949 updated successfully
ğŸ“Š Updated TestRail case 7949: 1 
PASSED [ 42%]
tests/e2e/logout/test_logout.py::test_logout_after_2fa_login 
ğŸ” Processing test: test_logout_after_2fa_login
âœ… TestRail case 7961 updated successfully
ğŸ“Š Updated TestRail case 7961: 1 
PASSED      [ 43%]
tests/e2e/logout/test_logout.py::test_logout_direct_method 
ğŸ” Processing test: test_logout_direct_method
âœ… TestRail case 7962 updated successfully
ğŸ“Š Updated TestRail case 7962: 1 
PASSED        [ 43%]
tests/e2e/logout/test_logout.py::test_logout_via_menu 
ğŸ” Processing test: test_logout_via_menu
âœ… TestRail case 7963 updated successfully
ğŸ“Š Updated TestRail case 7963: 1 
PASSED             [ 44%]
tests/e2e/logout/test_logout.py::test_logout_keyboard_method 
ğŸ” Processing test: test_logout_keyboard_method
âœ… TestRail case 7964 updated successfully
ğŸ“Š Updated TestRail case 7964: 1 
PASSED      [ 44%]
tests/e2e/logout/test_logout.py::test_logout_comprehensive_workflow 
ğŸ” Processing test: test_logout_comprehensive_workflow
âœ… TestRail case 7965 updated successfully
ğŸ“Š Updated TestRail case 7965: 1 
PASSED [ 44%]
tests/e2e/navigation/test_menu_pinning.py::TestMenuPinning::test_menu_pinning_and_navigation 
ğŸ” Processing test: test_menu_pinning_and_navigation
âœ… TestRail case 7960 updated successfully
ğŸ“Š Updated TestRail case 7960: 1 
PASSED [ 45%]
tests/e2e/navigation/test_tabs_navigation.py::test_tab_navigation[text=Home-HomePage] 
ğŸ” Processing test: test_tab_navigation[text=Home-HomePage]
âœ… TestRail case 7950 updated successfully
ğŸ“Š Updated TestRail case 7950: 1 
PASSED [ 45%]
tests/e2e/navigation/test_tabs_navigation.py::test_tab_navigation[text=Vizion AI-VizionAIPage] 
ğŸ” Processing test: test_tab_navigation[text=Vizion AI-VizionAIPage]
âœ… TestRail case 7951 updated successfully
ğŸ“Š Updated TestRail case 7951: 1 
PASSED [ 46%]
tests/e2e/navigation/test_tabs_navigation.py::test_tab_navigation[text=Reconciliation-ReconciliationPage] 
ğŸ” Processing test: test_tab_navigation[text=Reconciliation-ReconciliationPage]
ğŸ“¸ Attempting to capture screenshot for failed test: test_tab_navigation[text=Reconciliation-ReconciliationPage]
âœ… Screenshot captured: failure_test_tab_navigation_text_Reconciliation_ReconciliationPage__2025-12-18_09-27-23.png
âœ… TestRail case 7952 updated successfully
ğŸ“Š Updated TestRail case 7952: 5 with screenshot
FAILED [ 46%]
tests/e2e/navigation/test_tabs_navigation.py::test_tab_navigation[text=Ledger-LedgerPage] 
ğŸ” Processing test: test_tab_navigation[text=Ledger-LedgerPage]
ğŸ“¸ Attempting to capture screenshot for failed test: test_tab_navigation[text=Ledger-LedgerPage]
âœ… Screenshot captured: failure_test_tab_navigation_text_Ledger_LedgerPage__2025-12-18_09-28-23.png
TestRail API error: HTTPSConnectionPool(host='viewz.testrail.io', port=443): Read timed out. (read timeout=10)
âš ï¸ TestRail run 789 not found, skipping result update
âŒ Failed to update TestRail case 7953: 5 with screenshot
FAILED [ 46%]
tests/e2e/navigation/test_tabs_navigation.py::test_tab_navigation[text=BI Analysis-BIAnalysisPage] 
ğŸ” Processing test: test_tab_navigation[text=BI Analysis-BIAnalysisPage]
TestRail API error: HTTPSConnectionPool(host='viewz.testrail.io', port=443): Read timed out. (read timeout=10)
âš ï¸ TestRail run 789 not found, skipping result update
âŒ Failed to update TestRail case 7954: 1 
PASSED [ 47%]
tests/e2e/navigation/test_tabs_navigation.py::test_tab_navigation[text=Invoicing-InvoicingPage] 
ğŸ” Processing test: test_tab_navigation[text=Invoicing-InvoicingPage]
â„¹ï¸ Test 'test_tab_navigation[text=Invoicing-InvoicingPage]' not mapped to TestRail or TestRail disabled
PASSED [ 47%]
tests/e2e/navigation/test_tabs_navigation_single_login.py::test_tabs_navigation_single_login 
ğŸ” Processing test: test_tabs_navigation_single_login
TestRail API error: HTTPSConnectionPool(host='viewz.testrail.io', port=443): Read timed out. (read timeout=10)
âš ï¸ TestRail run 789 not found, skipping result update
âŒ Failed to update TestRail case 7956: 1 
PASSED [ 48%]
tests/e2e/navigation/test_tabs_navigation_with_entity.py::test_tab_navigation_with_entity[text=Home-HomePage] 
ğŸ” Processing test: test_tab_navigation_with_entity[text=Home-HomePage]
TestRail API error: HTTPSConnectionPool(host='viewz.testrail.io', port=443): Read timed out. (read timeout=10)
âš ï¸ TestRail run 789 not found, skipping result update
âŒ Failed to update TestRail case 7957: 1 
PASSED [ 48%]
tests/e2e/navigation/test_tabs_navigation_with_entity.py::test_tab_navigation_with_entity[text=Vizion AI-VizionAIPage] 
ğŸ” Processing test: test_tab_navigation_with_entity[text=Vizion AI-VizionAIPage]
âœ… TestRail case 7957 updated successfully
ğŸ“Š Updated TestRail case 7957: 1 
PASSED [ 48%]
tests/e2e/navigation/test_tabs_navigation_with_entity.py::test_tab_navigation_with_entity[text=Reconciliation-ReconciliationPage] 
ğŸ” Processing test: test_tab_navigation_with_entity[text=Reconciliation-ReconciliationPage]
âœ… TestRail case 7957 updated successfully
ğŸ“Š Updated TestRail case 7957: 1 
PASSED [ 49%]
tests/e2e/navigation/test_tabs_navigation_with_entity.py::test_tab_navigation_with_entity[text=Ledger-LedgerPage] 
ğŸ” Processing test: test_tab_navigation_with_entity[text=Ledger-LedgerPage]
âœ… TestRail case 7957 updated successfully
ğŸ“Š Updated TestRail case 7957: 1 
PASSED [ 49%]
tests/e2e/navigation/test_tabs_navigation_with_entity.py::test_tab_navigation_with_entity[text=BI Analysis-BIAnalysisPage] 
ğŸ” Processing test: test_tab_navigation_with_entity[text=BI Analysis-BIAnalysisPage]
âœ… TestRail case 7957 updated successfully
ğŸ“Š Updated TestRail case 7957: 1 
PASSED [ 50%]
tests/e2e/navigation/test_tabs_navigation_with_entity.py::test_tab_navigation_with_entity[text=Invoicing-InvoicingPage] 
ğŸ” Processing test: test_tab_navigation_with_entity[text=Invoicing-InvoicingPage]
â„¹ï¸ Test 'test_tab_navigation_with_entity[text=Invoicing-InvoicingPage]' not mapped to TestRail or TestRail disabled
PASSED [ 50%]
tests/e2e/navigation/test_tabs_navigation_with_entity.py::test_entity_selection_validation 
ğŸ” Processing test: test_entity_selection_validation
âœ… TestRail case 7958 updated successfully
ğŸ“Š Updated TestRail case 7958: 1 
PASSED [ 51%]
tests/e2e/navigation/test_tabs_navigation_with_entity.py::test_tabs_navigation_single_login_with_entity 
ğŸ” Processing test: test_tabs_navigation_single_login_with_entity
âœ… TestRail case 7959 updated successfully
ğŸ“Š Updated TestRail case 7959: 1 
PASSED [ 51%]
tests/e2e/navigation/test_tabs_navigation_with_entity.py::test_navigate_to_invoicing 
ğŸ” Processing test: test_navigate_to_invoicing
ğŸ“¸ Attempting to capture screenshot for failed test: test_navigate_to_invoicing
âœ… Screenshot captured: failure_test_navigate_to_invoicing_2025-12-18_09-32-35.png
â„¹ï¸ Test 'test_navigate_to_invoicing' not mapped to TestRail or TestRail disabled
FAILED [ 51%]
tests/e2e/payables/test_invoice_file_upload.py::TestInvoiceFileUpload::test_upload_invoice_file 
ğŸ” Processing test: test_upload_invoice_file
âœ… TestRail case 7988 updated successfully
ğŸ“Š Updated TestRail case 7988: 1 
PASSED [ 52%]
tests/e2e/payables/test_invoice_file_upload.py::TestInvoiceFileUpload::test_attempt_to_delete_invoice 
ğŸ” Processing test: test_attempt_to_delete_invoice
âœ… TestRail case 8010 updated successfully
ğŸ“Š Updated TestRail case 8010: 1 
PASSED [ 52%]
tests/e2e/payables/test_invoice_file_upload.py::TestInvoiceFileUpload::test_upload_invalid_payable_file_type 
ğŸ” Processing test: test_upload_invalid_payable_file_type
âœ… TestRail case 7989 updated successfully
ğŸ“Š Updated TestRail case 7989: 1 
PASSED [ 53%]
tests/e2e/reconciliation/bank/test_bank_operations.py::TestBankOperations::test_verify_bank_page_loads 
ğŸ” Processing test: test_verify_bank_page_loads
âœ… TestRail case 7966 updated successfully
ğŸ“Š Updated TestRail case 7966: 1 
PASSED [ 53%]
tests/e2e/reconciliation/bank/test_bank_operations.py::TestBankOperations::test_verify_transactions_display 
ğŸ” Processing test: test_verify_transactions_display
âœ… TestRail case 7967 updated successfully
ğŸ“Š Updated TestRail case 7967: 1 
PASSED [ 53%]
tests/e2e/reconciliation/bank/test_bank_operations.py::TestBankOperations::test_bank_account_selection 
ğŸ” Processing test: test_bank_account_selection
âŒ Bad Request (400). Possible causes:
   1. Test run is closed or doesn't exist
   2. Case ID is invalid for this run
   3. Invalid status ID or data format
âŒ Failed to update TestRail case 7970
âŒ Failed to update TestRail case 7970: 1 
PASSED [ 54%]
tests/e2e/reconciliation/bank/test_bank_operations.py::TestBankOperations::test_transaction_filtering_by_date 
ğŸ” Processing test: test_transaction_filtering_by_date
âœ… TestRail case 7974 updated successfully
ğŸ“Š Updated TestRail case 7974: 1 
PASSED [ 54%]
tests/e2e/reconciliation/bank/test_bank_operations.py::TestBankOperations::test_transaction_search 
ğŸ” Processing test: test_transaction_search
âœ… TestRail case 7975 updated successfully
ğŸ“Š Updated TestRail case 7975: 1 
PASSED [ 55%]
tests/e2e/reconciliation/bank/test_bank_operations.py::TestBankOperations::test_verify_upload_area 
ğŸ” Processing test: test_verify_upload_area
âœ… TestRail case 7979 updated successfully
ğŸ“Š Updated TestRail case 7979: 1 
PASSED [ 55%]
tests/e2e/reconciliation/bank/test_bank_operations.py::TestBankOperations::test_upload_statement_file_validation 
ğŸ” Processing test: test_upload_statement_file_validation
âœ… TestRail case 7980 updated successfully
ğŸ“Š Updated TestRail case 7980: 1 
PASSED [ 55%]
tests/e2e/reconciliation/bank/test_bank_operations.py::TestBankOperations::test_reconciliation_status_display 
ğŸ” Processing test: test_reconciliation_status_display
âŒ Bad Request (400). Possible causes:
   1. Test run is closed or doesn't exist
   2. Case ID is invalid for this run
   3. Invalid status ID or data format
âŒ Failed to update TestRail case 7983
âŒ Failed to update TestRail case 7983: 1 
PASSED [ 56%]
tests/e2e/reconciliation/bank/test_bank_operations.py::TestBankOperations::test_transaction_reconciliation 
ğŸ” Processing test: test_transaction_reconciliation
âœ… TestRail case 7984 updated successfully
ğŸ“Š Updated TestRail case 7984: 1 
PASSED [ 56%]
tests/e2e/reconciliation/bank/test_bank_operations.py::TestBankOperations::test_transaction_action_buttons 
ğŸ” Processing test: test_transaction_action_buttons
âœ… TestRail case 7978 updated successfully
ğŸ“Š Updated TestRail case 7978: 1 
PASSED [ 57%]
tests/e2e/reconciliation/bank/test_bank_operations.py::TestBankOperations::test_complete_bank_workflow 
ğŸ” Processing test: test_complete_bank_workflow
âœ… TestRail case 7986 updated successfully
ğŸ“Š Updated TestRail case 7986: 1 
PASSED [ 57%]
tests/e2e/reconciliation/bank/test_bank_operations.py::TestBankOperations::test_empty_state_handling 
ğŸ” Processing test: test_empty_state_handling
âœ… TestRail case 7969 updated successfully
ğŸ“Š Updated TestRail case 7969: 1 
PASSED [ 57%]
tests/e2e/reconciliation/bank/test_bank_operations.py::TestBankOperations::test_bank_page_responsiveness 
ğŸ” Processing test: test_bank_page_responsiveness
âœ… TestRail case 7968 updated successfully
ğŸ“Š Updated TestRail case 7968: 1 
PASSED [ 58%]
tests/e2e/reconciliation/bank/test_bank_operations.py::TestBankOperations::test_check_bank_account_list_display 
ğŸ” Processing test: test_check_bank_account_list_display
âœ… TestRail case 7971 updated successfully
ğŸ“Š Updated TestRail case 7971: 1 
PASSED [ 58%]
tests/e2e/reconciliation/bank/test_bank_operations.py::TestBankOperations::test_view_bank_transactions_list 
ğŸ” Processing test: test_view_bank_transactions_list
âœ… TestRail case 7976 updated successfully
ğŸ“Š Updated TestRail case 7976: 1 
PASSED [ 59%]
tests/e2e/reconciliation/bank/test_bank_operations.py::TestBankOperations::test_sort_transactions_by_columns 
ğŸ” Processing test: test_sort_transactions_by_columns
âœ… TestRail case 7977 updated successfully
ğŸ“Š Updated TestRail case 7977: 1 
PASSED [ 59%]
tests/e2e/reconciliation/bank/test_bank_operations.py::TestBankOperations::test_handle_duplicate_uploads 
ğŸ” Processing test: test_handle_duplicate_uploads
âœ… TestRail case 7981 updated successfully
ğŸ“Š Updated TestRail case 7981: 1 
PASSED [ 59%]
tests/e2e/reconciliation/bank/test_bank_operations.py::TestBankOperations::test_process_uploaded_statements 
ğŸ” Processing test: test_process_uploaded_statements
âœ… TestRail case 7982 updated successfully
ğŸ“Š Updated TestRail case 7982: 1 
PASSED [ 60%]
tests/e2e/reconciliation/bank/test_bank_operations.py::TestBankOperations::test_handle_unmatched_transactions 
ğŸ” Processing test: test_handle_unmatched_transactions
âœ… TestRail case 7985 updated successfully
ğŸ“Š Updated TestRail case 7985: 1 
PASSED [ 60%]
tests/e2e/reconciliation/bank/test_bank_operations.py::TestBankOperations::test_view_account_balances 
ğŸ” Processing test: test_view_account_balances
âœ… TestRail case 7972 updated successfully
ğŸ“Š Updated TestRail case 7972: 1 
PASSED [ 61%]
tests/e2e/reconciliation/bank/test_bank_operations.py::TestBankOperations::test_account_settings_configuration 
ğŸ” Processing test: test_account_settings_configuration
âœ… TestRail case 7973 updated successfully
ğŸ“Š Updated TestRail case 7973: 1 
PASSED [ 61%]
tests/e2e/reconciliation/credit_cards/test_credit_card_operations.py::TestCreditCardOperations::test_verify_credit_cards_page_loads_successfully 
ğŸ” Processing test: test_verify_credit_cards_page_loads_successfully
âœ… TestRail case 51886 updated successfully
ğŸ“Š Updated TestRail case 51886: 1 
PASSED [ 61%]
tests/e2e/reconciliation/credit_cards/test_credit_card_operations.py::TestCreditCardOperations::test_verify_credit_card_transactions_display 
ğŸ” Processing test: test_verify_credit_card_transactions_display
ğŸ“¸ Attempting to capture screenshot for failed test: test_verify_credit_card_transactions_display
âœ… Screenshot captured: failure_test_verify_credit_card_transactions_display_2025-12-18_09-49-20.png
âœ… TestRail case 51887 updated successfully
ğŸ“Š Updated TestRail case 51887: 5 with screenshot
FAILED [ 62%]
tests/e2e/reconciliation/credit_cards/test_credit_card_operations.py::TestCreditCardOperations::test_credit_card_list_display 
ğŸ” Processing test: test_credit_card_list_display
âœ… TestRail case 51900 updated successfully
ğŸ“Š Updated TestRail case 51900: 1 
PASSED [ 62%]
tests/e2e/reconciliation/credit_cards/test_credit_card_operations.py::TestCreditCardOperations::test_credit_card_selection_functionality 
ğŸ” Processing test: test_credit_card_selection_functionality
âœ… TestRail case 51888 updated successfully
ğŸ“Š Updated TestRail case 51888: 1 
PASSED [ 63%]
tests/e2e/reconciliation/credit_cards/test_credit_card_operations.py::TestCreditCardOperations::test_credit_card_financial_information_display 
ğŸ” Processing test: test_credit_card_financial_information_display
âŒ Bad Request (400). Possible causes:
   1. Test run is closed or doesn't exist
   2. Case ID is invalid for this run
   3. Invalid status ID or data format
âŒ Failed to update TestRail case 51889
âŒ Failed to update TestRail case 51889: 1 
PASSED [ 63%]
tests/e2e/reconciliation/credit_cards/test_credit_card_operations.py::TestCreditCardOperations::test_credit_card_account_balances 
ğŸ” Processing test: test_credit_card_account_balances
âŒ Bad Request (400). Possible causes:
   1. Test run is closed or doesn't exist
   2. Case ID is invalid for this run
   3. Invalid status ID or data format
âŒ Failed to update TestRail case 52145
âŒ Failed to update TestRail case 52145: 1 
PASSED [ 63%]
tests/e2e/reconciliation/credit_cards/test_credit_card_operations.py::TestCreditCardOperations::test_credit_card_transaction_filtering_by_date 
ğŸ” Processing test: test_credit_card_transaction_filtering_by_date
âŒ Bad Request (400). Possible causes:
   1. Test run is closed or doesn't exist
   2. Case ID is invalid for this run
   3. Invalid status ID or data format
âŒ Failed to update TestRail case 51890
âŒ Failed to update TestRail case 51890: 1 
PASSED [ 64%]
tests/e2e/reconciliation/credit_cards/test_credit_card_operations.py::TestCreditCardOperations::test_credit_card_transaction_search_functionality 
ğŸ” Processing test: test_credit_card_transaction_search_functionality
âŒ Bad Request (400). Possible causes:
   1. Test run is closed or doesn't exist
   2. Case ID is invalid for this run
   3. Invalid status ID or data format
âŒ Failed to update TestRail case 51891
âŒ Failed to update TestRail case 51891: 1 
PASSED [ 64%]
tests/e2e/reconciliation/credit_cards/test_credit_card_operations.py::TestCreditCardOperations::test_verify_credit_card_statement_upload_area 
ğŸ” Processing test: test_verify_credit_card_statement_upload_area
âŒ Bad Request (400). Possible causes:
   1. Test run is closed or doesn't exist
   2. Case ID is invalid for this run
   3. Invalid status ID or data format
âŒ Failed to update TestRail case 51892
âŒ Failed to update TestRail case 51892: 1 
PASSED [ 65%]
tests/e2e/reconciliation/credit_cards/test_credit_card_operations.py::TestCreditCardOperations::test_credit_card_statement_file_upload_validation 
ğŸ” Processing test: test_credit_card_statement_file_upload_validation
âŒ Bad Request (400). Possible causes:
   1. Test run is closed or doesn't exist
   2. Case ID is invalid for this run
   3. Invalid status ID or data format
âŒ Failed to update TestRail case 51893
âŒ Failed to update TestRail case 51893: 1 
PASSED [ 65%]
tests/e2e/reconciliation/credit_cards/test_credit_card_operations.py::TestCreditCardOperations::test_handle_duplicate_credit_card_uploads 
ğŸ” Processing test: test_handle_duplicate_credit_card_uploads
âŒ Bad Request (400). Possible causes:
   1. Test run is closed or doesn't exist
   2. Case ID is invalid for this run
   3. Invalid status ID or data format
âŒ Failed to update TestRail case 52142
âŒ Failed to update TestRail case 52142: 1 
PASSED [ 65%]
tests/e2e/reconciliation/credit_cards/test_credit_card_operations.py::TestCreditCardOperations::test_process_uploaded_credit_card_statements 
ğŸ” Processing test: test_process_uploaded_credit_card_statements
âŒ Bad Request (400). Possible causes:
   1. Test run is closed or doesn't exist
   2. Case ID is invalid for this run
   3. Invalid status ID or data format
âŒ Failed to update TestRail case 52143
âŒ Failed to update TestRail case 52143: 1 
PASSED [ 66%]
tests/e2e/reconciliation/credit_cards/test_credit_card_operations.py::TestCreditCardOperations::test_credit_card_reconciliation_status_display 
ğŸ” Processing test: test_credit_card_reconciliation_status_display
âŒ Bad Request (400). Possible causes:
   1. Test run is closed or doesn't exist
   2. Case ID is invalid for this run
   3. Invalid status ID or data format
âŒ Failed to update TestRail case 51894
âŒ Failed to update TestRail case 51894: 1 
PASSED [ 66%]
tests/e2e/reconciliation/credit_cards/test_credit_card_operations.py::TestCreditCardOperations::test_credit_card_transaction_reconciliation 
ğŸ” Processing test: test_credit_card_transaction_reconciliation
âœ… TestRail case 51895 updated successfully
ğŸ“Š Updated TestRail case 51895: 1 
PASSED [ 67%]
tests/e2e/reconciliation/credit_cards/test_credit_card_operations.py::TestCreditCardOperations::test_handle_unmatched_credit_card_transactions 
ğŸ” Processing test: test_handle_unmatched_credit_card_transactions
âŒ Bad Request (400). Possible causes:
   1. Test run is closed or doesn't exist
   2. Case ID is invalid for this run
   3. Invalid status ID or data format
âŒ Failed to update TestRail case 52144
âŒ Failed to update TestRail case 52144: 1 
PASSED [ 67%]
tests/e2e/reconciliation/credit_cards/test_credit_card_operations.py::TestCreditCardOperations::test_credit_card_transaction_action_buttons 
ğŸ” Processing test: test_credit_card_transaction_action_buttons
âœ… TestRail case 51896 updated successfully
ğŸ“Š Updated TestRail case 51896: 1 
PASSED [ 68%]
tests/e2e/reconciliation/credit_cards/test_credit_card_operations.py::TestCreditCardOperations::test_view_credit_card_transactions_list 
ğŸ” Processing test: test_view_credit_card_transactions_list
âœ… TestRail case 52141 updated successfully
ğŸ“Š Updated TestRail case 52141: 1 
PASSED [ 68%]
tests/e2e/reconciliation/credit_cards/test_credit_card_operations.py::TestCreditCardOperations::test_credit_card_transaction_sorting 
ğŸ” Processing test: test_credit_card_transaction_sorting
âŒ Bad Request (400). Possible causes:
   1. Test run is closed or doesn't exist
   2. Case ID is invalid for this run
   3. Invalid status ID or data format
âŒ Failed to update TestRail case 51901
âŒ Failed to update TestRail case 51901: 1 
PASSED [ 68%]
tests/e2e/reconciliation/credit_cards/test_credit_card_operations.py::TestCreditCardOperations::test_credit_card_settings_configuration 
ğŸ” Processing test: test_credit_card_settings_configuration
âŒ Bad Request (400). Possible causes:
   1. Test run is closed or doesn't exist
   2. Case ID is invalid for this run
   3. Invalid status ID or data format
âŒ Failed to update TestRail case 52146
âŒ Failed to update TestRail case 52146: 1 
PASSED [ 69%]
tests/e2e/reconciliation/credit_cards/test_credit_card_operations.py::TestCreditCardOperations::test_credit_cards_empty_state_handling 
ğŸ” Processing test: test_credit_cards_empty_state_handling
ğŸ“¸ Attempting to capture screenshot for failed test: test_credit_cards_empty_state_handling
âœ… Screenshot captured: failure_test_credit_cards_empty_state_handling_2025-12-18_09-54-09.png
âœ… TestRail case 51898 updated successfully
ğŸ“Š Updated TestRail case 51898: 5 with screenshot
FAILED [ 69%]
tests/e2e/reconciliation/credit_cards/test_credit_card_operations.py::TestCreditCardOperations::test_credit_cards_page_responsiveness 
ğŸ” Processing test: test_credit_cards_page_responsiveness
âœ… TestRail case 51899 updated successfully
ğŸ“Š Updated TestRail case 51899: 1 
PASSED [ 70%]
tests/e2e/reconciliation/credit_cards/test_credit_card_operations.py::TestCreditCardOperations::test_complete_credit_cards_workflow 
ğŸ” Processing test: test_complete_credit_cards_workflow
âœ… TestRail case 51897 updated successfully
ğŸ“Š Updated TestRail case 51897: 1 
PASSED [ 70%]
tests/e2e/reconciliation/payables/test_complete_payables_operations.py::TestCompletePayablesOperations::test_verify_invoice_list_is_displayed 
ğŸ” Processing test: test_verify_invoice_list_is_displayed
âœ… TestRail case 7987 updated successfully
ğŸ“Š Updated TestRail case 7987: 1 
PASSED [ 70%]
tests/e2e/reconciliation/payables/test_complete_payables_operations.py::TestCompletePayablesOperations::test_upload_invoice_file 
ğŸ” Processing test: test_upload_invoice_file
âœ… TestRail case 7988 updated successfully
ğŸ“Š Updated TestRail case 7988: 1 
PASSED [ 71%]
tests/e2e/reconciliation/payables/test_complete_payables_operations.py::TestCompletePayablesOperations::test_upload_invalid_payable_file_type 
ğŸ” Processing test: test_upload_invalid_payable_file_type
âœ… TestRail case 7989 updated successfully
ğŸ“Š Updated TestRail case 7989: 1 
PASSED [ 71%]
tests/e2e/reconciliation/payables/test_complete_payables_operations.py::TestCompletePayablesOperations::test_payables_edit_delete_buttons 
ğŸ” Processing test: test_payables_edit_delete_buttons
âœ… TestRail case 8006 updated successfully
ğŸ“Š Updated TestRail case 8006: 1 
PASSED [ 72%]
tests/e2e/reconciliation/payables/test_complete_payables_operations.py::TestCompletePayablesOperations::test_payables_status_dropdowns 
ğŸ” Processing test: test_payables_status_dropdowns
âœ… TestRail case 8007 updated successfully
ğŸ“Š Updated TestRail case 8007: 1 
PASSED [ 72%]
tests/e2e/reconciliation/payables/test_complete_payables_operations.py::TestCompletePayablesOperations::test_payables_search_filter_options 
ğŸ” Processing test: test_payables_search_filter_options
ğŸ“¸ Attempting to capture screenshot for failed test: test_payables_search_filter_options
âœ… Screenshot captured: failure_test_payables_search_filter_options_2025-12-18_09-59-55.png
âœ… TestRail case 8008 updated successfully
ğŸ“Š Updated TestRail case 8008: 5 with screenshot
FAILED [ 72%]
tests/e2e/reconciliation/payables/test_complete_payables_operations.py::TestCompletePayablesOperations::test_upload_duplicate_invoice 
ğŸ” Processing test: test_upload_duplicate_invoice
âœ… TestRail case 7990 updated successfully
ğŸ“Š Updated TestRail case 7990: 1 
PASSED [ 73%]
tests/e2e/reconciliation/payables/test_complete_payables_operations.py::TestCompletePayablesOperations::test_menu_options_for_new_status 
ğŸ” Processing test: test_menu_options_for_new_status
âœ… TestRail case 7994 updated successfully
ğŸ“Š Updated TestRail case 7994: 1 
PASSED [ 73%]
tests/e2e/reconciliation/payables/test_complete_payables_operations.py::TestCompletePayablesOperations::test_menu_options_for_matched_status 
ğŸ” Processing test: test_menu_options_for_matched_status
âœ… TestRail case 7995 updated successfully
ğŸ“Š Updated TestRail case 7995: 1 
PASSED [ 74%]
tests/e2e/reconciliation/payables/test_complete_payables_operations.py::TestCompletePayablesOperations::test_menu_options_for_reconciled_status 
ğŸ” Processing test: test_menu_options_for_reconciled_status
âœ… TestRail case 7996 updated successfully
ğŸ“Š Updated TestRail case 7996: 1 
PASSED [ 74%]
tests/e2e/reconciliation/payables/test_complete_payables_operations.py::TestCompletePayablesOperations::test_open_edit_popup_layout 
ğŸ” Processing test: test_open_edit_popup_layout
âœ… TestRail case 7997 updated successfully
ğŸ“Š Updated TestRail case 7997: 1 
PASSED [ 74%]
tests/e2e/reconciliation/payables/test_complete_payables_operations.py::TestCompletePayablesOperations::test_mandatory_validation 
ğŸ” Processing test: test_mandatory_validation
âœ… TestRail case 7998 updated successfully
ğŸ“Š Updated TestRail case 7998: 1 
PASSED [ 75%]
tests/e2e/reconciliation/payables/test_complete_payables_operations.py::TestCompletePayablesOperations::test_line_totals_equal_before_validation 
ğŸ” Processing test: test_line_totals_equal_before_validation
âœ… TestRail case 7999 updated successfully
ğŸ“Š Updated TestRail case 7999: 1 
PASSED [ 75%]
tests/e2e/reconciliation/payables/test_complete_payables_operations.py::TestCompletePayablesOperations::test_gl_account_dropdown 
ğŸ” Processing test: test_gl_account_dropdown
âœ… TestRail case 8001 updated successfully
ğŸ“Š Updated TestRail case 8001: 1 
PASSED [ 76%]
tests/e2e/reconciliation/payables/test_complete_payables_operations.py::TestCompletePayablesOperations::test_recognition_timing_single_date 
ğŸ” Processing test: test_recognition_timing_single_date
âœ… TestRail case 8002 updated successfully
ğŸ“Š Updated TestRail case 8002: 1 
PASSED [ 76%]
tests/e2e/reconciliation/payables/test_complete_payables_operations.py::TestCompletePayablesOperations::test_recognition_timing_default 
ğŸ” Processing test: test_recognition_timing_default
âœ… TestRail case 8003 updated successfully
ğŸ“Š Updated TestRail case 8003: 1 
PASSED [ 76%]
tests/e2e/reconciliation/payables/test_complete_payables_operations.py::TestCompletePayablesOperations::test_record_invoice_and_status 
ğŸ” Processing test: test_record_invoice_and_status
âœ… TestRail case 8004 updated successfully
ğŸ“Š Updated TestRail case 8004: 1 
PASSED [ 77%]
tests/e2e/reconciliation/payables/test_complete_payables_operations.py::TestCompletePayablesOperations::test_show_journal_entry_for_record 
ğŸ” Processing test: test_show_journal_entry_for_record
âœ… TestRail case 8005 updated successfully
ğŸ“Š Updated TestRail case 8005: 1 
PASSED [ 77%]
tests/e2e/reconciliation/payables/test_complete_payables_operations.py::TestCompletePayablesOperations::test_view_invoice_in_new_view 
ğŸ” Processing test: test_view_invoice_in_new_view
âœ… TestRail case 7991 updated successfully
ğŸ“Š Updated TestRail case 7991: 1 
PASSED [ 78%]
tests/e2e/reconciliation/payables/test_complete_payables_operations.py::TestCompletePayablesOperations::test_verify_je_amount_and_description 
ğŸ” Processing test: test_verify_je_amount_and_description
âœ… TestRail case 8000 updated successfully
ğŸ“Š Updated TestRail case 8000: 1 
PASSED [ 78%]
tests/e2e/reconciliation/payables/test_complete_payables_operations.py::TestCompletePayablesOperations::test_delete_invoice_dialog 
ğŸ” Processing test: test_delete_invoice_dialog
âœ… TestRail case 8009 updated successfully
ğŸ“Š Updated TestRail case 8009: 1 
PASSED [ 78%]
tests/e2e/reconciliation/payables/test_complete_payables_operations.py::TestCompletePayablesOperations::test_attempt_to_delete_invoice 
ğŸ” Processing test: test_attempt_to_delete_invoice
âœ… TestRail case 8010 updated successfully
ğŸ“Š Updated TestRail case 8010: 1 
PASSED [ 79%]
tests/e2e/reconciliation/payables/test_payables_operations.py::TestPayablesOperations::test_verify_invoice_list_is_displayed 
ğŸ” Processing test: test_verify_invoice_list_is_displayed
âœ… TestRail case 7987 updated successfully
ğŸ“Š Updated TestRail case 7987: 1 
PASSED [ 79%]
tests/e2e/reconciliation/payables/test_payables_operations.py::TestPayablesOperations::test_upload_invoice_file 
ğŸ” Processing test: test_upload_invoice_file
âœ… TestRail case 7988 updated successfully
ğŸ“Š Updated TestRail case 7988: 1 
PASSED [ 80%]
tests/e2e/reconciliation/payables/test_payables_operations.py::TestPayablesOperations::test_payables_menu_operations 
ğŸ” Processing test: test_payables_menu_operations
âœ… TestRail case 7992 updated successfully
ğŸ“Š Updated TestRail case 7992: 1 
PASSED [ 80%]
tests/e2e/reconciliation/payables/test_payables_operations.py::TestPayablesOperations::test_payables_form_validation 
ğŸ” Processing test: test_payables_form_validation
âœ… TestRail case 7993 updated successfully
ğŸ“Š Updated TestRail case 7993: 1 
PASSED [ 80%]
tests/e2e/reconciliation/receivables/test_complete_receivables_operations.py::TestCompleteReceivablesOperations::test_verify_receivable_list_is_displayed 
ğŸ” Processing test: test_verify_receivable_list_is_displayed
âœ… TestRail case 63962 updated successfully
ğŸ“Š Updated TestRail case 63962: 1 
PASSED [ 81%]
tests/e2e/reconciliation/receivables/test_complete_receivables_operations.py::TestCompleteReceivablesOperations::test_upload_receivable_file 
ğŸ” Processing test: test_upload_receivable_file
âœ… TestRail case 63963 updated successfully
ğŸ“Š Updated TestRail case 63963: 1 
PASSED [ 81%]
tests/e2e/reconciliation/receivables/test_complete_receivables_operations.py::TestCompleteReceivablesOperations::test_upload_invalid_file_type 
ğŸ” Processing test: test_upload_invalid_file_type
âœ… TestRail case 63964 updated successfully
ğŸ“Š Updated TestRail case 63964: 1 
PASSED [ 82%]
tests/e2e/reconciliation/receivables/test_complete_receivables_operations.py::TestCompleteReceivablesOperations::test_upload_duplicate_receivable 
ğŸ” Processing test: test_upload_duplicate_receivable
âœ… TestRail case 63965 updated successfully
ğŸ“Š Updated TestRail case 63965: 1 
PASSED [ 82%]
tests/e2e/reconciliation/receivables/test_complete_receivables_operations.py::TestCompleteReceivablesOperations::test_receivables_edit_delete_buttons 
ğŸ” Processing test: test_receivables_edit_delete_buttons
âœ… TestRail case 63966 updated successfully
ğŸ“Š Updated TestRail case 63966: 1 
PASSED [ 82%]
tests/e2e/reconciliation/receivables/test_complete_receivables_operations.py::TestCompleteReceivablesOperations::test_receivables_status_dropdowns 
ğŸ” Processing test: test_receivables_status_dropdowns
âœ… TestRail case 63967 updated successfully
ğŸ“Š Updated TestRail case 63967: 1 
PASSED [ 83%]
tests/e2e/reconciliation/receivables/test_complete_receivables_operations.py::TestCompleteReceivablesOperations::test_receivables_search_filter_options 
ğŸ” Processing test: test_receivables_search_filter_options
âœ… TestRail case 63968 updated successfully
ğŸ“Š Updated TestRail case 63968: 1 
PASSED [ 83%]
tests/e2e/reconciliation/receivables/test_complete_receivables_operations.py::TestCompleteReceivablesOperations::test_receivables_open_edit_popup_layout 
ğŸ” Processing test: test_receivables_open_edit_popup_layout
âœ… TestRail case 63969 updated successfully
ğŸ“Š Updated TestRail case 63969: 1 
PASSED [ 84%]
tests/e2e/reconciliation/receivables/test_complete_receivables_operations.py::TestCompleteReceivablesOperations::test_receivables_mandatory_validation 
ğŸ” Processing test: test_receivables_mandatory_validation
âœ… TestRail case 63969 updated successfully
ğŸ“Š Updated TestRail case 63969: 1 
PASSED [ 84%]
tests/e2e/reconciliation/receivables/test_complete_receivables_operations.py::TestCompleteReceivablesOperations::test_receivables_line_totals_equal_before_validation 
ğŸ” Processing test: test_receivables_line_totals_equal_before_validation
âœ… TestRail case 63970 updated successfully
ğŸ“Š Updated TestRail case 63970: 1 
PASSED [ 85%]
tests/e2e/reconciliation/receivables/test_complete_receivables_operations.py::TestCompleteReceivablesOperations::test_receivables_gl_account_dropdown ERROR [ 85%]
tests/e2e/reconciliation/receivables/test_complete_receivables_operations.py::TestCompleteReceivablesOperations::test_receivables_recognition_timing_single_date 
ğŸ” Processing test: test_receivables_recognition_timing_single_date
âœ… TestRail case 63970 updated successfully
ğŸ“Š Updated TestRail case 63970: 1 
PASSED [ 85%]
tests/e2e/reconciliation/receivables/test_complete_receivables_operations.py::TestCompleteReceivablesOperations::test_receivables_recognition_timing_default 
ğŸ” Processing test: test_receivables_recognition_timing_default
âœ… TestRail case 63970 updated successfully
ğŸ“Š Updated TestRail case 63970: 1 
PASSED [ 86%]
tests/e2e/reconciliation/receivables/test_complete_receivables_operations.py::TestCompleteReceivablesOperations::test_record_receivable_and_status 
ğŸ” Processing test: test_record_receivable_and_status
âœ… TestRail case 63971 updated successfully
ğŸ“Š Updated TestRail case 63971: 1 
PASSED [ 86%]
tests/e2e/reconciliation/receivables/test_complete_receivables_operations.py::TestCompleteReceivablesOperations::test_receivables_show_journal_entry_for_record 
ğŸ” Processing test: test_receivables_show_journal_entry_for_record
âœ… TestRail case 63971 updated successfully
ğŸ“Š Updated TestRail case 63971: 1 
PASSED [ 87%]
tests/e2e/reconciliation/receivables/test_complete_receivables_operations.py::TestCompleteReceivablesOperations::test_receivables_verify_je_amount_and_description 
ğŸ” Processing test: test_receivables_verify_je_amount_and_description
âœ… TestRail case 63971 updated successfully
ğŸ“Š Updated TestRail case 63971: 1 
PASSED [ 87%]
tests/e2e/reconciliation/receivables/test_complete_receivables_operations.py::TestCompleteReceivablesOperations::test_delete_receivable_dialog 
ğŸ” Processing test: test_delete_receivable_dialog
âœ… TestRail case 63972 updated successfully
ğŸ“Š Updated TestRail case 63972: 1 
PASSED [ 87%]
tests/e2e/reconciliation/receivables/test_complete_receivables_operations.py::TestCompleteReceivablesOperations::test_attempt_to_delete_receivable 
ğŸ” Processing test: test_attempt_to_delete_receivable
âœ… TestRail case 63972 updated successfully
ğŸ“Š Updated TestRail case 63972: 1 
PASSED [ 88%]
tests/e2e/reconciliation/receivables/test_complete_receivables_operations.py::TestCompleteReceivablesOperations::test_view_receivable_in_new_view 
ğŸ” Processing test: test_view_receivable_in_new_view
âœ… TestRail case 63973 updated successfully
ğŸ“Š Updated TestRail case 63973: 1 
PASSED [ 88%]
tests/e2e/reconciliation/receivables/test_complete_receivables_operations.py::TestCompleteReceivablesOperations::test_receivables_menu_options_for_new_status 
ğŸ” Processing test: test_receivables_menu_options_for_new_status
âœ… TestRail case 63974 updated successfully
ğŸ“Š Updated TestRail case 63974: 1 
PASSED [ 89%]
tests/e2e/reconciliation/receivables/test_complete_receivables_operations.py::TestCompleteReceivablesOperations::test_receivables_menu_options_for_matched_status 
ğŸ” Processing test: test_receivables_menu_options_for_matched_status
âœ… TestRail case 63974 updated successfully
ğŸ“Š Updated TestRail case 63974: 1 
PASSED [ 89%]
tests/e2e/reconciliation/receivables/test_complete_receivables_operations.py::TestCompleteReceivablesOperations::test_receivables_menu_options_for_reconciled_status 
ğŸ” Processing test: test_receivables_menu_options_for_reconciled_status
âœ… TestRail case 63974 updated successfully
ğŸ“Š Updated TestRail case 63974: 1 
PASSED [ 89%]
tests/e2e/reconciliation/receivables/test_receivables_operations.py::TestReceivablesOperations::test_verify_receivable_list_is_displayed 
ğŸ” Processing test: test_verify_receivable_list_is_displayed
âœ… TestRail case 63962 updated successfully
ğŸ“Š Updated TestRail case 63962: 1 
PASSED [ 90%]
tests/e2e/reconciliation/receivables/test_receivables_operations.py::TestReceivablesOperations::test_upload_receivable_file 
ğŸ” Processing test: test_upload_receivable_file
âœ… TestRail case 63963 updated successfully
ğŸ“Š Updated TestRail case 63963: 1 
PASSED [ 90%]
tests/e2e/reconciliation/receivables/test_receivables_operations.py::TestReceivablesOperations::test_receivables_menu_operations 
ğŸ” Processing test: test_receivables_menu_operations
âœ… TestRail case 63968 updated successfully
ğŸ“Š Updated TestRail case 63968: 1 
PASSED [ 91%]
tests/e2e/reconciliation/receivables/test_receivables_operations.py::TestReceivablesOperations::test_receivables_form_validation 
ğŸ” Processing test: test_receivables_form_validation
âœ… TestRail case 63969 updated successfully
ğŸ“Š Updated TestRail case 63969: 1 
PASSED [ 91%]
tests/e2e/reconciliation/test_export_validation.py::TestExportValidation::test_payables_export_data_validation 
ğŸ” Processing test: test_payables_export_data_validation
ğŸ“¸ Attempting to capture screenshot for failed test: test_payables_export_data_validation
âœ… Screenshot captured: failure_test_payables_export_data_validation_2025-12-18_10-12-51.png
âœ… TestRail case 126311 updated successfully
ğŸ“Š Updated TestRail case 126311: 5 with screenshot
FAILED [ 91%]
tests/e2e/reconciliation/test_export_validation.py::TestExportValidation::test_receivables_export_data_validation 
ğŸ” Processing test: test_receivables_export_data_validation
ğŸ“¸ Attempting to capture screenshot for failed test: test_receivables_export_data_validation
âœ… Screenshot captured: failure_test_receivables_export_data_validation_2025-12-18_10-13-11.png
âœ… TestRail case 126312 updated successfully
ğŸ“Š Updated TestRail case 126312: 5 with screenshot
FAILED [ 92%]
tests/e2e/reconciliation/test_export_validation.py::TestExportValidation::test_bank_transactions_export_data_validation 
ğŸ” Processing test: test_bank_transactions_export_data_validation
ğŸ“¸ Attempting to capture screenshot for failed test: test_bank_transactions_export_data_validation
âœ… Screenshot captured: failure_test_bank_transactions_export_data_validation_2025-12-18_10-13-34.png
âœ… TestRail case 129938 updated successfully
ğŸ“Š Updated TestRail case 129938: 5 with screenshot
FAILED [ 92%]
tests/e2e/reconciliation/test_export_validation.py::TestExportValidation::test_credit_cards_export_data_validation 
ğŸ” Processing test: test_credit_cards_export_data_validation
ğŸ“¸ Attempting to capture screenshot for failed test: test_credit_cards_export_data_validation
âœ… Screenshot captured: failure_test_credit_cards_export_data_validation_2025-12-18_10-13-54.png
âœ… TestRail case 129939 updated successfully
ğŸ“Š Updated TestRail case 129939: 5 with screenshot
FAILED [ 93%]
tests/e2e/security/test_security_regression.py::TestSecurityRegression::test_invalid_login_attempts 
ğŸ” Processing test: test_invalid_login_attempts
âœ… TestRail case 8049 updated successfully
ğŸ“Š Updated TestRail case 8049: 1 
PASSED [ 93%]
tests/e2e/security/test_security_regression.py::TestSecurityRegression::test_session_timeout_handling 
ğŸ” Processing test: test_session_timeout_handling
âœ… TestRail case 8050 updated successfully
ğŸ“Š Updated TestRail case 8050: 1 
PASSED [ 93%]
tests/e2e/security/test_security_regression.py::TestSecurityRegression::test_xss_prevention 
ğŸ” Processing test: test_xss_prevention
âœ… TestRail case 8052 updated successfully
ğŸ“Š Updated TestRail case 8052: 1 
PASSED [ 94%]
tests/e2e/security/test_security_regression.py::TestSecurityRegression::test_password_requirements 
ğŸ” Processing test: test_password_requirements
âœ… TestRail case 8053 updated successfully
ğŸ“Š Updated TestRail case 8053: 1 
PASSED [ 94%]
tests/e2e/security/test_security_regression.py::TestSecurityRegression::test_csrf_protection 
ğŸ” Processing test: test_csrf_protection
âœ… TestRail case 8054 updated successfully
ğŸ“Š Updated TestRail case 8054: 1 
PASSED [ 95%]
tests/e2e/security/test_security_regression.py::TestSecurityRegression::test_secure_headers 
ğŸ” Processing test: test_secure_headers
âœ… TestRail case 8055 updated successfully
ğŸ“Š Updated TestRail case 8055: 1 
PASSED [ 95%]
tests/e2e/snapshot/test_snapshot_regression.py::TestSnapshotRegression::test_visual_snapshots_key_pages 
ğŸ” Processing test: test_visual_snapshots_key_pages
ğŸ“¸ Attempting to capture screenshot for failed test: test_visual_snapshots_key_pages
âŒ Screenshot failed: Async screenshot failed: Page.screenshot: Timeout 30000ms exceeded.
âœ… TestRail case 12865 updated successfully
ğŸ“Š Updated TestRail case 12865: 5 with screenshot
FAILED [ 95%]
tests/e2e/snapshot/test_snapshot_regression.py::TestSnapshotRegression::test_dom_snapshots_critical_elements 
ğŸ” Processing test: test_dom_snapshots_critical_elements
âœ… TestRail case 12866 updated successfully
ğŸ“Š Updated TestRail case 12866: 1 
PASSED [ 96%]
tests/e2e/snapshot/test_snapshot_regression.py::TestSnapshotRegression::test_api_response_snapshots 
ğŸ” Processing test: test_api_response_snapshots
âœ… TestRail case 12867 updated successfully
ğŸ“Š Updated TestRail case 12867: 1 
PASSED [ 96%]
tests/e2e/snapshot/test_snapshot_regression.py::TestSnapshotRegression::test_component_snapshots 
ğŸ” Processing test: test_component_snapshots
âœ… TestRail case 12868 updated successfully
ğŸ“Š Updated TestRail case 12868: 1 
PASSED [ 97%]
tests/e2e/snapshot/test_snapshot_regression.py::TestSnapshotRegression::test_snapshot_comparison_workflow 
ğŸ” Processing test: test_snapshot_comparison_workflow
âœ… TestRail case 12869 updated successfully
ğŸ“Š Updated TestRail case 12869: 1 
PASSED [ 97%]
tests/performance/test_performance_regression.py::TestPerformanceRegression::test_page_load_performance 
ğŸ” Processing test: test_page_load_performance
âœ… TestRail case 8056 updated successfully
ğŸ“Š Updated TestRail case 8056: 1 
PASSED [ 97%]
tests/performance/test_performance_regression.py::TestPerformanceRegression::test_memory_usage_monitoring 
ğŸ” Processing test: test_memory_usage_monitoring
âœ… TestRail case 8057 updated successfully
ğŸ“Š Updated TestRail case 8057: 1 
PASSED [ 98%]
tests/performance/test_performance_regression.py::TestPerformanceRegression::test_concurrent_user_simulation 
ğŸ” Processing test: test_concurrent_user_simulation
âœ… TestRail case 8058 updated successfully
ğŸ“Š Updated TestRail case 8058: 1 
PASSED [ 98%]
tests/performance/test_performance_regression.py::TestPerformanceRegression::test_api_response_times 
ğŸ” Processing test: test_api_response_times
âœ… TestRail case 8059 updated successfully
ğŸ“Š Updated TestRail case 8059: 1 
PASSED [ 99%]
tests/performance/test_performance_regression.py::TestPerformanceRegression::test_large_dataset_handling 
ğŸ” Processing test: test_large_dataset_handling
âœ… TestRail case 8060 updated successfully
ğŸ“Š Updated TestRail case 8060: 1 
PASSED [ 99%]
tests/performance/test_performance_regression.py::TestPerformanceRegression::test_resource_usage_optimization 
ğŸ” Processing test: test_resource_usage_optimization
âœ… TestRail case 8061 updated successfully
ğŸ“Š Updated TestRail case 8061: 1 
PASSED [100%]â³ Waiting for 29 pending results (attempt 1/5)
âœ… TestRail case 7937 updated successfully
âœ… TestRail case 7938 updated successfully
âœ… TestRail case 7939 updated successfully
âœ… TestRail case 7940 updated successfully
âœ… TestRail case 7941 updated successfully
âœ… TestRail case 7942 updated successfully
âœ… TestRail case 7943 updated successfully
âœ… TestRail case 7944 updated successfully
âœ… TestRail case 7945 updated successfully
âœ… TestRail case 7946 updated successfully
âœ… TestRail case 7953 updated successfully
âœ… TestRail case 7954 updated successfully
âœ… TestRail case 7956 updated successfully
âœ… TestRail case 7970 updated successfully
âœ… TestRail case 8045 updated successfully
âœ… TestRail case 52142 updated successfully
âœ… TestRail case 7983 updated successfully
âœ… TestRail case 52143 updated successfully
âœ… TestRail case 52145 updated successfully
âœ… TestRail case 51889 updated successfully
âœ… TestRail case 51890 updated successfully
âœ… TestRail case 51891 updated successfully
âœ… TestRail case 51892 updated successfully
âœ… TestRail case 51893 updated successfully
âœ… TestRail case 51894 updated successfully
âœ… TestRail case 52144 updated successfully
âœ… TestRail case 52146 updated successfully
âœ… TestRail case 139375 updated successfully
âœ… TestRail case 51901 updated successfully
Test run 789 closed successfully
ğŸ TestRail test run completed


==================================== ERRORS ====================================
_ ERROR at setup of TestCompleteReceivablesOperations.test_receivables_gl_account_dropdown _
venv/lib/python3.12/site-packages/pytest_asyncio/plugin.py:367: in _async_fixture_wrapper
    result = event_loop.run_until_complete(setup_task)
             ^^^^^^^^^^^^^^^^^^^^^^^^^^^^^^^^^^^^^^^^^
../../../.pyenv/versions/3.12.3/lib/python3.12/asyncio/base_events.py:687: in run_until_complete
    return future.result()
           ^^^^^^^^^^^^^^^
venv/lib/python3.12/site-packages/pytest_asyncio/plugin.py:362: in setup
    res = await func(**_add_kwargs(func, kwargs, request))
          ^^^^^^^^^^^^^^^^^^^^^^^^^^^^^^^^^^^^^^^^^^^^^^^^
tests/conftest.py:248: in perform_login_with_entity
    await login.goto()
pages/login_page.py:15: in goto
    await self.page.goto("/login")
venv/lib/python3.12/site-packages/playwright/async_api/_generated.py:8975: in goto
    await self._impl_obj.goto(
venv/lib/python3.12/site-packages/playwright/_impl/_page.py:556: in goto
    return await self._main_frame.goto(**locals_to_params(locals()))
           ^^^^^^^^^^^^^^^^^^^^^^^^^^^^^^^^^^^^^^^^^^^^^^^^^^^^^^^^^
venv/lib/python3.12/site-packages/playwright/_impl/_frame.py:146: in goto
    await self._channel.send(
venv/lib/python3.12/site-packages/playwright/_impl/_connection.py:69: in send
    return await self._connection.wrap_api_call(
venv/lib/python3.12/site-packages/playwright/_impl/_connection.py:558: in wrap_api_call
    raise rewrite_error(error, f"{parsed_st['apiName']}: {error}") from None
E   playwright._impl._errors.Error: Page.goto: net::ERR_ABORTED at https://app.stage.viewz.co/login
E   Call log:
E     - navigating to "https://app.stage.viewz.co/login", waiting until "load"
---------------------------- Captured stdout setup -----------------------------
ğŸ” HTTP Basic Auth configured for: admin
=================================== FAILURES ===================================
__________ TestInvoicingOperations.test_invoicing_navigation_elements __________
tests/e2e/invoicing/test_invoicing_operations.py:93: in test_invoicing_navigation_elements
    assert has_customer_table or has_add_customer_button, \
E   AssertionError: Customer table or Add Customer button should be visible
E   assert (False or False)
---------------------------- Captured stdout setup -----------------------------
ğŸ” HTTP Basic Auth configured for: admin
ğŸ”‘ Using OTP secret from: config file
ğŸ” Generated OTP: 676030
ğŸ” Waiting for 2FA page...
âœ… Found 2FA page: Two-Factor Authentication
ğŸ“ Entering OTP: 676030
âœ… OTP filled via get_by_role('textbox')
ğŸ” Current URL after OTP entry: https://app.stage.viewz.co/home?entityId=1
ğŸ¢ Starting entity selection...
ğŸ¢ Attempting to select entity: Viewz Demo INC
âœ… Entity 'Viewz Demo INC' already selected
âœ… Entity selection completed successfully
ğŸ” Final URL after login: https://app.stage.viewz.co/home?entityId=1
âœ… Login verified successful - on page: https://app.stage.viewz.co/home?entityId=1
----------------------------- Captured stdout call -----------------------------

ğŸ§ª TEST: Invoicing navigation elements
ğŸ“ Current URL: https://app.stage.viewz.co/home?entityId=1
ğŸ”„ Trying direct navigation to: https://app.stage.viewz.co/invoicing
âœ… Successfully navigated to: https://app.stage.viewz.co/invoicing?entityId=1
ğŸ“¸ Screenshot saved: test_invoicing_navigation_elements.png
_____________ TestInvoicingOperations.test_product_form_visibility _____________
tests/e2e/invoicing/test_invoicing_operations.py:297: in test_product_form_visibility
    assert products_opened or on_products_page or form_opened or form_visible, \
E   AssertionError: Product section or form should be accessible
E   assert (False or False or False or False)
---------------------------- Captured stdout setup -----------------------------
ğŸ” HTTP Basic Auth configured for: admin
ğŸ”‘ Using OTP secret from: config file
ğŸ” Generated OTP: 770326
ğŸ” Waiting for 2FA page...
âœ… Found 2FA page: Two-Factor Authentication
ğŸ“ Entering OTP: 770326
âœ… OTP filled via get_by_role('textbox')
ğŸ” Current URL after OTP entry: https://app.stage.viewz.co/home?entityId=1
ğŸ¢ Starting entity selection...
ğŸ¢ Attempting to select entity: Viewz Demo INC
âœ… Entity 'Viewz Demo INC' already selected
âœ… Entity selection completed successfully
ğŸ” Final URL after login: https://app.stage.viewz.co/home?entityId=1
âœ… Login verified successful - on page: https://app.stage.viewz.co/home?entityId=1
----------------------------- Captured stdout call -----------------------------

ğŸ§ª TEST: Product form visibility
ğŸ“ Current URL: https://app.stage.viewz.co/home?entityId=1
ğŸ”„ Trying direct navigation to: https://app.stage.viewz.co/invoicing
âœ… Successfully navigated to: https://app.stage.viewz.co/invoicing?entityId=1
ğŸ” Looking for first customer's actions menu
âš ï¸ Trying to click last cell in row...
âŒ Error clicking customer action menu: Locator.wait_for: Timeout 3000ms exceeded.
Call log:
  - waiting for get_by_text("Products", exact=True) to be visible

ğŸ“¸ Screenshot saved: test_product_form_visibility_products_page.png
ğŸ“¸ Screenshot saved: test_product_form_visibility.png
_____________ TestInvoicingOperations.test_invoice_form_visibility _____________
tests/e2e/invoicing/test_invoicing_operations.py:418: in test_invoice_form_visibility
    assert invoices_opened or on_invoices_page or form_opened or form_visible, \
E   AssertionError: Invoice section or form should be accessible
E   assert (False or False or False or False)
---------------------------- Captured stdout setup -----------------------------
ğŸ” HTTP Basic Auth configured for: admin
ğŸ”‘ Using OTP secret from: config file
ğŸ” Generated OTP: 059550
ğŸ” Waiting for 2FA page...
âœ… Found 2FA page: Two-Factor Authentication
ğŸ“ Entering OTP: 059550
âœ… OTP filled via get_by_role('textbox')
ğŸ” Current URL after OTP entry: https://app.stage.viewz.co/home?entityId=1
ğŸ¢ Starting entity selection...
ğŸ¢ Attempting to select entity: Viewz Demo INC
âœ… Entity 'Viewz Demo INC' already selected
âœ… Entity selection completed successfully
ğŸ” Final URL after login: https://app.stage.viewz.co/home?entityId=1
âœ… Login verified successful - on page: https://app.stage.viewz.co/home?entityId=1
----------------------------- Captured stdout call -----------------------------

ğŸ§ª TEST: Invoice form visibility
ğŸ“ Current URL: https://app.stage.viewz.co/home?entityId=1
ğŸ”„ Trying direct navigation to: https://app.stage.viewz.co/invoicing
âœ… Successfully navigated to: https://app.stage.viewz.co/invoicing?entityId=1
ğŸ” Looking for first customer's actions menu
âš ï¸ Trying to click last cell in row...
âŒ Error clicking customer action menu: Locator.wait_for: Timeout 3000ms exceeded.
Call log:
  - waiting for get_by_text("Invoices", exact=True) to be visible

ğŸ“ Current URL: https://app.stage.viewz.co/invoicing?entityId=1
ğŸ“¸ Screenshot saved: test_invoice_form_visibility_invoices_page.png
ğŸ“¸ Screenshot saved: test_invoice_form_visibility.png
_________ TestInvoicingOperations.test_invoice_appears_in_receivables __________
tests/e2e/invoicing/test_invoicing_operations.py:580: in test_invoice_appears_in_receivables
    assert receivables_loaded, "Receivables page should be accessible"
E   AssertionError: Receivables page should be accessible
E   assert False
---------------------------- Captured stdout setup -----------------------------
ğŸ” HTTP Basic Auth configured for: admin
ğŸ”‘ Using OTP secret from: config file
ğŸ” Generated OTP: 262586
ğŸ” Waiting for 2FA page...
âœ… Found 2FA page: Two-Factor Authentication
ğŸ“ Entering OTP: 262586
âœ… OTP filled via get_by_role('textbox')
ğŸ” Current URL after OTP entry: https://app.stage.viewz.co/home?entityId=1
ğŸ¢ Starting entity selection...
ğŸ¢ Attempting to select entity: Viewz Demo INC
âœ… Entity 'Viewz Demo INC' already selected
âœ… Entity selection completed successfully
ğŸ” Final URL after login: https://app.stage.viewz.co/home?entityId=1
âœ… Login verified successful - on page: https://app.stage.viewz.co/home?entityId=1

ğŸ“Š Creating GL Account precondition for Invoicing...
ğŸ“Š Navigating to: https://app.stage.viewz.co/ledger/chart-of-accounts

ğŸ“ Creating GL Account: AR Invoicing FJ6TX0
âœ… Clicked Add GL Account
   1ï¸âƒ£ Name...
      âœ… AR Invoicing FJ6TX0
   2ï¸âƒ£ Currency...
      âœ… Currency: US Dollar
   3ï¸âƒ£ Report Type...
      âœ… Report Type: Balance Sheet
   4ï¸âƒ£ Type...
      âœ… Type: Current Assets
   5ï¸âƒ£ Group...
      âœ… Group: Trade receivables
   6ï¸âƒ£ EBITDA: auto âœ…
   7ï¸âƒ£ Cashflow...
      âœ… Cashflow: AR
   8ï¸âƒ£ Save...
      Found 2 action buttons in last cell
      âœ… Clicked save button
âœ… GL Account created: AR Invoicing FJ6TX0
âœ… GL Account precondition created: AR Invoicing FJ6TX0
   Currency: US Dollar
   Type: Current Assets
   Group: Trade receivables
âœ… Precondition complete. Ready for invoicing tests.

----------------------------- Captured stdout call -----------------------------

ğŸ§ª TEST: Invoice appears in Receivables
âœ… GL Account precondition: AR Invoicing FJ6TX0
==================================================
ğŸš€ STARTING COMPLETE INVOICE FLOW
==================================================

ğŸ“ STEP 1: Navigate to Invoicing
ğŸ“ Current URL: https://app.stage.viewz.co/ledger/chart-of-accounts?entityId=1
ğŸ”„ Trying direct navigation to: https://app.stage.viewz.co/invoicing
âœ… Successfully navigated to: https://app.stage.viewz.co/invoicing?entityId=1

ğŸ‘¤ STEP 2: Create Customer
ğŸ†• Creating customer: Receivables Test 9SNJOX
âš ï¸ Customers tab not found, might already be on customers section
âœ… Clicked Add Customer via get_by_role
ğŸ“ Filling customer form with: {'name': 'Receivables Test 9SNJOX', 'email': 'rectest.9snjox@example.com', 'city': 'Test City', 'address': '123 Test Street', 'zip': '12345', 'registration': 'REG-KNKOKF', 'tax_id': 'TAX-PD3SAM'}
âœ… Filled 'Enter customer name' with: Receivables Test 9SNJOX...
ğŸ”½ Selecting Income Account...
âœ… Income Account selected via direct text click
âœ… Filled 'Enter email address' with: rectest.9snjox@example.com...
ğŸ”½ Selecting Country...
ğŸ” Searching in 'Country' dropdown for 'United States'...
âœ… Clicked searchable dropdown by placeholder: 'Search countries...'
âŒ¨ï¸ Typed: 'United'
âœ… Selected 'United States' from 'Country' using [role='option']
âœ… Filled 'Enter city' with: Test City...
âœ… Filled 'Enter customer address' with: 123 Test Street...
âœ… Filled 'Enter zip code' with: 12345...
âœ… Filled 'Enter registration number' with: REG-KNKOKF...
âœ… Filled 'Enter tax ID' with: TAX-PD3SAM...
ğŸ”½ Selecting Payment Terms...
ğŸ”½ Selecting from 'Payment Terms' dropdown...
âœ… Clicked dropdown via label parent: 'Payment Terms'
âœ… Selected option 0 from 'Payment Terms' using [role='option']
âœ… Customer form filled
âœ… Clicked button: Create Customer
âœ… Success message found: text=successfully
âœ… Customer created successfully: Receivables Test 9SNJOX
ğŸ” Ensuring dialogs are closed...
âœ… No overlays blocking - dialog closed

ğŸ“¦ STEP 3: Create Product for Customer
ğŸ” Looking for customer containing: 'Receivables Test'
ğŸ“‹ Found 50 rows in table
âœ… Found customer row 0: Receivables Test ...
	
VZ98 - AR Invoicing AWH...
...
âš ï¸ Trying to click last cell in row...
âœ… Clicked on Actions cell
âœ… Clicked 'Products' from actions menu
ğŸ“¸ Screenshot: debug_products_page_before_add.png
ğŸ†• Creating product: Receivables Product 9SNJOX
âœ… Clicked Add Product button
ğŸ“¸ Screenshot: debug_product_form.png
âœ… Filled 'Enter product name' with: Receivables Product 9SNJOX...
âœ… Filled Price by label: 250.0
âœ… Filled Unit field: units
ğŸ“… Selecting Start Date...
âœ… Selected Start Date: day 18
âœ… Closed date picker
ğŸ”½ Selecting Contract...
ğŸ”½ Selecting from 'Contract' dropdown...
âš ï¸ Label parent method failed: Locator.click: Timeout 30000ms exceeded.
âœ… Clicked dropdown by exact placeholder: 'Select Contract'
âœ… Selected option 0 from 'Contract' using [role='option']
ğŸ”½ Selecting Product Income Account...
ğŸ”½ Selecting from 'Product Income Account' dropdown...
âœ… Clicked dropdown via label parent: 'Product Income Account'
âœ… Selected option 0 from 'Product Income Account' using [role='option']
ğŸ“¸ Screenshot: debug_product_form_filled.png
âœ… Clicked button: Create Product
âœ… Product created: Receivables Product 9SNJOX
âœ… Closed dialog

ğŸ§¾ STEP 4: Generate Invoice
ğŸ”„ Navigating to invoices URL: https://app.stage.viewz.co/invoicing/88/invoices?entityId=1
ğŸ§¾ Creating invoice...
âœ… Clicked Generate Invoice button
ğŸ“… Selecting invoice month...
ğŸ“¸ Screenshot: debug_before_month_select.png
âœ… Clicked month dropdown trigger
ğŸ“‹ Selector '[role='option']' found 1 options
âœ… Selected first month option via [role='option']
ğŸ“¸ Screenshot: debug_after_month_select.png
ğŸ“¤ Clicking Continue button...
âœ… Clicked Continue button
ğŸ“ Filling Invoice Details form...
ğŸ“… Opening date picker...
ğŸ“¸ Screenshot: debug_calendar_open.png
ğŸ“… Navigating to December 2025...
âœ… Already on December 2025
ğŸ“… Selecting day 18...
âœ… Clicked day 18
ğŸ“ Adding Invoice Lines...
âš ï¸ Invoice Lines section: Locator.click: Timeout 30000ms exceeded.
ğŸ“¸ Screenshot: debug_invoice_form_filled.png
ğŸ“¤ Clicking Create Invoice button...
âœ… Clicked Create Invoice button
ğŸ“¸ Screenshot saved: debug_invoice_creation_final.png
âœ… Invoice fully created for product: Receivables Product 9SNJOX

==================================================
âœ… COMPLETE INVOICE FLOW SUCCESSFUL!
==================================================

ğŸ“ Navigating to Receivables page...
ğŸ“„ Navigating to Receivables section...
âš ï¸ UI navigation failed: Frame.is_visible() got an unexpected keyword argument 'timeout', trying direct URL...
ğŸ”— Navigating to: https://app.stage.viewz.co/reconciliation/receivables
âœ… Successfully navigated to: https://app.stage.viewz.co/reconciliation/receivables
âš ï¸ Invoice not immediately visible in Receivables (may need processing time)
_______ TestGLAccountOperations.test_create_gl_account_trade_receivables _______
tests/e2e/ledger/test_gl_account_operations.py:110: in test_create_gl_account_trade_receivables
    assert gl_account is not None, "GL Account should be created successfully"
E   AssertionError: GL Account should be created successfully
E   assert None is not None
---------------------------- Captured stdout setup -----------------------------
ğŸ” HTTP Basic Auth configured for: admin
ğŸ”‘ Using OTP secret from: config file
ğŸ” Generated OTP: 905087
ğŸ” Waiting for 2FA page...
âœ… Found 2FA page: Two-Factor Authentication
ğŸ“ Entering OTP: 905087
âœ… OTP filled via get_by_role('textbox')
ğŸ” Current URL after OTP entry: https://app.stage.viewz.co/login
ğŸ¢ Starting entity selection...
ğŸ¢ Attempting to select entity: Viewz Demo INC
âš ï¸ No entity selector found - entity selection may not be required
âœ… Entity selection completed successfully
ğŸ” Final URL after login: https://app.stage.viewz.co/login
âŒ CRITICAL: Still on login page after fixture! Login failed.
ğŸ“¸ Screenshot saved: debug_login_fixture_failure.png
----------------------------- Captured stdout call -----------------------------

ğŸ§ª TEST: Create GL Account - Trade Receivables
ğŸ“Š Navigating to: https://app.stage.viewz.co/ledger/chart-of-accounts

ğŸ“ Creating GL Account: AR Test Account XHUCWY
âŒ Error: Locator.click: Timeout 30000ms exceeded.
Call log:
  - waiting for locator("button:has-text('Add GL Account')")

ğŸ“¸ Screenshot: screenshots/gl_test_create_gl_account_trade_receivables_20251218_081652.png
___________ TestLedgerOperations.test_period_selection_functionality ___________
tests/e2e/ledger/test_ledger_operations.py:1291: in test_period_selection_functionality
    assert len(features_found) >= 2, f"At least 2 date/filter features should be available. Found: {features_found}"
E   AssertionError: At least 2 date/filter features should be available. Found: []
E   assert 0 >= 2
E    +  where 0 = len([])
---------------------------- Captured stdout setup -----------------------------
ğŸ” HTTP Basic Auth configured for: admin
ğŸ”‘ Using OTP secret from: config file
ğŸ” Generated OTP: 292568
ğŸ” Waiting for 2FA page...
âœ… Found 2FA page: verification
ğŸ“ Entering OTP: 292568
âœ… OTP filled via get_by_role('textbox')
ğŸ” Current URL after OTP entry: https://app.stage.viewz.co/login
ğŸ¢ Starting entity selection...
ğŸ¢ Attempting to select entity: Viewz Demo INC
âš ï¸ No entity selector found - entity selection may not be required
âœ… Entity selection completed successfully
ğŸ” Final URL after login: https://app.stage.viewz.co/login
âŒ CRITICAL: Still on login page after fixture! Login failed.
ğŸ“¸ Screenshot saved: debug_login_fixture_failure.png
âš ï¸ Pin button not visible, trying to continue
âš ï¸ Ledger page loading status unclear
âš ï¸ Ledger dashboard not fully loaded, but continuing
âš ï¸ Navigation to Ledger failed, but continuing with tests
----------------------------- Captured stdout call -----------------------------
ğŸ“… Testing date range selection functionality...
ğŸ“Š Found 0 date/filter features: []
_________ test_tab_navigation[text=Reconciliation-ReconciliationPage] __________
tests/e2e/navigation/test_tabs_navigation.py:32: in test_tab_navigation
    box = await logo.bounding_box()
          ^^^^^^^^^^^^^^^^^^^^^^^^^
venv/lib/python3.12/site-packages/playwright/async_api/_generated.py:15313: in bounding_box
    await self._impl_obj.bounding_box(timeout=timeout)
venv/lib/python3.12/site-packages/playwright/_impl/_locator.py:131: in bounding_box
    return await self._with_element(
venv/lib/python3.12/site-packages/playwright/_impl/_locator.py:112: in _with_element
    handle = await self.element_handle(timeout=timeout)
             ^^^^^^^^^^^^^^^^^^^^^^^^^^^^^^^^^^^^^^^^^^
venv/lib/python3.12/site-packages/playwright/_impl/_locator.py:315: in element_handle
    handle = await self._frame.wait_for_selector(
venv/lib/python3.12/site-packages/playwright/_impl/_frame.py:341: in wait_for_selector
    await self._channel.send(
venv/lib/python3.12/site-packages/playwright/_impl/_connection.py:69: in send
    return await self._connection.wrap_api_call(
venv/lib/python3.12/site-packages/playwright/_impl/_connection.py:558: in wrap_api_call
    raise rewrite_error(error, f"{parsed_st['apiName']}: {error}") from None
E   playwright._impl._errors.Error: Locator.bounding_box: Error: strict mode violation: locator("svg.viewz-logo") resolved to 2 elements:
E       1) <svg fill="#7c3aed" viewBox="0 0 340 100" class="viewz-logo w-24 h-[40px]" xmlns="http://www.w3.org/2000/svg">â€¦</svg> aka get_by_role("link", name="V", exact=True)
E       2) <svg fill="#7c3aed" viewBox="0 0 340 100" class="viewz-logo w-32" xmlns="http://www.w3.org/2000/svg">â€¦</svg> aka locator("div").filter(has_text=re.compile(r"^Sign in to your account to continue$")).get_by_role("img")
E   
E   Call log:
E     - waiting for locator("svg.viewz-logo")
---------------------------- Captured stdout setup -----------------------------
ğŸ” HTTP Basic Auth configured for: admin
ğŸ”‘ Using OTP secret from: config file
ğŸ” Generated OTP: 764294
ğŸ” Waiting for 2FA page...
âœ… Found 2FA page: Two-Factor Authentication
ğŸ“ Entering OTP: 764294
âœ… OTP filled via get_by_role('textbox')
ğŸ” Current URL after OTP entry: https://app.stage.viewz.co/home?entityId=1
ğŸ¢ Starting entity selection...
ğŸ¢ Attempting to select entity: Viewz Demo INC
âœ… Found entity selector: header button[aria-expanded]
âœ… Clicked entity option: text=Viewz Demo INC
âœ… Successfully selected entity: Viewz Demo INC
âœ… Entity selection completed successfully
ğŸ” Final URL after login: https://app.stage.viewz.co/home?entityId=1
âœ… Login verified successful - on page: https://app.stage.viewz.co/home?entityId=1
----------------------------- Captured stdout call -----------------------------
âŒ Failed to navigate to Reconciliation tab: Locator.bounding_box: Error: strict mode violation: locator("svg.viewz-logo") resolved to 2 elements:
    1) <svg fill="#7c3aed" viewBox="0 0 340 100" class="viewz-logo w-24 h-[40px]" xmlns="http://www.w3.org/2000/svg">â€¦</svg> aka get_by_role("link", name="V", exact=True)
    2) <svg fill="#7c3aed" viewBox="0 0 340 100" class="viewz-logo w-32" xmlns="http://www.w3.org/2000/svg">â€¦</svg> aka locator("div").filter(has_text=re.compile(r"^Sign in to your account to continue$")).get_by_role("img")

Call log:
  - waiting for locator("svg.viewz-logo")

_________________ test_tab_navigation[text=Ledger-LedgerPage] __________________
tests/e2e/navigation/test_tabs_navigation.py:41: in test_tab_navigation
    await page.click(f"text={text}")
venv/lib/python3.12/site-packages/playwright/async_api/_generated.py:9861: in click
    await self._impl_obj.click(
venv/lib/python3.12/site-packages/playwright/_impl/_page.py:859: in click
    return await self._main_frame.click(**locals_to_params(locals()))
           ^^^^^^^^^^^^^^^^^^^^^^^^^^^^^^^^^^^^^^^^^^^^^^^^^^^^^^^^^^
venv/lib/python3.12/site-packages/playwright/_impl/_frame.py:521: in click
    await self._channel.send("click", self._timeout, locals_to_params(locals()))
venv/lib/python3.12/site-packages/playwright/_impl/_connection.py:69: in send
    return await self._connection.wrap_api_call(
venv/lib/python3.12/site-packages/playwright/_impl/_connection.py:558: in wrap_api_call
    raise rewrite_error(error, f"{parsed_st['apiName']}: {error}") from None
E   playwright._impl._errors.TimeoutError: Page.click: Timeout 30000ms exceeded.
E   Call log:
E     - waiting for locator("text=Ledger")
---------------------------- Captured stdout setup -----------------------------
ğŸ” HTTP Basic Auth configured for: admin
ğŸ”‘ Using OTP secret from: config file
ğŸ” Generated OTP: 764294
ğŸ” Waiting for 2FA page...
âœ… Found 2FA page: Two-Factor Authentication
ğŸ“ Entering OTP: 764294
âœ… OTP filled via get_by_role('textbox')
ğŸ” Current URL after OTP entry: https://app.stage.viewz.co/login
ğŸ¢ Starting entity selection...
ğŸ¢ Attempting to select entity: Viewz Demo INC
âš ï¸ No entity selector found - entity selection may not be required
âœ… Entity selection completed successfully
ğŸ” Final URL after login: https://app.stage.viewz.co/login
âŒ CRITICAL: Still on login page after fixture! Login failed.
ğŸ“¸ Screenshot saved: debug_login_fixture_failure.png
----------------------------- Captured stdout call -----------------------------
âŒ Failed to navigate to Ledger tab: Page.click: Timeout 30000ms exceeded.
Call log:
  - waiting for locator("text=Ledger")

__________________________ test_navigate_to_invoicing __________________________
tests/e2e/navigation/test_tabs_navigation_with_entity.py:230: in test_navigate_to_invoicing
    assert len(elements_found) >= 2, f"Expected at least 2 key elements, found: {elements_found}"
E   AssertionError: Expected at least 2 key elements, found: []
E   assert 0 >= 2
E    +  where 0 = len([])
---------------------------- Captured stdout setup -----------------------------
ğŸ” HTTP Basic Auth configured for: admin
ğŸ”‘ Using OTP secret from: config file
ğŸ” Generated OTP: 556291
ğŸ” Waiting for 2FA page...
âœ… Found 2FA page: Two-Factor Authentication
ğŸ“ Entering OTP: 556291
âœ… OTP filled via get_by_role('textbox')
ğŸ” Current URL after OTP entry: https://app.stage.viewz.co/home?entityId=1
ğŸ¢ Starting entity selection...
ğŸ¢ Attempting to select entity: Viewz Demo INC
âœ… Entity 'Viewz Demo INC' already selected
âœ… Entity selection completed successfully
ğŸ” Final URL after login: https://app.stage.viewz.co/home?entityId=1
âœ… Login verified successful - on page: https://app.stage.viewz.co/home?entityId=1
----------------------------- Captured stdout call -----------------------------
ğŸ§ª Testing dedicated Invoicing page navigation...
ğŸ“ Current URL: https://app.stage.viewz.co/home?entityId=1
ğŸ”„ Trying direct navigation to: https://app.stage.viewz.co/invoicing
âœ… Successfully navigated to: https://app.stage.viewz.co/invoicing?entityId=1
âœ… Invoicing page URL detected
ğŸ“¸ Screenshot saved: test_navigate_to_invoicing.png
____ TestCreditCardOperations.test_verify_credit_card_transactions_display _____
tests/e2e/reconciliation/credit_cards/test_credit_card_operations.py:59: in test_verify_credit_card_transactions_display
    assert has_transactions or has_empty_state, "Should show either transactions or empty state"
E   AssertionError: Should show either transactions or empty state
E   assert (False or False)
---------------------------- Captured stdout setup -----------------------------
ğŸ” HTTP Basic Auth configured for: admin
ğŸ”‘ Using OTP secret from: config file
ğŸ” Generated OTP: 394009
ğŸ” Waiting for 2FA page...
âœ… Found 2FA page: Two-Factor Authentication
ğŸ“ Entering OTP: 394009
âœ… OTP filled via get_by_role('textbox')
ğŸ” Current URL after OTP entry: https://app.stage.viewz.co/home?entityId=1
ğŸ¢ Starting entity selection...
ğŸ¢ Attempting to select entity: Viewz Demo INC
âœ… Entity 'Viewz Demo INC' already selected
âœ… Entity selection completed successfully
ğŸ” Final URL after login: https://app.stage.viewz.co/home?entityId=1
âœ… Login verified successful - on page: https://app.stage.viewz.co/home?entityId=1
ğŸ¦ Navigating to Credit Cards section...
âš ï¸ UI navigation failed: Frame.is_visible() got an unexpected keyword argument 'timeout', trying direct URL...
ğŸ”— Navigating to: https://app.stage.viewz.co/reconciliation/credit-cards
âœ… Successfully navigated to: https://app.stage.viewz.co/reconciliation/credit-cards
----------------------------- Captured stdout call -----------------------------
ğŸš€ Starting test: Verify transactions display
_______ TestCreditCardOperations.test_credit_cards_empty_state_handling ________
tests/e2e/reconciliation/credit_cards/test_credit_card_operations.py:366: in test_credit_cards_empty_state_handling
    assert has_empty_state or has_transactions, "Should show either empty state or transactions"
E   AssertionError: Should show either empty state or transactions
E   assert (False or False)
---------------------------- Captured stdout setup -----------------------------
ğŸ” HTTP Basic Auth configured for: admin
ğŸ”‘ Using OTP secret from: config file
ğŸ” Generated OTP: 104804
ğŸ” Waiting for 2FA page...
âœ… Found 2FA page: Two-Factor Authentication
ğŸ“ Entering OTP: 104804
âœ… OTP filled via get_by_role('textbox')
ğŸ” Current URL after OTP entry: https://app.stage.viewz.co/home?entityId=1
ğŸ¢ Starting entity selection...
ğŸ¢ Attempting to select entity: Viewz Demo INC
âœ… Entity 'Viewz Demo INC' already selected
âœ… Entity selection completed successfully
ğŸ” Final URL after login: https://app.stage.viewz.co/home?entityId=1
âœ… Login verified successful - on page: https://app.stage.viewz.co/home?entityId=1
ğŸ¦ Navigating to Credit Cards section...
âš ï¸ UI navigation failed: Frame.is_visible() got an unexpected keyword argument 'timeout', trying direct URL...
ğŸ”— Navigating to: https://app.stage.viewz.co/reconciliation/credit-cards
âœ… Successfully navigated to: https://app.stage.viewz.co/reconciliation/credit-cards
----------------------------- Captured stdout call -----------------------------
ğŸš€ Starting test: Empty state handling
âœ… Empty state: False, Has transactions: False
______ TestCompletePayablesOperations.test_payables_search_filter_options ______
tests/e2e/reconciliation/payables/test_complete_payables_operations.py:312: in test_payables_search_filter_options
    assert search_found, "Search/filter options should be present in payables section"
E   AssertionError: Search/filter options should be present in payables section
E   assert False
---------------------------- Captured stdout setup -----------------------------
ğŸ” HTTP Basic Auth configured for: admin
ğŸ”‘ Using OTP secret from: config file
ğŸ” Generated OTP: 844422
ğŸ” Waiting for 2FA page...
âœ… Found 2FA page: Two-Factor Authentication
ğŸ“ Entering OTP: 844422
âœ… OTP filled via get_by_role('textbox')
ğŸ” Current URL after OTP entry: https://app.stage.viewz.co/login
ğŸ¢ Starting entity selection...
ğŸ¢ Attempting to select entity: Viewz Demo INC
âš ï¸ No entity selector found - entity selection may not be required
âœ… Entity selection completed successfully
ğŸ” Final URL after login: https://app.stage.viewz.co/login
âŒ CRITICAL: Still on login page after fixture! Login failed.
ğŸ“¸ Screenshot saved: debug_login_fixture_failure.png
ğŸ“„ Navigating to Payables section...
âš ï¸ Currently on login page, waiting for authentication...
âš ï¸ UI navigation failed: Frame.is_visible() got an unexpected keyword argument 'timeout', trying direct URL...
ğŸ”— Navigating to: https://app.stage.viewz.co/reconciliation/payables
âš ï¸ Redirected to login page - session may have been lost
âš ï¸ Navigation to Payables section failed, but continuing with tests
----------------------------- Captured stdout call -----------------------------
ğŸš€ Starting test: Payables search/filter options
ğŸ“¸ Screenshot captured: test_payables_search_filter_options_step_1.png
ğŸ“ Step 1: Looking for search/filter options
âŒ Test failed: Search/filter options - Search/filter options should be present in payables section
assert False
ğŸ“¸ Screenshot captured: test_payables_search_filter_options_failure.png
â±ï¸ Test duration: 0.14s
__________ TestExportValidation.test_payables_export_data_validation ___________
tests/e2e/reconciliation/test_export_validation.py:655: in test_payables_export_data_validation
    csv_path = await self.click_export_button(page)
               ^^^^^^^^^^^^^^^^^^^^^^^^^^^^^^^^^^^^
tests/e2e/reconciliation/test_export_validation.py:342: in click_export_button
    raise Exception("Export button not found")
E   Exception: Export button not found

During handling of the above exception, another exception occurred:
tests/e2e/reconciliation/test_export_validation.py:657: in test_payables_export_data_validation
    pytest.fail(f"Export failed: {str(e)}")
E   Failed: Export failed: Export button not found
---------------------------- Captured stdout setup -----------------------------
ğŸ” HTTP Basic Auth configured for: admin
----------------------------- Captured stdout call -----------------------------

============================================================
ğŸ§ª TEST: Payables Export Data Validation
============================================================

ğŸ“ Step 1: Navigating to Payables...
âœ… On Payables page: https://app.stage.viewz.co/reconciliation/payables

ğŸ“… Step 2: Setting date filter...
ğŸ“… Setting date filter from: 01/01/2020
âš ï¸ Could not set date filter, proceeding with default dates

ğŸ“¥ Step 3: Exporting data...
ğŸ“¥ Clicking export button...
âš ï¸ Simple Export click failed: Locator.wait_for: Timeout 5000ms exceeded.
Call log:
  - waiting for locator("text=Export").first to
_________ TestExportValidation.test_receivables_export_data_validation _________
tests/e2e/reconciliation/test_export_validation.py:738: in test_receivables_export_data_validation
    csv_path = await self.click_export_button(page)
               ^^^^^^^^^^^^^^^^^^^^^^^^^^^^^^^^^^^^
tests/e2e/reconciliation/test_export_validation.py:342: in click_export_button
    raise Exception("Export button not found")
E   Exception: Export button not found

During handling of the above exception, another exception occurred:
tests/e2e/reconciliation/test_export_validation.py:740: in test_receivables_export_data_validation
    pytest.fail(f"Export failed: {str(e)}")
E   Failed: Export failed: Export button not found
---------------------------- Captured stdout setup -----------------------------
ğŸ” HTTP Basic Auth configured for: admin
----------------------------- Captured stdout call -----------------------------

============================================================
ğŸ§ª TEST: Receivables Export Data Validation
============================================================

ğŸ“ Step 1: Navigating to Receivables...
âœ… On Receivables page: https://app.stage.viewz.co/reconciliation/receivables

ğŸ“… Step 2: Setting date filter...
ğŸ“… Setting date filter from: 01/01/2020
âš ï¸ Could not set date filter, proceeding with default dates

ğŸ“¥ Step 3: Exporting data...
ğŸ“¥ Clicking export button...
âš ï¸ Simple Export click failed: Locator.wait_for: Timeout 5000ms exceeded.
Call log:
  - waiting for locator("text=Export").first to
______ TestExportValidation.test_bank_transactions_export_data_validation ______
tests/e2e/reconciliation/test_export_validation.py:832: in test_bank_transactions_export_data_validation
    export_path = await self.click_export_button(page)
                  ^^^^^^^^^^^^^^^^^^^^^^^^^^^^^^^^^^^^
tests/e2e/reconciliation/test_export_validation.py:342: in click_export_button
    raise Exception("Export button not found")
E   Exception: Export button not found

During handling of the above exception, another exception occurred:
tests/e2e/reconciliation/test_export_validation.py:834: in test_bank_transactions_export_data_validation
    pytest.fail(f"Export failed: {str(e)}")
E   Failed: Export failed: Export button not found
---------------------------- Captured stdout setup -----------------------------
ğŸ” HTTP Basic Auth configured for: admin
----------------------------- Captured stdout call -----------------------------

============================================================
ğŸ§ª TEST: Bank Transactions Export Data Validation
============================================================

ğŸ“ Step 1: Navigating to Bank Transactions...
âœ… On Bank Transactions page: https://app.stage.viewz.co/reconciliation/banks

ğŸ“… Step 2: Setting date filter...
ğŸ“… Setting date filter from: 01/01/2020
âš ï¸ Could not set date filter, proceeding with default dates

ğŸ“¥ Step 3: Exporting data...
ğŸ“¥ Clicking export button...
âš ï¸ Simple Export click failed: Locator.wait_for: Timeout 5000ms exceeded.
Call log:
  - waiting for locator("text=Export").first to
________ TestExportValidation.test_credit_cards_export_data_validation _________
tests/e2e/reconciliation/test_export_validation.py:915: in test_credit_cards_export_data_validation
    export_path = await self.click_export_button(page)
                  ^^^^^^^^^^^^^^^^^^^^^^^^^^^^^^^^^^^^
tests/e2e/reconciliation/test_export_validation.py:342: in click_export_button
    raise Exception("Export button not found")
E   Exception: Export button not found

During handling of the above exception, another exception occurred:
tests/e2e/reconciliation/test_export_validation.py:917: in test_credit_cards_export_data_validation
    pytest.fail(f"Export failed: {str(e)}")
E   Failed: Export failed: Export button not found
---------------------------- Captured stdout setup -----------------------------
ğŸ” HTTP Basic Auth configured for: admin
----------------------------- Captured stdout call -----------------------------

============================================================
ğŸ§ª TEST: Credit Cards Export Data Validation
============================================================

ğŸ“ Step 1: Navigating to Credit Cards...
âœ… On Credit Cards page: https://app.stage.viewz.co/reconciliation/credit-cards

ğŸ“… Step 2: Setting date filter...
ğŸ“… Setting date filter from: 01/01/2020
âš ï¸ Could not set date filter, proceeding with default dates

ğŸ“¥ Step 3: Exporting data...
ğŸ“¥ Clicking export button...
âš ï¸ Simple Export click failed: Locator.wait_for: Timeout 5000ms exceeded.
Call log:
  - waiting for locator("text=Export").first to
____________ TestSnapshotRegression.test_visual_snapshots_key_pages ____________
tests/e2e/snapshot/test_snapshot_regression.py:95: in test_visual_snapshots_key_pages
    assert successful_snapshots >= total_snapshots / 2, f"Too many snapshot failures: {successful_snapshots}/{total_snapshots}"
E   AssertionError: Too many snapshot failures: 0/3
E   assert 0 >= (3 / 2)
---------------------------- Captured stdout setup -----------------------------
ğŸ” HTTP Basic Auth configured for: admin
ğŸ”‘ Using OTP secret from: config file
ğŸ” Generated OTP: 500631
ğŸ” Waiting for 2FA page...
âœ… Found 2FA page: Two-Factor Authentication
ğŸ“ Entering OTP: 500631
âœ… OTP filled via get_by_role('textbox')
ğŸ” Current URL after OTP entry: https://app.stage.viewz.co/home?entityId=1
ğŸ¢ Starting entity selection...
ğŸ¢ Attempting to select entity: Viewz Demo INC
âœ… Entity 'Viewz Demo INC' already selected
âœ… Entity selection completed successfully
ğŸ” Final URL after login: https://app.stage.viewz.co/home?entityId=1
âœ… Login verified successful - on page: https://app.stage.viewz.co/home?entityId=1
----------------------------- Captured stdout call -----------------------------
ğŸ“¸ Testing visual snapshots of key pages...

ğŸ“¸ Taking visual snapshot of Home page...
âŒ Visual snapshot failed for Home: Page.screenshot: Timeout 30000ms exceeded.
Call log:
  - taking page screenshot
  - waiting for fonts to load...
  - fonts loaded


ğŸ“¸ Taking visual snapshot of Reconciliation page...
âŒ Visual snapshot failed for Reconciliation: Page.screenshot: Timeout 30000ms exceeded.

ğŸ“¸ Taking visual snapshot of Ledger page...
âœ… Ledger page URL detected
âŒ Visual snapshot failed for Ledger: Page.screenshot: Timeout 30000ms exceeded.

ğŸ“¸ Visual Snapshot Testing Summary:
   âŒ Home: error
   âŒ Reconciliation: error
   âŒ Ledger: error
   ğŸ“Š Snapshots captured: 0/3
=============================== warnings summary ===============================
tests/api/test_security_otp_validation.py:311
  /Users/sharonhoffman/Desktop/Automation/playwright_python_framework/tests/api/test_security_otp_validation.py:311: PytestUnknownMarkWarning: Unknown pytest.mark.security - is this a typo?  You can register custom marks to avoid this warning - for details, see https://docs.pytest.org/en/stable/how-to/mark.html
    @pytest.mark.security

tests/api/test_security_otp_validation.py:312
  /Users/sharonhoffman/Desktop/Automation/playwright_python_framework/tests/api/test_security_otp_validation.py:312: PytestUnknownMarkWarning: Unknown pytest.mark.otp_validation - is this a typo?  You can register custom marks to avoid this warning - for details, see https://docs.pytest.org/en/stable/how-to/mark.html
    @pytest.mark.otp_validation

tests/api/test_security_otp_validation.py:346
  /Users/sharonhoffman/Desktop/Automation/playwright_python_framework/tests/api/test_security_otp_validation.py:346: PytestUnknownMarkWarning: Unknown pytest.mark.security - is this a typo?  You can register custom marks to avoid this warning - for details, see https://docs.pytest.org/en/stable/how-to/mark.html
    @pytest.mark.security

tests/api/test_security_otp_validation.py:347
  /Users/sharonhoffman/Desktop/Automation/playwright_python_framework/tests/api/test_security_otp_validation.py:347: PytestUnknownMarkWarning: Unknown pytest.mark.otp_validation - is this a typo?  You can register custom marks to avoid this warning - for details, see https://docs.pytest.org/en/stable/how-to/mark.html
    @pytest.mark.otp_validation

tests/api/test_security_otp_validation.py:369
  /Users/sharonhoffman/Desktop/Automation/playwright_python_framework/tests/api/test_security_otp_validation.py:369: PytestUnknownMarkWarning: Unknown pytest.mark.security - is this a typo?  You can register custom marks to avoid this warning - for details, see https://docs.pytest.org/en/stable/how-to/mark.html
    @pytest.mark.security

tests/api/test_security_otp_validation.py:370
  /Users/sharonhoffman/Desktop/Automation/playwright_python_framework/tests/api/test_security_otp_validation.py:370: PytestUnknownMarkWarning: Unknown pytest.mark.otp_validation - is this a typo?  You can register custom marks to avoid this warning - for details, see https://docs.pytest.org/en/stable/how-to/mark.html
    @pytest.mark.otp_validation

tests/api/test_security_otp_validation.py:392
  /Users/sharonhoffman/Desktop/Automation/playwright_python_framework/tests/api/test_security_otp_validation.py:392: PytestUnknownMarkWarning: Unknown pytest.mark.security - is this a typo?  You can register custom marks to avoid this warning - for details, see https://docs.pytest.org/en/stable/how-to/mark.html
    @pytest.mark.security

tests/api/test_security_otp_validation.py:393
  /Users/sharonhoffman/Desktop/Automation/playwright_python_framework/tests/api/test_security_otp_validation.py:393: PytestUnknownMarkWarning: Unknown pytest.mark.otp_validation - is this a typo?  You can register custom marks to avoid this warning - for details, see https://docs.pytest.org/en/stable/how-to/mark.html
    @pytest.mark.otp_validation

tests/api/test_security_otp_validation.py:415
  /Users/sharonhoffman/Desktop/Automation/playwright_python_framework/tests/api/test_security_otp_validation.py:415: PytestUnknownMarkWarning: Unknown pytest.mark.security - is this a typo?  You can register custom marks to avoid this warning - for details, see https://docs.pytest.org/en/stable/how-to/mark.html
    @pytest.mark.security

tests/api/test_security_otp_validation.py:416
  /Users/sharonhoffman/Desktop/Automation/playwright_python_framework/tests/api/test_security_otp_validation.py:416: PytestUnknownMarkWarning: Unknown pytest.mark.otp_validation - is this a typo?  You can register custom marks to avoid this warning - for details, see https://docs.pytest.org/en/stable/how-to/mark.html
    @pytest.mark.otp_validation

tests/api/test_security_otp_validation.py:438
  /Users/sharonhoffman/Desktop/Automation/playwright_python_framework/tests/api/test_security_otp_validation.py:438: PytestUnknownMarkWarning: Unknown pytest.mark.security - is this a typo?  You can register custom marks to avoid this warning - for details, see https://docs.pytest.org/en/stable/how-to/mark.html
    @pytest.mark.security

tests/api/test_security_otp_validation.py:439
  /Users/sharonhoffman/Desktop/Automation/playwright_python_framework/tests/api/test_security_otp_validation.py:439: PytestUnknownMarkWarning: Unknown pytest.mark.otp_validation - is this a typo?  You can register custom marks to avoid this warning - for details, see https://docs.pytest.org/en/stable/how-to/mark.html
    @pytest.mark.otp_validation

tests/api/test_security_otp_validation.py:473
  /Users/sharonhoffman/Desktop/Automation/playwright_python_framework/tests/api/test_security_otp_validation.py:473: PytestUnknownMarkWarning: Unknown pytest.mark.security - is this a typo?  You can register custom marks to avoid this warning - for details, see https://docs.pytest.org/en/stable/how-to/mark.html
    @pytest.mark.security

tests/api/test_security_otp_validation.py:474
  /Users/sharonhoffman/Desktop/Automation/playwright_python_framework/tests/api/test_security_otp_validation.py:474: PytestUnknownMarkWarning: Unknown pytest.mark.otp_validation - is this a typo?  You can register custom marks to avoid this warning - for details, see https://docs.pytest.org/en/stable/how-to/mark.html
    @pytest.mark.otp_validation

tests/api/test_security_otp_validation.py:509
  /Users/sharonhoffman/Desktop/Automation/playwright_python_framework/tests/api/test_security_otp_validation.py:509: PytestUnknownMarkWarning: Unknown pytest.mark.security - is this a typo?  You can register custom marks to avoid this warning - for details, see https://docs.pytest.org/en/stable/how-to/mark.html
    @pytest.mark.security

tests/api/test_security_otp_validation.py:510
  /Users/sharonhoffman/Desktop/Automation/playwright_python_framework/tests/api/test_security_otp_validation.py:510: PytestUnknownMarkWarning: Unknown pytest.mark.otp_validation - is this a typo?  You can register custom marks to avoid this warning - for details, see https://docs.pytest.org/en/stable/how-to/mark.html
    @pytest.mark.otp_validation

tests/api/test_security_otp_validation.py:543
  /Users/sharonhoffman/Desktop/Automation/playwright_python_framework/tests/api/test_security_otp_validation.py:543: PytestUnknownMarkWarning: Unknown pytest.mark.security - is this a typo?  You can register custom marks to avoid this warning - for details, see https://docs.pytest.org/en/stable/how-to/mark.html
    @pytest.mark.security

tests/api/test_security_otp_validation.py:544
  /Users/sharonhoffman/Desktop/Automation/playwright_python_framework/tests/api/test_security_otp_validation.py:544: PytestUnknownMarkWarning: Unknown pytest.mark.otp_validation - is this a typo?  You can register custom marks to avoid this warning - for details, see https://docs.pytest.org/en/stable/how-to/mark.html
    @pytest.mark.otp_validation

tests/api/test_security_otp_validation.py:598
  /Users/sharonhoffman/Desktop/Automation/playwright_python_framework/tests/api/test_security_otp_validation.py:598: PytestUnknownMarkWarning: Unknown pytest.mark.security - is this a typo?  You can register custom marks to avoid this warning - for details, see https://docs.pytest.org/en/stable/how-to/mark.html
    @pytest.mark.security

tests/api/test_security_otp_validation.py:599
  /Users/sharonhoffman/Desktop/Automation/playwright_python_framework/tests/api/test_security_otp_validation.py:599: PytestUnknownMarkWarning: Unknown pytest.mark.otp_validation - is this a typo?  You can register custom marks to avoid this warning - for details, see https://docs.pytest.org/en/stable/how-to/mark.html
    @pytest.mark.otp_validation

tests/api/test_security_otp_validation.py:639
  /Users/sharonhoffman/Desktop/Automation/playwright_python_framework/tests/api/test_security_otp_validation.py:639: PytestUnknownMarkWarning: Unknown pytest.mark.security - is this a typo?  You can register custom marks to avoid this warning - for details, see https://docs.pytest.org/en/stable/how-to/mark.html
    @pytest.mark.security

tests/api/test_security_otp_validation.py:640
  /Users/sharonhoffman/Desktop/Automation/playwright_python_framework/tests/api/test_security_otp_validation.py:640: PytestUnknownMarkWarning: Unknown pytest.mark.otp_validation - is this a typo?  You can register custom marks to avoid this warning - for details, see https://docs.pytest.org/en/stable/how-to/mark.html
    @pytest.mark.otp_validation

tests/api/test_security_otp_validation.py:681
  /Users/sharonhoffman/Desktop/Automation/playwright_python_framework/tests/api/test_security_otp_validation.py:681: PytestUnknownMarkWarning: Unknown pytest.mark.security - is this a typo?  You can register custom marks to avoid this warning - for details, see https://docs.pytest.org/en/stable/how-to/mark.html
    @pytest.mark.security

tests/api/test_security_otp_validation.py:682
  /Users/sharonhoffman/Desktop/Automation/playwright_python_framework/tests/api/test_security_otp_validation.py:682: PytestUnknownMarkWarning: Unknown pytest.mark.otp_validation - is this a typo?  You can register custom marks to avoid this warning - for details, see https://docs.pytest.org/en/stable/how-to/mark.html
    @pytest.mark.otp_validation

tests/api/test_security_otp_validation.py:767
  /Users/sharonhoffman/Desktop/Automation/playwright_python_framework/tests/api/test_security_otp_validation.py:767: PytestUnknownMarkWarning: Unknown pytest.mark.security - is this a typo?  You can register custom marks to avoid this warning - for details, see https://docs.pytest.org/en/stable/how-to/mark.html
    @pytest.mark.security

tests/api/test_security_otp_validation.py:768
  /Users/sharonhoffman/Desktop/Automation/playwright_python_framework/tests/api/test_security_otp_validation.py:768: PytestUnknownMarkWarning: Unknown pytest.mark.otp_validation - is this a typo?  You can register custom marks to avoid this warning - for details, see https://docs.pytest.org/en/stable/how-to/mark.html
    @pytest.mark.otp_validation

tests/api/test_security_otp_validation.py:826
  /Users/sharonhoffman/Desktop/Automation/playwright_python_framework/tests/api/test_security_otp_validation.py:826: PytestUnknownMarkWarning: Unknown pytest.mark.security - is this a typo?  You can register custom marks to avoid this warning - for details, see https://docs.pytest.org/en/stable/how-to/mark.html
    @pytest.mark.security

tests/e2e/payables/test_invoice_file_upload.py:1386
  /Users/sharonhoffman/Desktop/Automation/playwright_python_framework/tests/e2e/payables/test_invoice_file_upload.py:1386: PytestUnknownMarkWarning: Unknown pytest.mark.testrail_case - is this a typo?  You can register custom marks to avoid this warning - for details, see https://docs.pytest.org/en/stable/how-to/mark.html
    @pytest.mark.testrail_case(7988)

tests/e2e/payables/test_invoice_file_upload.py:1556
  /Users/sharonhoffman/Desktop/Automation/playwright_python_framework/tests/e2e/payables/test_invoice_file_upload.py:1556: PytestUnknownMarkWarning: Unknown pytest.mark.testrail_case - is this a typo?  You can register custom marks to avoid this warning - for details, see https://docs.pytest.org/en/stable/how-to/mark.html
    @pytest.mark.testrail_case(8010)

tests/e2e/payables/test_invoice_file_upload.py:1617
  /Users/sharonhoffman/Desktop/Automation/playwright_python_framework/tests/e2e/payables/test_invoice_file_upload.py:1617: PytestUnknownMarkWarning: Unknown pytest.mark.testrail_case - is this a typo?  You can register custom marks to avoid this warning - for details, see https://docs.pytest.org/en/stable/how-to/mark.html
    @pytest.mark.testrail_case(7989)  # Matches existing mapping

-- Docs: https://docs.pytest.org/en/stable/how-to/capture-warnings.html
=========================== short test summary info ============================
FAILED tests/e2e/invoicing/test_invoicing_operations.py::TestInvoicingOperations::test_invoicing_navigation_elements - AssertionError: Customer table or Add Customer button should be visible
assert (False or False)
FAILED tests/e2e/invoicing/test_invoicing_operations.py::TestInvoicingOperations::test_product_form_visibility - AssertionError: Product section or form should be accessible
assert (False or False or False or False)
FAILED tests/e2e/invoicing/test_invoicing_operations.py::TestInvoicingOperations::test_invoice_form_visibility - AssertionError: Invoice section or form should be accessible
assert (False or False or False or False)
FAILED tests/e2e/invoicing/test_invoicing_operations.py::TestInvoicingOperations::test_invoice_appears_in_receivables - AssertionError: Receivables page should be accessible
assert False
FAILED tests/e2e/ledger/test_gl_account_operations.py::TestGLAccountOperations::test_create_gl_account_trade_receivables - AssertionError: GL Account should be created successfully
assert None is not None
FAILED tests/e2e/ledger/test_ledger_operations.py::TestLedgerOperations::test_period_selection_functionality - AssertionError: At least 2 date/filter features should be available. Found: []
assert 0 >= 2
 +  where 0 = len([])
FAILED tests/e2e/navigation/test_tabs_navigation.py::test_tab_navigation[text=Reconciliation-ReconciliationPage] - playwright._impl._errors.Error: Locator.bounding_box: Error: strict mode violation: locator("svg.viewz-logo") resolved to 2 elements:
    1) <svg fill="#7c3aed" viewBox="0 0 340 100" class="viewz-logo w-24 h-[40px]" xmlns="http://www.w3.org/2000/svg">â€¦</svg> aka get_by_role("link", name="V", exact=True)
    2) <svg fill="#7c3aed" viewBox="0 0 340 100" class="viewz-logo w-32" xmlns="http://www.w3.org/2000/svg">â€¦</svg> aka locator("div").filter(has_text=re.compile(r"^Sign in to your account to continue$")).get_by_role("img")

Call log:
  - waiting for locator("svg.viewz-logo")
FAILED tests/e2e/navigation/test_tabs_navigation.py::test_tab_navigation[text=Ledger-LedgerPage] - playwright._impl._errors.TimeoutError: Page.click: Timeout 30000ms exceeded.
Call log:
  - waiting for locator("text=Ledger")
FAILED tests/e2e/navigation/test_tabs_navigation_with_entity.py::test_navigate_to_invoicing - AssertionError: Expected at least 2 key elements, found: []
assert 0 >= 2
 +  where 0 = len([])
FAILED tests/e2e/reconciliation/credit_cards/test_credit_card_operations.py::TestCreditCardOperations::test_verify_credit_card_transactions_display - AssertionError: Should show either transactions or empty state
assert (False or False)
FAILED tests/e2e/reconciliation/credit_cards/test_credit_card_operations.py::TestCreditCardOperations::test_credit_cards_empty_state_handling - AssertionError: Should show either empty state or transactions
assert (False or False)
FAILED tests/e2e/reconciliation/payables/test_complete_payables_operations.py::TestCompletePayablesOperations::test_payables_search_filter_options - AssertionError: Search/filter options should be present in payables section
assert False
FAILED tests/e2e/reconciliation/test_export_validation.py::TestExportValidation::test_payables_export_data_validation - Failed: Export failed: Export button not found
FAILED tests/e2e/reconciliation/test_export_validation.py::TestExportValidation::test_receivables_export_data_validation - Failed: Export failed: Export button not found
FAILED tests/e2e/reconciliation/test_export_validation.py::TestExportValidation::test_bank_transactions_export_data_validation - Failed: Export failed: Export button not found
FAILED tests/e2e/reconciliation/test_export_validation.py::TestExportValidation::test_credit_cards_export_data_validation - Failed: Export failed: Export button not found
FAILED tests/e2e/snapshot/test_snapshot_regression.py::TestSnapshotRegression::test_visual_snapshots_key_pages - AssertionError: Too many snapshot failures: 0/3
assert 0 >= (3 / 2)
ERROR tests/e2e/reconciliation/receivables/test_complete_receivables_operations.py::TestCompleteReceivablesOperations::test_receivables_gl_account_dropdown - playwright._impl._errors.Error: Page.goto: net::ERR_ABORTED at https://app.stage.viewz.co/login
Call log:
  - navigating to "https://app.stage.viewz.co/login", waiting until "load"
= 17 failed, 228 passed, 1 skipped, 30 warnings, 1 error in 7118.20s (1:58:38) =
