{"created": 1754483669.1004303, "duration": 7711.931707620621, "exitcode": 2, "root": "/app", "environment": {}, "summary": {"passed": 31, "failed": 6, "total": 37, "collected": 146}, "collectors": [{"nodeid": "", "outcome": "passed", "result": [{"nodeid": "tests", "type": "Dir"}]}, {"nodeid": "tests/api/test_date_format_validation.py::TestAPIDateFormatValidation", "outcome": "passed", "result": [{"nodeid": "tests/api/test_date_format_validation.py::TestAPIDateFormatValidation::test_get_journal_entries_valid_date_format_request", "type": "Coroutine", "lineno": 93}, {"nodeid": "tests/api/test_date_format_validation.py::TestAPIDateFormatValidation::test_get_journal_entries_invalid_date_format_request", "type": "Coroutine", "lineno": 141}, {"nodeid": "tests/api/test_date_format_validation.py::TestAPIDateFormatValidation::test_create_journal_entry_valid_date_format", "type": "Coroutine", "lineno": 181}, {"nodeid": "tests/api/test_date_format_validation.py::TestAPIDateFormatValidation::test_create_journal_entry_invalid_date_format", "type": "Coroutine", "lineno": 234}, {"nodeid": "tests/api/test_date_format_validation.py::TestAPIDateFormatValidation::test_get_bank_uploaded_files_date_format", "type": "Coroutine", "lineno": 272}, {"nodeid": "tests/api/test_date_format_validation.py::TestAPIDateFormatValidation::test_get_bank_transactions_data_date_format", "type": "Coroutine", "lineno": 313}, {"nodeid": "tests/api/test_date_format_validation.py::TestAPIDateFormatValidation::test_get_entity_documents_date_format", "type": "Coroutine", "lineno": 360}, {"nodeid": "tests/api/test_date_format_validation.py::TestAPIDateFormatValidation::test_get_accounting_uploaded_files_date_format", "type": "Coroutine", "lineno": 401}, {"nodeid": "tests/api/test_date_format_validation.py::TestAPIDateFormatValidation::test_all_endpoints_reject_invalid_date_formats", "type": "Coroutine", "lineno": 442}, {"nodeid": "tests/api/test_date_format_validation.py::TestAPIDateFormatValidation::test_date_format_consistency_across_endpoints", "type": "Coroutine", "lineno": 518}, {"nodeid": "tests/api/test_date_format_validation.py::TestAPIDateFormatValidation::test_date_format_validation_demo", "type": "Function", "lineno": 556}]}, {"nodeid": "tests/api/test_date_format_validation.py", "outcome": "passed", "result": [{"nodeid": "tests/api/test_date_format_validation.py::TestAPIDateFormatValidation", "type": "Class"}]}, {"nodeid": "tests/api", "outcome": "passed", "result": [{"nodeid": "tests/api/test_date_format_validation.py", "type": "Module"}]}, {"nodeid": "tests/e2e/compatibility/test_browser_compatibility.py::TestBrowserCompatibility", "outcome": "passed", "result": [{"nodeid": "tests/e2e/compatibility/test_browser_compatibility.py::TestBrowserCompatibility::test_mobile_viewport_compatibility", "type": "Coroutine", "lineno": 18}, {"nodeid": "tests/e2e/compatibility/test_browser_compatibility.py::TestBrowserCompatibility::test_responsive_design_elements", "type": "Coroutine", "lineno": 128}, {"nodeid": "tests/e2e/compatibility/test_browser_compatibility.py::TestBrowserCompatibility::test_touch_interface_compatibility", "type": "Coroutine", "lineno": 232}, {"nodeid": "tests/e2e/compatibility/test_browser_compatibility.py::TestBrowserCompatibility::test_print_stylesheet_compatibility", "type": "Coroutine", "lineno": 329}]}, {"nodeid": "tests/e2e/compatibility/test_browser_compatibility.py", "outcome": "passed", "result": [{"nodeid": "tests/e2e/compatibility/test_browser_compatibility.py::TestBrowserCompatibility", "type": "Class"}]}, {"nodeid": "tests/e2e/compatibility", "outcome": "passed", "result": [{"nodeid": "tests/e2e/compatibility/test_browser_compatibility.py", "type": "Module"}]}, {"nodeid": "tests/e2e/ledger/test_ledger_operations.py::TestLedgerOperations", "outcome": "passed", "result": [{"nodeid": "tests/e2e/ledger/test_ledger_operations.py::TestLedgerOperations::test_verify_ledger_page_loads", "type": "Coroutine", "lineno": 38}, {"nodeid": "tests/e2e/ledger/test_ledger_operations.py::TestLedgerOperations::test_verify_general_ledger_entries_display", "type": "Coroutine", "lineno": 74}, {"nodeid": "tests/e2e/ledger/test_ledger_operations.py::TestLedgerOperations::test_verify_account_hierarchy_display", "type": "Coroutine", "lineno": 120}, {"nodeid": "tests/e2e/ledger/test_ledger_operations.py::TestLedgerOperations::test_ledger_page_responsiveness", "type": "Coroutine", "lineno": 162}, {"nodeid": "tests/e2e/ledger/test_ledger_operations.py::TestLedgerOperations::test_chart_of_accounts_navigation", "type": "Coroutine", "lineno": 198}, {"nodeid": "tests/e2e/ledger/test_ledger_operations.py::TestLedgerOperations::test_account_selection_functionality", "type": "Coroutine", "lineno": 247}, {"nodeid": "tests/e2e/ledger/test_ledger_operations.py::TestLedgerOperations::test_account_balance_display", "type": "Coroutine", "lineno": 300}, {"nodeid": "tests/e2e/ledger/test_ledger_operations.py::TestLedgerOperations::test_account_details_popup", "type": "Coroutine", "lineno": 341}, {"nodeid": "tests/e2e/ledger/test_ledger_operations.py::TestLedgerOperations::test_journal_entries_filtering_by_date", "type": "Coroutine", "lineno": 402}, {"nodeid": "tests/e2e/ledger/test_ledger_operations.py::TestLedgerOperations::test_journal_entries_filtering_by_account", "type": "Coroutine", "lineno": 454}, {"nodeid": "tests/e2e/ledger/test_ledger_operations.py::TestLedgerOperations::test_journal_entries_search", "type": "Coroutine", "lineno": 497}, {"nodeid": "tests/e2e/ledger/test_ledger_operations.py::TestLedgerOperations::test_transaction_drill_down", "type": "Coroutine", "lineno": 545}, {"nodeid": "tests/e2e/ledger/test_ledger_operations.py::TestLedgerOperations::test_trial_balance_display", "type": "Coroutine", "lineno": 593}, {"nodeid": "tests/e2e/ledger/test_ledger_operations.py::TestLedgerOperations::test_account_activity_report", "type": "Coroutine", "lineno": 636}, {"nodeid": "tests/e2e/ledger/test_ledger_operations.py::TestLedgerOperations::test_export_functionality", "type": "Coroutine", "lineno": 677}, {"nodeid": "tests/e2e/ledger/test_ledger_operations.py::TestLedgerOperations::test_period_selection", "type": "Coroutine", "lineno": 732}, {"nodeid": "tests/e2e/ledger/test_ledger_operations.py::TestLedgerOperations::test_manual_journal_entry_creation", "type": "Coroutine", "lineno": 774}, {"nodeid": "tests/e2e/ledger/test_ledger_operations.py::TestLedgerOperations::test_journal_entry_validation", "type": "Coroutine", "lineno": 825}, {"nodeid": "tests/e2e/ledger/test_ledger_operations.py::TestLedgerOperations::test_journal_entry_posting", "type": "Coroutine", "lineno": 870}, {"nodeid": "tests/e2e/ledger/test_ledger_operations.py::TestLedgerOperations::test_journal_entry_reversal", "type": "Coroutine", "lineno": 906}, {"nodeid": "tests/e2e/ledger/test_ledger_operations.py::TestLedgerOperations::test_bank_reconciliation_integration", "type": "Coroutine", "lineno": 942}, {"nodeid": "tests/e2e/ledger/test_ledger_operations.py::TestLedgerOperations::test_payables_integration", "type": "Coroutine", "lineno": 986}, {"nodeid": "tests/e2e/ledger/test_ledger_operations.py::TestLedgerOperations::test_complete_ledger_workflow", "type": "Coroutine", "lineno": 1029}, {"nodeid": "tests/e2e/ledger/test_ledger_operations.py::TestLedgerOperations::test_verify_ledger_dashboard_loads", "type": "Coroutine", "lineno": 1094}, {"nodeid": "tests/e2e/ledger/test_ledger_operations.py::TestLedgerOperations::test_verify_financial_kpis_display", "type": "Coroutine", "lineno": 1114}, {"nodeid": "tests/e2e/ledger/test_ledger_operations.py::TestLedgerOperations::test_verify_filter_controls_display", "type": "Coroutine", "lineno": 1128}, {"nodeid": "tests/e2e/ledger/test_ledger_operations.py::TestLedgerOperations::test_get_total_income_value", "type": "Coroutine", "lineno": 1144}, {"nodeid": "tests/e2e/ledger/test_ledger_operations.py::TestLedgerOperations::test_get_gross_profit_value", "type": "Coroutine", "lineno": 1165}, {"nodeid": "tests/e2e/ledger/test_ledger_operations.py::TestLedgerOperations::test_get_all_kpi_values", "type": "Coroutine", "lineno": 1185}, {"nodeid": "tests/e2e/ledger/test_ledger_operations.py::TestLedgerOperations::test_period_selection_functionality", "type": "Coroutine", "lineno": 1209}, {"nodeid": "tests/e2e/ledger/test_ledger_operations.py::TestLedgerOperations::test_date_preset_functionality", "type": "Coroutine", "lineno": 1239}, {"nodeid": "tests/e2e/ledger/test_ledger_operations.py::TestLedgerOperations::test_no_data_states_handling", "type": "Coroutine", "lineno": 1264}, {"nodeid": "tests/e2e/ledger/test_ledger_operations.py::TestLedgerOperations::test_dashboard_url_parameters", "type": "Coroutine", "lineno": 1280}, {"nodeid": "tests/e2e/ledger/test_ledger_operations.py::TestLedgerOperations::test_complete_dashboard_workflow", "type": "Coroutine", "lineno": 1312}, {"nodeid": "tests/e2e/ledger/test_ledger_operations.py::TestLedgerOperations::test_dashboard_responsiveness", "type": "Coroutine", "lineno": 1379}, {"nodeid": "tests/e2e/ledger/test_ledger_operations.py::TestLedgerOperations::test_kpi_data_consistency", "type": "Coroutine", "lineno": 1418}, {"nodeid": "tests/e2e/ledger/test_ledger_operations.py::TestLedgerOperations::test_period_filter_impact", "type": "Coroutine", "lineno": 1457}, {"nodeid": "tests/e2e/ledger/test_ledger_operations.py::TestLedgerOperations::test_dashboard_edge_cases", "type": "Coroutine", "lineno": 1502}]}, {"nodeid": "tests/e2e/ledger/test_ledger_operations.py", "outcome": "passed", "result": [{"nodeid": "tests/e2e/ledger/test_ledger_operations.py::TestLedgerOperations", "type": "Class"}]}, {"nodeid": "tests/e2e/ledger", "outcome": "passed", "result": [{"nodeid": "tests/e2e/ledger/test_ledger_operations.py", "type": "Module"}]}, {"nodeid": "tests/e2e/login/test_login.py", "outcome": "passed", "result": [{"nodeid": "tests/e2e/login/test_login.py::test_login", "type": "Coroutine", "lineno": 25}]}, {"nodeid": "tests/e2e/login/test_login_scenarios.py::TestLoginScenarios", "outcome": "passed", "result": [{"nodeid": "tests/e2e/login/test_login_scenarios.py::TestLoginScenarios::test_scenario_1_valid_login", "type": "Coroutine", "lineno": 31}, {"nodeid": "tests/e2e/login/test_login_scenarios.py::TestLoginScenarios::test_scenario_2_logout_user", "type": "Coroutine", "lineno": 94}]}, {"nodeid": "tests/e2e/login/test_login_scenarios.py", "outcome": "passed", "result": [{"nodeid": "tests/e2e/login/test_login_scenarios.py::TestLoginScenarios", "type": "Class"}]}, {"nodeid": "tests/e2e/login", "outcome": "passed", "result": [{"nodeid": "tests/e2e/login/test_login.py", "type": "Module"}, {"nodeid": "tests/e2e/login/test_login_scenarios.py", "type": "Module"}]}, {"nodeid": "tests/e2e/logout/test_logout.py", "outcome": "passed", "result": [{"nodeid": "tests/e2e/logout/test_logout.py::test_logout_after_2fa_login", "type": "Coroutine", "lineno": 16}, {"nodeid": "tests/e2e/logout/test_logout.py::test_logout_direct_method", "type": "Coroutine", "lineno": 120}, {"nodeid": "tests/e2e/logout/test_logout.py::test_logout_via_menu", "type": "Coroutine", "lineno": 162}, {"nodeid": "tests/e2e/logout/test_logout.py::test_logout_keyboard_method", "type": "Coroutine", "lineno": 201}, {"nodeid": "tests/e2e/logout/test_logout.py::test_logout_comprehensive_workflow", "type": "Coroutine", "lineno": 240}]}, {"nodeid": "tests/e2e/logout", "outcome": "passed", "result": [{"nodeid": "tests/e2e/logout/test_logout.py", "type": "Module"}]}, {"nodeid": "tests/e2e/navigation/test_menu_pinning.py::TestMenuPinning", "outcome": "passed", "result": [{"nodeid": "tests/e2e/navigation/test_menu_pinning.py::TestMenuPinning::test_menu_pinning_and_navigation", "type": "Coroutine", "lineno": 19}]}, {"nodeid": "tests/e2e/navigation/test_menu_pinning.py", "outcome": "passed", "result": [{"nodeid": "tests/e2e/navigation/test_menu_pinning.py::TestMenuPinning", "type": "Class"}]}, {"nodeid": "tests/e2e/navigation/test_tabs_navigation.py", "outcome": "passed", "result": [{"nodeid": "tests/e2e/navigation/test_tabs_navigation.py::test_tab_navigation[text=Home-HomePage]", "type": "Coroutine", "lineno": 20}, {"nodeid": "tests/e2e/navigation/test_tabs_navigation.py::test_tab_navigation[text=Vizion AI-VizionAIPage]", "type": "Coroutine", "lineno": 20}, {"nodeid": "tests/e2e/navigation/test_tabs_navigation.py::test_tab_navigation[text=Reconciliation-ReconciliationPage]", "type": "Coroutine", "lineno": 20}, {"nodeid": "tests/e2e/navigation/test_tabs_navigation.py::test_tab_navigation[text=Ledger-LedgerPage]", "type": "Coroutine", "lineno": 20}, {"nodeid": "tests/e2e/navigation/test_tabs_navigation.py::test_tab_navigation[text=BI Analysis-BIAnalysisPage]", "type": "Coroutine", "lineno": 20}, {"nodeid": "tests/e2e/navigation/test_tabs_navigation.py::test_tab_navigation[text=Connections-ConnectionPage]", "type": "Coroutine", "lineno": 20}]}, {"nodeid": "tests/e2e/navigation/test_tabs_navigation_single_login.py", "outcome": "passed", "result": [{"nodeid": "tests/e2e/navigation/test_tabs_navigation_single_login.py::test_tabs_navigation_single_login", "type": "Coroutine", "lineno": 9}]}, {"nodeid": "tests/e2e/navigation/test_tabs_navigation_with_entity.py", "outcome": "passed", "result": [{"nodeid": "tests/e2e/navigation/test_tabs_navigation_with_entity.py::test_tab_navigation_with_entity[text=Home-HomePage]", "type": "Coroutine", "lineno": 24}, {"nodeid": "tests/e2e/navigation/test_tabs_navigation_with_entity.py::test_tab_navigation_with_entity[text=Vizion AI-VizionAIPage]", "type": "Coroutine", "lineno": 24}, {"nodeid": "tests/e2e/navigation/test_tabs_navigation_with_entity.py::test_tab_navigation_with_entity[text=Reconciliation-ReconciliationPage]", "type": "Coroutine", "lineno": 24}, {"nodeid": "tests/e2e/navigation/test_tabs_navigation_with_entity.py::test_tab_navigation_with_entity[text=Ledger-LedgerPage]", "type": "Coroutine", "lineno": 24}, {"nodeid": "tests/e2e/navigation/test_tabs_navigation_with_entity.py::test_tab_navigation_with_entity[text=BI Analysis-BIAnalysisPage]", "type": "Coroutine", "lineno": 24}, {"nodeid": "tests/e2e/navigation/test_tabs_navigation_with_entity.py::test_tab_navigation_with_entity[text=Connections-ConnectionPage]", "type": "Coroutine", "lineno": 24}, {"nodeid": "tests/e2e/navigation/test_tabs_navigation_with_entity.py::test_entity_selection_validation", "type": "Coroutine", "lineno": 72}, {"nodeid": "tests/e2e/navigation/test_tabs_navigation_with_entity.py::test_tabs_navigation_single_login_with_entity", "type": "Coroutine", "lineno": 97}]}, {"nodeid": "tests/e2e/navigation", "outcome": "passed", "result": [{"nodeid": "tests/e2e/navigation/test_menu_pinning.py", "type": "Module"}, {"nodeid": "tests/e2e/navigation/test_tabs_navigation.py", "type": "Module"}, {"nodeid": "tests/e2e/navigation/test_tabs_navigation_single_login.py", "type": "Module"}, {"nodeid": "tests/e2e/navigation/test_tabs_navigation_with_entity.py", "type": "Module"}]}, {"nodeid": "tests/e2e/payables/test_invoice_file_upload.py::TestInvoiceFileUpload", "outcome": "passed", "result": [{"nodeid": "tests/e2e/payables/test_invoice_file_upload.py::TestInvoiceFileUpload::test_upload_invoice_file", "type": "Coroutine", "lineno": 1382}, {"nodeid": "tests/e2e/payables/test_invoice_file_upload.py::TestInvoiceFileUpload::test_attempt_to_delete_invoice", "type": "Coroutine", "lineno": 1552}, {"nodeid": "tests/e2e/payables/test_invoice_file_upload.py::TestInvoiceFileUpload::test_upload_invalid_file_type", "type": "Coroutine", "lineno": 1613}]}, {"nodeid": "tests/e2e/payables/test_invoice_file_upload.py", "outcome": "passed", "result": [{"nodeid": "tests/e2e/payables/test_invoice_file_upload.py::TestInvoiceFileUpload", "type": "Class"}]}, {"nodeid": "tests/e2e/payables", "outcome": "passed", "result": [{"nodeid": "tests/e2e/payables/test_invoice_file_upload.py", "type": "Module"}]}, {"nodeid": "tests/e2e/reconciliation/bank/test_bank_operations.py::TestBankOperations", "outcome": "passed", "result": [{"nodeid": "tests/e2e/reconciliation/bank/test_bank_operations.py::TestBankOperations::test_verify_bank_page_loads", "type": "Coroutine", "lineno": 38}, {"nodeid": "tests/e2e/reconciliation/bank/test_bank_operations.py::TestBankOperations::test_verify_transactions_display", "type": "Coroutine", "lineno": 58}, {"nodeid": "tests/e2e/reconciliation/bank/test_bank_operations.py::TestBankOperations::test_bank_account_selection", "type": "Coroutine", "lineno": 78}, {"nodeid": "tests/e2e/reconciliation/bank/test_bank_operations.py::TestBankOperations::test_transaction_filtering_by_date", "type": "Coroutine", "lineno": 109}, {"nodeid": "tests/e2e/reconciliation/bank/test_bank_operations.py::TestBankOperations::test_transaction_search", "type": "Coroutine", "lineno": 144}, {"nodeid": "tests/e2e/reconciliation/bank/test_bank_operations.py::TestBankOperations::test_verify_upload_area", "type": "Coroutine", "lineno": 169}, {"nodeid": "tests/e2e/reconciliation/bank/test_bank_operations.py::TestBankOperations::test_upload_statement_file_validation", "type": "Coroutine", "lineno": 187}, {"nodeid": "tests/e2e/reconciliation/bank/test_bank_operations.py::TestBankOperations::test_reconciliation_status_display", "type": "Coroutine", "lineno": 228}, {"nodeid": "tests/e2e/reconciliation/bank/test_bank_operations.py::TestBankOperations::test_transaction_reconciliation", "type": "Coroutine", "lineno": 246}, {"nodeid": "tests/e2e/reconciliation/bank/test_bank_operations.py::TestBankOperations::test_transaction_action_buttons", "type": "Coroutine", "lineno": 272}, {"nodeid": "tests/e2e/reconciliation/bank/test_bank_operations.py::TestBankOperations::test_complete_bank_workflow", "type": "Coroutine", "lineno": 298}, {"nodeid": "tests/e2e/reconciliation/bank/test_bank_operations.py::TestBankOperations::test_empty_state_handling", "type": "Coroutine", "lineno": 360}, {"nodeid": "tests/e2e/reconciliation/bank/test_bank_operations.py::TestBankOperations::test_bank_page_responsiveness", "type": "Coroutine", "lineno": 384}, {"nodeid": "tests/e2e/reconciliation/bank/test_bank_operations.py::TestBankOperations::test_check_bank_account_list_display", "type": "Coroutine", "lineno": 422}, {"nodeid": "tests/e2e/reconciliation/bank/test_bank_operations.py::TestBankOperations::test_view_bank_transactions_list", "type": "Coroutine", "lineno": 448}, {"nodeid": "tests/e2e/reconciliation/bank/test_bank_operations.py::TestBankOperations::test_sort_transactions_by_columns", "type": "Coroutine", "lineno": 464}, {"nodeid": "tests/e2e/reconciliation/bank/test_bank_operations.py::TestBankOperations::test_handle_duplicate_uploads", "type": "Coroutine", "lineno": 491}, {"nodeid": "tests/e2e/reconciliation/bank/test_bank_operations.py::TestBankOperations::test_process_uploaded_statements", "type": "Coroutine", "lineno": 511}, {"nodeid": "tests/e2e/reconciliation/bank/test_bank_operations.py::TestBankOperations::test_handle_unmatched_transactions", "type": "Coroutine", "lineno": 530}, {"nodeid": "tests/e2e/reconciliation/bank/test_bank_operations.py::TestBankOperations::test_view_account_balances", "type": "Coroutine", "lineno": 549}, {"nodeid": "tests/e2e/reconciliation/bank/test_bank_operations.py::TestBankOperations::test_account_settings_configuration", "type": "Coroutine", "lineno": 570}]}, {"nodeid": "tests/e2e/reconciliation/bank/test_bank_operations.py", "outcome": "passed", "result": [{"nodeid": "tests/e2e/reconciliation/bank/test_bank_operations.py::TestBankOperations", "type": "Class"}]}, {"nodeid": "tests/e2e/reconciliation/bank", "outcome": "passed", "result": [{"nodeid": "tests/e2e/reconciliation/bank/test_bank_operations.py", "type": "Module"}]}, {"nodeid": "tests/e2e/reconciliation/payables/test_complete_payables_operations.py::TestCompletePayablesOperations", "outcome": "passed", "result": [{"nodeid": "tests/e2e/reconciliation/payables/test_complete_payables_operations.py::TestCompletePayablesOperations::test_verify_invoice_list_is_displayed", "type": "Coroutine", "lineno": 37}, {"nodeid": "tests/e2e/reconciliation/payables/test_complete_payables_operations.py::TestCompletePayablesOperations::test_upload_invoice_file", "type": "Coroutine", "lineno": 83}, {"nodeid": "tests/e2e/reconciliation/payables/test_complete_payables_operations.py::TestCompletePayablesOperations::test_upload_invalid_file_type", "type": "Coroutine", "lineno": 144}, {"nodeid": "tests/e2e/reconciliation/payables/test_complete_payables_operations.py::TestCompletePayablesOperations::test_payables_edit_delete_buttons", "type": "Coroutine", "lineno": 186}, {"nodeid": "tests/e2e/reconciliation/payables/test_complete_payables_operations.py::TestCompletePayablesOperations::test_payables_status_dropdowns", "type": "Coroutine", "lineno": 233}, {"nodeid": "tests/e2e/reconciliation/payables/test_complete_payables_operations.py::TestCompletePayablesOperations::test_payables_search_filter_options", "type": "Coroutine", "lineno": 280}, {"nodeid": "tests/e2e/reconciliation/payables/test_complete_payables_operations.py::TestCompletePayablesOperations::test_upload_duplicate_invoice", "type": "Coroutine", "lineno": 332}, {"nodeid": "tests/e2e/reconciliation/payables/test_complete_payables_operations.py::TestCompletePayablesOperations::test_menu_options_for_new_status", "type": "Coroutine", "lineno": 382}, {"nodeid": "tests/e2e/reconciliation/payables/test_complete_payables_operations.py::TestCompletePayablesOperations::test_menu_options_for_matched_status", "type": "Coroutine", "lineno": 431}, {"nodeid": "tests/e2e/reconciliation/payables/test_complete_payables_operations.py::TestCompletePayablesOperations::test_menu_options_for_reconciled_status", "type": "Coroutine", "lineno": 479}, {"nodeid": "tests/e2e/reconciliation/payables/test_complete_payables_operations.py::TestCompletePayablesOperations::test_open_edit_popup_layout", "type": "Coroutine", "lineno": 527}, {"nodeid": "tests/e2e/reconciliation/payables/test_complete_payables_operations.py::TestCompletePayablesOperations::test_mandatory_validation", "type": "Coroutine", "lineno": 580}, {"nodeid": "tests/e2e/reconciliation/payables/test_complete_payables_operations.py::TestCompletePayablesOperations::test_line_totals_equal_before_validation", "type": "Coroutine", "lineno": 628}, {"nodeid": "tests/e2e/reconciliation/payables/test_complete_payables_operations.py::TestCompletePayablesOperations::test_gl_account_dropdown", "type": "Coroutine", "lineno": 676}, {"nodeid": "tests/e2e/reconciliation/payables/test_complete_payables_operations.py::TestCompletePayablesOperations::test_recognition_timing_single_date", "type": "Coroutine", "lineno": 724}, {"nodeid": "tests/e2e/reconciliation/payables/test_complete_payables_operations.py::TestCompletePayablesOperations::test_recognition_timing_default", "type": "Coroutine", "lineno": 772}, {"nodeid": "tests/e2e/reconciliation/payables/test_complete_payables_operations.py::TestCompletePayablesOperations::test_record_invoice_and_status", "type": "Coroutine", "lineno": 820}, {"nodeid": "tests/e2e/reconciliation/payables/test_complete_payables_operations.py::TestCompletePayablesOperations::test_show_journal_entry_for_record", "type": "Coroutine", "lineno": 868}, {"nodeid": "tests/e2e/reconciliation/payables/test_complete_payables_operations.py::TestCompletePayablesOperations::test_view_invoice_in_new_view", "type": "Coroutine", "lineno": 916}, {"nodeid": "tests/e2e/reconciliation/payables/test_complete_payables_operations.py::TestCompletePayablesOperations::test_verify_je_amount_and_description", "type": "Coroutine", "lineno": 964}, {"nodeid": "tests/e2e/reconciliation/payables/test_complete_payables_operations.py::TestCompletePayablesOperations::test_delete_invoice_dialog", "type": "Coroutine", "lineno": 1012}, {"nodeid": "tests/e2e/reconciliation/payables/test_complete_payables_operations.py::TestCompletePayablesOperations::test_attempt_to_delete_invoice", "type": "Coroutine", "lineno": 1065}]}, {"nodeid": "tests/e2e/reconciliation/payables/test_complete_payables_operations.py", "outcome": "passed", "result": [{"nodeid": "tests/e2e/reconciliation/payables/test_complete_payables_operations.py::TestCompletePayablesOperations", "type": "Class"}]}, {"nodeid": "tests/e2e/reconciliation/payables/test_payables_operations.py::TestPayablesOperations", "outcome": "passed", "result": [{"nodeid": "tests/e2e/reconciliation/payables/test_payables_operations.py::TestPayablesOperations::test_verify_invoice_list_is_displayed", "type": "Coroutine", "lineno": 32}, {"nodeid": "tests/e2e/reconciliation/payables/test_payables_operations.py::TestPayablesOperations::test_upload_invoice_file", "type": "Coroutine", "lineno": 84}, {"nodeid": "tests/e2e/reconciliation/payables/test_payables_operations.py::TestPayablesOperations::test_payables_menu_operations", "type": "Coroutine", "lineno": 139}, {"nodeid": "tests/e2e/reconciliation/payables/test_payables_operations.py::TestPayablesOperations::test_payables_form_validation", "type": "Coroutine", "lineno": 194}]}, {"nodeid": "tests/e2e/reconciliation/payables/test_payables_operations.py", "outcome": "passed", "result": [{"nodeid": "tests/e2e/reconciliation/payables/test_payables_operations.py::testrail_case", "type": "Function", "lineno": 93}, {"nodeid": "tests/e2e/reconciliation/payables/test_payables_operations.py::TestPayablesOperations", "type": "Class"}]}, {"nodeid": "tests/e2e/reconciliation/payables", "outcome": "passed", "result": [{"nodeid": "tests/e2e/reconciliation/payables/test_complete_payables_operations.py", "type": "Module"}, {"nodeid": "tests/e2e/reconciliation/payables/test_payables_operations.py", "type": "Module"}]}, {"nodeid": "tests/e2e/reconciliation", "outcome": "passed", "result": [{"nodeid": "tests/e2e/reconciliation/bank", "type": "Dir"}, {"nodeid": "tests/e2e/reconciliation/payables", "type": "Dir"}]}, {"nodeid": "tests/e2e/security/test_security_regression.py::TestSecurityRegression", "outcome": "passed", "result": [{"nodeid": "tests/e2e/security/test_security_regression.py::TestSecurityRegression::test_invalid_login_attempts", "type": "Coroutine", "lineno": 19}, {"nodeid": "tests/e2e/security/test_security_regression.py::TestSecurityRegression::test_session_timeout_handling", "type": "Coroutine", "lineno": 78}, {"nodeid": "tests/e2e/security/test_security_regression.py::TestSecurityRegression::test_sql_injection_prevention", "type": "Coroutine", "lineno": 116}, {"nodeid": "tests/e2e/security/test_security_regression.py::TestSecurityRegression::test_xss_prevention", "type": "Coroutine", "lineno": 217}, {"nodeid": "tests/e2e/security/test_security_regression.py::TestSecurityRegression::test_password_requirements", "type": "Coroutine", "lineno": 263}, {"nodeid": "tests/e2e/security/test_security_regression.py::TestSecurityRegression::test_csrf_protection", "type": "Coroutine", "lineno": 320}, {"nodeid": "tests/e2e/security/test_security_regression.py::TestSecurityRegression::test_secure_headers", "type": "Coroutine", "lineno": 365}]}, {"nodeid": "tests/e2e/security/test_security_regression.py", "outcome": "passed", "result": [{"nodeid": "tests/e2e/security/test_security_regression.py::TestSecurityRegression", "type": "Class"}]}, {"nodeid": "tests/e2e/security", "outcome": "passed", "result": [{"nodeid": "tests/e2e/security/test_security_regression.py", "type": "Module"}]}, {"nodeid": "tests/e2e/snapshot/test_snapshot_regression.py::TestSnapshotRegression", "outcome": "passed", "result": [{"nodeid": "tests/e2e/snapshot/test_snapshot_regression.py::TestSnapshotRegression::test_visual_snapshots_key_pages", "type": "Coroutine", "lineno": 27}, {"nodeid": "tests/e2e/snapshot/test_snapshot_regression.py::TestSnapshotRegression::test_dom_snapshots_critical_elements", "type": "Coroutine", "lineno": 98}, {"nodeid": "tests/e2e/snapshot/test_snapshot_regression.py::TestSnapshotRegression::test_api_response_snapshots", "type": "Coroutine", "lineno": 178}, {"nodeid": "tests/e2e/snapshot/test_snapshot_regression.py::TestSnapshotRegression::test_component_snapshots", "type": "Coroutine", "lineno": 296}, {"nodeid": "tests/e2e/snapshot/test_snapshot_regression.py::TestSnapshotRegression::test_snapshot_comparison_workflow", "type": "Coroutine", "lineno": 378}]}, {"nodeid": "tests/e2e/snapshot/test_snapshot_regression.py", "outcome": "passed", "result": [{"nodeid": "tests/e2e/snapshot/test_snapshot_regression.py::TestSnapshotRegression", "type": "Class"}]}, {"nodeid": "tests/e2e/snapshot", "outcome": "passed", "result": [{"nodeid": "tests/e2e/snapshot/test_snapshot_regression.py", "type": "Module"}]}, {"nodeid": "tests/e2e", "outcome": "passed", "result": [{"nodeid": "tests/e2e/compatibility", "type": "Dir"}, {"nodeid": "tests/e2e/ledger", "type": "Dir"}, {"nodeid": "tests/e2e/login", "type": "Dir"}, {"nodeid": "tests/e2e/logout", "type": "Dir"}, {"nodeid": "tests/e2e/navigation", "type": "Dir"}, {"nodeid": "tests/e2e/payables", "type": "Dir"}, {"nodeid": "tests/e2e/reconciliation", "type": "Dir"}, {"nodeid": "tests/e2e/security", "type": "Dir"}, {"nodeid": "tests/e2e/snapshot", "type": "Dir"}]}, {"nodeid": "tests/performance/test_performance_regression.py::TestPerformanceRegression", "outcome": "passed", "result": [{"nodeid": "tests/performance/test_performance_regression.py::TestPerformanceRegression::test_page_load_performance", "type": "Coroutine", "lineno": 24}, {"nodeid": "tests/performance/test_performance_regression.py::TestPerformanceRegression::test_memory_usage_monitoring", "type": "Coroutine", "lineno": 88}, {"nodeid": "tests/performance/test_performance_regression.py::TestPerformanceRegression::test_concurrent_user_simulation", "type": "Coroutine", "lineno": 148}, {"nodeid": "tests/performance/test_performance_regression.py::TestPerformanceRegression::test_api_response_times", "type": "Coroutine", "lineno": 259}, {"nodeid": "tests/performance/test_performance_regression.py::TestPerformanceRegression::test_large_dataset_handling", "type": "Coroutine", "lineno": 343}, {"nodeid": "tests/performance/test_performance_regression.py::TestPerformanceRegression::test_resource_usage_optimization", "type": "Coroutine", "lineno": 413}]}, {"nodeid": "tests/performance/test_performance_regression.py", "outcome": "passed", "result": [{"nodeid": "tests/performance/test_performance_regression.py::TestPerformanceRegression", "type": "Class"}]}, {"nodeid": "tests/performance", "outcome": "passed", "result": [{"nodeid": "tests/performance/test_performance_regression.py", "type": "Module"}]}, {"nodeid": "tests/uploaded_test_files", "outcome": "passed", "result": []}, {"nodeid": "tests", "outcome": "passed", "result": [{"nodeid": "tests/api", "type": "Dir"}, {"nodeid": "tests/e2e", "type": "Dir"}, {"nodeid": "tests/performance", "type": "Dir"}, {"nodeid": "tests/uploaded_test_files", "type": "Dir"}]}], "tests": [{"nodeid": "tests/api/test_date_format_validation.py::TestAPIDateFormatValidation::test_get_journal_entries_valid_date_format_request", "lineno": 93, "outcome": "passed", "keywords": ["test_get_journal_entries_valid_date_format_request", "asyncio", "pytestmark", "TestAPIDateFormatValidation", "test_date_format_validation.py", "api", "tests", "app", ""], "setup": {"duration": 0.10068441700002495, "outcome": "passed", "log": [{"name": "api.api_client", "msg": "Received HTML response instead of JSON - checking for auth flow", "args": null, "levelname": "ERROR", "levelno": 40, "pathname": "/app/api/api_client.py", "filename": "api_client.py", "module": "api_client", "exc_info": null, "exc_text": null, "stack_info": null, "lineno": 151, "funcName": "authenticate", "created": 1754475957.333084, "msecs": 333.0, "relativeCreated": 1525.1319408416748, "thread": 281473430138912, "threadName": "MainThread", "processName": "MainProcess", "process": 1, "taskName": null}, {"name": "test_date_format_validation", "msg": "\u26a0\ufe0f  API authentication failed - enabling mock mode for testing", "args": null, "levelname": "WARNING", "levelno": 30, "pathname": "/Users/sharonhoffman/Desktop/Automation/playwright_python_framework/tests/api/test_date_format_validation.py", "filename": "test_date_format_validation.py", "module": "test_date_format_validation", "exc_info": null, "exc_text": null, "stack_info": null, "lineno": 69, "funcName": "api_client", "created": 1754475957.3331578, "msecs": 333.0, "relativeCreated": 1525.2056121826172, "thread": 281473430138912, "threadName": "MainThread", "processName": "MainProcess", "process": 1, "taskName": null}]}, "call": {"duration": 0.0030542079999804628, "outcome": "passed"}, "teardown": {"duration": 0.0004064999999968677, "outcome": "passed"}}, {"nodeid": "tests/api/test_date_format_validation.py::TestAPIDateFormatValidation::test_get_journal_entries_invalid_date_format_request", "lineno": 141, "outcome": "passed", "keywords": ["test_get_journal_entries_invalid_date_format_request", "asyncio", "pytestmark", "TestAPIDateFormatValidation", "test_date_format_validation.py", "api", "tests", "app", ""], "setup": {"duration": 0.0003050409999900694, "outcome": "passed"}, "call": {"duration": 0.000433125000029122, "outcome": "passed", "log": [{"name": "test_date_format_validation", "msg": "\u26a0\ufe0f Unexpected behavior for invalid date '01/01/2024': \u274c API FAILED to reject invalid date format '01/01/2024' (expected 400/422, got 200)\nassert 200 in [400, 422]\n +  where 200 = <Response [200]>.status_code", "args": null, "levelname": "WARNING", "levelno": 30, "pathname": "/Users/sharonhoffman/Desktop/Automation/playwright_python_framework/tests/api/test_date_format_validation.py", "filename": "test_date_format_validation.py", "module": "test_date_format_validation", "exc_info": null, "exc_text": null, "stack_info": null, "lineno": 174, "funcName": "test_get_journal_entries_invalid_date_format_request", "created": 1754475959.7843757, "msecs": 784.0, "relativeCreated": 3976.423501968384, "thread": 281473430138912, "threadName": "MainThread", "processName": "MainProcess", "process": 1, "taskName": "Task-3"}, {"name": "test_date_format_validation", "msg": "\u26a0\ufe0f Unexpected behavior for invalid date '01-01-2024': \u274c API FAILED to reject invalid date format '01-01-2024' (expected 400/422, got 200)\nassert 200 in [400, 422]\n +  where 200 = <Response [200]>.status_code", "args": null, "levelname": "WARNING", "levelno": 30, "pathname": "/Users/sharonhoffman/Desktop/Automation/playwright_python_framework/tests/api/test_date_format_validation.py", "filename": "test_date_format_validation.py", "module": "test_date_format_validation", "exc_info": null, "exc_text": null, "stack_info": null, "lineno": 174, "funcName": "test_get_journal_entries_invalid_date_format_request", "created": 1754475959.7844806, "msecs": 784.0, "relativeCreated": 3976.5284061431885, "thread": 281473430138912, "threadName": "MainThread", "processName": "MainProcess", "process": 1, "taskName": "Task-3"}, {"name": "test_date_format_validation", "msg": "\u26a0\ufe0f Unexpected behavior for invalid date '2024/01/01': \u274c API FAILED to reject invalid date format '2024/01/01' (expected 400/422, got 200)\nassert 200 in [400, 422]\n +  where 200 = <Response [200]>.status_code", "args": null, "levelname": "WARNING", "levelno": 30, "pathname": "/Users/sharonhoffman/Desktop/Automation/playwright_python_framework/tests/api/test_date_format_validation.py", "filename": "test_date_format_validation.py", "module": "test_date_format_validation", "exc_info": null, "exc_text": null, "stack_info": null, "lineno": 174, "funcName": "test_get_journal_entries_invalid_date_format_request", "created": 1754475959.7845254, "msecs": 784.0, "relativeCreated": 3976.5732288360596, "thread": 281473430138912, "threadName": "MainThread", "processName": "MainProcess", "process": 1, "taskName": "Task-3"}]}, "teardown": {"duration": 0.0004125419999922997, "outcome": "passed"}}, {"nodeid": "tests/api/test_date_format_validation.py::TestAPIDateFormatValidation::test_create_journal_entry_valid_date_format", "lineno": 181, "outcome": "passed", "keywords": ["test_create_journal_entry_valid_date_format", "asyncio", "pytestmark", "TestAPIDateFormatValidation", "test_date_format_validation.py", "api", "tests", "app", ""], "setup": {"duration": 0.00030645800001138923, "outcome": "passed"}, "call": {"duration": 0.0003251249999607353, "outcome": "passed"}, "teardown": {"duration": 0.00030904199996939496, "outcome": "passed"}}, {"nodeid": "tests/api/test_date_format_validation.py::TestAPIDateFormatValidation::test_create_journal_entry_invalid_date_format", "lineno": 234, "outcome": "passed", "keywords": ["test_create_journal_entry_invalid_date_format", "asyncio", "pytestmark", "TestAPIDateFormatValidation", "test_date_format_validation.py", "api", "tests", "app", ""], "setup": {"duration": 0.0002816659999780313, "outcome": "passed"}, "call": {"duration": 0.0003774169999815058, "outcome": "passed", "log": [{"name": "test_date_format_validation", "msg": "\u26a0\ufe0f Unexpected behavior for invalid date '01/01/2024': \u274c API FAILED to reject invalid date format '01/01/2024' (expected 400/422, got 200)\nassert 200 in [400, 422]\n +  where 200 = <Response [200]>.status_code", "args": null, "levelname": "WARNING", "levelno": 30, "pathname": "/Users/sharonhoffman/Desktop/Automation/playwright_python_framework/tests/api/test_date_format_validation.py", "filename": "test_date_format_validation.py", "module": "test_date_format_validation", "exc_info": null, "exc_text": null, "stack_info": null, "lineno": 266, "funcName": "test_create_journal_entry_invalid_date_format", "created": 1754475964.4768589, "msecs": 476.0, "relativeCreated": 8668.906688690186, "thread": 281473430138912, "threadName": "MainThread", "processName": "MainProcess", "process": 1, "taskName": "Task-7"}, {"name": "test_date_format_validation", "msg": "\u26a0\ufe0f Unexpected behavior for invalid date '01-01-2024': \u274c API FAILED to reject invalid date format '01-01-2024' (expected 400/422, got 200)\nassert 200 in [400, 422]\n +  where 200 = <Response [200]>.status_code", "args": null, "levelname": "WARNING", "levelno": 30, "pathname": "/Users/sharonhoffman/Desktop/Automation/playwright_python_framework/tests/api/test_date_format_validation.py", "filename": "test_date_format_validation.py", "module": "test_date_format_validation", "exc_info": null, "exc_text": null, "stack_info": null, "lineno": 266, "funcName": "test_create_journal_entry_invalid_date_format", "created": 1754475964.4769518, "msecs": 476.0, "relativeCreated": 8668.999671936035, "thread": 281473430138912, "threadName": "MainThread", "processName": "MainProcess", "process": 1, "taskName": "Task-7"}, {"name": "test_date_format_validation", "msg": "\u26a0\ufe0f Unexpected behavior for invalid date '2024/01/01': \u274c API FAILED to reject invalid date format '2024/01/01' (expected 400/422, got 200)\nassert 200 in [400, 422]\n +  where 200 = <Response [200]>.status_code", "args": null, "levelname": "WARNING", "levelno": 30, "pathname": "/Users/sharonhoffman/Desktop/Automation/playwright_python_framework/tests/api/test_date_format_validation.py", "filename": "test_date_format_validation.py", "module": "test_date_format_validation", "exc_info": null, "exc_text": null, "stack_info": null, "lineno": 266, "funcName": "test_create_journal_entry_invalid_date_format", "created": 1754475964.476992, "msecs": 476.0, "relativeCreated": 8669.039726257324, "thread": 281473430138912, "threadName": "MainThread", "processName": "MainProcess", "process": 1, "taskName": "Task-7"}]}, "teardown": {"duration": 0.0004154999999741449, "outcome": "passed"}}, {"nodeid": "tests/api/test_date_format_validation.py::TestAPIDateFormatValidation::test_get_bank_uploaded_files_date_format", "lineno": 272, "outcome": "passed", "keywords": ["test_get_bank_uploaded_files_date_format", "asyncio", "pytestmark", "TestAPIDateFormatValidation", "test_date_format_validation.py", "api", "tests", "app", ""], "setup": {"duration": 0.0003077920000009726, "outcome": "passed"}, "call": {"duration": 0.0002875000000130967, "outcome": "passed"}, "teardown": {"duration": 0.0003155830000309834, "outcome": "passed"}}, {"nodeid": "tests/api/test_date_format_validation.py::TestAPIDateFormatValidation::test_get_bank_transactions_data_date_format", "lineno": 313, "outcome": "passed", "keywords": ["test_get_bank_transactions_data_date_format", "asyncio", "pytestmark", "TestAPIDateFormatValidation", "test_date_format_validation.py", "api", "tests", "app", ""], "setup": {"duration": 0.0002768329999867092, "outcome": "passed"}, "call": {"duration": 0.0002935830000296846, "outcome": "passed"}, "teardown": {"duration": 0.0003985420000276463, "outcome": "passed"}}, {"nodeid": "tests/api/test_date_format_validation.py::TestAPIDateFormatValidation::test_get_entity_documents_date_format", "lineno": 360, "outcome": "passed", "keywords": ["test_get_entity_documents_date_format", "asyncio", "pytestmark", "TestAPIDateFormatValidation", "test_date_format_validation.py", "api", "tests", "app", ""], "setup": {"duration": 0.0002745410000102311, "outcome": "passed"}, "call": {"duration": 0.00022845900002721464, "outcome": "passed"}, "teardown": {"duration": 0.00022891599996910372, "outcome": "passed"}}, {"nodeid": "tests/api/test_date_format_validation.py::TestAPIDateFormatValidation::test_get_accounting_uploaded_files_date_format", "lineno": 401, "outcome": "passed", "keywords": ["test_get_accounting_uploaded_files_date_format", "asyncio", "pytestmark", "TestAPIDateFormatValidation", "test_date_format_validation.py", "api", "tests", "app", ""], "setup": {"duration": 0.00024991700001919526, "outcome": "passed"}, "call": {"duration": 0.00030812500000365617, "outcome": "passed"}, "teardown": {"duration": 0.0003757500000460823, "outcome": "passed"}}, {"nodeid": "tests/api/test_date_format_validation.py::TestAPIDateFormatValidation::test_all_endpoints_reject_invalid_date_formats", "lineno": 442, "outcome": "passed", "keywords": ["test_all_endpoints_reject_invalid_date_formats", "asyncio", "pytestmark", "TestAPIDateFormatValidation", "test_date_format_validation.py", "api", "tests", "app", ""], "setup": {"duration": 0.00029837499999985084, "outcome": "passed"}, "call": {"duration": 0.0006420420000381455, "outcome": "passed", "stdout": "\ud83d\udcca API Validation Results Summary:\n   Total endpoints tested: 5\n   Total date formats tested: 5\n   Total rejection responses: 0\n\u2705 API endpoints responding consistently: 100.0%\n", "log": [{"name": "test_date_format_validation", "msg": "\u26a0\ufe0f journal_entries returned 200 for '01/01/2024'", "args": null, "levelname": "WARNING", "levelno": 30, "pathname": "/Users/sharonhoffman/Desktop/Automation/playwright_python_framework/tests/api/test_date_format_validation.py", "filename": "test_date_format_validation.py", "module": "test_date_format_validation", "exc_info": null, "exc_text": null, "stack_info": null, "lineno": 491, "funcName": "test_all_endpoints_reject_invalid_date_formats", "created": 1754475976.4224074, "msecs": 422.0, "relativeCreated": 20614.455223083496, "thread": 281473430138912, "threadName": "MainThread", "processName": "MainProcess", "process": 1, "taskName": "Task-17"}, {"name": "test_date_format_validation", "msg": "\u26a0\ufe0f journal_entries returned 200 for '2024/01/01'", "args": null, "levelname": "WARNING", "levelno": 30, "pathname": "/Users/sharonhoffman/Desktop/Automation/playwright_python_framework/tests/api/test_date_format_validation.py", "filename": "test_date_format_validation.py", "module": "test_date_format_validation", "exc_info": null, "exc_text": null, "stack_info": null, "lineno": 491, "funcName": "test_all_endpoints_reject_invalid_date_formats", "created": 1754475976.422496, "msecs": 422.0, "relativeCreated": 20614.543914794922, "thread": 281473430138912, "threadName": "MainThread", "processName": "MainProcess", "process": 1, "taskName": "Task-17"}, {"name": "test_date_format_validation", "msg": "\u26a0\ufe0f journal_entries returned 200 for 'Jan 1, 2024'", "args": null, "levelname": "WARNING", "levelno": 30, "pathname": "/Users/sharonhoffman/Desktop/Automation/playwright_python_framework/tests/api/test_date_format_validation.py", "filename": "test_date_format_validation.py", "module": "test_date_format_validation", "exc_info": null, "exc_text": null, "stack_info": null, "lineno": 491, "funcName": "test_all_endpoints_reject_invalid_date_formats", "created": 1754475976.422517, "msecs": 422.0, "relativeCreated": 20614.564895629883, "thread": 281473430138912, "threadName": "MainThread", "processName": "MainProcess", "process": 1, "taskName": "Task-17"}, {"name": "test_date_format_validation", "msg": "\u26a0\ufe0f journal_entries returned 200 for '2024-1-1'", "args": null, "levelname": "WARNING", "levelno": 30, "pathname": "/Users/sharonhoffman/Desktop/Automation/playwright_python_framework/tests/api/test_date_format_validation.py", "filename": "test_date_format_validation.py", "module": "test_date_format_validation", "exc_info": null, "exc_text": null, "stack_info": null, "lineno": 491, "funcName": "test_all_endpoints_reject_invalid_date_formats", "created": 1754475976.4225345, "msecs": 422.0, "relativeCreated": 20614.582300186157, "thread": 281473430138912, "threadName": "MainThread", "processName": "MainProcess", "process": 1, "taskName": "Task-17"}, {"name": "test_date_format_validation", "msg": "\u26a0\ufe0f journal_entries returned 200 for 'invalid-date'", "args": null, "levelname": "WARNING", "levelno": 30, "pathname": "/Users/sharonhoffman/Desktop/Automation/playwright_python_framework/tests/api/test_date_format_validation.py", "filename": "test_date_format_validation.py", "module": "test_date_format_validation", "exc_info": null, "exc_text": null, "stack_info": null, "lineno": 491, "funcName": "test_all_endpoints_reject_invalid_date_formats", "created": 1754475976.4225495, "msecs": 422.0, "relativeCreated": 20614.59732055664, "thread": 281473430138912, "threadName": "MainThread", "processName": "MainProcess", "process": 1, "taskName": "Task-17"}, {"name": "test_date_format_validation", "msg": "\u26a0\ufe0f bank_uploaded_files returned 200 for '01/01/2024'", "args": null, "levelname": "WARNING", "levelno": 30, "pathname": "/Users/sharonhoffman/Desktop/Automation/playwright_python_framework/tests/api/test_date_format_validation.py", "filename": "test_date_format_validation.py", "module": "test_date_format_validation", "exc_info": null, "exc_text": null, "stack_info": null, "lineno": 491, "funcName": "test_all_endpoints_reject_invalid_date_formats", "created": 1754475976.4225667, "msecs": 422.0, "relativeCreated": 20614.614486694336, "thread": 281473430138912, "threadName": "MainThread", "processName": "MainProcess", "process": 1, "taskName": "Task-17"}, {"name": "test_date_format_validation", "msg": "\u26a0\ufe0f bank_uploaded_files returned 200 for '2024/01/01'", "args": null, "levelname": "WARNING", "levelno": 30, "pathname": "/Users/sharonhoffman/Desktop/Automation/playwright_python_framework/tests/api/test_date_format_validation.py", "filename": "test_date_format_validation.py", "module": "test_date_format_validation", "exc_info": null, "exc_text": null, "stack_info": null, "lineno": 491, "funcName": "test_all_endpoints_reject_invalid_date_formats", "created": 1754475976.422581, "msecs": 422.0, "relativeCreated": 20614.628791809082, "thread": 281473430138912, "threadName": "MainThread", "processName": "MainProcess", "process": 1, "taskName": "Task-17"}, {"name": "test_date_format_validation", "msg": "\u26a0\ufe0f bank_uploaded_files returned 200 for 'Jan 1, 2024'", "args": null, "levelname": "WARNING", "levelno": 30, "pathname": "/Users/sharonhoffman/Desktop/Automation/playwright_python_framework/tests/api/test_date_format_validation.py", "filename": "test_date_format_validation.py", "module": "test_date_format_validation", "exc_info": null, "exc_text": null, "stack_info": null, "lineno": 491, "funcName": "test_all_endpoints_reject_invalid_date_formats", "created": 1754475976.4225948, "msecs": 422.0, "relativeCreated": 20614.64262008667, "thread": 281473430138912, "threadName": "MainThread", "processName": "MainProcess", "process": 1, "taskName": "Task-17"}, {"name": "test_date_format_validation", "msg": "\u26a0\ufe0f bank_uploaded_files returned 200 for '2024-1-1'", "args": null, "levelname": "WARNING", "levelno": 30, "pathname": "/Users/sharonhoffman/Desktop/Automation/playwright_python_framework/tests/api/test_date_format_validation.py", "filename": "test_date_format_validation.py", "module": "test_date_format_validation", "exc_info": null, "exc_text": null, "stack_info": null, "lineno": 491, "funcName": "test_all_endpoints_reject_invalid_date_formats", "created": 1754475976.4226077, "msecs": 422.0, "relativeCreated": 20614.65549468994, "thread": 281473430138912, "threadName": "MainThread", "processName": "MainProcess", "process": 1, "taskName": "Task-17"}, {"name": "test_date_format_validation", "msg": "\u26a0\ufe0f bank_uploaded_files returned 200 for 'invalid-date'", "args": null, "levelname": "WARNING", "levelno": 30, "pathname": "/Users/sharonhoffman/Desktop/Automation/playwright_python_framework/tests/api/test_date_format_validation.py", "filename": "test_date_format_validation.py", "module": "test_date_format_validation", "exc_info": null, "exc_text": null, "stack_info": null, "lineno": 491, "funcName": "test_all_endpoints_reject_invalid_date_formats", "created": 1754475976.4226213, "msecs": 422.0, "relativeCreated": 20614.66908454895, "thread": 281473430138912, "threadName": "MainThread", "processName": "MainProcess", "process": 1, "taskName": "Task-17"}, {"name": "test_date_format_validation", "msg": "\u26a0\ufe0f bank_transactions returned 200 for '01/01/2024'", "args": null, "levelname": "WARNING", "levelno": 30, "pathname": "/Users/sharonhoffman/Desktop/Automation/playwright_python_framework/tests/api/test_date_format_validation.py", "filename": "test_date_format_validation.py", "module": "test_date_format_validation", "exc_info": null, "exc_text": null, "stack_info": null, "lineno": 491, "funcName": "test_all_endpoints_reject_invalid_date_formats", "created": 1754475976.422635, "msecs": 422.0, "relativeCreated": 20614.682912826538, "thread": 281473430138912, "threadName": "MainThread", "processName": "MainProcess", "process": 1, "taskName": "Task-17"}, {"name": "test_date_format_validation", "msg": "\u26a0\ufe0f bank_transactions returned 200 for '2024/01/01'", "args": null, "levelname": "WARNING", "levelno": 30, "pathname": "/Users/sharonhoffman/Desktop/Automation/playwright_python_framework/tests/api/test_date_format_validation.py", "filename": "test_date_format_validation.py", "module": "test_date_format_validation", "exc_info": null, "exc_text": null, "stack_info": null, "lineno": 491, "funcName": "test_all_endpoints_reject_invalid_date_formats", "created": 1754475976.422648, "msecs": 422.0, "relativeCreated": 20614.69578742981, "thread": 281473430138912, "threadName": "MainThread", "processName": "MainProcess", "process": 1, "taskName": "Task-17"}, {"name": "test_date_format_validation", "msg": "\u26a0\ufe0f bank_transactions returned 200 for 'Jan 1, 2024'", "args": null, "levelname": "WARNING", "levelno": 30, "pathname": "/Users/sharonhoffman/Desktop/Automation/playwright_python_framework/tests/api/test_date_format_validation.py", "filename": "test_date_format_validation.py", "module": "test_date_format_validation", "exc_info": null, "exc_text": null, "stack_info": null, "lineno": 491, "funcName": "test_all_endpoints_reject_invalid_date_formats", "created": 1754475976.4226608, "msecs": 422.0, "relativeCreated": 20614.70866203308, "thread": 281473430138912, "threadName": "MainThread", "processName": "MainProcess", "process": 1, "taskName": "Task-17"}, {"name": "test_date_format_validation", "msg": "\u26a0\ufe0f bank_transactions returned 200 for '2024-1-1'", "args": null, "levelname": "WARNING", "levelno": 30, "pathname": "/Users/sharonhoffman/Desktop/Automation/playwright_python_framework/tests/api/test_date_format_validation.py", "filename": "test_date_format_validation.py", "module": "test_date_format_validation", "exc_info": null, "exc_text": null, "stack_info": null, "lineno": 491, "funcName": "test_all_endpoints_reject_invalid_date_formats", "created": 1754475976.4226735, "msecs": 422.0, "relativeCreated": 20614.721298217773, "thread": 281473430138912, "threadName": "MainThread", "processName": "MainProcess", "process": 1, "taskName": "Task-17"}, {"name": "test_date_format_validation", "msg": "\u26a0\ufe0f bank_transactions returned 200 for 'invalid-date'", "args": null, "levelname": "WARNING", "levelno": 30, "pathname": "/Users/sharonhoffman/Desktop/Automation/playwright_python_framework/tests/api/test_date_format_validation.py", "filename": "test_date_format_validation.py", "module": "test_date_format_validation", "exc_info": null, "exc_text": null, "stack_info": null, "lineno": 491, "funcName": "test_all_endpoints_reject_invalid_date_formats", "created": 1754475976.4226856, "msecs": 422.0, "relativeCreated": 20614.733457565308, "thread": 281473430138912, "threadName": "MainThread", "processName": "MainProcess", "process": 1, "taskName": "Task-17"}, {"name": "test_date_format_validation", "msg": "\u26a0\ufe0f entity_documents returned 200 for '01/01/2024'", "args": null, "levelname": "WARNING", "levelno": 30, "pathname": "/Users/sharonhoffman/Desktop/Automation/playwright_python_framework/tests/api/test_date_format_validation.py", "filename": "test_date_format_validation.py", "module": "test_date_format_validation", "exc_info": null, "exc_text": null, "stack_info": null, "lineno": 491, "funcName": "test_all_endpoints_reject_invalid_date_formats", "created": 1754475976.422701, "msecs": 422.0, "relativeCreated": 20614.74871635437, "thread": 281473430138912, "threadName": "MainThread", "processName": "MainProcess", "process": 1, "taskName": "Task-17"}, {"name": "test_date_format_validation", "msg": "\u26a0\ufe0f entity_documents returned 200 for '2024/01/01'", "args": null, "levelname": "WARNING", "levelno": 30, "pathname": "/Users/sharonhoffman/Desktop/Automation/playwright_python_framework/tests/api/test_date_format_validation.py", "filename": "test_date_format_validation.py", "module": "test_date_format_validation", "exc_info": null, "exc_text": null, "stack_info": null, "lineno": 491, "funcName": "test_all_endpoints_reject_invalid_date_formats", "created": 1754475976.4227135, "msecs": 422.0, "relativeCreated": 20614.761352539062, "thread": 281473430138912, "threadName": "MainThread", "processName": "MainProcess", "process": 1, "taskName": "Task-17"}, {"name": "test_date_format_validation", "msg": "\u26a0\ufe0f entity_documents returned 200 for 'Jan 1, 2024'", "args": null, "levelname": "WARNING", "levelno": 30, "pathname": "/Users/sharonhoffman/Desktop/Automation/playwright_python_framework/tests/api/test_date_format_validation.py", "filename": "test_date_format_validation.py", "module": "test_date_format_validation", "exc_info": null, "exc_text": null, "stack_info": null, "lineno": 491, "funcName": "test_all_endpoints_reject_invalid_date_formats", "created": 1754475976.422726, "msecs": 422.0, "relativeCreated": 20614.773750305176, "thread": 281473430138912, "threadName": "MainThread", "processName": "MainProcess", "process": 1, "taskName": "Task-17"}, {"name": "test_date_format_validation", "msg": "\u26a0\ufe0f entity_documents returned 200 for '2024-1-1'", "args": null, "levelname": "WARNING", "levelno": 30, "pathname": "/Users/sharonhoffman/Desktop/Automation/playwright_python_framework/tests/api/test_date_format_validation.py", "filename": "test_date_format_validation.py", "module": "test_date_format_validation", "exc_info": null, "exc_text": null, "stack_info": null, "lineno": 491, "funcName": "test_all_endpoints_reject_invalid_date_formats", "created": 1754475976.422738, "msecs": 422.0, "relativeCreated": 20614.78590965271, "thread": 281473430138912, "threadName": "MainThread", "processName": "MainProcess", "process": 1, "taskName": "Task-17"}, {"name": "test_date_format_validation", "msg": "\u26a0\ufe0f entity_documents returned 200 for 'invalid-date'", "args": null, "levelname": "WARNING", "levelno": 30, "pathname": "/Users/sharonhoffman/Desktop/Automation/playwright_python_framework/tests/api/test_date_format_validation.py", "filename": "test_date_format_validation.py", "module": "test_date_format_validation", "exc_info": null, "exc_text": null, "stack_info": null, "lineno": 491, "funcName": "test_all_endpoints_reject_invalid_date_formats", "created": 1754475976.4227526, "msecs": 422.0, "relativeCreated": 20614.800453186035, "thread": 281473430138912, "threadName": "MainThread", "processName": "MainProcess", "process": 1, "taskName": "Task-17"}, {"name": "test_date_format_validation", "msg": "\u26a0\ufe0f accounting_files returned 200 for '01/01/2024'", "args": null, "levelname": "WARNING", "levelno": 30, "pathname": "/Users/sharonhoffman/Desktop/Automation/playwright_python_framework/tests/api/test_date_format_validation.py", "filename": "test_date_format_validation.py", "module": "test_date_format_validation", "exc_info": null, "exc_text": null, "stack_info": null, "lineno": 491, "funcName": "test_all_endpoints_reject_invalid_date_formats", "created": 1754475976.4227679, "msecs": 422.0, "relativeCreated": 20614.815711975098, "thread": 281473430138912, "threadName": "MainThread", "processName": "MainProcess", "process": 1, "taskName": "Task-17"}, {"name": "test_date_format_validation", "msg": "\u26a0\ufe0f accounting_files returned 200 for '2024/01/01'", "args": null, "levelname": "WARNING", "levelno": 30, "pathname": "/Users/sharonhoffman/Desktop/Automation/playwright_python_framework/tests/api/test_date_format_validation.py", "filename": "test_date_format_validation.py", "module": "test_date_format_validation", "exc_info": null, "exc_text": null, "stack_info": null, "lineno": 491, "funcName": "test_all_endpoints_reject_invalid_date_formats", "created": 1754475976.422781, "msecs": 422.0, "relativeCreated": 20614.82882499695, "thread": 281473430138912, "threadName": "MainThread", "processName": "MainProcess", "process": 1, "taskName": "Task-17"}, {"name": "test_date_format_validation", "msg": "\u26a0\ufe0f accounting_files returned 200 for 'Jan 1, 2024'", "args": null, "levelname": "WARNING", "levelno": 30, "pathname": "/Users/sharonhoffman/Desktop/Automation/playwright_python_framework/tests/api/test_date_format_validation.py", "filename": "test_date_format_validation.py", "module": "test_date_format_validation", "exc_info": null, "exc_text": null, "stack_info": null, "lineno": 491, "funcName": "test_all_endpoints_reject_invalid_date_formats", "created": 1754475976.4227931, "msecs": 422.0, "relativeCreated": 20614.840984344482, "thread": 281473430138912, "threadName": "MainThread", "processName": "MainProcess", "process": 1, "taskName": "Task-17"}, {"name": "test_date_format_validation", "msg": "\u26a0\ufe0f accounting_files returned 200 for '2024-1-1'", "args": null, "levelname": "WARNING", "levelno": 30, "pathname": "/Users/sharonhoffman/Desktop/Automation/playwright_python_framework/tests/api/test_date_format_validation.py", "filename": "test_date_format_validation.py", "module": "test_date_format_validation", "exc_info": null, "exc_text": null, "stack_info": null, "lineno": 491, "funcName": "test_all_endpoints_reject_invalid_date_formats", "created": 1754475976.4228065, "msecs": 422.0, "relativeCreated": 20614.854335784912, "thread": 281473430138912, "threadName": "MainThread", "processName": "MainProcess", "process": 1, "taskName": "Task-17"}, {"name": "test_date_format_validation", "msg": "\u26a0\ufe0f accounting_files returned 200 for 'invalid-date'", "args": null, "levelname": "WARNING", "levelno": 30, "pathname": "/Users/sharonhoffman/Desktop/Automation/playwright_python_framework/tests/api/test_date_format_validation.py", "filename": "test_date_format_validation.py", "module": "test_date_format_validation", "exc_info": null, "exc_text": null, "stack_info": null, "lineno": 491, "funcName": "test_all_endpoints_reject_invalid_date_formats", "created": 1754475976.4228213, "msecs": 422.0, "relativeCreated": 20614.869117736816, "thread": 281473430138912, "threadName": "MainThread", "processName": "MainProcess", "process": 1, "taskName": "Task-17"}]}, "teardown": {"duration": 0.00030674999999291686, "outcome": "passed"}}, {"nodeid": "tests/api/test_date_format_validation.py::TestAPIDateFormatValidation::test_date_format_consistency_across_endpoints", "lineno": 518, "outcome": "passed", "keywords": ["test_date_format_consistency_across_endpoints", "asyncio", "pytestmark", "TestAPIDateFormatValidation", "test_date_format_validation.py", "api", "tests", "app", ""], "setup": {"duration": 0.0002410000000168111, "outcome": "passed"}, "call": {"duration": 0.00015108400003782663, "outcome": "passed"}, "teardown": {"duration": 0.000274083000022074, "outcome": "passed"}}, {"nodeid": "tests/api/test_date_format_validation.py::TestAPIDateFormatValidation::test_date_format_validation_demo", "lineno": 556, "outcome": "passed", "keywords": ["test_date_format_validation_demo", "TestAPIDateFormatValidation", "test_date_format_validation.py", "api", "tests", "app", ""], "setup": {"duration": 0.00016737499998953353, "outcome": "passed"}, "call": {"duration": 0.00011054200001581194, "outcome": "passed"}, "teardown": {"duration": 0.00043475000001080844, "outcome": "passed"}}, {"nodeid": "tests/e2e/compatibility/test_browser_compatibility.py::TestBrowserCompatibility::test_mobile_viewport_compatibility", "lineno": 18, "outcome": "failed", "keywords": ["test_mobile_viewport_compatibility", "asyncio", "pytestmark", "TestBrowserCompatibility", "test_browser_compatibility.py", "compatibility", "e2e", "tests", "app", ""], "setup": {"duration": 0.2653190420000442, "outcome": "passed"}, "call": {"duration": 54.182993691000036, "outcome": "failed", "crash": {"path": "/app/tests/e2e/compatibility/test_browser_compatibility.py", "lineno": 125, "message": "AssertionError: Mobile compatibility too low: 55.0%\nassert 0.55 >= 0.6"}, "traceback": [{"path": "tests/e2e/compatibility/test_browser_compatibility.py", "lineno": 125, "message": "in test_mobile_viewport_compatibility"}], "stdout": "\ud83d\udcf1 Testing mobile viewport compatibility...\n\n\ud83d\udcf1 Testing iPhone SE (375x667)...\n\u2705 iPhone SE: 2/5 compatibility score\n   \u26a0\ufe0f Issues: Login form not visible, Username field not accessible, Password field not accessible\n\n\ud83d\udcf1 Testing iPhone 12 (390x844)...\n\u2705 iPhone 12: 5/5 compatibility score\n\n\ud83d\udcf1 Testing Samsung Galaxy (360x640)...\n\u2705 Samsung Galaxy: 2/5 compatibility score\n   \u26a0\ufe0f Issues: Login form not visible, Username field not accessible, Password field not accessible\n\n\ud83d\udcf1 Testing iPad Mini (768x1024)...\n\u2705 iPad Mini: 2/5 compatibility score\n   \u26a0\ufe0f Issues: Login form not visible, Username field not accessible, Password field not accessible\n\n\ud83d\udcca Mobile Compatibility Summary:\n   \u26a0\ufe0f iPhone SE: 2/5\n   \u2705 iPhone 12: 5/5\n   \u26a0\ufe0f Samsung Galaxy: 2/5\n   \u26a0\ufe0f iPad Mini: 2/5\n   \ud83d\udcca Overall compatibility: 55.0%\n", "longrepr": "tests/e2e/compatibility/test_browser_compatibility.py:125: in test_mobile_viewport_compatibility\n    assert compatibility_rate >= 0.6, f\"Mobile compatibility too low: {compatibility_rate:.1%}\"\nE   AssertionError: Mobile compatibility too low: 55.0%\nE   assert 0.55 >= 0.6"}, "teardown": {"duration": 0.030595833000006678, "outcome": "passed"}}, {"nodeid": "tests/e2e/compatibility/test_browser_compatibility.py::TestBrowserCompatibility::test_responsive_design_elements", "lineno": 128, "outcome": "failed", "keywords": ["test_responsive_design_elements", "asyncio", "pytestmark", "TestBrowserCompatibility", "test_browser_compatibility.py", "compatibility", "e2e", "tests", "app", ""], "setup": {"duration": 58.96580098499999, "outcome": "passed", "stdout": "\u26a0\ufe0f Could not detect 2FA page, attempting OTP entry anyway\n\ud83c\udfe2 Starting entity selection...\n\ud83c\udfe2 Attempting to select entity: Viewz Demo INC\n\u26a0\ufe0f No entity selector found - entity selection may not be required\n\u2705 Entity selection completed successfully\n"}, "call": {"duration": 8.343266212000003, "outcome": "failed", "crash": {"path": "/app/tests/e2e/compatibility/test_browser_compatibility.py", "lineno": 229, "message": "AssertionError: Responsive design score too low: 2.0/4\nassert 2.0 >= 2.5"}, "traceback": [{"path": "tests/e2e/compatibility/test_browser_compatibility.py", "lineno": 229, "message": "in test_responsive_design_elements"}], "stdout": "\ud83d\udcd0 Testing responsive design elements...\n\n\ud83d\udcd0 Testing Mobile (375x667)...\n\u2705 Mobile: 2/4 responsive score\n   \ud83d\udcca Features: Mobile navigation menu, 4 form elements\n\n\ud83d\udcd0 Testing Tablet (768x1024)...\n\u2705 Tablet: 2/4 responsive score\n   \ud83d\udcca Features: Desktop navigation, 4 form elements\n\n\ud83d\udcd0 Testing Desktop (1920x1080)...\n\u2705 Desktop: 2/4 responsive score\n   \ud83d\udcca Features: Desktop navigation, 4 form elements\n\n\ud83d\udcd0 Testing Large Desktop (2560x1440)...\n\u2705 Large Desktop: 2/4 responsive score\n   \ud83d\udcca Features: Desktop navigation, 4 form elements\n\n\ud83d\udcca Responsive Design Summary:\n   \u26a0\ufe0f Mobile: 2/4\n   \u26a0\ufe0f Tablet: 2/4\n   \u26a0\ufe0f Desktop: 2/4\n   \u26a0\ufe0f Large Desktop: 2/4\n   \ud83d\udcca Average responsive score: 2.0/4\n", "longrepr": "tests/e2e/compatibility/test_browser_compatibility.py:229: in test_responsive_design_elements\n    assert avg_score >= 2.5, f\"Responsive design score too low: {avg_score:.1f}/4\"\nE   AssertionError: Responsive design score too low: 2.0/4\nE   assert 2.0 >= 2.5"}, "teardown": {"duration": 0.03668758399999206, "outcome": "passed"}}, {"nodeid": "tests/e2e/compatibility/test_browser_compatibility.py::TestBrowserCompatibility::test_touch_interface_compatibility", "lineno": 232, "outcome": "passed", "keywords": ["test_touch_interface_compatibility", "asyncio", "pytestmark", "TestBrowserCompatibility", "test_browser_compatibility.py", "compatibility", "e2e", "tests", "app", ""], "setup": {"duration": 0.16504650000001675, "outcome": "passed"}, "call": {"duration": 8.112149546000012, "outcome": "passed", "stdout": "\ud83d\udc46 Testing touch interface compatibility...\n\u2705 Touch targets: 0/3 adequately sized\n\ud83d\udcdc Scrollable areas found: 2\n\u26a0\ufe0f Form inputs may not be touch optimized\n\u26a0\ufe0f Some buttons may not respond to touch\n\n\ud83d\udc46 Touch Interface Summary:\n   \ud83d\udcf1 Adequately sized tap targets: 0\n   \ud83d\udcdc Scrollable areas: 2\n   \ud83d\udcdd Touch-friendly forms: \u26a0\ufe0f\n   \ud83d\udd18 Accessible buttons: \u26a0\ufe0f\n\u2705 Touch interface compatibility test completed\n"}, "teardown": {"duration": 0.02073404200001505, "outcome": "passed"}}, {"nodeid": "tests/e2e/compatibility/test_browser_compatibility.py::TestBrowserCompatibility::test_print_stylesheet_compatibility", "lineno": 329, "outcome": "failed", "keywords": ["test_print_stylesheet_compatibility", "asyncio", "pytestmark", "TestBrowserCompatibility", "test_browser_compatibility.py", "compatibility", "e2e", "tests", "app", ""], "setup": {"duration": 58.89229506800001, "outcome": "passed", "stdout": "\u26a0\ufe0f Could not detect 2FA page, attempting OTP entry anyway\n\ud83c\udfe2 Starting entity selection...\n\ud83c\udfe2 Attempting to select entity: Viewz Demo INC\n\u26a0\ufe0f No entity selector found - entity selection may not be required\n\u2705 Entity selection completed successfully\n"}, "call": {"duration": 102.14943633799999, "outcome": "failed", "crash": {"path": "/app/tests/e2e/compatibility/test_browser_compatibility.py", "lineno": 417, "message": "AssertionError: Should successfully test print styles on at least one page\nassert 0 >= 1"}, "traceback": [{"path": "tests/e2e/compatibility/test_browser_compatibility.py", "lineno": 417, "message": "in test_print_stylesheet_compatibility"}], "stdout": "\ud83d\udda8\ufe0f Testing print stylesheet compatibility...\n\n\ud83d\udda8\ufe0f Testing print styles for Home...\n\u26a0\ufe0f Home print test failed: Page.click: Timeout 30000ms exceeded.\nCall log:\n  - waiting for locator(\"text=Home\")\n\n\n\ud83d\udda8\ufe0f Testing print styles for Reconciliation...\n\u26a0\ufe0f Reconciliation print test failed: Page.click: Timeout 30000ms exceeded.\nCall log:\n  - waiting for locator(\"text=Reconciliation\")\n\n\n\ud83d\udda8\ufe0f Testing print styles for Ledger...\n\u26a0\ufe0f Ledger print test failed: Page.click: Timeout 30000ms exceeded.\nCall log:\n  - waiting for locator(\"text=Ledger\")\n\n\n\ud83d\udda8\ufe0f Print Compatibility Summary:\n   \u274c Home: Print test failed\n   \u274c Reconciliation: Print test failed\n   \u274c Ledger: Print test failed\n   \ud83d\udcca Total content areas: 0\n   \ud83d\udcca Pages successfully tested: 0/3\n", "longrepr": "tests/e2e/compatibility/test_browser_compatibility.py:417: in test_print_stylesheet_compatibility\n    assert pages_tested >= 1, \"Should successfully test print styles on at least one page\"\nE   AssertionError: Should successfully test print styles on at least one page\nE   assert 0 >= 1"}, "teardown": {"duration": 0.03964237500008494, "outcome": "passed"}}, {"nodeid": "tests/e2e/ledger/test_ledger_operations.py::TestLedgerOperations::test_verify_ledger_page_loads", "lineno": 38, "outcome": "failed", "keywords": ["test_verify_ledger_page_loads", "asyncio", "pytestmark", "TestLedgerOperations", "test_ledger_operations.py", "ledger", "e2e", "tests", "app", ""], "setup": {"duration": 75.17264857599992, "outcome": "passed", "stdout": "\u26a0\ufe0f Could not detect 2FA page, attempting OTP entry anyway\n\ud83c\udfe2 Starting entity selection...\n\ud83c\udfe2 Attempting to select entity: Viewz Demo INC\n\u26a0\ufe0f No entity selector found - entity selection may not be required\n\u2705 Entity selection completed successfully\n\u26a0\ufe0f Pin button not visible, trying to continue\n\u26a0\ufe0f Ledger page loading status unclear\n\u26a0\ufe0f Ledger dashboard not fully loaded, but continuing\n\u26a0\ufe0f Navigation to Ledger failed, but continuing with tests\n"}, "call": {"duration": 12.076950256000032, "outcome": "failed", "crash": {"path": "/Users/sharonhoffman/Desktop/Automation/playwright_python_framework/tests/e2e/ledger/test_ledger_operations.py", "lineno": 49, "message": "AssertionError: Ledger page should load successfully\nassert False"}, "traceback": [{"path": "/Users/sharonhoffman/Desktop/Automation/playwright_python_framework/tests/e2e/ledger/test_ledger_operations.py", "lineno": 49, "message": "in test_verify_ledger_page_loads"}], "stdout": "\ud83c\udfe6 Testing ledger page loading with proper headings...\n\u26a0\ufe0f Ledger page loading status unclear\n", "longrepr": "/Users/sharonhoffman/Desktop/Automation/playwright_python_framework/tests/e2e/ledger/test_ledger_operations.py:49: in test_verify_ledger_page_loads\n    ???\nE   AssertionError: Ledger page should load successfully\nE   assert False"}, "teardown": {"duration": 0.05565591599997788, "outcome": "passed"}}, {"nodeid": "tests/e2e/ledger/test_ledger_operations.py::TestLedgerOperations::test_verify_general_ledger_entries_display", "lineno": 74, "outcome": "passed", "keywords": ["test_verify_general_ledger_entries_display", "asyncio", "pytestmark", "TestLedgerOperations", "test_ledger_operations.py", "ledger", "e2e", "tests", "app", ""], "setup": {"duration": 76.07993386800001, "outcome": "passed", "stdout": "\u26a0\ufe0f Could not detect 2FA page, attempting OTP entry anyway\n\ud83c\udfe2 Starting entity selection...\n\ud83c\udfe2 Attempting to select entity: Viewz Demo INC\n\u26a0\ufe0f No entity selector found - entity selection may not be required\n\u2705 Entity selection completed successfully\n\u26a0\ufe0f Pin button not visible, trying to continue\n\u26a0\ufe0f Ledger page loading status unclear\n\u26a0\ufe0f Ledger dashboard not fully loaded, but continuing\n\u26a0\ufe0f Navigation to Ledger failed, but continuing with tests\n"}, "call": {"duration": 0.023564375000091786, "outcome": "passed", "stdout": "\ud83d\udcca Testing GL entries/transactions display...\n\u2705 Found entries/data: text=Account (2 items)\n\u2705 GL entries or financial data displayed\n\u2705 GL entries/transactions display test completed\n"}, "teardown": {"duration": 0.08149487499997576, "outcome": "passed"}}, {"nodeid": "tests/e2e/ledger/test_ledger_operations.py::TestLedgerOperations::test_verify_account_hierarchy_display", "lineno": 120, "outcome": "passed", "keywords": ["test_verify_account_hierarchy_display", "asyncio", "pytestmark", "TestLedgerOperations", "test_ledger_operations.py", "ledger", "e2e", "tests", "app", ""], "setup": {"duration": 75.38135832599994, "outcome": "passed", "stdout": "\u26a0\ufe0f Could not detect 2FA page, attempting OTP entry anyway\n\ud83c\udfe2 Starting entity selection...\n\ud83c\udfe2 Attempting to select entity: Viewz Demo INC\n\u26a0\ufe0f No entity selector found - entity selection may not be required\n\u2705 Entity selection completed successfully\n\u26a0\ufe0f Pin button not visible, trying to continue\n\u26a0\ufe0f Ledger page loading status unclear\n\u26a0\ufe0f Ledger dashboard not fully loaded, but continuing\n\u26a0\ufe0f Navigation to Ledger failed, but continuing with tests\n"}, "call": {"duration": 0.04415504200005671, "outcome": "passed", "stdout": "\ud83c\udf33 Testing chart of accounts/account hierarchy display...\n\u2139\ufe0f No traditional chart of accounts found\n\u26a0\ufe0f Total income: Not available\n\u26a0\ufe0f Gross Profit: Not available\n\u26a0\ufe0f Gross Margin: Not available\n\u26a0\ufe0f Total Cashflow: Not available\n\u26a0\ufe0f Net Profit: Not available\n\u26a0\ufe0f Net Margin: Not available\n\u26a0\ufe0f EBITDA: Not available\n\u26a0\ufe0f Current cash: Not available\n\u26a0\ufe0f Net Cash (Debt): Not available\n\u2705 Found financial account information in dashboard\n\ud83d\udcca Account hierarchy test result: Found\n\u2705 Account hierarchy display test completed\n"}, "teardown": {"duration": 0.0794189580000193, "outcome": "passed"}}, {"nodeid": "tests/e2e/ledger/test_ledger_operations.py::TestLedgerOperations::test_ledger_page_responsiveness", "lineno": 162, "outcome": "passed", "keywords": ["test_ledger_page_responsiveness", "asyncio", "pytestmark", "TestLedgerOperations", "test_ledger_operations.py", "ledger", "e2e", "tests", "app", ""], "setup": {"duration": 75.42658036700004, "outcome": "passed", "stdout": "\u26a0\ufe0f Could not detect 2FA page, attempting OTP entry anyway\n\ud83c\udfe2 Starting entity selection...\n\ud83c\udfe2 Attempting to select entity: Viewz Demo INC\n\u26a0\ufe0f No entity selector found - entity selection may not be required\n\u2705 Entity selection completed successfully\n\u26a0\ufe0f Pin button not visible, trying to continue\n\u26a0\ufe0f Ledger page loading status unclear\n\u26a0\ufe0f Ledger dashboard not fully loaded, but continuing\n\u26a0\ufe0f Navigation to Ledger failed, but continuing with tests\n"}, "call": {"duration": 12.114113006000025, "outcome": "passed", "stdout": "\u26a1 Testing ledger page responsiveness...\n\u26a0\ufe0f Ledger page loading status unclear\n   Page loading: 12.08s (\u2139\ufe0f)\n\u26a0\ufe0f No filter controls found\n   \u26a0\ufe0f Dashboard title not visible\n   \u26a0\ufe0f KPI elements not visible\n   \u26a0\ufe0f Filter controls not found\n   Dashboard verification: 0.02s (\u2139\ufe0f)\n\u26a0\ufe0f No filter controls found\n   Filter controls check: 0.01s (\u2139\ufe0f)\n\u26a0\ufe0f Total income: Not available\n\u26a0\ufe0f Gross Profit: Not available\n\u26a0\ufe0f Gross Margin: Not available\n\u26a0\ufe0f Total Cashflow: Not available\n\u26a0\ufe0f Net Profit: Not available\n\u26a0\ufe0f Net Margin: Not available\n\u26a0\ufe0f EBITDA: Not available\n\u26a0\ufe0f Current cash: Not available\n\u26a0\ufe0f Net Cash (Debt): Not available\n   Data retrieval: 0.02s (\u2705)\n\ud83c\udfc1 Total responsiveness test: 12.11s\n\u2705 Ledger page responsiveness test completed\n"}, "teardown": {"duration": 0.05495050000001811, "outcome": "passed"}}, {"nodeid": "tests/e2e/ledger/test_ledger_operations.py::TestLedgerOperations::test_chart_of_accounts_navigation", "lineno": 198, "outcome": "passed", "keywords": ["test_chart_of_accounts_navigation", "asyncio", "pytestmark", "TestLedgerOperations", "test_ledger_operations.py", "ledger", "e2e", "tests", "app", ""], "setup": {"duration": 75.31145249199994, "outcome": "passed", "stdout": "\u26a0\ufe0f Could not detect 2FA page, attempting OTP entry anyway\n\ud83c\udfe2 Starting entity selection...\n\ud83c\udfe2 Attempting to select entity: Viewz Demo INC\n\u26a0\ufe0f No entity selector found - entity selection may not be required\n\u2705 Entity selection completed successfully\n\u26a0\ufe0f Pin button not visible, trying to continue\n\u26a0\ufe0f Ledger page loading status unclear\n\u26a0\ufe0f Ledger dashboard not fully loaded, but continuing\n\u26a0\ufe0f Navigation to Ledger failed, but continuing with tests\n"}, "call": {"duration": 0.025381791999961933, "outcome": "passed", "stdout": "\ud83e\udded Testing chart of accounts navigation...\n\u2139\ufe0f No traditional account navigation found\n\u26a0\ufe0f No filter controls found\n\ud83d\udcca Navigation test result: Using dashboard navigation as alternative\n\u2705 Chart of accounts navigation test completed\n"}, "teardown": {"duration": 0.06177512499994009, "outcome": "passed"}}, {"nodeid": "tests/e2e/ledger/test_ledger_operations.py::TestLedgerOperations::test_account_selection_functionality", "lineno": 247, "outcome": "passed", "keywords": ["test_account_selection_functionality", "asyncio", "pytestmark", "TestLedgerOperations", "test_ledger_operations.py", "ledger", "e2e", "tests", "app", ""], "setup": {"duration": 75.28126815999985, "outcome": "passed", "stdout": "\u26a0\ufe0f Could not detect 2FA page, attempting OTP entry anyway\n\ud83c\udfe2 Starting entity selection...\n\ud83c\udfe2 Attempting to select entity: Viewz Demo INC\n\u26a0\ufe0f No entity selector found - entity selection may not be required\n\u2705 Entity selection completed successfully\n\u26a0\ufe0f Pin button not visible, trying to continue\n\u26a0\ufe0f Ledger page loading status unclear\n\u26a0\ufe0f Ledger dashboard not fully loaded, but continuing\n\u26a0\ufe0f Navigation to Ledger failed, but continuing with tests\n"}, "call": {"duration": 0.019246542000018962, "outcome": "passed", "stdout": "\ud83c\udfaf Testing GL account selection functionality...\n\u2139\ufe0f No traditional account selection found\n\u2705 Account selection functionality test completed\n"}, "teardown": {"duration": 0.05695524999987356, "outcome": "passed"}}, {"nodeid": "tests/e2e/ledger/test_ledger_operations.py::TestLedgerOperations::test_account_balance_display", "lineno": 300, "outcome": "failed", "keywords": ["test_account_balance_display", "asyncio", "pytestmark", "TestLedgerOperations", "test_ledger_operations.py", "ledger", "e2e", "tests", "app", ""], "setup": {"duration": 75.22633624299988, "outcome": "passed", "stdout": "\u26a0\ufe0f Could not detect 2FA page, attempting OTP entry anyway\n\ud83c\udfe2 Starting entity selection...\n\ud83c\udfe2 Attempting to select entity: Viewz Demo INC\n\u26a0\ufe0f No entity selector found - entity selection may not be required\n\u2705 Entity selection completed successfully\n\u26a0\ufe0f Pin button not visible, trying to continue\n\u26a0\ufe0f Ledger page loading status unclear\n\u26a0\ufe0f Ledger dashboard not fully loaded, but continuing\n\u26a0\ufe0f Navigation to Ledger failed, but continuing with tests\n"}, "call": {"duration": 0.032325958000001265, "outcome": "failed", "crash": {"path": "/Users/sharonhoffman/Desktop/Automation/playwright_python_framework/tests/e2e/ledger/test_ledger_operations.py", "lineno": 338, "message": "AssertionError: Should display account balances or financial values\nassert False"}, "traceback": [{"path": "/Users/sharonhoffman/Desktop/Automation/playwright_python_framework/tests/e2e/ledger/test_ledger_operations.py", "lineno": 338, "message": "in test_account_balance_display"}], "stdout": "\ud83d\udcb0 Testing account balance display...\n\u2139\ufe0f No traditional account balances found\n\u26a0\ufe0f Total income: Not available\n\u26a0\ufe0f Gross Profit: Not available\n\u26a0\ufe0f Gross Margin: Not available\n\u26a0\ufe0f Total Cashflow: Not available\n\u26a0\ufe0f Net Profit: Not available\n\u26a0\ufe0f Net Margin: Not available\n\u26a0\ufe0f EBITDA: Not available\n\u26a0\ufe0f Current cash: Not available\n\u26a0\ufe0f Net Cash (Debt): Not available\n", "longrepr": "/Users/sharonhoffman/Desktop/Automation/playwright_python_framework/tests/e2e/ledger/test_ledger_operations.py:338: in test_account_balance_display\n    ???\nE   AssertionError: Should display account balances or financial values\nE   assert False"}, "teardown": {"duration": 0.050677209000014045, "outcome": "passed"}}, {"nodeid": "tests/e2e/ledger/test_ledger_operations.py::TestLedgerOperations::test_account_details_popup", "lineno": 341, "outcome": "passed", "keywords": ["test_account_details_popup", "asyncio", "pytestmark", "TestLedgerOperations", "test_ledger_operations.py", "ledger", "e2e", "tests", "app", ""], "setup": {"duration": 75.95027990900007, "outcome": "passed", "stdout": "\u26a0\ufe0f Could not detect 2FA page, attempting OTP entry anyway\n\ud83c\udfe2 Starting entity selection...\n\ud83c\udfe2 Attempting to select entity: Viewz Demo INC\n\u26a0\ufe0f No entity selector found - entity selection may not be required\n\u2705 Entity selection completed successfully\n\u26a0\ufe0f Pin button not visible, trying to continue\n\u26a0\ufe0f Ledger page loading status unclear\n\u26a0\ufe0f Ledger dashboard not fully loaded, but continuing\n\u26a0\ufe0f Navigation to Ledger failed, but continuing with tests\n"}, "call": {"duration": 0.026942249999819978, "outcome": "passed", "stdout": "\ud83d\udccb Testing account details popup/views...\n\u2139\ufe0f No traditional account details popup found\n\u26a0\ufe0f No filter controls found\n   \u26a0\ufe0f Dashboard title not visible\n   \u26a0\ufe0f KPI elements not visible\n   \u26a0\ufe0f Filter controls not found\n\u2705 Account details popup test completed\n"}, "teardown": {"duration": 0.06770095899992157, "outcome": "passed"}}, {"nodeid": "tests/e2e/ledger/test_ledger_operations.py::TestLedgerOperations::test_journal_entries_filtering_by_date", "lineno": 402, "outcome": "passed", "keywords": ["test_journal_entries_filtering_by_date", "asyncio", "pytestmark", "TestLedgerOperations", "test_ledger_operations.py", "ledger", "e2e", "tests", "app", ""], "setup": {"duration": 75.38986111700001, "outcome": "passed", "stdout": "\u26a0\ufe0f Could not detect 2FA page, attempting OTP entry anyway\n\ud83c\udfe2 Starting entity selection...\n\ud83c\udfe2 Attempting to select entity: Viewz Demo INC\n\u26a0\ufe0f No entity selector found - entity selection may not be required\n\u2705 Entity selection completed successfully\n\u26a0\ufe0f Pin button not visible, trying to continue\n\u26a0\ufe0f Ledger page loading status unclear\n\u26a0\ufe0f Ledger dashboard not fully loaded, but continuing\n\u26a0\ufe0f Navigation to Ledger failed, but continuing with tests\n"}, "call": {"duration": 0.017951499999981024, "outcome": "passed", "stdout": "\ud83d\udcc5 Testing journal entries date filtering...\n\u26a0\ufe0f Date preset 'Last Year' not found\n\u2139\ufe0f No traditional date filtering found\n\ud83d\udcca No URL parameters found\n\ud83d\udcca Date filtering assessment: Not implemented\n\u2705 Journal entries date filtering test completed\n"}, "teardown": {"duration": 0.06205370799989396, "outcome": "passed"}}, {"nodeid": "tests/e2e/ledger/test_ledger_operations.py::TestLedgerOperations::test_journal_entries_filtering_by_account", "lineno": 454, "outcome": "passed", "keywords": ["test_journal_entries_filtering_by_account", "asyncio", "pytestmark", "TestLedgerOperations", "test_ledger_operations.py", "ledger", "e2e", "tests", "app", ""], "setup": {"duration": 75.37733395200007, "outcome": "passed", "stdout": "\u26a0\ufe0f Could not detect 2FA page, attempting OTP entry anyway\n\ud83c\udfe2 Starting entity selection...\n\ud83c\udfe2 Attempting to select entity: Viewz Demo INC\n\u26a0\ufe0f No entity selector found - entity selection may not be required\n\u2705 Entity selection completed successfully\n\u26a0\ufe0f Pin button not visible, trying to continue\n\u26a0\ufe0f Ledger page loading status unclear\n\u26a0\ufe0f Ledger dashboard not fully loaded, but continuing\n\u26a0\ufe0f Navigation to Ledger failed, but continuing with tests\n"}, "call": {"duration": 0.01731016600001567, "outcome": "passed", "stdout": "\ud83c\udfe6 Testing journal entries account filtering...\n\u2139\ufe0f No traditional account filtering found\n\u2705 Journal entries account filtering test completed\n"}, "teardown": {"duration": 0.08272654199981844, "outcome": "passed"}}, {"nodeid": "tests/e2e/ledger/test_ledger_operations.py::TestLedgerOperations::test_journal_entries_search", "lineno": 497, "outcome": "passed", "keywords": ["test_journal_entries_search", "asyncio", "pytestmark", "TestLedgerOperations", "test_ledger_operations.py", "ledger", "e2e", "tests", "app", ""], "setup": {"duration": 75.19293794999999, "outcome": "passed", "stdout": "\u26a0\ufe0f Could not detect 2FA page, attempting OTP entry anyway\n\ud83c\udfe2 Starting entity selection...\n\ud83c\udfe2 Attempting to select entity: Viewz Demo INC\n\u26a0\ufe0f No entity selector found - entity selection may not be required\n\u2705 Entity selection completed successfully\n\u26a0\ufe0f Pin button not visible, trying to continue\n\u26a0\ufe0f Ledger page loading status unclear\n\u26a0\ufe0f Ledger dashboard not fully loaded, but continuing\n\u26a0\ufe0f Navigation to Ledger failed, but continuing with tests\n"}, "call": {"duration": 0.019233958000086204, "outcome": "passed", "stdout": "\ud83d\udd0d Testing journal entries search...\n\u2139\ufe0f No traditional journal entry search found\n\u26a0\ufe0f No filter controls found\n\u2705 Journal entries search test completed\n"}, "teardown": {"duration": 0.04387345899999673, "outcome": "passed"}}, {"nodeid": "tests/e2e/ledger/test_ledger_operations.py::TestLedgerOperations::test_transaction_drill_down", "lineno": 545, "outcome": "passed", "keywords": ["test_transaction_drill_down", "asyncio", "pytestmark", "TestLedgerOperations", "test_ledger_operations.py", "ledger", "e2e", "tests", "app", ""], "setup": {"duration": 75.17830399299987, "outcome": "passed", "stdout": "\u26a0\ufe0f Could not detect 2FA page, attempting OTP entry anyway\n\ud83c\udfe2 Starting entity selection...\n\ud83c\udfe2 Attempting to select entity: Viewz Demo INC\n\u26a0\ufe0f No entity selector found - entity selection may not be required\n\u2705 Entity selection completed successfully\n\u26a0\ufe0f Pin button not visible, trying to continue\n\u26a0\ufe0f Ledger page loading status unclear\n\u26a0\ufe0f Ledger dashboard not fully loaded, but continuing\n\u26a0\ufe0f Navigation to Ledger failed, but continuing with tests\n"}, "call": {"duration": 0.02777279199995064, "outcome": "passed", "stdout": "\ud83d\udd0d Testing transaction drill down functionality...\n\u2139\ufe0f No traditional transaction drill down found\n\u26a0\ufe0f Total income: Not available\n\u26a0\ufe0f Gross Profit: Not available\n\u26a0\ufe0f Gross Margin: Not available\n\u26a0\ufe0f Total Cashflow: Not available\n\u26a0\ufe0f Net Profit: Not available\n\u26a0\ufe0f Net Margin: Not available\n\u26a0\ufe0f EBITDA: Not available\n\u26a0\ufe0f Current cash: Not available\n\u26a0\ufe0f Net Cash (Debt): Not available\n\u2705 Dashboard provides detailed financial information\n\u2705 Transaction drill down test completed\n"}, "teardown": {"duration": 0.06871120799996788, "outcome": "passed"}}, {"nodeid": "tests/e2e/ledger/test_ledger_operations.py::TestLedgerOperations::test_trial_balance_display", "lineno": 593, "outcome": "passed", "keywords": ["test_trial_balance_display", "asyncio", "pytestmark", "TestLedgerOperations", "test_ledger_operations.py", "ledger", "e2e", "tests", "app", ""], "setup": {"duration": 75.19236419999993, "outcome": "passed", "stdout": "\u26a0\ufe0f Could not detect 2FA page, attempting OTP entry anyway\n\ud83c\udfe2 Starting entity selection...\n\ud83c\udfe2 Attempting to select entity: Viewz Demo INC\n\u26a0\ufe0f No entity selector found - entity selection may not be required\n\u2705 Entity selection completed successfully\n\u26a0\ufe0f Pin button not visible, trying to continue\n\u26a0\ufe0f Ledger page loading status unclear\n\u26a0\ufe0f Ledger dashboard not fully loaded, but continuing\n\u26a0\ufe0f Navigation to Ledger failed, but continuing with tests\n"}, "call": {"duration": 0.025888042000133282, "outcome": "passed", "stdout": "\ud83d\udcca Testing trial balance report display...\n\u2139\ufe0f No traditional trial balance found\n\u26a0\ufe0f No filter controls found\n   \u26a0\ufe0f Dashboard title not visible\n   \u26a0\ufe0f KPI elements not visible\n   \u26a0\ufe0f Filter controls not found\n\u2705 Trial balance display test completed\n"}, "teardown": {"duration": 0.04985808299989003, "outcome": "passed"}}, {"nodeid": "tests/e2e/ledger/test_ledger_operations.py::TestLedgerOperations::test_account_activity_report", "lineno": 636, "outcome": "passed", "keywords": ["test_account_activity_report", "asyncio", "pytestmark", "TestLedgerOperations", "test_ledger_operations.py", "ledger", "e2e", "tests", "app", ""], "setup": {"duration": 75.48632278500008, "outcome": "passed", "stdout": "\u26a0\ufe0f Could not detect 2FA page, attempting OTP entry anyway\n\ud83c\udfe2 Starting entity selection...\n\ud83c\udfe2 Attempting to select entity: Viewz Demo INC\n\u26a0\ufe0f No entity selector found - entity selection may not be required\n\u2705 Entity selection completed successfully\n\u26a0\ufe0f Pin button not visible, trying to continue\n\u26a0\ufe0f Ledger page loading status unclear\n\u26a0\ufe0f Ledger dashboard not fully loaded, but continuing\n\u26a0\ufe0f Navigation to Ledger failed, but continuing with tests\n"}, "call": {"duration": 0.03576575000010962, "outcome": "passed", "stdout": "\ud83d\udcc8 Testing account activity report...\n\u2139\ufe0f No traditional account activity found\n\u26a0\ufe0f Total income: Not available\n\u26a0\ufe0f Gross Profit: Not available\n\u26a0\ufe0f Gross Margin: Not available\n\u26a0\ufe0f Total Cashflow: Not available\n\u26a0\ufe0f Net Profit: Not available\n\u26a0\ufe0f Net Margin: Not available\n\u26a0\ufe0f EBITDA: Not available\n\u26a0\ufe0f Current cash: Not available\n\u26a0\ufe0f Net Cash (Debt): Not available\n\u2705 Found 9 KPI metrics as activity summary\n\u2705 Account activity report test completed\n"}, "teardown": {"duration": 0.05126387500013152, "outcome": "passed"}}, {"nodeid": "tests/e2e/ledger/test_ledger_operations.py::TestLedgerOperations::test_export_functionality", "lineno": 677, "outcome": "passed", "keywords": ["test_export_functionality", "asyncio", "pytestmark", "TestLedgerOperations", "test_ledger_operations.py", "ledger", "e2e", "tests", "app", ""], "setup": {"duration": 75.19921615899989, "outcome": "passed", "stdout": "\u26a0\ufe0f Could not detect 2FA page, attempting OTP entry anyway\n\ud83c\udfe2 Starting entity selection...\n\ud83c\udfe2 Attempting to select entity: Viewz Demo INC\n\u26a0\ufe0f No entity selector found - entity selection may not be required\n\u2705 Entity selection completed successfully\n\u26a0\ufe0f Pin button not visible, trying to continue\n\u26a0\ufe0f Ledger page loading status unclear\n\u26a0\ufe0f Ledger dashboard not fully loaded, but continuing\n\u26a0\ufe0f Navigation to Ledger failed, but continuing with tests\n"}, "call": {"duration": 0.026642957999911232, "outcome": "passed", "stdout": "\ud83d\udce4 Testing export functionality...\n\u2139\ufe0f No traditional export functionality found\n\u2705 Export functionality test completed\n"}, "teardown": {"duration": 0.0512560829999984, "outcome": "passed"}}, {"nodeid": "tests/e2e/ledger/test_ledger_operations.py::TestLedgerOperations::test_period_selection", "lineno": 732, "outcome": "failed", "keywords": ["test_period_selection", "asyncio", "pytestmark", "TestLedgerOperations", "test_ledger_operations.py", "ledger", "e2e", "tests", "app", ""], "setup": {"duration": 75.32771799299985, "outcome": "passed", "stdout": "\u26a0\ufe0f Could not detect 2FA page, attempting OTP entry anyway\n\ud83c\udfe2 Starting entity selection...\n\ud83c\udfe2 Attempting to select entity: Viewz Demo INC\n\u26a0\ufe0f No entity selector found - entity selection may not be required\n\u2705 Entity selection completed successfully\n\u26a0\ufe0f Pin button not visible, trying to continue\n\u26a0\ufe0f Ledger page loading status unclear\n\u26a0\ufe0f Ledger dashboard not fully loaded, but continuing\n\u26a0\ufe0f Navigation to Ledger failed, but continuing with tests\n"}, "call": {"duration": 0.017502832999980455, "outcome": "failed", "crash": {"path": "/Users/sharonhoffman/Desktop/Automation/playwright_python_framework/tests/e2e/ledger/test_ledger_operations.py", "lineno": 771, "message": "AssertionError: Should have period selection functionality\nassert False"}, "traceback": [{"path": "/Users/sharonhoffman/Desktop/Automation/playwright_python_framework/tests/e2e/ledger/test_ledger_operations.py", "lineno": 771, "message": "in test_period_selection"}], "stdout": "\ud83d\udcc5 Testing accounting period selection...\n\u26a0\ufe0f Period button 'Y' not found\n\u26a0\ufe0f Period button 'Q' not found\n\u26a0\ufe0f Period button 'M' not found\n", "longrepr": "/Users/sharonhoffman/Desktop/Automation/playwright_python_framework/tests/e2e/ledger/test_ledger_operations.py:771: in test_period_selection\n    ???\nE   AssertionError: Should have period selection functionality\nE   assert False"}, "teardown": {"duration": 0.05179454200015243, "outcome": "passed"}}, {"nodeid": "tests/e2e/ledger/test_ledger_operations.py::TestLedgerOperations::test_manual_journal_entry_creation", "lineno": 774, "outcome": "passed", "keywords": ["test_manual_journal_entry_creation", "asyncio", "pytestmark", "TestLedgerOperations", "test_ledger_operations.py", "ledger", "e2e", "tests", "app", ""], "setup": {"duration": 75.46774811799992, "outcome": "passed", "stdout": "\u26a0\ufe0f Could not detect 2FA page, attempting OTP entry anyway\n\ud83c\udfe2 Starting entity selection...\n\ud83c\udfe2 Attempting to select entity: Viewz Demo INC\n\u26a0\ufe0f No entity selector found - entity selection may not be required\n\u2705 Entity selection completed successfully\n\u26a0\ufe0f Pin button not visible, trying to continue\n\u26a0\ufe0f Ledger page loading status unclear\n\u26a0\ufe0f Ledger dashboard not fully loaded, but continuing\n\u26a0\ufe0f Navigation to Ledger failed, but continuing with tests\n"}, "call": {"duration": 0.021863541999891822, "outcome": "passed", "stdout": "\u270f\ufe0f Testing manual journal entry creation...\n\u2139\ufe0f No manual journal entry creation found\n\u2705 Manual journal entry creation test completed\n"}, "teardown": {"duration": 0.05945520800014492, "outcome": "passed"}}, {"nodeid": "tests/e2e/ledger/test_ledger_operations.py::TestLedgerOperations::test_journal_entry_validation", "lineno": 825, "outcome": "passed", "keywords": ["test_journal_entry_validation", "asyncio", "pytestmark", "TestLedgerOperations", "test_ledger_operations.py", "ledger", "e2e", "tests", "app", ""], "setup": {"duration": 75.29615953500002, "outcome": "passed", "stdout": "\u26a0\ufe0f Could not detect 2FA page, attempting OTP entry anyway\n\ud83c\udfe2 Starting entity selection...\n\ud83c\udfe2 Attempting to select entity: Viewz Demo INC\n\u26a0\ufe0f No entity selector found - entity selection may not be required\n\u2705 Entity selection completed successfully\n\u26a0\ufe0f Pin button not visible, trying to continue\n\u26a0\ufe0f Ledger page loading status unclear\n\u26a0\ufe0f Ledger dashboard not fully loaded, but continuing\n\u26a0\ufe0f Navigation to Ledger failed, but continuing with tests\n"}, "call": {"duration": 0.03497720799987292, "outcome": "passed", "stdout": "\u2705 Testing journal entry validation rules...\n\u26a0\ufe0f Total income: Not available\n\u26a0\ufe0f Gross Profit: Not available\n\u26a0\ufe0f Gross Margin: Not available\n\u26a0\ufe0f Total Cashflow: Not available\n\u26a0\ufe0f Net Profit: Not available\n\u26a0\ufe0f Net Margin: Not available\n\u26a0\ufe0f EBITDA: Not available\n\u26a0\ufe0f Current cash: Not available\n\u26a0\ufe0f Net Cash (Debt): Not available\n\u2705 Journal entry validation test completed\n"}, "teardown": {"duration": 0.07320525000000089, "outcome": "passed"}}, {"nodeid": "tests/e2e/ledger/test_ledger_operations.py::TestLedgerOperations::test_journal_entry_posting", "lineno": 870, "outcome": "passed", "keywords": ["test_journal_entry_posting", "asyncio", "pytestmark", "TestLedgerOperations", "test_ledger_operations.py", "ledger", "e2e", "tests", "app", ""], "setup": {"duration": 77.48554636900008, "outcome": "passed", "stdout": "\u26a0\ufe0f Could not detect 2FA page, attempting OTP entry anyway\n\ud83c\udfe2 Starting entity selection...\n\ud83c\udfe2 Attempting to select entity: Viewz Demo INC\n\u26a0\ufe0f No entity selector found - entity selection may not be required\n\u2705 Entity selection completed successfully\n\u26a0\ufe0f Pin button not visible, trying to continue\n\u26a0\ufe0f Ledger page loading status unclear\n\u26a0\ufe0f Ledger dashboard not fully loaded, but continuing\n\u26a0\ufe0f Navigation to Ledger failed, but continuing with tests\n"}, "call": {"duration": 0.01627424999969662, "outcome": "passed", "stdout": "\ud83d\udcee Testing journal entry posting...\n\u2139\ufe0f No journal entry posting found\n\u2705 Journal entry posting test completed\n"}, "teardown": {"duration": 0.1244064590000562, "outcome": "passed"}}, {"nodeid": "tests/e2e/ledger/test_ledger_operations.py::TestLedgerOperations::test_journal_entry_reversal", "lineno": 906, "outcome": "passed", "keywords": ["test_journal_entry_reversal", "asyncio", "pytestmark", "TestLedgerOperations", "test_ledger_operations.py", "ledger", "e2e", "tests", "app", ""], "setup": {"duration": 75.3313250340002, "outcome": "passed", "stdout": "\u26a0\ufe0f Could not detect 2FA page, attempting OTP entry anyway\n\ud83c\udfe2 Starting entity selection...\n\ud83c\udfe2 Attempting to select entity: Viewz Demo INC\n\u26a0\ufe0f No entity selector found - entity selection may not be required\n\u2705 Entity selection completed successfully\n\u26a0\ufe0f Pin button not visible, trying to continue\n\u26a0\ufe0f Ledger page loading status unclear\n\u26a0\ufe0f Ledger dashboard not fully loaded, but continuing\n\u26a0\ufe0f Navigation to Ledger failed, but continuing with tests\n"}, "call": {"duration": 0.01761004199988747, "outcome": "passed", "stdout": "\u21a9\ufe0f Testing journal entry reversal...\n\u2139\ufe0f No journal entry reversal found\n\u2705 Journal entry reversal test completed\n"}, "teardown": {"duration": 0.060450791000221216, "outcome": "passed"}}, {"nodeid": "tests/e2e/ledger/test_ledger_operations.py::TestLedgerOperations::test_bank_reconciliation_integration", "lineno": 942, "outcome": "passed", "keywords": ["test_bank_reconciliation_integration", "asyncio", "pytestmark", "TestLedgerOperations", "test_ledger_operations.py", "ledger", "e2e", "tests", "app", ""], "setup": {"duration": 75.32719895199989, "outcome": "passed", "stdout": "\u26a0\ufe0f Could not detect 2FA page, attempting OTP entry anyway\n\ud83c\udfe2 Starting entity selection...\n\ud83c\udfe2 Attempting to select entity: Viewz Demo INC\n\u26a0\ufe0f No entity selector found - entity selection may not be required\n\u2705 Entity selection completed successfully\n\u26a0\ufe0f Pin button not visible, trying to continue\n\u26a0\ufe0f Ledger page loading status unclear\n\u26a0\ufe0f Ledger dashboard not fully loaded, but continuing\n\u26a0\ufe0f Navigation to Ledger failed, but continuing with tests\n"}, "call": {"duration": 0.014847207999991952, "outcome": "passed", "stdout": "\ud83c\udfe6 Testing bank reconciliation integration...\n\u2139\ufe0f No direct bank reconciliation integration found\n\u2705 Bank reconciliation integration test completed\n"}, "teardown": {"duration": 0.0628109580002274, "outcome": "passed"}}, {"nodeid": "tests/e2e/ledger/test_ledger_operations.py::TestLedgerOperations::test_payables_integration", "lineno": 986, "outcome": "passed", "keywords": ["test_payables_integration", "asyncio", "pytestmark", "TestLedgerOperations", "test_ledger_operations.py", "ledger", "e2e", "tests", "app", ""], "setup": {"duration": 75.43609345100003, "outcome": "passed", "stdout": "\u26a0\ufe0f Could not detect 2FA page, attempting OTP entry anyway\n\ud83c\udfe2 Starting entity selection...\n\ud83c\udfe2 Attempting to select entity: Viewz Demo INC\n\u26a0\ufe0f No entity selector found - entity selection may not be required\n\u2705 Entity selection completed successfully\n\u26a0\ufe0f Pin button not visible, trying to continue\n\u26a0\ufe0f Ledger page loading status unclear\n\u26a0\ufe0f Ledger dashboard not fully loaded, but continuing\n\u26a0\ufe0f Navigation to Ledger failed, but continuing with tests\n"}, "call": {"duration": 0.016548583000258077, "outcome": "passed", "stdout": "\ud83d\udcb0 Testing payables module integration...\n\u2139\ufe0f No direct payables integration found\n\u2705 Payables integration test completed\n"}, "teardown": {"duration": 0.06775262500013923, "outcome": "passed"}}], "warnings": [{"message": "Unknown pytest.mark.testrail_case - is this a typo?  You can register custom marks to avoid this warning - for details, see https://docs.pytest.org/en/stable/how-to/mark.html", "category": "PytestUnknownMarkWarning", "when": "collect", "filename": "/Users/sharonhoffman/Desktop/Automation/playwright_python_framework/tests/e2e/payables/test_invoice_file_upload.py", "lineno": 1383}, {"message": "Unknown pytest.mark.testrail_case - is this a typo?  You can register custom marks to avoid this warning - for details, see https://docs.pytest.org/en/stable/how-to/mark.html", "category": "PytestUnknownMarkWarning", "when": "collect", "filename": "/Users/sharonhoffman/Desktop/Automation/playwright_python_framework/tests/e2e/payables/test_invoice_file_upload.py", "lineno": 1553}, {"message": "Unknown pytest.mark.testrail_case - is this a typo?  You can register custom marks to avoid this warning - for details, see https://docs.pytest.org/en/stable/how-to/mark.html", "category": "PytestUnknownMarkWarning", "when": "collect", "filename": "/Users/sharonhoffman/Desktop/Automation/playwright_python_framework/tests/e2e/payables/test_invoice_file_upload.py", "lineno": 1614}]}